<?xml version="1.0" encoding="UTF-8"?>
<testsuite xmlns:xsi="http://www.w3.org/2001/XMLSchema-instance" xsi:noNamespaceSchemaLocation="https://maven.apache.org/surefire/maven-surefire-plugin/xsd/surefire-test-report-3.0.xsd" version="3.0" name="no.hvl.dat110.unit.tests.TestFindSuccessor" time="26.846" tests="1" errors="1" skipped="0" failures="0">
  <properties>
    <property name="java.specification.version" value="21"/>
    <property name="sun.jnu.encoding" value="UTF-8"/>
    <property name="java.class.path" value="/home/leo/mystuff/school/dat110/obligs/dat110_oblig3_group21/target/test-classes:/home/leo/mystuff/school/dat110/obligs/dat110_oblig3_group21/target/classes:/home/leo/.m2/repository/org/apache/logging/log4j/log4j-core/2.20.0/log4j-core-2.20.0.jar:/home/leo/.m2/repository/org/apache/logging/log4j/log4j-api/2.20.0/log4j-api-2.20.0.jar:/home/leo/.m2/repository/org/junit/jupiter/junit-jupiter-api/5.9.2/junit-jupiter-api-5.9.2.jar:/home/leo/.m2/repository/org/opentest4j/opentest4j/1.2.0/opentest4j-1.2.0.jar:/home/leo/.m2/repository/org/junit/platform/junit-platform-commons/1.9.2/junit-platform-commons-1.9.2.jar:/home/leo/.m2/repository/org/apiguardian/apiguardian-api/1.1.2/apiguardian-api-1.1.2.jar:"/>
    <property name="java.vm.vendor" value="Oracle Corporation"/>
    <property name="sun.arch.data.model" value="64"/>
    <property name="java.vendor.url" value="https://java.oracle.com/"/>
    <property name="user.timezone" value="Europe/Oslo"/>
    <property name="os.name" value="Linux"/>
    <property name="java.vm.specification.version" value="21"/>
    <property name="sun.java.launcher" value="SUN_STANDARD"/>
    <property name="sun.boot.library.path" value="/usr/lib/jvm/java-21-jdk/lib"/>
    <property name="sun.java.command" value="/home/leo/mystuff/school/dat110/obligs/dat110_oblig3_group21/target/surefire/surefirebooter-20240408192506116_3.jar /home/leo/mystuff/school/dat110/obligs/dat110_oblig3_group21/target/surefire 2024-04-08T19-25-05_786-jvmRun1 surefire-20240408192506116_1tmp surefire_0-20240408192506116_2tmp"/>
    <property name="jdk.debug" value="release"/>
    <property name="test" value="TestFindSuccessor"/>
    <property name="surefire.test.class.path" value="/home/leo/mystuff/school/dat110/obligs/dat110_oblig3_group21/target/test-classes:/home/leo/mystuff/school/dat110/obligs/dat110_oblig3_group21/target/classes:/home/leo/.m2/repository/org/apache/logging/log4j/log4j-core/2.20.0/log4j-core-2.20.0.jar:/home/leo/.m2/repository/org/apache/logging/log4j/log4j-api/2.20.0/log4j-api-2.20.0.jar:/home/leo/.m2/repository/org/junit/jupiter/junit-jupiter-api/5.9.2/junit-jupiter-api-5.9.2.jar:/home/leo/.m2/repository/org/opentest4j/opentest4j/1.2.0/opentest4j-1.2.0.jar:/home/leo/.m2/repository/org/junit/platform/junit-platform-commons/1.9.2/junit-platform-commons-1.9.2.jar:/home/leo/.m2/repository/org/apiguardian/apiguardian-api/1.1.2/apiguardian-api-1.1.2.jar:"/>
    <property name="sun.cpu.endian" value="little"/>
    <property name="user.home" value="/home/leo"/>
    <property name="user.language" value="en"/>
    <property name="java.specification.vendor" value="Oracle Corporation"/>
    <property name="java.version.date" value="2023-10-17"/>
    <property name="java.home" value="/usr/lib/jvm/java-21-jdk"/>
    <property name="file.separator" value="/"/>
    <property name="basedir" value="/home/leo/mystuff/school/dat110/obligs/dat110_oblig3_group21"/>
    <property name="java.vm.compressedOopsMode" value="Zero based"/>
    <property name="line.separator" value="&#10;"/>
    <property name="java.vm.specification.vendor" value="Oracle Corporation"/>
    <property name="java.specification.name" value="Java Platform API Specification"/>
    <property name="surefire.real.class.path" value="/home/leo/mystuff/school/dat110/obligs/dat110_oblig3_group21/target/surefire/surefirebooter-20240408192506116_3.jar"/>
    <property name="sun.management.compiler" value="HotSpot 64-Bit Tiered Compilers"/>
    <property name="java.runtime.version" value="21.0.1+12-LTS-29"/>
    <property name="user.name" value="leo"/>
    <property name="stdout.encoding" value="UTF-8"/>
    <property name="path.separator" value=":"/>
    <property name="os.version" value="6.7.9-arch1-1"/>
    <property name="java.runtime.name" value="Java(TM) SE Runtime Environment"/>
    <property name="file.encoding" value="UTF-8"/>
    <property name="java.vm.name" value="Java HotSpot(TM) 64-Bit Server VM"/>
    <property name="localRepository" value="/home/leo/.m2/repository"/>
    <property name="java.vendor.url.bug" value="https://bugreport.java.com/bugreport/"/>
    <property name="java.io.tmpdir" value="/tmp"/>
    <property name="java.version" value="21.0.1"/>
    <property name="user.dir" value="/home/leo/mystuff/school/dat110/obligs/dat110_oblig3_group21"/>
    <property name="os.arch" value="amd64"/>
    <property name="java.vm.specification.name" value="Java Virtual Machine Specification"/>
    <property name="native.encoding" value="UTF-8"/>
    <property name="java.library.path" value="/usr/java/packages/lib:/usr/lib64:/lib64:/lib:/usr/lib"/>
    <property name="stderr.encoding" value="UTF-8"/>
    <property name="java.vm.info" value="mixed mode, sharing"/>
    <property name="java.vendor" value="Oracle Corporation"/>
    <property name="java.vm.version" value="21.0.1+12-LTS-29"/>
    <property name="sun.io.unicode.encoding" value="UnicodeLittle"/>
    <property name="java.class.version" value="65.0"/>
  </properties>
  <testcase name="test" classname="no.hvl.dat110.unit.tests.TestFindSuccessor" time="0.031">
    <error message="Error occurred in server thread; nested exception is: &#10;	java.lang.StackOverflowError" type="java.rmi.ServerError"><![CDATA[java.rmi.ServerError: 
Error occurred in server thread; nested exception is: 
	java.lang.StackOverflowError
	at java.rmi/sun.rmi.server.UnicastServerRef.dispatch(UnicastServerRef.java:389)
	at java.rmi/sun.rmi.transport.Transport$1.run(Transport.java:200)
	at java.rmi/sun.rmi.transport.Transport$1.run(Transport.java:197)
	at java.base/java.security.AccessController.doPrivileged(AccessController.java:714)
	at java.rmi/sun.rmi.transport.Transport.serviceCall(Transport.java:196)
	at java.rmi/sun.rmi.transport.tcp.TCPTransport.handleMessages(TCPTransport.java:598)
	at java.rmi/sun.rmi.transport.tcp.TCPTransport$ConnectionHandler.run0(TCPTransport.java:844)
	at java.rmi/sun.rmi.transport.tcp.TCPTransport$ConnectionHandler.lambda$run$0(TCPTransport.java:721)
	at java.base/java.security.AccessController.doPrivileged(AccessController.java:400)
	at java.rmi/sun.rmi.transport.tcp.TCPTransport$ConnectionHandler.run(TCPTransport.java:720)
	at java.base/java.util.concurrent.ThreadPoolExecutor.runWorker(ThreadPoolExecutor.java:1144)
	at java.base/java.util.concurrent.ThreadPoolExecutor$Worker.run(ThreadPoolExecutor.java:642)
	at java.base/java.lang.Thread.run(Thread.java:1583)
	at java.rmi/sun.rmi.transport.StreamRemoteCall.exceptionReceivedFromServer(StreamRemoteCall.java:304)
	at java.rmi/sun.rmi.transport.StreamRemoteCall.executeCall(StreamRemoteCall.java:280)
	at java.rmi/sun.rmi.server.UnicastRef.invoke(UnicastRef.java:166)
	at java.rmi/java.rmi.server.RemoteObjectInvocationHandler.invokeRemoteMethod(RemoteObjectInvocationHandler.java:215)
	at java.rmi/java.rmi.server.RemoteObjectInvocationHandler.invoke(RemoteObjectInvocationHandler.java:160)
	at jdk.proxy2/jdk.proxy2.$Proxy23.findSuccessor(Unknown Source)
	at no.hvl.dat110.unit.tests.TestFindSuccessor.test(TestFindSuccessor.java:47)
	at java.base/jdk.internal.reflect.DirectMethodHandleAccessor.invoke(DirectMethodHandleAccessor.java:103)
	at java.base/java.lang.reflect.Method.invoke(Method.java:580)
	at org.junit.platform.commons.util.ReflectionUtils.invokeMethod(ReflectionUtils.java:727)
	at org.junit.jupiter.engine.execution.MethodInvocation.proceed(MethodInvocation.java:60)
	at org.junit.jupiter.engine.execution.InvocationInterceptorChain$ValidatingInvocation.proceed(InvocationInterceptorChain.java:131)
	at org.junit.jupiter.engine.extension.TimeoutExtension.intercept(TimeoutExtension.java:156)
	at org.junit.jupiter.engine.extension.TimeoutExtension.interceptTestableMethod(TimeoutExtension.java:147)
	at org.junit.jupiter.engine.extension.TimeoutExtension.interceptTestMethod(TimeoutExtension.java:86)
	at org.junit.jupiter.engine.execution.InterceptingExecutableInvoker$ReflectiveInterceptorCall.lambda$ofVoidMethod$0(InterceptingExecutableInvoker.java:103)
	at org.junit.jupiter.engine.execution.InterceptingExecutableInvoker.lambda$invoke$0(InterceptingExecutableInvoker.java:93)
	at org.junit.jupiter.engine.execution.InvocationInterceptorChain$InterceptedInvocation.proceed(InvocationInterceptorChain.java:106)
	at org.junit.jupiter.engine.execution.InvocationInterceptorChain.proceed(InvocationInterceptorChain.java:64)
	at org.junit.jupiter.engine.execution.InvocationInterceptorChain.chainAndInvoke(InvocationInterceptorChain.java:45)
	at org.junit.jupiter.engine.execution.InvocationInterceptorChain.invoke(InvocationInterceptorChain.java:37)
	at org.junit.jupiter.engine.execution.InterceptingExecutableInvoker.invoke(InterceptingExecutableInvoker.java:92)
	at org.junit.jupiter.engine.execution.InterceptingExecutableInvoker.invoke(InterceptingExecutableInvoker.java:86)
	at org.junit.jupiter.engine.descriptor.TestMethodTestDescriptor.lambda$invokeTestMethod$7(TestMethodTestDescriptor.java:217)
	at org.junit.platform.engine.support.hierarchical.ThrowableCollector.execute(ThrowableCollector.java:73)
	at org.junit.jupiter.engine.descriptor.TestMethodTestDescriptor.invokeTestMethod(TestMethodTestDescriptor.java:213)
	at org.junit.jupiter.engine.descriptor.TestMethodTestDescriptor.execute(TestMethodTestDescriptor.java:138)
	at org.junit.jupiter.engine.descriptor.TestMethodTestDescriptor.execute(TestMethodTestDescriptor.java:68)
	at org.junit.platform.engine.support.hierarchical.NodeTestTask.lambda$executeRecursively$6(NodeTestTask.java:151)
	at org.junit.platform.engine.support.hierarchical.ThrowableCollector.execute(ThrowableCollector.java:73)
	at org.junit.platform.engine.support.hierarchical.NodeTestTask.lambda$executeRecursively$8(NodeTestTask.java:141)
	at org.junit.platform.engine.support.hierarchical.Node.around(Node.java:137)
	at org.junit.platform.engine.support.hierarchical.NodeTestTask.lambda$executeRecursively$9(NodeTestTask.java:139)
	at org.junit.platform.engine.support.hierarchical.ThrowableCollector.execute(ThrowableCollector.java:73)
	at org.junit.platform.engine.support.hierarchical.NodeTestTask.executeRecursively(NodeTestTask.java:138)
	at org.junit.platform.engine.support.hierarchical.NodeTestTask.execute(NodeTestTask.java:95)
	at java.base/java.util.ArrayList.forEach(ArrayList.java:1596)
	at org.junit.platform.engine.support.hierarchical.SameThreadHierarchicalTestExecutorService.invokeAll(SameThreadHierarchicalTestExecutorService.java:41)
	at org.junit.platform.engine.support.hierarchical.NodeTestTask.lambda$executeRecursively$6(NodeTestTask.java:155)
	at org.junit.platform.engine.support.hierarchical.ThrowableCollector.execute(ThrowableCollector.java:73)
	at org.junit.platform.engine.support.hierarchical.NodeTestTask.lambda$executeRecursively$8(NodeTestTask.java:141)
	at org.junit.platform.engine.support.hierarchical.Node.around(Node.java:137)
	at org.junit.platform.engine.support.hierarchical.NodeTestTask.lambda$executeRecursively$9(NodeTestTask.java:139)
	at org.junit.platform.engine.support.hierarchical.ThrowableCollector.execute(ThrowableCollector.java:73)
	at org.junit.platform.engine.support.hierarchical.NodeTestTask.executeRecursively(NodeTestTask.java:138)
	at org.junit.platform.engine.support.hierarchical.NodeTestTask.execute(NodeTestTask.java:95)
	at java.base/java.util.ArrayList.forEach(ArrayList.java:1596)
	at org.junit.platform.engine.support.hierarchical.SameThreadHierarchicalTestExecutorService.invokeAll(SameThreadHierarchicalTestExecutorService.java:41)
	at org.junit.platform.engine.support.hierarchical.NodeTestTask.lambda$executeRecursively$6(NodeTestTask.java:155)
	at org.junit.platform.engine.support.hierarchical.ThrowableCollector.execute(ThrowableCollector.java:73)
	at org.junit.platform.engine.support.hierarchical.NodeTestTask.lambda$executeRecursively$8(NodeTestTask.java:141)
	at org.junit.platform.engine.support.hierarchical.Node.around(Node.java:137)
	at org.junit.platform.engine.support.hierarchical.NodeTestTask.lambda$executeRecursively$9(NodeTestTask.java:139)
	at org.junit.platform.engine.support.hierarchical.ThrowableCollector.execute(ThrowableCollector.java:73)
	at org.junit.platform.engine.support.hierarchical.NodeTestTask.executeRecursively(NodeTestTask.java:138)
	at org.junit.platform.engine.support.hierarchical.NodeTestTask.execute(NodeTestTask.java:95)
	at org.junit.platform.engine.support.hierarchical.SameThreadHierarchicalTestExecutorService.submit(SameThreadHierarchicalTestExecutorService.java:35)
	at org.junit.platform.engine.support.hierarchical.HierarchicalTestExecutor.execute(HierarchicalTestExecutor.java:57)
	at org.junit.platform.engine.support.hierarchical.HierarchicalTestEngine.execute(HierarchicalTestEngine.java:54)
	at org.junit.platform.launcher.core.EngineExecutionOrchestrator.execute(EngineExecutionOrchestrator.java:147)
	at org.junit.platform.launcher.core.EngineExecutionOrchestrator.execute(EngineExecutionOrchestrator.java:127)
	at org.junit.platform.launcher.core.EngineExecutionOrchestrator.execute(EngineExecutionOrchestrator.java:90)
	at org.junit.platform.launcher.core.EngineExecutionOrchestrator.lambda$execute$0(EngineExecutionOrchestrator.java:55)
	at org.junit.platform.launcher.core.EngineExecutionOrchestrator.withInterceptedStreams(EngineExecutionOrchestrator.java:102)
	at org.junit.platform.launcher.core.EngineExecutionOrchestrator.execute(EngineExecutionOrchestrator.java:54)
	at org.junit.platform.launcher.core.DefaultLauncher.execute(DefaultLauncher.java:114)
	at org.junit.platform.launcher.core.DefaultLauncher.execute(DefaultLauncher.java:86)
	at org.junit.platform.launcher.core.DefaultLauncherSession$DelegatingLauncher.execute(DefaultLauncherSession.java:86)
	at org.apache.maven.surefire.junitplatform.LazyLauncher.execute(LazyLauncher.java:55)
	at org.apache.maven.surefire.junitplatform.JUnitPlatformProvider.execute(JUnitPlatformProvider.java:223)
	at org.apache.maven.surefire.junitplatform.JUnitPlatformProvider.invokeAllTests(JUnitPlatformProvider.java:175)
	at org.apache.maven.surefire.junitplatform.JUnitPlatformProvider.invoke(JUnitPlatformProvider.java:139)
	at org.apache.maven.surefire.booter.ForkedBooter.runSuitesInProcess(ForkedBooter.java:456)
	at org.apache.maven.surefire.booter.ForkedBooter.execute(ForkedBooter.java:169)
	at org.apache.maven.surefire.booter.ForkedBooter.run(ForkedBooter.java:595)
	at org.apache.maven.surefire.booter.ForkedBooter.main(ForkedBooter.java:581)
Caused by: java.lang.StackOverflowError
	at no.hvl.dat110.middleware.Node.findSuccessor(Node.java:130)
	at no.hvl.dat110.chordoperations.ChordLookup.findSuccessor(ChordLookup.java:36)
	at no.hvl.dat110.middleware.Node.findSuccessor(Node.java:130)
	at no.hvl.dat110.chordoperations.ChordLookup.findSuccessor(ChordLookup.java:36)
	at no.hvl.dat110.middleware.Node.findSuccessor(Node.java:130)
	at no.hvl.dat110.chordoperations.ChordLookup.findSuccessor(ChordLookup.java:36)
	at no.hvl.dat110.middleware.Node.findSuccessor(Node.java:130)
	at no.hvl.dat110.chordoperations.ChordLookup.findSuccessor(ChordLookup.java:36)
	at no.hvl.dat110.middleware.Node.findSuccessor(Node.java:130)
	at no.hvl.dat110.chordoperations.ChordLookup.findSuccessor(ChordLookup.java:36)
	at no.hvl.dat110.middleware.Node.findSuccessor(Node.java:130)
	at no.hvl.dat110.chordoperations.ChordLookup.findSuccessor(ChordLookup.java:36)
	at no.hvl.dat110.middleware.Node.findSuccessor(Node.java:130)
	at no.hvl.dat110.chordoperations.ChordLookup.findSuccessor(ChordLookup.java:36)
	at no.hvl.dat110.middleware.Node.findSuccessor(Node.java:130)
	at no.hvl.dat110.chordoperations.ChordLookup.findSuccessor(ChordLookup.java:36)
	at no.hvl.dat110.middleware.Node.findSuccessor(Node.java:130)
	at no.hvl.dat110.chordoperations.ChordLookup.findSuccessor(ChordLookup.java:36)
	at no.hvl.dat110.middleware.Node.findSuccessor(Node.java:130)
	at no.hvl.dat110.chordoperations.ChordLookup.findSuccessor(ChordLookup.java:36)
	at no.hvl.dat110.middleware.Node.findSuccessor(Node.java:130)
	at no.hvl.dat110.chordoperations.ChordLookup.findSuccessor(ChordLookup.java:36)
	at no.hvl.dat110.middleware.Node.findSuccessor(Node.java:130)
	at no.hvl.dat110.chordoperations.ChordLookup.findSuccessor(ChordLookup.java:36)
	at no.hvl.dat110.middleware.Node.findSuccessor(Node.java:130)
	at no.hvl.dat110.chordoperations.ChordLookup.findSuccessor(ChordLookup.java:36)
	at no.hvl.dat110.middleware.Node.findSuccessor(Node.java:130)
	at no.hvl.dat110.chordoperations.ChordLookup.findSuccessor(ChordLookup.java:36)
	at no.hvl.dat110.middleware.Node.findSuccessor(Node.java:130)
	at no.hvl.dat110.chordoperations.ChordLookup.findSuccessor(ChordLookup.java:36)
	at no.hvl.dat110.middleware.Node.findSuccessor(Node.java:130)
	at no.hvl.dat110.chordoperations.ChordLookup.findSuccessor(ChordLookup.java:36)
	at no.hvl.dat110.middleware.Node.findSuccessor(Node.java:130)
	at no.hvl.dat110.chordoperations.ChordLookup.findSuccessor(ChordLookup.java:36)
	at no.hvl.dat110.middleware.Node.findSuccessor(Node.java:130)
	at no.hvl.dat110.chordoperations.ChordLookup.findSuccessor(ChordLookup.java:36)
	at no.hvl.dat110.middleware.Node.findSuccessor(Node.java:130)
	at no.hvl.dat110.chordoperations.ChordLookup.findSuccessor(ChordLookup.java:36)
	at no.hvl.dat110.middleware.Node.findSuccessor(Node.java:130)
	at no.hvl.dat110.chordoperations.ChordLookup.findSuccessor(ChordLookup.java:36)
	at no.hvl.dat110.middleware.Node.findSuccessor(Node.java:130)
	at no.hvl.dat110.chordoperations.ChordLookup.findSuccessor(ChordLookup.java:36)
	at no.hvl.dat110.middleware.Node.findSuccessor(Node.java:130)
	at no.hvl.dat110.chordoperations.ChordLookup.findSuccessor(ChordLookup.java:36)
	at no.hvl.dat110.middleware.Node.findSuccessor(Node.java:130)
	at no.hvl.dat110.chordoperations.ChordLookup.findSuccessor(ChordLookup.java:36)
	at no.hvl.dat110.middleware.Node.findSuccessor(Node.java:130)
	at no.hvl.dat110.chordoperations.ChordLookup.findSuccessor(ChordLookup.java:36)
	at no.hvl.dat110.middleware.Node.findSuccessor(Node.java:130)
	at no.hvl.dat110.chordoperations.ChordLookup.findSuccessor(ChordLookup.java:36)
	at no.hvl.dat110.middleware.Node.findSuccessor(Node.java:130)
	at no.hvl.dat110.chordoperations.ChordLookup.findSuccessor(ChordLookup.java:36)
	at no.hvl.dat110.middleware.Node.findSuccessor(Node.java:130)
	at no.hvl.dat110.chordoperations.ChordLookup.findSuccessor(ChordLookup.java:36)
	at no.hvl.dat110.middleware.Node.findSuccessor(Node.java:130)
	at no.hvl.dat110.chordoperations.ChordLookup.findSuccessor(ChordLookup.java:36)
	at no.hvl.dat110.middleware.Node.findSuccessor(Node.java:130)
	at no.hvl.dat110.chordoperations.ChordLookup.findSuccessor(ChordLookup.java:36)
	at no.hvl.dat110.middleware.Node.findSuccessor(Node.java:130)
	at no.hvl.dat110.chordoperations.ChordLookup.findSuccessor(ChordLookup.java:36)
	at no.hvl.dat110.middleware.Node.findSuccessor(Node.java:130)
	at no.hvl.dat110.chordoperations.ChordLookup.findSuccessor(ChordLookup.java:36)
	at no.hvl.dat110.middleware.Node.findSuccessor(Node.java:130)
	at no.hvl.dat110.chordoperations.ChordLookup.findSuccessor(ChordLookup.java:36)
	at no.hvl.dat110.middleware.Node.findSuccessor(Node.java:130)
	at no.hvl.dat110.chordoperations.ChordLookup.findSuccessor(ChordLookup.java:36)
	at no.hvl.dat110.middleware.Node.findSuccessor(Node.java:130)
	at no.hvl.dat110.chordoperations.ChordLookup.findSuccessor(ChordLookup.java:36)
	at no.hvl.dat110.middleware.Node.findSuccessor(Node.java:130)
	at no.hvl.dat110.chordoperations.ChordLookup.findSuccessor(ChordLookup.java:36)
	at no.hvl.dat110.middleware.Node.findSuccessor(Node.java:130)
	at no.hvl.dat110.chordoperations.ChordLookup.findSuccessor(ChordLookup.java:36)
	at no.hvl.dat110.middleware.Node.findSuccessor(Node.java:130)
	at no.hvl.dat110.chordoperations.ChordLookup.findSuccessor(ChordLookup.java:36)
	at no.hvl.dat110.middleware.Node.findSuccessor(Node.java:130)
	at no.hvl.dat110.chordoperations.ChordLookup.findSuccessor(ChordLookup.java:36)
	at no.hvl.dat110.middleware.Node.findSuccessor(Node.java:130)
	at no.hvl.dat110.chordoperations.ChordLookup.findSuccessor(ChordLookup.java:36)
	at no.hvl.dat110.middleware.Node.findSuccessor(Node.java:130)
	at no.hvl.dat110.chordoperations.ChordLookup.findSuccessor(ChordLookup.java:36)
	at no.hvl.dat110.middleware.Node.findSuccessor(Node.java:130)
	at no.hvl.dat110.chordoperations.ChordLookup.findSuccessor(ChordLookup.java:36)
	at no.hvl.dat110.middleware.Node.findSuccessor(Node.java:130)
	at no.hvl.dat110.chordoperations.ChordLookup.findSuccessor(ChordLookup.java:36)
	at no.hvl.dat110.middleware.Node.findSuccessor(Node.java:130)
	at no.hvl.dat110.chordoperations.ChordLookup.findSuccessor(ChordLookup.java:36)
	at no.hvl.dat110.middleware.Node.findSuccessor(Node.java:130)
	at no.hvl.dat110.chordoperations.ChordLookup.findSuccessor(ChordLookup.java:36)
	at no.hvl.dat110.middleware.Node.findSuccessor(Node.java:130)
	at no.hvl.dat110.chordoperations.ChordLookup.findSuccessor(ChordLookup.java:36)
	at no.hvl.dat110.middleware.Node.findSuccessor(Node.java:130)
	at no.hvl.dat110.chordoperations.ChordLookup.findSuccessor(ChordLookup.java:36)
	at no.hvl.dat110.middleware.Node.findSuccessor(Node.java:130)
	at no.hvl.dat110.chordoperations.ChordLookup.findSuccessor(ChordLookup.java:36)
	at no.hvl.dat110.middleware.Node.findSuccessor(Node.java:130)
	at no.hvl.dat110.chordoperations.ChordLookup.findSuccessor(ChordLookup.java:36)
	at no.hvl.dat110.middleware.Node.findSuccessor(Node.java:130)
	at no.hvl.dat110.chordoperations.ChordLookup.findSuccessor(ChordLookup.java:36)
	at no.hvl.dat110.middleware.Node.findSuccessor(Node.java:130)
	at no.hvl.dat110.chordoperations.ChordLookup.findSuccessor(ChordLookup.java:36)
	at no.hvl.dat110.middleware.Node.findSuccessor(Node.java:130)
	at no.hvl.dat110.chordoperations.ChordLookup.findSuccessor(ChordLookup.java:36)
	at no.hvl.dat110.middleware.Node.findSuccessor(Node.java:130)
	at no.hvl.dat110.chordoperations.ChordLookup.findSuccessor(ChordLookup.java:36)
	at no.hvl.dat110.middleware.Node.findSuccessor(Node.java:130)
	at no.hvl.dat110.chordoperations.ChordLookup.findSuccessor(ChordLookup.java:36)
	at no.hvl.dat110.middleware.Node.findSuccessor(Node.java:130)
	at no.hvl.dat110.chordoperations.ChordLookup.findSuccessor(ChordLookup.java:36)
	at no.hvl.dat110.middleware.Node.findSuccessor(Node.java:130)
	at no.hvl.dat110.chordoperations.ChordLookup.findSuccessor(ChordLookup.java:36)
	at no.hvl.dat110.middleware.Node.findSuccessor(Node.java:130)
	at no.hvl.dat110.chordoperations.ChordLookup.findSuccessor(ChordLookup.java:36)
	at no.hvl.dat110.middleware.Node.findSuccessor(Node.java:130)
	at no.hvl.dat110.chordoperations.ChordLookup.findSuccessor(ChordLookup.java:36)
	at no.hvl.dat110.middleware.Node.findSuccessor(Node.java:130)
	at no.hvl.dat110.chordoperations.ChordLookup.findSuccessor(ChordLookup.java:36)
	at no.hvl.dat110.middleware.Node.findSuccessor(Node.java:130)
	at no.hvl.dat110.chordoperations.ChordLookup.findSuccessor(ChordLookup.java:36)
	at no.hvl.dat110.middleware.Node.findSuccessor(Node.java:130)
	at no.hvl.dat110.chordoperations.ChordLookup.findSuccessor(ChordLookup.java:36)
	at no.hvl.dat110.middleware.Node.findSuccessor(Node.java:130)
	at no.hvl.dat110.chordoperations.ChordLookup.findSuccessor(ChordLookup.java:36)
	at no.hvl.dat110.middleware.Node.findSuccessor(Node.java:130)
	at no.hvl.dat110.chordoperations.ChordLookup.findSuccessor(ChordLookup.java:36)
	at no.hvl.dat110.middleware.Node.findSuccessor(Node.java:130)
	at no.hvl.dat110.chordoperations.ChordLookup.findSuccessor(ChordLookup.java:36)
	at no.hvl.dat110.middleware.Node.findSuccessor(Node.java:130)
	at no.hvl.dat110.chordoperations.ChordLookup.findSuccessor(ChordLookup.java:36)
	at no.hvl.dat110.middleware.Node.findSuccessor(Node.java:130)
	at no.hvl.dat110.chordoperations.ChordLookup.findSuccessor(ChordLookup.java:36)
	at no.hvl.dat110.middleware.Node.findSuccessor(Node.java:130)
	at no.hvl.dat110.chordoperations.ChordLookup.findSuccessor(ChordLookup.java:36)
	at no.hvl.dat110.middleware.Node.findSuccessor(Node.java:130)
	at no.hvl.dat110.chordoperations.ChordLookup.findSuccessor(ChordLookup.java:36)
	at no.hvl.dat110.middleware.Node.findSuccessor(Node.java:130)
	at no.hvl.dat110.chordoperations.ChordLookup.findSuccessor(ChordLookup.java:36)
	at no.hvl.dat110.middleware.Node.findSuccessor(Node.java:130)
	at no.hvl.dat110.chordoperations.ChordLookup.findSuccessor(ChordLookup.java:36)
	at no.hvl.dat110.middleware.Node.findSuccessor(Node.java:130)
	at no.hvl.dat110.chordoperations.ChordLookup.findSuccessor(ChordLookup.java:36)
	at no.hvl.dat110.middleware.Node.findSuccessor(Node.java:130)
	at no.hvl.dat110.chordoperations.ChordLookup.findSuccessor(ChordLookup.java:36)
	at no.hvl.dat110.middleware.Node.findSuccessor(Node.java:130)
	at no.hvl.dat110.chordoperations.ChordLookup.findSuccessor(ChordLookup.java:36)
	at no.hvl.dat110.middleware.Node.findSuccessor(Node.java:130)
	at no.hvl.dat110.chordoperations.ChordLookup.findSuccessor(ChordLookup.java:36)
	at no.hvl.dat110.middleware.Node.findSuccessor(Node.java:130)
	at no.hvl.dat110.chordoperations.ChordLookup.findSuccessor(ChordLookup.java:36)
	at no.hvl.dat110.middleware.Node.findSuccessor(Node.java:130)
	at no.hvl.dat110.chordoperations.ChordLookup.findSuccessor(ChordLookup.java:36)
	at no.hvl.dat110.middleware.Node.findSuccessor(Node.java:130)
	at no.hvl.dat110.chordoperations.ChordLookup.findSuccessor(ChordLookup.java:36)
	at no.hvl.dat110.middleware.Node.findSuccessor(Node.java:130)
	at no.hvl.dat110.chordoperations.ChordLookup.findSuccessor(ChordLookup.java:36)
	at no.hvl.dat110.middleware.Node.findSuccessor(Node.java:130)
	at no.hvl.dat110.chordoperations.ChordLookup.findSuccessor(ChordLookup.java:36)
	at no.hvl.dat110.middleware.Node.findSuccessor(Node.java:130)
	at no.hvl.dat110.chordoperations.ChordLookup.findSuccessor(ChordLookup.java:36)
	at no.hvl.dat110.middleware.Node.findSuccessor(Node.java:130)
	at no.hvl.dat110.chordoperations.ChordLookup.findSuccessor(ChordLookup.java:36)
	at no.hvl.dat110.middleware.Node.findSuccessor(Node.java:130)
	at no.hvl.dat110.chordoperations.ChordLookup.findSuccessor(ChordLookup.java:36)
	at no.hvl.dat110.middleware.Node.findSuccessor(Node.java:130)
	at no.hvl.dat110.chordoperations.ChordLookup.findSuccessor(ChordLookup.java:36)
	at no.hvl.dat110.middleware.Node.findSuccessor(Node.java:130)
	at no.hvl.dat110.chordoperations.ChordLookup.findSuccessor(ChordLookup.java:36)
	at no.hvl.dat110.middleware.Node.findSuccessor(Node.java:130)
	at no.hvl.dat110.chordoperations.ChordLookup.findSuccessor(ChordLookup.java:36)
	at no.hvl.dat110.middleware.Node.findSuccessor(Node.java:130)
	at no.hvl.dat110.chordoperations.ChordLookup.findSuccessor(ChordLookup.java:36)
	at no.hvl.dat110.middleware.Node.findSuccessor(Node.java:130)
	at no.hvl.dat110.chordoperations.ChordLookup.findSuccessor(ChordLookup.java:36)
	at no.hvl.dat110.middleware.Node.findSuccessor(Node.java:130)
	at no.hvl.dat110.chordoperations.ChordLookup.findSuccessor(ChordLookup.java:36)
	at no.hvl.dat110.middleware.Node.findSuccessor(Node.java:130)
	at no.hvl.dat110.chordoperations.ChordLookup.findSuccessor(ChordLookup.java:36)
	at no.hvl.dat110.middleware.Node.findSuccessor(Node.java:130)
	at no.hvl.dat110.chordoperations.ChordLookup.findSuccessor(ChordLookup.java:36)
	at no.hvl.dat110.middleware.Node.findSuccessor(Node.java:130)
	at no.hvl.dat110.chordoperations.ChordLookup.findSuccessor(ChordLookup.java:36)
	at no.hvl.dat110.middleware.Node.findSuccessor(Node.java:130)
	at no.hvl.dat110.chordoperations.ChordLookup.findSuccessor(ChordLookup.java:36)
	at no.hvl.dat110.middleware.Node.findSuccessor(Node.java:130)
	at no.hvl.dat110.chordoperations.ChordLookup.findSuccessor(ChordLookup.java:36)
	at no.hvl.dat110.middleware.Node.findSuccessor(Node.java:130)
	at no.hvl.dat110.chordoperations.ChordLookup.findSuccessor(ChordLookup.java:36)
	at no.hvl.dat110.middleware.Node.findSuccessor(Node.java:130)
	at no.hvl.dat110.chordoperations.ChordLookup.findSuccessor(ChordLookup.java:36)
	at no.hvl.dat110.middleware.Node.findSuccessor(Node.java:130)
	at no.hvl.dat110.chordoperations.ChordLookup.findSuccessor(ChordLookup.java:36)
	at no.hvl.dat110.middleware.Node.findSuccessor(Node.java:130)
	at no.hvl.dat110.chordoperations.ChordLookup.findSuccessor(ChordLookup.java:36)
	at no.hvl.dat110.middleware.Node.findSuccessor(Node.java:130)
	at no.hvl.dat110.chordoperations.ChordLookup.findSuccessor(ChordLookup.java:36)
	at no.hvl.dat110.middleware.Node.findSuccessor(Node.java:130)
	at no.hvl.dat110.chordoperations.ChordLookup.findSuccessor(ChordLookup.java:36)
	at no.hvl.dat110.middleware.Node.findSuccessor(Node.java:130)
	at no.hvl.dat110.chordoperations.ChordLookup.findSuccessor(ChordLookup.java:36)
	at no.hvl.dat110.middleware.Node.findSuccessor(Node.java:130)
	at no.hvl.dat110.chordoperations.ChordLookup.findSuccessor(ChordLookup.java:36)
	at no.hvl.dat110.middleware.Node.findSuccessor(Node.java:130)
	at no.hvl.dat110.chordoperations.ChordLookup.findSuccessor(ChordLookup.java:36)
	at no.hvl.dat110.middleware.Node.findSuccessor(Node.java:130)
	at no.hvl.dat110.chordoperations.ChordLookup.findSuccessor(ChordLookup.java:36)
	at no.hvl.dat110.middleware.Node.findSuccessor(Node.java:130)
	at no.hvl.dat110.chordoperations.ChordLookup.findSuccessor(ChordLookup.java:36)
	at no.hvl.dat110.middleware.Node.findSuccessor(Node.java:130)
	at no.hvl.dat110.chordoperations.ChordLookup.findSuccessor(ChordLookup.java:36)
	at no.hvl.dat110.middleware.Node.findSuccessor(Node.java:130)
	at no.hvl.dat110.chordoperations.ChordLookup.findSuccessor(ChordLookup.java:36)
	at no.hvl.dat110.middleware.Node.findSuccessor(Node.java:130)
	at no.hvl.dat110.chordoperations.ChordLookup.findSuccessor(ChordLookup.java:36)
	at no.hvl.dat110.middleware.Node.findSuccessor(Node.java:130)
	at no.hvl.dat110.chordoperations.ChordLookup.findSuccessor(ChordLookup.java:36)
	at no.hvl.dat110.middleware.Node.findSuccessor(Node.java:130)
	at no.hvl.dat110.chordoperations.ChordLookup.findSuccessor(ChordLookup.java:36)
	at no.hvl.dat110.middleware.Node.findSuccessor(Node.java:130)
	at no.hvl.dat110.chordoperations.ChordLookup.findSuccessor(ChordLookup.java:36)
	at no.hvl.dat110.middleware.Node.findSuccessor(Node.java:130)
	at no.hvl.dat110.chordoperations.ChordLookup.findSuccessor(ChordLookup.java:36)
	at no.hvl.dat110.middleware.Node.findSuccessor(Node.java:130)
	at no.hvl.dat110.chordoperations.ChordLookup.findSuccessor(ChordLookup.java:36)
	at no.hvl.dat110.middleware.Node.findSuccessor(Node.java:130)
	at no.hvl.dat110.chordoperations.ChordLookup.findSuccessor(ChordLookup.java:36)
	at no.hvl.dat110.middleware.Node.findSuccessor(Node.java:130)
	at no.hvl.dat110.chordoperations.ChordLookup.findSuccessor(ChordLookup.java:36)
	at no.hvl.dat110.middleware.Node.findSuccessor(Node.java:130)
	at no.hvl.dat110.chordoperations.ChordLookup.findSuccessor(ChordLookup.java:36)
	at no.hvl.dat110.middleware.Node.findSuccessor(Node.java:130)
	at no.hvl.dat110.chordoperations.ChordLookup.findSuccessor(ChordLookup.java:36)
	at no.hvl.dat110.middleware.Node.findSuccessor(Node.java:130)
	at no.hvl.dat110.chordoperations.ChordLookup.findSuccessor(ChordLookup.java:36)
	at no.hvl.dat110.middleware.Node.findSuccessor(Node.java:130)
	at no.hvl.dat110.chordoperations.ChordLookup.findSuccessor(ChordLookup.java:36)
	at no.hvl.dat110.middleware.Node.findSuccessor(Node.java:130)
	at no.hvl.dat110.chordoperations.ChordLookup.findSuccessor(ChordLookup.java:36)
	at no.hvl.dat110.middleware.Node.findSuccessor(Node.java:130)
	at no.hvl.dat110.chordoperations.ChordLookup.findSuccessor(ChordLookup.java:36)
	at no.hvl.dat110.middleware.Node.findSuccessor(Node.java:130)
	at no.hvl.dat110.chordoperations.ChordLookup.findSuccessor(ChordLookup.java:36)
	at no.hvl.dat110.middleware.Node.findSuccessor(Node.java:130)
	at no.hvl.dat110.chordoperations.ChordLookup.findSuccessor(ChordLookup.java:36)
	at no.hvl.dat110.middleware.Node.findSuccessor(Node.java:130)
	at no.hvl.dat110.chordoperations.ChordLookup.findSuccessor(ChordLookup.java:36)
	at no.hvl.dat110.middleware.Node.findSuccessor(Node.java:130)
	at no.hvl.dat110.chordoperations.ChordLookup.findSuccessor(ChordLookup.java:36)
	at no.hvl.dat110.middleware.Node.findSuccessor(Node.java:130)
	at no.hvl.dat110.chordoperations.ChordLookup.findSuccessor(ChordLookup.java:36)
	at no.hvl.dat110.middleware.Node.findSuccessor(Node.java:130)
	at no.hvl.dat110.chordoperations.ChordLookup.findSuccessor(ChordLookup.java:36)
	at no.hvl.dat110.middleware.Node.findSuccessor(Node.java:130)
	at no.hvl.dat110.chordoperations.ChordLookup.findSuccessor(ChordLookup.java:36)
	at no.hvl.dat110.middleware.Node.findSuccessor(Node.java:130)
	at no.hvl.dat110.chordoperations.ChordLookup.findSuccessor(ChordLookup.java:36)
	at no.hvl.dat110.middleware.Node.findSuccessor(Node.java:130)
	at no.hvl.dat110.chordoperations.ChordLookup.findSuccessor(ChordLookup.java:36)
	at no.hvl.dat110.middleware.Node.findSuccessor(Node.java:130)
	at no.hvl.dat110.chordoperations.ChordLookup.findSuccessor(ChordLookup.java:36)
	at no.hvl.dat110.middleware.Node.findSuccessor(Node.java:130)
	at no.hvl.dat110.chordoperations.ChordLookup.findSuccessor(ChordLookup.java:36)
	at no.hvl.dat110.middleware.Node.findSuccessor(Node.java:130)
	at no.hvl.dat110.chordoperations.ChordLookup.findSuccessor(ChordLookup.java:36)
	at no.hvl.dat110.middleware.Node.findSuccessor(Node.java:130)
	at no.hvl.dat110.chordoperations.ChordLookup.findSuccessor(ChordLookup.java:36)
	at no.hvl.dat110.middleware.Node.findSuccessor(Node.java:130)
	at no.hvl.dat110.chordoperations.ChordLookup.findSuccessor(ChordLookup.java:36)
	at no.hvl.dat110.middleware.Node.findSuccessor(Node.java:130)
	at no.hvl.dat110.chordoperations.ChordLookup.findSuccessor(ChordLookup.java:36)
	at no.hvl.dat110.middleware.Node.findSuccessor(Node.java:130)
	at no.hvl.dat110.chordoperations.ChordLookup.findSuccessor(ChordLookup.java:36)
	at no.hvl.dat110.middleware.Node.findSuccessor(Node.java:130)
	at no.hvl.dat110.chordoperations.ChordLookup.findSuccessor(ChordLookup.java:36)
	at no.hvl.dat110.middleware.Node.findSuccessor(Node.java:130)
	at no.hvl.dat110.chordoperations.ChordLookup.findSuccessor(ChordLookup.java:36)
	at no.hvl.dat110.middleware.Node.findSuccessor(Node.java:130)
	at no.hvl.dat110.chordoperations.ChordLookup.findSuccessor(ChordLookup.java:36)
	at no.hvl.dat110.middleware.Node.findSuccessor(Node.java:130)
	at no.hvl.dat110.chordoperations.ChordLookup.findSuccessor(ChordLookup.java:36)
	at no.hvl.dat110.middleware.Node.findSuccessor(Node.java:130)
	at no.hvl.dat110.chordoperations.ChordLookup.findSuccessor(ChordLookup.java:36)
	at no.hvl.dat110.middleware.Node.findSuccessor(Node.java:130)
	at no.hvl.dat110.chordoperations.ChordLookup.findSuccessor(ChordLookup.java:36)
	at no.hvl.dat110.middleware.Node.findSuccessor(Node.java:130)
	at no.hvl.dat110.chordoperations.ChordLookup.findSuccessor(ChordLookup.java:36)
	at no.hvl.dat110.middleware.Node.findSuccessor(Node.java:130)
	at no.hvl.dat110.chordoperations.ChordLookup.findSuccessor(ChordLookup.java:36)
	at no.hvl.dat110.middleware.Node.findSuccessor(Node.java:130)
	at no.hvl.dat110.chordoperations.ChordLookup.findSuccessor(ChordLookup.java:36)
	at no.hvl.dat110.middleware.Node.findSuccessor(Node.java:130)
	at no.hvl.dat110.chordoperations.ChordLookup.findSuccessor(ChordLookup.java:36)
	at no.hvl.dat110.middleware.Node.findSuccessor(Node.java:130)
	at no.hvl.dat110.chordoperations.ChordLookup.findSuccessor(ChordLookup.java:36)
	at no.hvl.dat110.middleware.Node.findSuccessor(Node.java:130)
	at no.hvl.dat110.chordoperations.ChordLookup.findSuccessor(ChordLookup.java:36)
	at no.hvl.dat110.middleware.Node.findSuccessor(Node.java:130)
	at no.hvl.dat110.chordoperations.ChordLookup.findSuccessor(ChordLookup.java:36)
	at no.hvl.dat110.middleware.Node.findSuccessor(Node.java:130)
	at no.hvl.dat110.chordoperations.ChordLookup.findSuccessor(ChordLookup.java:36)
	at no.hvl.dat110.middleware.Node.findSuccessor(Node.java:130)
	at no.hvl.dat110.chordoperations.ChordLookup.findSuccessor(ChordLookup.java:36)
	at no.hvl.dat110.middleware.Node.findSuccessor(Node.java:130)
	at no.hvl.dat110.chordoperations.ChordLookup.findSuccessor(ChordLookup.java:36)
	at no.hvl.dat110.middleware.Node.findSuccessor(Node.java:130)
	at no.hvl.dat110.chordoperations.ChordLookup.findSuccessor(ChordLookup.java:36)
	at no.hvl.dat110.middleware.Node.findSuccessor(Node.java:130)
	at no.hvl.dat110.chordoperations.ChordLookup.findSuccessor(ChordLookup.java:36)
	at no.hvl.dat110.middleware.Node.findSuccessor(Node.java:130)
	at no.hvl.dat110.chordoperations.ChordLookup.findSuccessor(ChordLookup.java:36)
	at no.hvl.dat110.middleware.Node.findSuccessor(Node.java:130)
	at no.hvl.dat110.chordoperations.ChordLookup.findSuccessor(ChordLookup.java:36)
	at no.hvl.dat110.middleware.Node.findSuccessor(Node.java:130)
	at no.hvl.dat110.chordoperations.ChordLookup.findSuccessor(ChordLookup.java:36)
	at no.hvl.dat110.middleware.Node.findSuccessor(Node.java:130)
	at no.hvl.dat110.chordoperations.ChordLookup.findSuccessor(ChordLookup.java:36)
	at no.hvl.dat110.middleware.Node.findSuccessor(Node.java:130)
	at no.hvl.dat110.chordoperations.ChordLookup.findSuccessor(ChordLookup.java:36)
	at no.hvl.dat110.middleware.Node.findSuccessor(Node.java:130)
	at no.hvl.dat110.chordoperations.ChordLookup.findSuccessor(ChordLookup.java:36)
	at no.hvl.dat110.middleware.Node.findSuccessor(Node.java:130)
	at no.hvl.dat110.chordoperations.ChordLookup.findSuccessor(ChordLookup.java:36)
	at no.hvl.dat110.middleware.Node.findSuccessor(Node.java:130)
	at no.hvl.dat110.chordoperations.ChordLookup.findSuccessor(ChordLookup.java:36)
	at no.hvl.dat110.middleware.Node.findSuccessor(Node.java:130)
	at no.hvl.dat110.chordoperations.ChordLookup.findSuccessor(ChordLookup.java:36)
	at no.hvl.dat110.middleware.Node.findSuccessor(Node.java:130)
	at no.hvl.dat110.chordoperations.ChordLookup.findSuccessor(ChordLookup.java:36)
	at no.hvl.dat110.middleware.Node.findSuccessor(Node.java:130)
	at no.hvl.dat110.chordoperations.ChordLookup.findSuccessor(ChordLookup.java:36)
	at no.hvl.dat110.middleware.Node.findSuccessor(Node.java:130)
	at no.hvl.dat110.chordoperations.ChordLookup.findSuccessor(ChordLookup.java:36)
	at no.hvl.dat110.middleware.Node.findSuccessor(Node.java:130)
	at no.hvl.dat110.chordoperations.ChordLookup.findSuccessor(ChordLookup.java:36)
	at no.hvl.dat110.middleware.Node.findSuccessor(Node.java:130)
	at no.hvl.dat110.chordoperations.ChordLookup.findSuccessor(ChordLookup.java:36)
	at no.hvl.dat110.middleware.Node.findSuccessor(Node.java:130)
	at no.hvl.dat110.chordoperations.ChordLookup.findSuccessor(ChordLookup.java:36)
	at no.hvl.dat110.middleware.Node.findSuccessor(Node.java:130)
	at no.hvl.dat110.chordoperations.ChordLookup.findSuccessor(ChordLookup.java:36)
	at no.hvl.dat110.middleware.Node.findSuccessor(Node.java:130)
	at no.hvl.dat110.chordoperations.ChordLookup.findSuccessor(ChordLookup.java:36)
	at no.hvl.dat110.middleware.Node.findSuccessor(Node.java:130)
	at no.hvl.dat110.chordoperations.ChordLookup.findSuccessor(ChordLookup.java:36)
	at no.hvl.dat110.middleware.Node.findSuccessor(Node.java:130)
	at no.hvl.dat110.chordoperations.ChordLookup.findSuccessor(ChordLookup.java:36)
	at no.hvl.dat110.middleware.Node.findSuccessor(Node.java:130)
	at no.hvl.dat110.chordoperations.ChordLookup.findSuccessor(ChordLookup.java:36)
	at no.hvl.dat110.middleware.Node.findSuccessor(Node.java:130)
	at no.hvl.dat110.chordoperations.ChordLookup.findSuccessor(ChordLookup.java:36)
	at no.hvl.dat110.middleware.Node.findSuccessor(Node.java:130)
	at no.hvl.dat110.chordoperations.ChordLookup.findSuccessor(ChordLookup.java:36)
	at no.hvl.dat110.middleware.Node.findSuccessor(Node.java:130)
	at no.hvl.dat110.chordoperations.ChordLookup.findSuccessor(ChordLookup.java:36)
	at no.hvl.dat110.middleware.Node.findSuccessor(Node.java:130)
	at no.hvl.dat110.chordoperations.ChordLookup.findSuccessor(ChordLookup.java:36)
	at no.hvl.dat110.middleware.Node.findSuccessor(Node.java:130)
	at no.hvl.dat110.chordoperations.ChordLookup.findSuccessor(ChordLookup.java:36)
	at no.hvl.dat110.middleware.Node.findSuccessor(Node.java:130)
	at no.hvl.dat110.chordoperations.ChordLookup.findSuccessor(ChordLookup.java:36)
	at no.hvl.dat110.middleware.Node.findSuccessor(Node.java:130)
	at no.hvl.dat110.chordoperations.ChordLookup.findSuccessor(ChordLookup.java:36)
	at no.hvl.dat110.middleware.Node.findSuccessor(Node.java:130)
	at no.hvl.dat110.chordoperations.ChordLookup.findSuccessor(ChordLookup.java:36)
	at no.hvl.dat110.middleware.Node.findSuccessor(Node.java:130)
	at no.hvl.dat110.chordoperations.ChordLookup.findSuccessor(ChordLookup.java:36)
	at no.hvl.dat110.middleware.Node.findSuccessor(Node.java:130)
	at no.hvl.dat110.chordoperations.ChordLookup.findSuccessor(ChordLookup.java:36)
	at no.hvl.dat110.middleware.Node.findSuccessor(Node.java:130)
	at no.hvl.dat110.chordoperations.ChordLookup.findSuccessor(ChordLookup.java:36)
	at no.hvl.dat110.middleware.Node.findSuccessor(Node.java:130)
	at no.hvl.dat110.chordoperations.ChordLookup.findSuccessor(ChordLookup.java:36)
	at no.hvl.dat110.middleware.Node.findSuccessor(Node.java:130)
	at no.hvl.dat110.chordoperations.ChordLookup.findSuccessor(ChordLookup.java:36)
	at no.hvl.dat110.middleware.Node.findSuccessor(Node.java:130)
	at no.hvl.dat110.chordoperations.ChordLookup.findSuccessor(ChordLookup.java:36)
	at no.hvl.dat110.middleware.Node.findSuccessor(Node.java:130)
	at no.hvl.dat110.chordoperations.ChordLookup.findSuccessor(ChordLookup.java:36)
	at no.hvl.dat110.middleware.Node.findSuccessor(Node.java:130)
	at no.hvl.dat110.chordoperations.ChordLookup.findSuccessor(ChordLookup.java:36)
	at no.hvl.dat110.middleware.Node.findSuccessor(Node.java:130)
	at no.hvl.dat110.chordoperations.ChordLookup.findSuccessor(ChordLookup.java:36)
	at no.hvl.dat110.middleware.Node.findSuccessor(Node.java:130)
	at no.hvl.dat110.chordoperations.ChordLookup.findSuccessor(ChordLookup.java:36)
	at no.hvl.dat110.middleware.Node.findSuccessor(Node.java:130)
	at no.hvl.dat110.chordoperations.ChordLookup.findSuccessor(ChordLookup.java:36)
	at no.hvl.dat110.middleware.Node.findSuccessor(Node.java:130)
	at no.hvl.dat110.chordoperations.ChordLookup.findSuccessor(ChordLookup.java:36)
	at no.hvl.dat110.middleware.Node.findSuccessor(Node.java:130)
	at no.hvl.dat110.chordoperations.ChordLookup.findSuccessor(ChordLookup.java:36)
	at no.hvl.dat110.middleware.Node.findSuccessor(Node.java:130)
	at no.hvl.dat110.chordoperations.ChordLookup.findSuccessor(ChordLookup.java:36)
	at no.hvl.dat110.middleware.Node.findSuccessor(Node.java:130)
	at no.hvl.dat110.chordoperations.ChordLookup.findSuccessor(ChordLookup.java:36)
	at no.hvl.dat110.middleware.Node.findSuccessor(Node.java:130)
	at no.hvl.dat110.chordoperations.ChordLookup.findSuccessor(ChordLookup.java:36)
	at no.hvl.dat110.middleware.Node.findSuccessor(Node.java:130)
	at no.hvl.dat110.chordoperations.ChordLookup.findSuccessor(ChordLookup.java:36)
	at no.hvl.dat110.middleware.Node.findSuccessor(Node.java:130)
	at no.hvl.dat110.chordoperations.ChordLookup.findSuccessor(ChordLookup.java:36)
	at no.hvl.dat110.middleware.Node.findSuccessor(Node.java:130)
	at no.hvl.dat110.chordoperations.ChordLookup.findSuccessor(ChordLookup.java:36)
	at no.hvl.dat110.middleware.Node.findSuccessor(Node.java:130)
	at no.hvl.dat110.chordoperations.ChordLookup.findSuccessor(ChordLookup.java:36)
	at no.hvl.dat110.middleware.Node.findSuccessor(Node.java:130)
	at no.hvl.dat110.chordoperations.ChordLookup.findSuccessor(ChordLookup.java:36)
	at no.hvl.dat110.middleware.Node.findSuccessor(Node.java:130)
	at no.hvl.dat110.chordoperations.ChordLookup.findSuccessor(ChordLookup.java:36)
	at no.hvl.dat110.middleware.Node.findSuccessor(Node.java:130)
	at no.hvl.dat110.chordoperations.ChordLookup.findSuccessor(ChordLookup.java:36)
	at no.hvl.dat110.middleware.Node.findSuccessor(Node.java:130)
	at no.hvl.dat110.chordoperations.ChordLookup.findSuccessor(ChordLookup.java:36)
	at no.hvl.dat110.middleware.Node.findSuccessor(Node.java:130)
	at no.hvl.dat110.chordoperations.ChordLookup.findSuccessor(ChordLookup.java:36)
	at no.hvl.dat110.middleware.Node.findSuccessor(Node.java:130)
	at no.hvl.dat110.chordoperations.ChordLookup.findSuccessor(ChordLookup.java:36)
	at no.hvl.dat110.middleware.Node.findSuccessor(Node.java:130)
	at no.hvl.dat110.chordoperations.ChordLookup.findSuccessor(ChordLookup.java:36)
	at no.hvl.dat110.middleware.Node.findSuccessor(Node.java:130)
	at no.hvl.dat110.chordoperations.ChordLookup.findSuccessor(ChordLookup.java:36)
	at no.hvl.dat110.middleware.Node.findSuccessor(Node.java:130)
	at no.hvl.dat110.chordoperations.ChordLookup.findSuccessor(ChordLookup.java:36)
	at no.hvl.dat110.middleware.Node.findSuccessor(Node.java:130)
	at no.hvl.dat110.chordoperations.ChordLookup.findSuccessor(ChordLookup.java:36)
	at no.hvl.dat110.middleware.Node.findSuccessor(Node.java:130)
	at no.hvl.dat110.chordoperations.ChordLookup.findSuccessor(ChordLookup.java:36)
	at no.hvl.dat110.middleware.Node.findSuccessor(Node.java:130)
	at no.hvl.dat110.chordoperations.ChordLookup.findSuccessor(ChordLookup.java:36)
	at no.hvl.dat110.middleware.Node.findSuccessor(Node.java:130)
	at no.hvl.dat110.chordoperations.ChordLookup.findSuccessor(ChordLookup.java:36)
	at no.hvl.dat110.middleware.Node.findSuccessor(Node.java:130)
	at no.hvl.dat110.chordoperations.ChordLookup.findSuccessor(ChordLookup.java:36)
	at no.hvl.dat110.middleware.Node.findSuccessor(Node.java:130)
	at no.hvl.dat110.chordoperations.ChordLookup.findSuccessor(ChordLookup.java:36)
	at no.hvl.dat110.middleware.Node.findSuccessor(Node.java:130)
	at no.hvl.dat110.chordoperations.ChordLookup.findSuccessor(ChordLookup.java:36)
	at no.hvl.dat110.middleware.Node.findSuccessor(Node.java:130)
	at no.hvl.dat110.chordoperations.ChordLookup.findSuccessor(ChordLookup.java:36)
	at no.hvl.dat110.middleware.Node.findSuccessor(Node.java:130)
	at no.hvl.dat110.chordoperations.ChordLookup.findSuccessor(ChordLookup.java:36)
	at no.hvl.dat110.middleware.Node.findSuccessor(Node.java:130)
	at no.hvl.dat110.chordoperations.ChordLookup.findSuccessor(ChordLookup.java:36)
	at no.hvl.dat110.middleware.Node.findSuccessor(Node.java:130)
	at no.hvl.dat110.chordoperations.ChordLookup.findSuccessor(ChordLookup.java:36)
	at no.hvl.dat110.middleware.Node.findSuccessor(Node.java:130)
	at no.hvl.dat110.chordoperations.ChordLookup.findSuccessor(ChordLookup.java:36)
	at no.hvl.dat110.middleware.Node.findSuccessor(Node.java:130)
	at no.hvl.dat110.chordoperations.ChordLookup.findSuccessor(ChordLookup.java:36)
	at no.hvl.dat110.middleware.Node.findSuccessor(Node.java:130)
	at no.hvl.dat110.chordoperations.ChordLookup.findSuccessor(ChordLookup.java:36)
	at no.hvl.dat110.middleware.Node.findSuccessor(Node.java:130)
	at no.hvl.dat110.chordoperations.ChordLookup.findSuccessor(ChordLookup.java:36)
	at no.hvl.dat110.middleware.Node.findSuccessor(Node.java:130)
	at no.hvl.dat110.chordoperations.ChordLookup.findSuccessor(ChordLookup.java:36)
	at no.hvl.dat110.middleware.Node.findSuccessor(Node.java:130)
	at no.hvl.dat110.chordoperations.ChordLookup.findSuccessor(ChordLookup.java:36)
	at no.hvl.dat110.middleware.Node.findSuccessor(Node.java:130)
	at no.hvl.dat110.chordoperations.ChordLookup.findSuccessor(ChordLookup.java:36)
	at no.hvl.dat110.middleware.Node.findSuccessor(Node.java:130)
	at no.hvl.dat110.chordoperations.ChordLookup.findSuccessor(ChordLookup.java:36)
	at no.hvl.dat110.middleware.Node.findSuccessor(Node.java:130)
	at no.hvl.dat110.chordoperations.ChordLookup.findSuccessor(ChordLookup.java:36)
	at no.hvl.dat110.middleware.Node.findSuccessor(Node.java:130)
	at no.hvl.dat110.chordoperations.ChordLookup.findSuccessor(ChordLookup.java:36)
	at no.hvl.dat110.middleware.Node.findSuccessor(Node.java:130)
	at no.hvl.dat110.chordoperations.ChordLookup.findSuccessor(ChordLookup.java:36)
	at no.hvl.dat110.middleware.Node.findSuccessor(Node.java:130)
	at no.hvl.dat110.chordoperations.ChordLookup.findSuccessor(ChordLookup.java:36)
	at no.hvl.dat110.middleware.Node.findSuccessor(Node.java:130)
	at no.hvl.dat110.chordoperations.ChordLookup.findSuccessor(ChordLookup.java:36)
	at no.hvl.dat110.middleware.Node.findSuccessor(Node.java:130)
	at no.hvl.dat110.chordoperations.ChordLookup.findSuccessor(ChordLookup.java:36)
	at no.hvl.dat110.middleware.Node.findSuccessor(Node.java:130)
	at no.hvl.dat110.chordoperations.ChordLookup.findSuccessor(ChordLookup.java:36)
	at no.hvl.dat110.middleware.Node.findSuccessor(Node.java:130)
	at no.hvl.dat110.chordoperations.ChordLookup.findSuccessor(ChordLookup.java:36)
	at no.hvl.dat110.middleware.Node.findSuccessor(Node.java:130)
	at no.hvl.dat110.chordoperations.ChordLookup.findSuccessor(ChordLookup.java:36)
	at no.hvl.dat110.middleware.Node.findSuccessor(Node.java:130)
	at no.hvl.dat110.chordoperations.ChordLookup.findSuccessor(ChordLookup.java:36)
	at no.hvl.dat110.middleware.Node.findSuccessor(Node.java:130)
	at no.hvl.dat110.chordoperations.ChordLookup.findSuccessor(ChordLookup.java:36)
	at no.hvl.dat110.middleware.Node.findSuccessor(Node.java:130)
	at no.hvl.dat110.chordoperations.ChordLookup.findSuccessor(ChordLookup.java:36)
	at no.hvl.dat110.middleware.Node.findSuccessor(Node.java:130)
	at no.hvl.dat110.chordoperations.ChordLookup.findSuccessor(ChordLookup.java:36)
	at no.hvl.dat110.middleware.Node.findSuccessor(Node.java:130)
	at no.hvl.dat110.chordoperations.ChordLookup.findSuccessor(ChordLookup.java:36)
	at no.hvl.dat110.middleware.Node.findSuccessor(Node.java:130)
	at no.hvl.dat110.chordoperations.ChordLookup.findSuccessor(ChordLookup.java:36)
	at no.hvl.dat110.middleware.Node.findSuccessor(Node.java:130)
	at no.hvl.dat110.chordoperations.ChordLookup.findSuccessor(ChordLookup.java:36)
	at no.hvl.dat110.middleware.Node.findSuccessor(Node.java:130)
	at no.hvl.dat110.chordoperations.ChordLookup.findSuccessor(ChordLookup.java:36)
	at no.hvl.dat110.middleware.Node.findSuccessor(Node.java:130)
	at no.hvl.dat110.chordoperations.ChordLookup.findSuccessor(ChordLookup.java:36)
	at no.hvl.dat110.middleware.Node.findSuccessor(Node.java:130)
	at no.hvl.dat110.chordoperations.ChordLookup.findSuccessor(ChordLookup.java:36)
	at no.hvl.dat110.middleware.Node.findSuccessor(Node.java:130)
	at no.hvl.dat110.chordoperations.ChordLookup.findSuccessor(ChordLookup.java:36)
	at no.hvl.dat110.middleware.Node.findSuccessor(Node.java:130)
	at no.hvl.dat110.chordoperations.ChordLookup.findSuccessor(ChordLookup.java:36)
	at no.hvl.dat110.middleware.Node.findSuccessor(Node.java:130)
	at no.hvl.dat110.chordoperations.ChordLookup.findSuccessor(ChordLookup.java:36)
	at no.hvl.dat110.middleware.Node.findSuccessor(Node.java:130)
	at no.hvl.dat110.chordoperations.ChordLookup.findSuccessor(ChordLookup.java:36)
	at no.hvl.dat110.middleware.Node.findSuccessor(Node.java:130)
	at no.hvl.dat110.chordoperations.ChordLookup.findSuccessor(ChordLookup.java:36)
	at no.hvl.dat110.middleware.Node.findSuccessor(Node.java:130)
	at no.hvl.dat110.chordoperations.ChordLookup.findSuccessor(ChordLookup.java:36)
	at no.hvl.dat110.middleware.Node.findSuccessor(Node.java:130)
	at no.hvl.dat110.chordoperations.ChordLookup.findSuccessor(ChordLookup.java:36)
	at no.hvl.dat110.middleware.Node.findSuccessor(Node.java:130)
	at no.hvl.dat110.chordoperations.ChordLookup.findSuccessor(ChordLookup.java:36)
	at no.hvl.dat110.middleware.Node.findSuccessor(Node.java:130)
	at no.hvl.dat110.chordoperations.ChordLookup.findSuccessor(ChordLookup.java:36)
	at no.hvl.dat110.middleware.Node.findSuccessor(Node.java:130)
	at no.hvl.dat110.chordoperations.ChordLookup.findSuccessor(ChordLookup.java:36)
	at no.hvl.dat110.middleware.Node.findSuccessor(Node.java:130)
	at no.hvl.dat110.chordoperations.ChordLookup.findSuccessor(ChordLookup.java:36)
	at no.hvl.dat110.middleware.Node.findSuccessor(Node.java:130)
	at no.hvl.dat110.chordoperations.ChordLookup.findSuccessor(ChordLookup.java:36)
	at no.hvl.dat110.middleware.Node.findSuccessor(Node.java:130)
	at no.hvl.dat110.chordoperations.ChordLookup.findSuccessor(ChordLookup.java:36)
	at no.hvl.dat110.middleware.Node.findSuccessor(Node.java:130)
	at no.hvl.dat110.chordoperations.ChordLookup.findSuccessor(ChordLookup.java:36)
	at no.hvl.dat110.middleware.Node.findSuccessor(Node.java:130)
	at no.hvl.dat110.chordoperations.ChordLookup.findSuccessor(ChordLookup.java:36)
	at no.hvl.dat110.middleware.Node.findSuccessor(Node.java:130)
	at no.hvl.dat110.chordoperations.ChordLookup.findSuccessor(ChordLookup.java:36)
	at no.hvl.dat110.middleware.Node.findSuccessor(Node.java:130)
	at no.hvl.dat110.chordoperations.ChordLookup.findSuccessor(ChordLookup.java:36)
	at no.hvl.dat110.middleware.Node.findSuccessor(Node.java:130)
	at no.hvl.dat110.chordoperations.ChordLookup.findSuccessor(ChordLookup.java:36)
	at no.hvl.dat110.middleware.Node.findSuccessor(Node.java:130)
	at no.hvl.dat110.chordoperations.ChordLookup.findSuccessor(ChordLookup.java:36)
	at no.hvl.dat110.middleware.Node.findSuccessor(Node.java:130)
	at no.hvl.dat110.chordoperations.ChordLookup.findSuccessor(ChordLookup.java:36)
	at no.hvl.dat110.middleware.Node.findSuccessor(Node.java:130)
	at no.hvl.dat110.chordoperations.ChordLookup.findSuccessor(ChordLookup.java:36)
	at no.hvl.dat110.middleware.Node.findSuccessor(Node.java:130)
	at no.hvl.dat110.chordoperations.ChordLookup.findSuccessor(ChordLookup.java:36)
	at no.hvl.dat110.middleware.Node.findSuccessor(Node.java:130)
	at no.hvl.dat110.chordoperations.ChordLookup.findSuccessor(ChordLookup.java:36)
	at no.hvl.dat110.middleware.Node.findSuccessor(Node.java:130)
	at no.hvl.dat110.chordoperations.ChordLookup.findSuccessor(ChordLookup.java:36)
	at no.hvl.dat110.middleware.Node.findSuccessor(Node.java:130)
	at no.hvl.dat110.chordoperations.ChordLookup.findSuccessor(ChordLookup.java:36)
	at no.hvl.dat110.middleware.Node.findSuccessor(Node.java:130)
	at no.hvl.dat110.chordoperations.ChordLookup.findSuccessor(ChordLookup.java:36)
	at no.hvl.dat110.middleware.Node.findSuccessor(Node.java:130)
	at no.hvl.dat110.chordoperations.ChordLookup.findSuccessor(ChordLookup.java:36)
	at no.hvl.dat110.middleware.Node.findSuccessor(Node.java:130)
	at no.hvl.dat110.chordoperations.ChordLookup.findSuccessor(ChordLookup.java:36)
	at no.hvl.dat110.middleware.Node.findSuccessor(Node.java:130)
	at no.hvl.dat110.chordoperations.ChordLookup.findSuccessor(ChordLookup.java:36)
	at no.hvl.dat110.middleware.Node.findSuccessor(Node.java:130)
	at no.hvl.dat110.chordoperations.ChordLookup.findSuccessor(ChordLookup.java:36)
	at no.hvl.dat110.middleware.Node.findSuccessor(Node.java:130)
	at no.hvl.dat110.chordoperations.ChordLookup.findSuccessor(ChordLookup.java:36)
	at no.hvl.dat110.middleware.Node.findSuccessor(Node.java:130)
	at no.hvl.dat110.chordoperations.ChordLookup.findSuccessor(ChordLookup.java:36)
	at no.hvl.dat110.middleware.Node.findSuccessor(Node.java:130)
	at no.hvl.dat110.chordoperations.ChordLookup.findSuccessor(ChordLookup.java:36)
	at no.hvl.dat110.middleware.Node.findSuccessor(Node.java:130)
	at no.hvl.dat110.chordoperations.ChordLookup.findSuccessor(ChordLookup.java:36)
	at no.hvl.dat110.middleware.Node.findSuccessor(Node.java:130)
	at no.hvl.dat110.chordoperations.ChordLookup.findSuccessor(ChordLookup.java:36)
	at no.hvl.dat110.middleware.Node.findSuccessor(Node.java:130)
	at no.hvl.dat110.chordoperations.ChordLookup.findSuccessor(ChordLookup.java:36)
	at no.hvl.dat110.middleware.Node.findSuccessor(Node.java:130)
	at no.hvl.dat110.chordoperations.ChordLookup.findSuccessor(ChordLookup.java:36)
	at no.hvl.dat110.middleware.Node.findSuccessor(Node.java:130)
	at no.hvl.dat110.chordoperations.ChordLookup.findSuccessor(ChordLookup.java:36)
	at no.hvl.dat110.middleware.Node.findSuccessor(Node.java:130)
	at no.hvl.dat110.chordoperations.ChordLookup.findSuccessor(ChordLookup.java:36)
	at no.hvl.dat110.middleware.Node.findSuccessor(Node.java:130)
	at no.hvl.dat110.chordoperations.ChordLookup.findSuccessor(ChordLookup.java:36)
	at no.hvl.dat110.middleware.Node.findSuccessor(Node.java:130)
	at no.hvl.dat110.chordoperations.ChordLookup.findSuccessor(ChordLookup.java:36)
	at no.hvl.dat110.middleware.Node.findSuccessor(Node.java:130)
	at no.hvl.dat110.chordoperations.ChordLookup.findSuccessor(ChordLookup.java:36)
	at no.hvl.dat110.middleware.Node.findSuccessor(Node.java:130)
	at no.hvl.dat110.chordoperations.ChordLookup.findSuccessor(ChordLookup.java:36)
	at no.hvl.dat110.middleware.Node.findSuccessor(Node.java:130)
	at no.hvl.dat110.chordoperations.ChordLookup.findSuccessor(ChordLookup.java:36)
	at no.hvl.dat110.middleware.Node.findSuccessor(Node.java:130)
	at no.hvl.dat110.chordoperations.ChordLookup.findSuccessor(ChordLookup.java:36)
	at no.hvl.dat110.middleware.Node.findSuccessor(Node.java:130)
	at no.hvl.dat110.chordoperations.ChordLookup.findSuccessor(ChordLookup.java:36)
	at no.hvl.dat110.middleware.Node.findSuccessor(Node.java:130)
	at no.hvl.dat110.chordoperations.ChordLookup.findSuccessor(ChordLookup.java:36)
	at no.hvl.dat110.middleware.Node.findSuccessor(Node.java:130)
	at no.hvl.dat110.chordoperations.ChordLookup.findSuccessor(ChordLookup.java:36)
	at no.hvl.dat110.middleware.Node.findSuccessor(Node.java:130)
	at no.hvl.dat110.chordoperations.ChordLookup.findSuccessor(ChordLookup.java:36)
	at no.hvl.dat110.middleware.Node.findSuccessor(Node.java:130)
	at no.hvl.dat110.chordoperations.ChordLookup.findSuccessor(ChordLookup.java:36)
	at no.hvl.dat110.middleware.Node.findSuccessor(Node.java:130)
	at no.hvl.dat110.chordoperations.ChordLookup.findSuccessor(ChordLookup.java:36)
	at no.hvl.dat110.middleware.Node.findSuccessor(Node.java:130)
	at no.hvl.dat110.chordoperations.ChordLookup.findSuccessor(ChordLookup.java:36)
	at no.hvl.dat110.middleware.Node.findSuccessor(Node.java:130)
	at no.hvl.dat110.chordoperations.ChordLookup.findSuccessor(ChordLookup.java:36)
	at no.hvl.dat110.middleware.Node.findSuccessor(Node.java:130)
	at no.hvl.dat110.chordoperations.ChordLookup.findSuccessor(ChordLookup.java:36)
	at no.hvl.dat110.middleware.Node.findSuccessor(Node.java:130)
	at no.hvl.dat110.chordoperations.ChordLookup.findSuccessor(ChordLookup.java:36)
	at no.hvl.dat110.middleware.Node.findSuccessor(Node.java:130)
	at no.hvl.dat110.chordoperations.ChordLookup.findSuccessor(ChordLookup.java:36)
	at no.hvl.dat110.middleware.Node.findSuccessor(Node.java:130)
	at no.hvl.dat110.chordoperations.ChordLookup.findSuccessor(ChordLookup.java:36)
	at no.hvl.dat110.middleware.Node.findSuccessor(Node.java:130)
	at no.hvl.dat110.chordoperations.ChordLookup.findSuccessor(ChordLookup.java:36)
	at no.hvl.dat110.middleware.Node.findSuccessor(Node.java:130)
	at no.hvl.dat110.chordoperations.ChordLookup.findSuccessor(ChordLookup.java:36)
	at no.hvl.dat110.middleware.Node.findSuccessor(Node.java:130)
	at no.hvl.dat110.chordoperations.ChordLookup.findSuccessor(ChordLookup.java:36)
	at no.hvl.dat110.middleware.Node.findSuccessor(Node.java:130)
	at no.hvl.dat110.chordoperations.ChordLookup.findSuccessor(ChordLookup.java:36)
	at no.hvl.dat110.middleware.Node.findSuccessor(Node.java:130)
	at no.hvl.dat110.chordoperations.ChordLookup.findSuccessor(ChordLookup.java:36)
	at no.hvl.dat110.middleware.Node.findSuccessor(Node.java:130)
	at no.hvl.dat110.chordoperations.ChordLookup.findSuccessor(ChordLookup.java:36)
	at no.hvl.dat110.middleware.Node.findSuccessor(Node.java:130)
	at no.hvl.dat110.chordoperations.ChordLookup.findSuccessor(ChordLookup.java:36)
	at no.hvl.dat110.middleware.Node.findSuccessor(Node.java:130)
	at no.hvl.dat110.chordoperations.ChordLookup.findSuccessor(ChordLookup.java:36)
	at no.hvl.dat110.middleware.Node.findSuccessor(Node.java:130)
	at no.hvl.dat110.chordoperations.ChordLookup.findSuccessor(ChordLookup.java:36)
	at no.hvl.dat110.middleware.Node.findSuccessor(Node.java:130)
	at no.hvl.dat110.chordoperations.ChordLookup.findSuccessor(ChordLookup.java:36)
	at no.hvl.dat110.middleware.Node.findSuccessor(Node.java:130)
	at no.hvl.dat110.chordoperations.ChordLookup.findSuccessor(ChordLookup.java:36)
	at no.hvl.dat110.middleware.Node.findSuccessor(Node.java:130)
	at no.hvl.dat110.chordoperations.ChordLookup.findSuccessor(ChordLookup.java:36)
	at no.hvl.dat110.middleware.Node.findSuccessor(Node.java:130)
	at no.hvl.dat110.chordoperations.ChordLookup.findSuccessor(ChordLookup.java:36)
	at no.hvl.dat110.middleware.Node.findSuccessor(Node.java:130)
	at no.hvl.dat110.chordoperations.ChordLookup.findSuccessor(ChordLookup.java:36)
	at no.hvl.dat110.middleware.Node.findSuccessor(Node.java:130)
	at no.hvl.dat110.chordoperations.ChordLookup.findSuccessor(ChordLookup.java:36)
	at no.hvl.dat110.middleware.Node.findSuccessor(Node.java:130)
	at no.hvl.dat110.chordoperations.ChordLookup.findSuccessor(ChordLookup.java:36)
	at no.hvl.dat110.middleware.Node.findSuccessor(Node.java:130)
	at no.hvl.dat110.chordoperations.ChordLookup.findSuccessor(ChordLookup.java:36)
	at no.hvl.dat110.middleware.Node.findSuccessor(Node.java:130)
	at no.hvl.dat110.chordoperations.ChordLookup.findSuccessor(ChordLookup.java:36)
	at no.hvl.dat110.middleware.Node.findSuccessor(Node.java:130)
	at no.hvl.dat110.chordoperations.ChordLookup.findSuccessor(ChordLookup.java:36)
	at no.hvl.dat110.middleware.Node.findSuccessor(Node.java:130)
	at no.hvl.dat110.chordoperations.ChordLookup.findSuccessor(ChordLookup.java:36)
	at no.hvl.dat110.middleware.Node.findSuccessor(Node.java:130)
	at no.hvl.dat110.chordoperations.ChordLookup.findSuccessor(ChordLookup.java:36)
	at no.hvl.dat110.middleware.Node.findSuccessor(Node.java:130)
	at no.hvl.dat110.chordoperations.ChordLookup.findSuccessor(ChordLookup.java:36)
	at no.hvl.dat110.middleware.Node.findSuccessor(Node.java:130)
	at no.hvl.dat110.chordoperations.ChordLookup.findSuccessor(ChordLookup.java:36)
	at no.hvl.dat110.middleware.Node.findSuccessor(Node.java:130)
	at no.hvl.dat110.chordoperations.ChordLookup.findSuccessor(ChordLookup.java:36)
	at no.hvl.dat110.middleware.Node.findSuccessor(Node.java:130)
	at no.hvl.dat110.chordoperations.ChordLookup.findSuccessor(ChordLookup.java:36)
	at no.hvl.dat110.middleware.Node.findSuccessor(Node.java:130)
	at no.hvl.dat110.chordoperations.ChordLookup.findSuccessor(ChordLookup.java:36)
	at no.hvl.dat110.middleware.Node.findSuccessor(Node.java:130)
	at no.hvl.dat110.chordoperations.ChordLookup.findSuccessor(ChordLookup.java:36)
	at no.hvl.dat110.middleware.Node.findSuccessor(Node.java:130)
	at no.hvl.dat110.chordoperations.ChordLookup.findSuccessor(ChordLookup.java:36)
	at no.hvl.dat110.middleware.Node.findSuccessor(Node.java:130)
	at no.hvl.dat110.chordoperations.ChordLookup.findSuccessor(ChordLookup.java:36)
	at no.hvl.dat110.middleware.Node.findSuccessor(Node.java:130)
	at no.hvl.dat110.chordoperations.ChordLookup.findSuccessor(ChordLookup.java:36)
	at no.hvl.dat110.middleware.Node.findSuccessor(Node.java:130)
	at no.hvl.dat110.chordoperations.ChordLookup.findSuccessor(ChordLookup.java:36)
	at no.hvl.dat110.middleware.Node.findSuccessor(Node.java:130)
	at no.hvl.dat110.chordoperations.ChordLookup.findSuccessor(ChordLookup.java:36)
	at no.hvl.dat110.middleware.Node.findSuccessor(Node.java:130)
	at no.hvl.dat110.chordoperations.ChordLookup.findSuccessor(ChordLookup.java:36)
	at no.hvl.dat110.middleware.Node.findSuccessor(Node.java:130)
	at no.hvl.dat110.chordoperations.ChordLookup.findSuccessor(ChordLookup.java:36)
	at no.hvl.dat110.middleware.Node.findSuccessor(Node.java:130)
	at no.hvl.dat110.chordoperations.ChordLookup.findSuccessor(ChordLookup.java:36)
	at no.hvl.dat110.middleware.Node.findSuccessor(Node.java:130)
	at no.hvl.dat110.chordoperations.ChordLookup.findSuccessor(ChordLookup.java:36)
	at no.hvl.dat110.middleware.Node.findSuccessor(Node.java:130)
	at no.hvl.dat110.chordoperations.ChordLookup.findSuccessor(ChordLookup.java:36)
	at no.hvl.dat110.middleware.Node.findSuccessor(Node.java:130)
	at no.hvl.dat110.chordoperations.ChordLookup.findSuccessor(ChordLookup.java:36)
	at no.hvl.dat110.middleware.Node.findSuccessor(Node.java:130)
	at no.hvl.dat110.chordoperations.ChordLookup.findSuccessor(ChordLookup.java:36)
	at no.hvl.dat110.middleware.Node.findSuccessor(Node.java:130)
	at no.hvl.dat110.chordoperations.ChordLookup.findSuccessor(ChordLookup.java:36)
	at no.hvl.dat110.middleware.Node.findSuccessor(Node.java:130)
	at no.hvl.dat110.chordoperations.ChordLookup.findSuccessor(ChordLookup.java:36)
	at no.hvl.dat110.middleware.Node.findSuccessor(Node.java:130)
	at no.hvl.dat110.chordoperations.ChordLookup.findSuccessor(ChordLookup.java:36)
	at no.hvl.dat110.middleware.Node.findSuccessor(Node.java:130)
	at no.hvl.dat110.chordoperations.ChordLookup.findSuccessor(ChordLookup.java:36)
	at no.hvl.dat110.middleware.Node.findSuccessor(Node.java:130)
	at no.hvl.dat110.chordoperations.ChordLookup.findSuccessor(ChordLookup.java:36)
	at no.hvl.dat110.middleware.Node.findSuccessor(Node.java:130)
	at no.hvl.dat110.chordoperations.ChordLookup.findSuccessor(ChordLookup.java:36)
	at no.hvl.dat110.middleware.Node.findSuccessor(Node.java:130)
	at no.hvl.dat110.chordoperations.ChordLookup.findSuccessor(ChordLookup.java:36)
	at no.hvl.dat110.middleware.Node.findSuccessor(Node.java:130)
	at no.hvl.dat110.chordoperations.ChordLookup.findSuccessor(ChordLookup.java:36)
	at no.hvl.dat110.middleware.Node.findSuccessor(Node.java:130)
	at no.hvl.dat110.chordoperations.ChordLookup.findSuccessor(ChordLookup.java:36)
	at no.hvl.dat110.middleware.Node.findSuccessor(Node.java:130)
	at no.hvl.dat110.chordoperations.ChordLookup.findSuccessor(ChordLookup.java:36)
	at no.hvl.dat110.middleware.Node.findSuccessor(Node.java:130)
	at no.hvl.dat110.chordoperations.ChordLookup.findSuccessor(ChordLookup.java:36)
	at no.hvl.dat110.middleware.Node.findSuccessor(Node.java:130)
	at no.hvl.dat110.chordoperations.ChordLookup.findSuccessor(ChordLookup.java:36)
	at no.hvl.dat110.middleware.Node.findSuccessor(Node.java:130)
	at no.hvl.dat110.chordoperations.ChordLookup.findSuccessor(ChordLookup.java:36)
	at no.hvl.dat110.middleware.Node.findSuccessor(Node.java:130)
	at no.hvl.dat110.chordoperations.ChordLookup.findSuccessor(ChordLookup.java:36)
	at no.hvl.dat110.middleware.Node.findSuccessor(Node.java:130)
	at no.hvl.dat110.chordoperations.ChordLookup.findSuccessor(ChordLookup.java:36)
	at no.hvl.dat110.middleware.Node.findSuccessor(Node.java:130)
	at no.hvl.dat110.chordoperations.ChordLookup.findSuccessor(ChordLookup.java:36)
	at no.hvl.dat110.middleware.Node.findSuccessor(Node.java:130)
	at no.hvl.dat110.chordoperations.ChordLookup.findSuccessor(ChordLookup.java:36)
	at no.hvl.dat110.middleware.Node.findSuccessor(Node.java:130)
	at no.hvl.dat110.chordoperations.ChordLookup.findSuccessor(ChordLookup.java:36)
	at no.hvl.dat110.middleware.Node.findSuccessor(Node.java:130)
	at no.hvl.dat110.chordoperations.ChordLookup.findSuccessor(ChordLookup.java:36)
	at no.hvl.dat110.middleware.Node.findSuccessor(Node.java:130)
	at no.hvl.dat110.chordoperations.ChordLookup.findSuccessor(ChordLookup.java:36)
	at no.hvl.dat110.middleware.Node.findSuccessor(Node.java:130)
	at no.hvl.dat110.chordoperations.ChordLookup.findSuccessor(ChordLookup.java:36)
	at no.hvl.dat110.middleware.Node.findSuccessor(Node.java:130)
	at no.hvl.dat110.chordoperations.ChordLookup.findSuccessor(ChordLookup.java:36)
	at no.hvl.dat110.middleware.Node.findSuccessor(Node.java:130)
	at no.hvl.dat110.chordoperations.ChordLookup.findSuccessor(ChordLookup.java:36)
	at no.hvl.dat110.middleware.Node.findSuccessor(Node.java:130)
	at no.hvl.dat110.chordoperations.ChordLookup.findSuccessor(ChordLookup.java:36)
	at no.hvl.dat110.middleware.Node.findSuccessor(Node.java:130)
	at no.hvl.dat110.chordoperations.ChordLookup.findSuccessor(ChordLookup.java:36)
	at no.hvl.dat110.middleware.Node.findSuccessor(Node.java:130)
	at no.hvl.dat110.chordoperations.ChordLookup.findSuccessor(ChordLookup.java:36)
	at no.hvl.dat110.middleware.Node.findSuccessor(Node.java:130)
	at no.hvl.dat110.chordoperations.ChordLookup.findSuccessor(ChordLookup.java:36)
	at no.hvl.dat110.middleware.Node.findSuccessor(Node.java:130)
	at no.hvl.dat110.chordoperations.ChordLookup.findSuccessor(ChordLookup.java:36)
	at no.hvl.dat110.middleware.Node.findSuccessor(Node.java:130)
	at no.hvl.dat110.chordoperations.ChordLookup.findSuccessor(ChordLookup.java:36)
	at no.hvl.dat110.middleware.Node.findSuccessor(Node.java:130)
	at no.hvl.dat110.chordoperations.ChordLookup.findSuccessor(ChordLookup.java:36)
	at no.hvl.dat110.middleware.Node.findSuccessor(Node.java:130)
	at no.hvl.dat110.chordoperations.ChordLookup.findSuccessor(ChordLookup.java:36)
	at no.hvl.dat110.middleware.Node.findSuccessor(Node.java:130)
	at no.hvl.dat110.chordoperations.ChordLookup.findSuccessor(ChordLookup.java:36)
	at no.hvl.dat110.middleware.Node.findSuccessor(Node.java:130)
	at no.hvl.dat110.chordoperations.ChordLookup.findSuccessor(ChordLookup.java:36)
	at no.hvl.dat110.middleware.Node.findSuccessor(Node.java:130)
	at no.hvl.dat110.chordoperations.ChordLookup.findSuccessor(ChordLookup.java:36)
	at no.hvl.dat110.middleware.Node.findSuccessor(Node.java:130)
	at no.hvl.dat110.chordoperations.ChordLookup.findSuccessor(ChordLookup.java:36)
	at no.hvl.dat110.middleware.Node.findSuccessor(Node.java:130)
	at no.hvl.dat110.chordoperations.ChordLookup.findSuccessor(ChordLookup.java:36)
	at no.hvl.dat110.middleware.Node.findSuccessor(Node.java:130)
	at no.hvl.dat110.chordoperations.ChordLookup.findSuccessor(ChordLookup.java:36)
	at no.hvl.dat110.middleware.Node.findSuccessor(Node.java:130)
	at no.hvl.dat110.chordoperations.ChordLookup.findSuccessor(ChordLookup.java:36)
	at no.hvl.dat110.middleware.Node.findSuccessor(Node.java:130)
	at no.hvl.dat110.chordoperations.ChordLookup.findSuccessor(ChordLookup.java:36)
	at no.hvl.dat110.middleware.Node.findSuccessor(Node.java:130)
	at no.hvl.dat110.chordoperations.ChordLookup.findSuccessor(ChordLookup.java:36)
	at no.hvl.dat110.middleware.Node.findSuccessor(Node.java:130)
	at no.hvl.dat110.chordoperations.ChordLookup.findSuccessor(ChordLookup.java:36)
	at no.hvl.dat110.middleware.Node.findSuccessor(Node.java:130)
	at no.hvl.dat110.chordoperations.ChordLookup.findSuccessor(ChordLookup.java:36)
	at no.hvl.dat110.middleware.Node.findSuccessor(Node.java:130)
	at no.hvl.dat110.chordoperations.ChordLookup.findSuccessor(ChordLookup.java:36)
	at no.hvl.dat110.middleware.Node.findSuccessor(Node.java:130)
	at no.hvl.dat110.chordoperations.ChordLookup.findSuccessor(ChordLookup.java:36)
	at no.hvl.dat110.middleware.Node.findSuccessor(Node.java:130)
	at no.hvl.dat110.chordoperations.ChordLookup.findSuccessor(ChordLookup.java:36)
	at no.hvl.dat110.middleware.Node.findSuccessor(Node.java:130)
	at no.hvl.dat110.chordoperations.ChordLookup.findSuccessor(ChordLookup.java:36)
	at no.hvl.dat110.middleware.Node.findSuccessor(Node.java:130)
	at no.hvl.dat110.chordoperations.ChordLookup.findSuccessor(ChordLookup.java:36)
	at no.hvl.dat110.middleware.Node.findSuccessor(Node.java:130)
	at no.hvl.dat110.chordoperations.ChordLookup.findSuccessor(ChordLookup.java:36)
	at no.hvl.dat110.middleware.Node.findSuccessor(Node.java:130)
	at no.hvl.dat110.chordoperations.ChordLookup.findSuccessor(ChordLookup.java:36)
	at no.hvl.dat110.middleware.Node.findSuccessor(Node.java:130)
	at no.hvl.dat110.chordoperations.ChordLookup.findSuccessor(ChordLookup.java:36)
	at no.hvl.dat110.middleware.Node.findSuccessor(Node.java:130)
	at no.hvl.dat110.chordoperations.ChordLookup.findSuccessor(ChordLookup.java:36)
	at no.hvl.dat110.middleware.Node.findSuccessor(Node.java:130)
	at no.hvl.dat110.chordoperations.ChordLookup.findSuccessor(ChordLookup.java:36)
	at no.hvl.dat110.middleware.Node.findSuccessor(Node.java:130)
	at no.hvl.dat110.chordoperations.ChordLookup.findSuccessor(ChordLookup.java:36)
	at no.hvl.dat110.middleware.Node.findSuccessor(Node.java:130)
	at no.hvl.dat110.chordoperations.ChordLookup.findSuccessor(ChordLookup.java:36)
	at no.hvl.dat110.middleware.Node.findSuccessor(Node.java:130)
	at no.hvl.dat110.chordoperations.ChordLookup.findSuccessor(ChordLookup.java:36)
	at no.hvl.dat110.middleware.Node.findSuccessor(Node.java:130)
	at no.hvl.dat110.chordoperations.ChordLookup.findSuccessor(ChordLookup.java:36)
	at no.hvl.dat110.middleware.Node.findSuccessor(Node.java:130)
	at no.hvl.dat110.chordoperations.ChordLookup.findSuccessor(ChordLookup.java:36)
	at no.hvl.dat110.middleware.Node.findSuccessor(Node.java:130)
	at no.hvl.dat110.chordoperations.ChordLookup.findSuccessor(ChordLookup.java:36)
	at no.hvl.dat110.middleware.Node.findSuccessor(Node.java:130)
	at no.hvl.dat110.chordoperations.ChordLookup.findSuccessor(ChordLookup.java:36)
	at no.hvl.dat110.middleware.Node.findSuccessor(Node.java:130)
	at no.hvl.dat110.chordoperations.ChordLookup.findSuccessor(ChordLookup.java:36)
	at no.hvl.dat110.middleware.Node.findSuccessor(Node.java:130)
	at no.hvl.dat110.chordoperations.ChordLookup.findSuccessor(ChordLookup.java:36)
	at no.hvl.dat110.middleware.Node.findSuccessor(Node.java:130)
	at no.hvl.dat110.chordoperations.ChordLookup.findSuccessor(ChordLookup.java:36)
	at no.hvl.dat110.middleware.Node.findSuccessor(Node.java:130)
	at no.hvl.dat110.chordoperations.ChordLookup.findSuccessor(ChordLookup.java:36)
	at no.hvl.dat110.middleware.Node.findSuccessor(Node.java:130)
	at no.hvl.dat110.chordoperations.ChordLookup.findSuccessor(ChordLookup.java:36)
	at no.hvl.dat110.middleware.Node.findSuccessor(Node.java:130)
	at no.hvl.dat110.chordoperations.ChordLookup.findSuccessor(ChordLookup.java:36)
	at no.hvl.dat110.middleware.Node.findSuccessor(Node.java:130)
	at no.hvl.dat110.chordoperations.ChordLookup.findSuccessor(ChordLookup.java:36)
	at no.hvl.dat110.middleware.Node.findSuccessor(Node.java:130)
	at no.hvl.dat110.chordoperations.ChordLookup.findSuccessor(ChordLookup.java:36)
	at no.hvl.dat110.middleware.Node.findSuccessor(Node.java:130)
	at no.hvl.dat110.chordoperations.ChordLookup.findSuccessor(ChordLookup.java:36)
	at no.hvl.dat110.middleware.Node.findSuccessor(Node.java:130)
	at no.hvl.dat110.chordoperations.ChordLookup.findSuccessor(ChordLookup.java:36)
	at no.hvl.dat110.middleware.Node.findSuccessor(Node.java:130)
	at no.hvl.dat110.chordoperations.ChordLookup.findSuccessor(ChordLookup.java:36)
	at no.hvl.dat110.middleware.Node.findSuccessor(Node.java:130)
	at no.hvl.dat110.chordoperations.ChordLookup.findSuccessor(ChordLookup.java:36)
	at no.hvl.dat110.middleware.Node.findSuccessor(Node.java:130)
	at no.hvl.dat110.chordoperations.ChordLookup.findSuccessor(ChordLookup.java:36)
	at no.hvl.dat110.middleware.Node.findSuccessor(Node.java:130)
	at no.hvl.dat110.chordoperations.ChordLookup.findSuccessor(ChordLookup.java:36)
	at no.hvl.dat110.middleware.Node.findSuccessor(Node.java:130)
	at no.hvl.dat110.chordoperations.ChordLookup.findSuccessor(ChordLookup.java:36)
	at no.hvl.dat110.middleware.Node.findSuccessor(Node.java:130)
	at no.hvl.dat110.chordoperations.ChordLookup.findSuccessor(ChordLookup.java:36)
	at no.hvl.dat110.middleware.Node.findSuccessor(Node.java:130)
	at no.hvl.dat110.chordoperations.ChordLookup.findSuccessor(ChordLookup.java:36)
	at no.hvl.dat110.middleware.Node.findSuccessor(Node.java:130)
	at no.hvl.dat110.chordoperations.ChordLookup.findSuccessor(ChordLookup.java:36)
	at no.hvl.dat110.middleware.Node.findSuccessor(Node.java:130)
	at no.hvl.dat110.chordoperations.ChordLookup.findSuccessor(ChordLookup.java:36)
	at no.hvl.dat110.middleware.Node.findSuccessor(Node.java:130)
	at no.hvl.dat110.chordoperations.ChordLookup.findSuccessor(ChordLookup.java:36)
	at no.hvl.dat110.middleware.Node.findSuccessor(Node.java:130)
	at no.hvl.dat110.chordoperations.ChordLookup.findSuccessor(ChordLookup.java:36)
	at no.hvl.dat110.middleware.Node.findSuccessor(Node.java:130)
	at no.hvl.dat110.chordoperations.ChordLookup.findSuccessor(ChordLookup.java:36)
	at no.hvl.dat110.middleware.Node.findSuccessor(Node.java:130)
	at no.hvl.dat110.chordoperations.ChordLookup.findSuccessor(ChordLookup.java:36)
	at no.hvl.dat110.middleware.Node.findSuccessor(Node.java:130)
	at no.hvl.dat110.chordoperations.ChordLookup.findSuccessor(ChordLookup.java:36)
	at no.hvl.dat110.middleware.Node.findSuccessor(Node.java:130)
	at no.hvl.dat110.chordoperations.ChordLookup.findSuccessor(ChordLookup.java:36)
	at no.hvl.dat110.middleware.Node.findSuccessor(Node.java:130)
	at no.hvl.dat110.chordoperations.ChordLookup.findSuccessor(ChordLookup.java:36)
	at no.hvl.dat110.middleware.Node.findSuccessor(Node.java:130)
	at no.hvl.dat110.chordoperations.ChordLookup.findSuccessor(ChordLookup.java:36)
	at no.hvl.dat110.middleware.Node.findSuccessor(Node.java:130)
	at no.hvl.dat110.chordoperations.ChordLookup.findSuccessor(ChordLookup.java:36)
	at no.hvl.dat110.middleware.Node.findSuccessor(Node.java:130)
	at no.hvl.dat110.chordoperations.ChordLookup.findSuccessor(ChordLookup.java:36)
	at no.hvl.dat110.middleware.Node.findSuccessor(Node.java:130)
	at no.hvl.dat110.chordoperations.ChordLookup.findSuccessor(ChordLookup.java:36)
	at no.hvl.dat110.middleware.Node.findSuccessor(Node.java:130)
	at no.hvl.dat110.chordoperations.ChordLookup.findSuccessor(ChordLookup.java:36)
	at no.hvl.dat110.middleware.Node.findSuccessor(Node.java:130)
	at no.hvl.dat110.chordoperations.ChordLookup.findSuccessor(ChordLookup.java:36)
	at no.hvl.dat110.middleware.Node.findSuccessor(Node.java:130)
	at no.hvl.dat110.chordoperations.ChordLookup.findSuccessor(ChordLookup.java:36)
	at no.hvl.dat110.middleware.Node.findSuccessor(Node.java:130)
	at no.hvl.dat110.chordoperations.ChordLookup.findSuccessor(ChordLookup.java:36)
	at no.hvl.dat110.middleware.Node.findSuccessor(Node.java:130)
	at no.hvl.dat110.chordoperations.ChordLookup.findSuccessor(ChordLookup.java:36)
	at no.hvl.dat110.middleware.Node.findSuccessor(Node.java:130)
	at no.hvl.dat110.chordoperations.ChordLookup.findSuccessor(ChordLookup.java:36)
	at no.hvl.dat110.middleware.Node.findSuccessor(Node.java:130)
	at no.hvl.dat110.chordoperations.ChordLookup.findSuccessor(ChordLookup.java:36)
	at no.hvl.dat110.middleware.Node.findSuccessor(Node.java:130)
	at no.hvl.dat110.chordoperations.ChordLookup.findSuccessor(ChordLookup.java:36)
	at no.hvl.dat110.middleware.Node.findSuccessor(Node.java:130)
	at no.hvl.dat110.chordoperations.ChordLookup.findSuccessor(ChordLookup.java:36)
	at no.hvl.dat110.middleware.Node.findSuccessor(Node.java:130)
	at no.hvl.dat110.chordoperations.ChordLookup.findSuccessor(ChordLookup.java:36)
	at no.hvl.dat110.middleware.Node.findSuccessor(Node.java:130)
	at no.hvl.dat110.chordoperations.ChordLookup.findSuccessor(ChordLookup.java:36)
	at no.hvl.dat110.middleware.Node.findSuccessor(Node.java:130)
	at no.hvl.dat110.chordoperations.ChordLookup.findSuccessor(ChordLookup.java:36)
	at no.hvl.dat110.middleware.Node.findSuccessor(Node.java:130)
	at no.hvl.dat110.chordoperations.ChordLookup.findSuccessor(ChordLookup.java:36)
	at no.hvl.dat110.middleware.Node.findSuccessor(Node.java:130)
	at no.hvl.dat110.chordoperations.ChordLookup.findSuccessor(ChordLookup.java:36)
	at no.hvl.dat110.middleware.Node.findSuccessor(Node.java:130)
	at no.hvl.dat110.chordoperations.ChordLookup.findSuccessor(ChordLookup.java:36)
	at no.hvl.dat110.middleware.Node.findSuccessor(Node.java:130)
	at no.hvl.dat110.chordoperations.ChordLookup.findSuccessor(ChordLookup.java:36)
	at no.hvl.dat110.middleware.Node.findSuccessor(Node.java:130)
	at no.hvl.dat110.chordoperations.ChordLookup.findSuccessor(ChordLookup.java:36)
	at no.hvl.dat110.middleware.Node.findSuccessor(Node.java:130)
	at no.hvl.dat110.chordoperations.ChordLookup.findSuccessor(ChordLookup.java:36)
	at no.hvl.dat110.middleware.Node.findSuccessor(Node.java:130)
	at no.hvl.dat110.chordoperations.ChordLookup.findSuccessor(ChordLookup.java:36)
	at no.hvl.dat110.middleware.Node.findSuccessor(Node.java:130)
	at no.hvl.dat110.chordoperations.ChordLookup.findSuccessor(ChordLookup.java:36)
	at no.hvl.dat110.middleware.Node.findSuccessor(Node.java:130)
	at no.hvl.dat110.chordoperations.ChordLookup.findSuccessor(ChordLookup.java:36)
	at no.hvl.dat110.middleware.Node.findSuccessor(Node.java:130)
	at no.hvl.dat110.chordoperations.ChordLookup.findSuccessor(ChordLookup.java:36)
	at no.hvl.dat110.middleware.Node.findSuccessor(Node.java:130)
	at no.hvl.dat110.chordoperations.ChordLookup.findSuccessor(ChordLookup.java:36)
	at no.hvl.dat110.middleware.Node.findSuccessor(Node.java:130)
	at no.hvl.dat110.chordoperations.ChordLookup.findSuccessor(ChordLookup.java:36)
	at no.hvl.dat110.middleware.Node.findSuccessor(Node.java:130)
	at no.hvl.dat110.chordoperations.ChordLookup.findSuccessor(ChordLookup.java:36)
	at no.hvl.dat110.middleware.Node.findSuccessor(Node.java:130)
	at no.hvl.dat110.chordoperations.ChordLookup.findSuccessor(ChordLookup.java:36)
	at no.hvl.dat110.middleware.Node.findSuccessor(Node.java:130)
	at no.hvl.dat110.chordoperations.ChordLookup.findSuccessor(ChordLookup.java:36)
	at no.hvl.dat110.middleware.Node.findSuccessor(Node.java:130)
	at no.hvl.dat110.chordoperations.ChordLookup.findSuccessor(ChordLookup.java:36)
	at no.hvl.dat110.middleware.Node.findSuccessor(Node.java:130)
	at no.hvl.dat110.chordoperations.ChordLookup.findSuccessor(ChordLookup.java:36)
	at no.hvl.dat110.middleware.Node.findSuccessor(Node.java:130)
	at no.hvl.dat110.chordoperations.ChordLookup.findSuccessor(ChordLookup.java:36)
	at no.hvl.dat110.middleware.Node.findSuccessor(Node.java:130)
	at no.hvl.dat110.chordoperations.ChordLookup.findSuccessor(ChordLookup.java:36)
	at no.hvl.dat110.middleware.Node.findSuccessor(Node.java:130)
	at no.hvl.dat110.chordoperations.ChordLookup.findSuccessor(ChordLookup.java:36)
	at no.hvl.dat110.middleware.Node.findSuccessor(Node.java:130)
	at no.hvl.dat110.chordoperations.ChordLookup.findSuccessor(ChordLookup.java:36)
	at no.hvl.dat110.middleware.Node.findSuccessor(Node.java:130)
	at no.hvl.dat110.chordoperations.ChordLookup.findSuccessor(ChordLookup.java:36)
	at no.hvl.dat110.middleware.Node.findSuccessor(Node.java:130)
	at no.hvl.dat110.chordoperations.ChordLookup.findSuccessor(ChordLookup.java:36)
	at no.hvl.dat110.middleware.Node.findSuccessor(Node.java:130)
	at no.hvl.dat110.chordoperations.ChordLookup.findSuccessor(ChordLookup.java:36)
	at no.hvl.dat110.middleware.Node.findSuccessor(Node.java:130)
	at no.hvl.dat110.chordoperations.ChordLookup.findSuccessor(ChordLookup.java:36)
	at no.hvl.dat110.middleware.Node.findSuccessor(Node.java:130)
	at no.hvl.dat110.chordoperations.ChordLookup.findSuccessor(ChordLookup.java:36)
	at no.hvl.dat110.middleware.Node.findSuccessor(Node.java:130)
	at no.hvl.dat110.chordoperations.ChordLookup.findSuccessor(ChordLookup.java:36)
	at no.hvl.dat110.middleware.Node.findSuccessor(Node.java:130)
	at no.hvl.dat110.chordoperations.ChordLookup.findSuccessor(ChordLookup.java:36)
	at no.hvl.dat110.middleware.Node.findSuccessor(Node.java:130)
	at no.hvl.dat110.chordoperations.ChordLookup.findSuccessor(ChordLookup.java:36)
	at no.hvl.dat110.middleware.Node.findSuccessor(Node.java:130)
	at no.hvl.dat110.chordoperations.ChordLookup.findSuccessor(ChordLookup.java:36)
	at no.hvl.dat110.middleware.Node.findSuccessor(Node.java:130)
	at no.hvl.dat110.chordoperations.ChordLookup.findSuccessor(ChordLookup.java:36)
	at no.hvl.dat110.middleware.Node.findSuccessor(Node.java:130)
	at no.hvl.dat110.chordoperations.ChordLookup.findSuccessor(ChordLookup.java:36)
	at no.hvl.dat110.middleware.Node.findSuccessor(Node.java:130)
	at no.hvl.dat110.chordoperations.ChordLookup.findSuccessor(ChordLookup.java:36)
	at no.hvl.dat110.middleware.Node.findSuccessor(Node.java:130)
	at no.hvl.dat110.chordoperations.ChordLookup.findSuccessor(ChordLookup.java:36)
	at no.hvl.dat110.middleware.Node.findSuccessor(Node.java:130)
	at no.hvl.dat110.chordoperations.ChordLookup.findSuccessor(ChordLookup.java:36)
	at no.hvl.dat110.middleware.Node.findSuccessor(Node.java:130)
	at no.hvl.dat110.chordoperations.ChordLookup.findSuccessor(ChordLookup.java:36)
	at no.hvl.dat110.middleware.Node.findSuccessor(Node.java:130)
	at no.hvl.dat110.chordoperations.ChordLookup.findSuccessor(ChordLookup.java:36)
	at no.hvl.dat110.middleware.Node.findSuccessor(Node.java:130)
	at no.hvl.dat110.chordoperations.ChordLookup.findSuccessor(ChordLookup.java:36)
	at no.hvl.dat110.middleware.Node.findSuccessor(Node.java:130)
	at no.hvl.dat110.chordoperations.ChordLookup.findSuccessor(ChordLookup.java:36)
	at no.hvl.dat110.middleware.Node.findSuccessor(Node.java:130)
	at no.hvl.dat110.chordoperations.ChordLookup.findSuccessor(ChordLookup.java:36)
	at no.hvl.dat110.middleware.Node.findSuccessor(Node.java:130)
	at no.hvl.dat110.chordoperations.ChordLookup.findSuccessor(ChordLookup.java:36)
	at no.hvl.dat110.middleware.Node.findSuccessor(Node.java:130)
	at no.hvl.dat110.chordoperations.ChordLookup.findSuccessor(ChordLookup.java:36)
	at no.hvl.dat110.middleware.Node.findSuccessor(Node.java:130)
	at no.hvl.dat110.chordoperations.ChordLookup.findSuccessor(ChordLookup.java:36)
	at no.hvl.dat110.middleware.Node.findSuccessor(Node.java:130)
	at no.hvl.dat110.chordoperations.ChordLookup.findSuccessor(ChordLookup.java:36)
	at no.hvl.dat110.middleware.Node.findSuccessor(Node.java:130)
	at no.hvl.dat110.chordoperations.ChordLookup.findSuccessor(ChordLookup.java:36)
	at no.hvl.dat110.middleware.Node.findSuccessor(Node.java:130)
	at no.hvl.dat110.chordoperations.ChordLookup.findSuccessor(ChordLookup.java:36)
	at no.hvl.dat110.middleware.Node.findSuccessor(Node.java:130)
	at no.hvl.dat110.chordoperations.ChordLookup.findSuccessor(ChordLookup.java:36)
	at no.hvl.dat110.middleware.Node.findSuccessor(Node.java:130)
	at no.hvl.dat110.chordoperations.ChordLookup.findSuccessor(ChordLookup.java:36)
	at no.hvl.dat110.middleware.Node.findSuccessor(Node.java:130)
	at no.hvl.dat110.chordoperations.ChordLookup.findSuccessor(ChordLookup.java:36)
	at no.hvl.dat110.middleware.Node.findSuccessor(Node.java:130)
	at no.hvl.dat110.chordoperations.ChordLookup.findSuccessor(ChordLookup.java:36)
	at no.hvl.dat110.middleware.Node.findSuccessor(Node.java:130)
	at no.hvl.dat110.chordoperations.ChordLookup.findSuccessor(ChordLookup.java:36)
	at no.hvl.dat110.middleware.Node.findSuccessor(Node.java:130)
	at no.hvl.dat110.chordoperations.ChordLookup.findSuccessor(ChordLookup.java:36)
	at no.hvl.dat110.middleware.Node.findSuccessor(Node.java:130)
	at no.hvl.dat110.chordoperations.ChordLookup.findSuccessor(ChordLookup.java:36)
	at no.hvl.dat110.middleware.Node.findSuccessor(Node.java:130)
	at no.hvl.dat110.chordoperations.ChordLookup.findSuccessor(ChordLookup.java:36)
	at no.hvl.dat110.middleware.Node.findSuccessor(Node.java:130)
	at no.hvl.dat110.chordoperations.ChordLookup.findSuccessor(ChordLookup.java:36)
	at no.hvl.dat110.middleware.Node.findSuccessor(Node.java:130)
	at no.hvl.dat110.chordoperations.ChordLookup.findSuccessor(ChordLookup.java:36)
	at no.hvl.dat110.middleware.Node.findSuccessor(Node.java:130)
	at no.hvl.dat110.chordoperations.ChordLookup.findSuccessor(ChordLookup.java:36)
	at no.hvl.dat110.middleware.Node.findSuccessor(Node.java:130)
	at no.hvl.dat110.chordoperations.ChordLookup.findSuccessor(ChordLookup.java:36)
	at no.hvl.dat110.middleware.Node.findSuccessor(Node.java:130)
	at no.hvl.dat110.chordoperations.ChordLookup.findSuccessor(ChordLookup.java:36)
	at no.hvl.dat110.middleware.Node.findSuccessor(Node.java:130)
	at no.hvl.dat110.chordoperations.ChordLookup.findSuccessor(ChordLookup.java:36)
	at no.hvl.dat110.middleware.Node.findSuccessor(Node.java:130)
	at no.hvl.dat110.chordoperations.ChordLookup.findSuccessor(ChordLookup.java:36)
	at no.hvl.dat110.middleware.Node.findSuccessor(Node.java:130)
	at no.hvl.dat110.chordoperations.ChordLookup.findSuccessor(ChordLookup.java:36)
	at no.hvl.dat110.middleware.Node.findSuccessor(Node.java:130)
	at no.hvl.dat110.chordoperations.ChordLookup.findSuccessor(ChordLookup.java:36)
	at no.hvl.dat110.middleware.Node.findSuccessor(Node.java:130)
	at no.hvl.dat110.chordoperations.ChordLookup.findSuccessor(ChordLookup.java:36)
	at no.hvl.dat110.middleware.Node.findSuccessor(Node.java:130)
	at no.hvl.dat110.chordoperations.ChordLookup.findSuccessor(ChordLookup.java:36)
	at no.hvl.dat110.middleware.Node.findSuccessor(Node.java:130)
	at no.hvl.dat110.chordoperations.ChordLookup.findSuccessor(ChordLookup.java:36)
	at no.hvl.dat110.middleware.Node.findSuccessor(Node.java:130)
	at no.hvl.dat110.chordoperations.ChordLookup.findSuccessor(ChordLookup.java:36)
]]></error>
    <system-out><![CDATA[2024-04-08 19:25:08 INFO  NodeServer:50 - process1 server is running... 
process1:9091
2024-04-08 19:25:08 INFO  ChordProtocols:109 - New ring created. Node = process1 | Successor = process1 | Predecessor = null
2024-04-08 19:25:10 INFO  NodeServer:50 - process2 server is running... 
process1:9091
2024-04-08 19:25:10 INFO  ChordProtocols:69 - JoinRing-randomNode = process1
2024-04-08 19:25:10 ERROR ChordProtocols:90 - Error occurred in server thread; nested exception is: 
	java.lang.StackOverflowError
2024-04-08 19:25:12 INFO  NodeServer:50 - process3 server is running... 
process1:9091
2024-04-08 19:25:12 INFO  ChordProtocols:69 - JoinRing-randomNode = process1
2024-04-08 19:25:12 ERROR ChordProtocols:90 - Error occurred in server thread; nested exception is: 
	java.lang.StackOverflowError
2024-04-08 19:25:13 INFO  StabilizationProtocols:130 - Updating the successor for Node: process1
2024-04-08 19:25:14 INFO  NodeServer:50 - process4 server is running... 
process1:9091
2024-04-08 19:25:14 INFO  ChordProtocols:69 - JoinRing-randomNode = process1
2024-04-08 19:25:14 ERROR ChordProtocols:90 - Error occurred in server thread; nested exception is: 
	java.lang.StackOverflowError
2024-04-08 19:25:15 INFO  StabilizationProtocols:130 - Updating the successor for Node: process2
2024-04-08 19:25:16 INFO  NodeServer:50 - process5 server is running... 
process1:9091
2024-04-08 19:25:16 INFO  ChordProtocols:69 - JoinRing-randomNode = process1
2024-04-08 19:25:16 ERROR ChordProtocols:90 - Error occurred in server thread; nested exception is: 
	java.lang.StackOverflowError
2024-04-08 19:25:17 INFO  StabilizationProtocols:130 - Updating the successor for Node: process3
2024-04-08 19:25:19 INFO  StabilizationProtocols:130 - Updating the successor for Node: process4
2024-04-08 19:25:21 INFO  StabilizationProtocols:130 - Updating the successor for Node: process5
2024-04-08 19:25:28 INFO  FileManager:177 - filename=file1 size=0.121
2024-04-08 19:25:28 INFO  FileManager:177 - filename=file2 size=0.113
2024-04-08 19:25:28 INFO  FileManager:177 - filename=file3 size=0.113
2024-04-08 19:25:28 INFO  FileManager:177 - filename=file4 size=0.114
2024-04-08 19:25:28 INFO  FileManager:177 - filename=file5 size=0.114
]]></system-out>
    <system-err><![CDATA[Exception in thread "Timer-0" java.lang.StackOverflowError
	at no.hvl.dat110.middleware.Node.findSuccessor(Node.java:130)
	at no.hvl.dat110.chordoperations.ChordLookup.findSuccessor(ChordLookup.java:36)
	at no.hvl.dat110.middleware.Node.findSuccessor(Node.java:130)
	at no.hvl.dat110.chordoperations.ChordLookup.findSuccessor(ChordLookup.java:36)
	at no.hvl.dat110.middleware.Node.findSuccessor(Node.java:130)
	at no.hvl.dat110.chordoperations.ChordLookup.findSuccessor(ChordLookup.java:36)
	at no.hvl.dat110.middleware.Node.findSuccessor(Node.java:130)
	at no.hvl.dat110.chordoperations.ChordLookup.findSuccessor(ChordLookup.java:36)
	at no.hvl.dat110.middleware.Node.findSuccessor(Node.java:130)
	at no.hvl.dat110.chordoperations.ChordLookup.findSuccessor(ChordLookup.java:36)
	at no.hvl.dat110.middleware.Node.findSuccessor(Node.java:130)
	at no.hvl.dat110.chordoperations.ChordLookup.findSuccessor(ChordLookup.java:36)
	at no.hvl.dat110.middleware.Node.findSuccessor(Node.java:130)
	at no.hvl.dat110.chordoperations.ChordLookup.findSuccessor(ChordLookup.java:36)
	at no.hvl.dat110.middleware.Node.findSuccessor(Node.java:130)
	at no.hvl.dat110.chordoperations.ChordLookup.findSuccessor(ChordLookup.java:36)
	at no.hvl.dat110.middleware.Node.findSuccessor(Node.java:130)
	at no.hvl.dat110.chordoperations.ChordLookup.findSuccessor(ChordLookup.java:36)
	at no.hvl.dat110.middleware.Node.findSuccessor(Node.java:130)
	at no.hvl.dat110.chordoperations.ChordLookup.findSuccessor(ChordLookup.java:36)
	at no.hvl.dat110.middleware.Node.findSuccessor(Node.java:130)
	at no.hvl.dat110.chordoperations.ChordLookup.findSuccessor(ChordLookup.java:36)
	at no.hvl.dat110.middleware.Node.findSuccessor(Node.java:130)
	at no.hvl.dat110.chordoperations.ChordLookup.findSuccessor(ChordLookup.java:36)
	at no.hvl.dat110.middleware.Node.findSuccessor(Node.java:130)
	at no.hvl.dat110.chordoperations.ChordLookup.findSuccessor(ChordLookup.java:36)
	at no.hvl.dat110.middleware.Node.findSuccessor(Node.java:130)
	at no.hvl.dat110.chordoperations.ChordLookup.findSuccessor(ChordLookup.java:36)
	at no.hvl.dat110.middleware.Node.findSuccessor(Node.java:130)
	at no.hvl.dat110.chordoperations.ChordLookup.findSuccessor(ChordLookup.java:36)
	at no.hvl.dat110.middleware.Node.findSuccessor(Node.java:130)
	at no.hvl.dat110.chordoperations.ChordLookup.findSuccessor(ChordLookup.java:36)
	at no.hvl.dat110.middleware.Node.findSuccessor(Node.java:130)
	at no.hvl.dat110.chordoperations.ChordLookup.findSuccessor(ChordLookup.java:36)
	at no.hvl.dat110.middleware.Node.findSuccessor(Node.java:130)
	at no.hvl.dat110.chordoperations.ChordLookup.findSuccessor(ChordLookup.java:36)
	at no.hvl.dat110.middleware.Node.findSuccessor(Node.java:130)
	at no.hvl.dat110.chordoperations.ChordLookup.findSuccessor(ChordLookup.java:36)
	at no.hvl.dat110.middleware.Node.findSuccessor(Node.java:130)
	at no.hvl.dat110.chordoperations.ChordLookup.findSuccessor(ChordLookup.java:36)
	at no.hvl.dat110.middleware.Node.findSuccessor(Node.java:130)
	at no.hvl.dat110.chordoperations.ChordLookup.findSuccessor(ChordLookup.java:36)
	at no.hvl.dat110.middleware.Node.findSuccessor(Node.java:130)
	at no.hvl.dat110.chordoperations.ChordLookup.findSuccessor(ChordLookup.java:36)
	at no.hvl.dat110.middleware.Node.findSuccessor(Node.java:130)
	at no.hvl.dat110.chordoperations.ChordLookup.findSuccessor(ChordLookup.java:36)
	at no.hvl.dat110.middleware.Node.findSuccessor(Node.java:130)
	at no.hvl.dat110.chordoperations.ChordLookup.findSuccessor(ChordLookup.java:36)
	at no.hvl.dat110.middleware.Node.findSuccessor(Node.java:130)
	at no.hvl.dat110.chordoperations.ChordLookup.findSuccessor(ChordLookup.java:36)
	at no.hvl.dat110.middleware.Node.findSuccessor(Node.java:130)
	at no.hvl.dat110.chordoperations.ChordLookup.findSuccessor(ChordLookup.java:36)
	at no.hvl.dat110.middleware.Node.findSuccessor(Node.java:130)
	at no.hvl.dat110.chordoperations.ChordLookup.findSuccessor(ChordLookup.java:36)
	at no.hvl.dat110.middleware.Node.findSuccessor(Node.java:130)
	at no.hvl.dat110.chordoperations.ChordLookup.findSuccessor(ChordLookup.java:36)
	at no.hvl.dat110.middleware.Node.findSuccessor(Node.java:130)
	at no.hvl.dat110.chordoperations.ChordLookup.findSuccessor(ChordLookup.java:36)
	at no.hvl.dat110.middleware.Node.findSuccessor(Node.java:130)
	at no.hvl.dat110.chordoperations.ChordLookup.findSuccessor(ChordLookup.java:36)
	at no.hvl.dat110.middleware.Node.findSuccessor(Node.java:130)
	at no.hvl.dat110.chordoperations.ChordLookup.findSuccessor(ChordLookup.java:36)
	at no.hvl.dat110.middleware.Node.findSuccessor(Node.java:130)
	at no.hvl.dat110.chordoperations.ChordLookup.findSuccessor(ChordLookup.java:36)
	at no.hvl.dat110.middleware.Node.findSuccessor(Node.java:130)
	at no.hvl.dat110.chordoperations.ChordLookup.findSuccessor(ChordLookup.java:36)
	at no.hvl.dat110.middleware.Node.findSuccessor(Node.java:130)
	at no.hvl.dat110.chordoperations.ChordLookup.findSuccessor(ChordLookup.java:36)
	at no.hvl.dat110.middleware.Node.findSuccessor(Node.java:130)
	at no.hvl.dat110.chordoperations.ChordLookup.findSuccessor(ChordLookup.java:36)
	at no.hvl.dat110.middleware.Node.findSuccessor(Node.java:130)
	at no.hvl.dat110.chordoperations.ChordLookup.findSuccessor(ChordLookup.java:36)
	at no.hvl.dat110.middleware.Node.findSuccessor(Node.java:130)
	at no.hvl.dat110.chordoperations.ChordLookup.findSuccessor(ChordLookup.java:36)
	at no.hvl.dat110.middleware.Node.findSuccessor(Node.java:130)
	at no.hvl.dat110.chordoperations.ChordLookup.findSuccessor(ChordLookup.java:36)
	at no.hvl.dat110.middleware.Node.findSuccessor(Node.java:130)
	at no.hvl.dat110.chordoperations.ChordLookup.findSuccessor(ChordLookup.java:36)
	at no.hvl.dat110.middleware.Node.findSuccessor(Node.java:130)
	at no.hvl.dat110.chordoperations.ChordLookup.findSuccessor(ChordLookup.java:36)
	at no.hvl.dat110.middleware.Node.findSuccessor(Node.java:130)
	at no.hvl.dat110.chordoperations.ChordLookup.findSuccessor(ChordLookup.java:36)
	at no.hvl.dat110.middleware.Node.findSuccessor(Node.java:130)
	at no.hvl.dat110.chordoperations.ChordLookup.findSuccessor(ChordLookup.java:36)
	at no.hvl.dat110.middleware.Node.findSuccessor(Node.java:130)
	at no.hvl.dat110.chordoperations.ChordLookup.findSuccessor(ChordLookup.java:36)
	at no.hvl.dat110.middleware.Node.findSuccessor(Node.java:130)
	at no.hvl.dat110.chordoperations.ChordLookup.findSuccessor(ChordLookup.java:36)
	at no.hvl.dat110.middleware.Node.findSuccessor(Node.java:130)
	at no.hvl.dat110.chordoperations.ChordLookup.findSuccessor(ChordLookup.java:36)
	at no.hvl.dat110.middleware.Node.findSuccessor(Node.java:130)
	at no.hvl.dat110.chordoperations.ChordLookup.findSuccessor(ChordLookup.java:36)
	at no.hvl.dat110.middleware.Node.findSuccessor(Node.java:130)
	at no.hvl.dat110.chordoperations.ChordLookup.findSuccessor(ChordLookup.java:36)
	at no.hvl.dat110.middleware.Node.findSuccessor(Node.java:130)
	at no.hvl.dat110.chordoperations.ChordLookup.findSuccessor(ChordLookup.java:36)
	at no.hvl.dat110.middleware.Node.findSuccessor(Node.java:130)
	at no.hvl.dat110.chordoperations.ChordLookup.findSuccessor(ChordLookup.java:36)
	at no.hvl.dat110.middleware.Node.findSuccessor(Node.java:130)
	at no.hvl.dat110.chordoperations.ChordLookup.findSuccessor(ChordLookup.java:36)
	at no.hvl.dat110.middleware.Node.findSuccessor(Node.java:130)
	at no.hvl.dat110.chordoperations.ChordLookup.findSuccessor(ChordLookup.java:36)
	at no.hvl.dat110.middleware.Node.findSuccessor(Node.java:130)
	at no.hvl.dat110.chordoperations.ChordLookup.findSuccessor(ChordLookup.java:36)
	at no.hvl.dat110.middleware.Node.findSuccessor(Node.java:130)
	at no.hvl.dat110.chordoperations.ChordLookup.findSuccessor(ChordLookup.java:36)
	at no.hvl.dat110.middleware.Node.findSuccessor(Node.java:130)
	at no.hvl.dat110.chordoperations.ChordLookup.findSuccessor(ChordLookup.java:36)
	at no.hvl.dat110.middleware.Node.findSuccessor(Node.java:130)
	at no.hvl.dat110.chordoperations.ChordLookup.findSuccessor(ChordLookup.java:36)
	at no.hvl.dat110.middleware.Node.findSuccessor(Node.java:130)
	at no.hvl.dat110.chordoperations.ChordLookup.findSuccessor(ChordLookup.java:36)
	at no.hvl.dat110.middleware.Node.findSuccessor(Node.java:130)
	at no.hvl.dat110.chordoperations.ChordLookup.findSuccessor(ChordLookup.java:36)
	at no.hvl.dat110.middleware.Node.findSuccessor(Node.java:130)
	at no.hvl.dat110.chordoperations.ChordLookup.findSuccessor(ChordLookup.java:36)
	at no.hvl.dat110.middleware.Node.findSuccessor(Node.java:130)
	at no.hvl.dat110.chordoperations.ChordLookup.findSuccessor(ChordLookup.java:36)
	at no.hvl.dat110.middleware.Node.findSuccessor(Node.java:130)
	at no.hvl.dat110.chordoperations.ChordLookup.findSuccessor(ChordLookup.java:36)
	at no.hvl.dat110.middleware.Node.findSuccessor(Node.java:130)
	at no.hvl.dat110.chordoperations.ChordLookup.findSuccessor(ChordLookup.java:36)
	at no.hvl.dat110.middleware.Node.findSuccessor(Node.java:130)
	at no.hvl.dat110.chordoperations.ChordLookup.findSuccessor(ChordLookup.java:36)
	at no.hvl.dat110.middleware.Node.findSuccessor(Node.java:130)
	at no.hvl.dat110.chordoperations.ChordLookup.findSuccessor(ChordLookup.java:36)
	at no.hvl.dat110.middleware.Node.findSuccessor(Node.java:130)
	at no.hvl.dat110.chordoperations.ChordLookup.findSuccessor(ChordLookup.java:36)
	at no.hvl.dat110.middleware.Node.findSuccessor(Node.java:130)
	at no.hvl.dat110.chordoperations.ChordLookup.findSuccessor(ChordLookup.java:36)
	at no.hvl.dat110.middleware.Node.findSuccessor(Node.java:130)
	at no.hvl.dat110.chordoperations.ChordLookup.findSuccessor(ChordLookup.java:36)
	at no.hvl.dat110.middleware.Node.findSuccessor(Node.java:130)
	at no.hvl.dat110.chordoperations.ChordLookup.findSuccessor(ChordLookup.java:36)
	at no.hvl.dat110.middleware.Node.findSuccessor(Node.java:130)
	at no.hvl.dat110.chordoperations.ChordLookup.findSuccessor(ChordLookup.java:36)
	at no.hvl.dat110.middleware.Node.findSuccessor(Node.java:130)
	at no.hvl.dat110.chordoperations.ChordLookup.findSuccessor(ChordLookup.java:36)
	at no.hvl.dat110.middleware.Node.findSuccessor(Node.java:130)
	at no.hvl.dat110.chordoperations.ChordLookup.findSuccessor(ChordLookup.java:36)
	at no.hvl.dat110.middleware.Node.findSuccessor(Node.java:130)
	at no.hvl.dat110.chordoperations.ChordLookup.findSuccessor(ChordLookup.java:36)
	at no.hvl.dat110.middleware.Node.findSuccessor(Node.java:130)
	at no.hvl.dat110.chordoperations.ChordLookup.findSuccessor(ChordLookup.java:36)
	at no.hvl.dat110.middleware.Node.findSuccessor(Node.java:130)
	at no.hvl.dat110.chordoperations.ChordLookup.findSuccessor(ChordLookup.java:36)
	at no.hvl.dat110.middleware.Node.findSuccessor(Node.java:130)
	at no.hvl.dat110.chordoperations.ChordLookup.findSuccessor(ChordLookup.java:36)
	at no.hvl.dat110.middleware.Node.findSuccessor(Node.java:130)
	at no.hvl.dat110.chordoperations.ChordLookup.findSuccessor(ChordLookup.java:36)
	at no.hvl.dat110.middleware.Node.findSuccessor(Node.java:130)
	at no.hvl.dat110.chordoperations.ChordLookup.findSuccessor(ChordLookup.java:36)
	at no.hvl.dat110.middleware.Node.findSuccessor(Node.java:130)
	at no.hvl.dat110.chordoperations.ChordLookup.findSuccessor(ChordLookup.java:36)
	at no.hvl.dat110.middleware.Node.findSuccessor(Node.java:130)
	at no.hvl.dat110.chordoperations.ChordLookup.findSuccessor(ChordLookup.java:36)
	at no.hvl.dat110.middleware.Node.findSuccessor(Node.java:130)
	at no.hvl.dat110.chordoperations.ChordLookup.findSuccessor(ChordLookup.java:36)
	at no.hvl.dat110.middleware.Node.findSuccessor(Node.java:130)
	at no.hvl.dat110.chordoperations.ChordLookup.findSuccessor(ChordLookup.java:36)
	at no.hvl.dat110.middleware.Node.findSuccessor(Node.java:130)
	at no.hvl.dat110.chordoperations.ChordLookup.findSuccessor(ChordLookup.java:36)
	at no.hvl.dat110.middleware.Node.findSuccessor(Node.java:130)
	at no.hvl.dat110.chordoperations.ChordLookup.findSuccessor(ChordLookup.java:36)
	at no.hvl.dat110.middleware.Node.findSuccessor(Node.java:130)
	at no.hvl.dat110.chordoperations.ChordLookup.findSuccessor(ChordLookup.java:36)
	at no.hvl.dat110.middleware.Node.findSuccessor(Node.java:130)
	at no.hvl.dat110.chordoperations.ChordLookup.findSuccessor(ChordLookup.java:36)
	at no.hvl.dat110.middleware.Node.findSuccessor(Node.java:130)
	at no.hvl.dat110.chordoperations.ChordLookup.findSuccessor(ChordLookup.java:36)
	at no.hvl.dat110.middleware.Node.findSuccessor(Node.java:130)
	at no.hvl.dat110.chordoperations.ChordLookup.findSuccessor(ChordLookup.java:36)
	at no.hvl.dat110.middleware.Node.findSuccessor(Node.java:130)
	at no.hvl.dat110.chordoperations.ChordLookup.findSuccessor(ChordLookup.java:36)
	at no.hvl.dat110.middleware.Node.findSuccessor(Node.java:130)
	at no.hvl.dat110.chordoperations.ChordLookup.findSuccessor(ChordLookup.java:36)
	at no.hvl.dat110.middleware.Node.findSuccessor(Node.java:130)
	at no.hvl.dat110.chordoperations.ChordLookup.findSuccessor(ChordLookup.java:36)
	at no.hvl.dat110.middleware.Node.findSuccessor(Node.java:130)
	at no.hvl.dat110.chordoperations.ChordLookup.findSuccessor(ChordLookup.java:36)
	at no.hvl.dat110.middleware.Node.findSuccessor(Node.java:130)
	at no.hvl.dat110.chordoperations.ChordLookup.findSuccessor(ChordLookup.java:36)
	at no.hvl.dat110.middleware.Node.findSuccessor(Node.java:130)
	at no.hvl.dat110.chordoperations.ChordLookup.findSuccessor(ChordLookup.java:36)
	at no.hvl.dat110.middleware.Node.findSuccessor(Node.java:130)
	at no.hvl.dat110.chordoperations.ChordLookup.findSuccessor(ChordLookup.java:36)
	at no.hvl.dat110.middleware.Node.findSuccessor(Node.java:130)
	at no.hvl.dat110.chordoperations.ChordLookup.findSuccessor(ChordLookup.java:36)
	at no.hvl.dat110.middleware.Node.findSuccessor(Node.java:130)
	at no.hvl.dat110.chordoperations.ChordLookup.findSuccessor(ChordLookup.java:36)
	at no.hvl.dat110.middleware.Node.findSuccessor(Node.java:130)
	at no.hvl.dat110.chordoperations.ChordLookup.findSuccessor(ChordLookup.java:36)
	at no.hvl.dat110.middleware.Node.findSuccessor(Node.java:130)
	at no.hvl.dat110.chordoperations.ChordLookup.findSuccessor(ChordLookup.java:36)
	at no.hvl.dat110.middleware.Node.findSuccessor(Node.java:130)
	at no.hvl.dat110.chordoperations.ChordLookup.findSuccessor(ChordLookup.java:36)
	at no.hvl.dat110.middleware.Node.findSuccessor(Node.java:130)
	at no.hvl.dat110.chordoperations.ChordLookup.findSuccessor(ChordLookup.java:36)
	at no.hvl.dat110.middleware.Node.findSuccessor(Node.java:130)
	at no.hvl.dat110.chordoperations.ChordLookup.findSuccessor(ChordLookup.java:36)
	at no.hvl.dat110.middleware.Node.findSuccessor(Node.java:130)
	at no.hvl.dat110.chordoperations.ChordLookup.findSuccessor(ChordLookup.java:36)
	at no.hvl.dat110.middleware.Node.findSuccessor(Node.java:130)
	at no.hvl.dat110.chordoperations.ChordLookup.findSuccessor(ChordLookup.java:36)
	at no.hvl.dat110.middleware.Node.findSuccessor(Node.java:130)
	at no.hvl.dat110.chordoperations.ChordLookup.findSuccessor(ChordLookup.java:36)
	at no.hvl.dat110.middleware.Node.findSuccessor(Node.java:130)
	at no.hvl.dat110.chordoperations.ChordLookup.findSuccessor(ChordLookup.java:36)
	at no.hvl.dat110.middleware.Node.findSuccessor(Node.java:130)
	at no.hvl.dat110.chordoperations.ChordLookup.findSuccessor(ChordLookup.java:36)
	at no.hvl.dat110.middleware.Node.findSuccessor(Node.java:130)
	at no.hvl.dat110.chordoperations.ChordLookup.findSuccessor(ChordLookup.java:36)
	at no.hvl.dat110.middleware.Node.findSuccessor(Node.java:130)
	at no.hvl.dat110.chordoperations.ChordLookup.findSuccessor(ChordLookup.java:36)
	at no.hvl.dat110.middleware.Node.findSuccessor(Node.java:130)
	at no.hvl.dat110.chordoperations.ChordLookup.findSuccessor(ChordLookup.java:36)
	at no.hvl.dat110.middleware.Node.findSuccessor(Node.java:130)
	at no.hvl.dat110.chordoperations.ChordLookup.findSuccessor(ChordLookup.java:36)
	at no.hvl.dat110.middleware.Node.findSuccessor(Node.java:130)
	at no.hvl.dat110.chordoperations.ChordLookup.findSuccessor(ChordLookup.java:36)
	at no.hvl.dat110.middleware.Node.findSuccessor(Node.java:130)
	at no.hvl.dat110.chordoperations.ChordLookup.findSuccessor(ChordLookup.java:36)
	at no.hvl.dat110.middleware.Node.findSuccessor(Node.java:130)
	at no.hvl.dat110.chordoperations.ChordLookup.findSuccessor(ChordLookup.java:36)
	at no.hvl.dat110.middleware.Node.findSuccessor(Node.java:130)
	at no.hvl.dat110.chordoperations.ChordLookup.findSuccessor(ChordLookup.java:36)
	at no.hvl.dat110.middleware.Node.findSuccessor(Node.java:130)
	at no.hvl.dat110.chordoperations.ChordLookup.findSuccessor(ChordLookup.java:36)
	at no.hvl.dat110.middleware.Node.findSuccessor(Node.java:130)
	at no.hvl.dat110.chordoperations.ChordLookup.findSuccessor(ChordLookup.java:36)
	at no.hvl.dat110.middleware.Node.findSuccessor(Node.java:130)
	at no.hvl.dat110.chordoperations.ChordLookup.findSuccessor(ChordLookup.java:36)
	at no.hvl.dat110.middleware.Node.findSuccessor(Node.java:130)
	at no.hvl.dat110.chordoperations.ChordLookup.findSuccessor(ChordLookup.java:36)
	at no.hvl.dat110.middleware.Node.findSuccessor(Node.java:130)
	at no.hvl.dat110.chordoperations.ChordLookup.findSuccessor(ChordLookup.java:36)
	at no.hvl.dat110.middleware.Node.findSuccessor(Node.java:130)
	at no.hvl.dat110.chordoperations.ChordLookup.findSuccessor(ChordLookup.java:36)
	at no.hvl.dat110.middleware.Node.findSuccessor(Node.java:130)
	at no.hvl.dat110.chordoperations.ChordLookup.findSuccessor(ChordLookup.java:36)
	at no.hvl.dat110.middleware.Node.findSuccessor(Node.java:130)
	at no.hvl.dat110.chordoperations.ChordLookup.findSuccessor(ChordLookup.java:36)
	at no.hvl.dat110.middleware.Node.findSuccessor(Node.java:130)
	at no.hvl.dat110.chordoperations.ChordLookup.findSuccessor(ChordLookup.java:36)
	at no.hvl.dat110.middleware.Node.findSuccessor(Node.java:130)
	at no.hvl.dat110.chordoperations.ChordLookup.findSuccessor(ChordLookup.java:36)
	at no.hvl.dat110.middleware.Node.findSuccessor(Node.java:130)
	at no.hvl.dat110.chordoperations.ChordLookup.findSuccessor(ChordLookup.java:36)
	at no.hvl.dat110.middleware.Node.findSuccessor(Node.java:130)
	at no.hvl.dat110.chordoperations.ChordLookup.findSuccessor(ChordLookup.java:36)
	at no.hvl.dat110.middleware.Node.findSuccessor(Node.java:130)
	at no.hvl.dat110.chordoperations.ChordLookup.findSuccessor(ChordLookup.java:36)
	at no.hvl.dat110.middleware.Node.findSuccessor(Node.java:130)
	at no.hvl.dat110.chordoperations.ChordLookup.findSuccessor(ChordLookup.java:36)
	at no.hvl.dat110.middleware.Node.findSuccessor(Node.java:130)
	at no.hvl.dat110.chordoperations.ChordLookup.findSuccessor(ChordLookup.java:36)
	at no.hvl.dat110.middleware.Node.findSuccessor(Node.java:130)
	at no.hvl.dat110.chordoperations.ChordLookup.findSuccessor(ChordLookup.java:36)
	at no.hvl.dat110.middleware.Node.findSuccessor(Node.java:130)
	at no.hvl.dat110.chordoperations.ChordLookup.findSuccessor(ChordLookup.java:36)
	at no.hvl.dat110.middleware.Node.findSuccessor(Node.java:130)
	at no.hvl.dat110.chordoperations.ChordLookup.findSuccessor(ChordLookup.java:36)
	at no.hvl.dat110.middleware.Node.findSuccessor(Node.java:130)
	at no.hvl.dat110.chordoperations.ChordLookup.findSuccessor(ChordLookup.java:36)
	at no.hvl.dat110.middleware.Node.findSuccessor(Node.java:130)
	at no.hvl.dat110.chordoperations.ChordLookup.findSuccessor(ChordLookup.java:36)
	at no.hvl.dat110.middleware.Node.findSuccessor(Node.java:130)
	at no.hvl.dat110.chordoperations.ChordLookup.findSuccessor(ChordLookup.java:36)
	at no.hvl.dat110.middleware.Node.findSuccessor(Node.java:130)
	at no.hvl.dat110.chordoperations.ChordLookup.findSuccessor(ChordLookup.java:36)
	at no.hvl.dat110.middleware.Node.findSuccessor(Node.java:130)
	at no.hvl.dat110.chordoperations.ChordLookup.findSuccessor(ChordLookup.java:36)
	at no.hvl.dat110.middleware.Node.findSuccessor(Node.java:130)
	at no.hvl.dat110.chordoperations.ChordLookup.findSuccessor(ChordLookup.java:36)
	at no.hvl.dat110.middleware.Node.findSuccessor(Node.java:130)
	at no.hvl.dat110.chordoperations.ChordLookup.findSuccessor(ChordLookup.java:36)
	at no.hvl.dat110.middleware.Node.findSuccessor(Node.java:130)
	at no.hvl.dat110.chordoperations.ChordLookup.findSuccessor(ChordLookup.java:36)
	at no.hvl.dat110.middleware.Node.findSuccessor(Node.java:130)
	at no.hvl.dat110.chordoperations.ChordLookup.findSuccessor(ChordLookup.java:36)
	at no.hvl.dat110.middleware.Node.findSuccessor(Node.java:130)
	at no.hvl.dat110.chordoperations.ChordLookup.findSuccessor(ChordLookup.java:36)
	at no.hvl.dat110.middleware.Node.findSuccessor(Node.java:130)
	at no.hvl.dat110.chordoperations.ChordLookup.findSuccessor(ChordLookup.java:36)
	at no.hvl.dat110.middleware.Node.findSuccessor(Node.java:130)
	at no.hvl.dat110.chordoperations.ChordLookup.findSuccessor(ChordLookup.java:36)
	at no.hvl.dat110.middleware.Node.findSuccessor(Node.java:130)
	at no.hvl.dat110.chordoperations.ChordLookup.findSuccessor(ChordLookup.java:36)
	at no.hvl.dat110.middleware.Node.findSuccessor(Node.java:130)
	at no.hvl.dat110.chordoperations.ChordLookup.findSuccessor(ChordLookup.java:36)
	at no.hvl.dat110.middleware.Node.findSuccessor(Node.java:130)
	at no.hvl.dat110.chordoperations.ChordLookup.findSuccessor(ChordLookup.java:36)
	at no.hvl.dat110.middleware.Node.findSuccessor(Node.java:130)
	at no.hvl.dat110.chordoperations.ChordLookup.findSuccessor(ChordLookup.java:36)
	at no.hvl.dat110.middleware.Node.findSuccessor(Node.java:130)
	at no.hvl.dat110.chordoperations.ChordLookup.findSuccessor(ChordLookup.java:36)
	at no.hvl.dat110.middleware.Node.findSuccessor(Node.java:130)
	at no.hvl.dat110.chordoperations.ChordLookup.findSuccessor(ChordLookup.java:36)
	at no.hvl.dat110.middleware.Node.findSuccessor(Node.java:130)
	at no.hvl.dat110.chordoperations.ChordLookup.findSuccessor(ChordLookup.java:36)
	at no.hvl.dat110.middleware.Node.findSuccessor(Node.java:130)
	at no.hvl.dat110.chordoperations.ChordLookup.findSuccessor(ChordLookup.java:36)
	at no.hvl.dat110.middleware.Node.findSuccessor(Node.java:130)
	at no.hvl.dat110.chordoperations.ChordLookup.findSuccessor(ChordLookup.java:36)
	at no.hvl.dat110.middleware.Node.findSuccessor(Node.java:130)
	at no.hvl.dat110.chordoperations.ChordLookup.findSuccessor(ChordLookup.java:36)
	at no.hvl.dat110.middleware.Node.findSuccessor(Node.java:130)
	at no.hvl.dat110.chordoperations.ChordLookup.findSuccessor(ChordLookup.java:36)
	at no.hvl.dat110.middleware.Node.findSuccessor(Node.java:130)
	at no.hvl.dat110.chordoperations.ChordLookup.findSuccessor(ChordLookup.java:36)
	at no.hvl.dat110.middleware.Node.findSuccessor(Node.java:130)
	at no.hvl.dat110.chordoperations.ChordLookup.findSuccessor(ChordLookup.java:36)
	at no.hvl.dat110.middleware.Node.findSuccessor(Node.java:130)
	at no.hvl.dat110.chordoperations.ChordLookup.findSuccessor(ChordLookup.java:36)
	at no.hvl.dat110.middleware.Node.findSuccessor(Node.java:130)
	at no.hvl.dat110.chordoperations.ChordLookup.findSuccessor(ChordLookup.java:36)
	at no.hvl.dat110.middleware.Node.findSuccessor(Node.java:130)
	at no.hvl.dat110.chordoperations.ChordLookup.findSuccessor(ChordLookup.java:36)
	at no.hvl.dat110.middleware.Node.findSuccessor(Node.java:130)
	at no.hvl.dat110.chordoperations.ChordLookup.findSuccessor(ChordLookup.java:36)
	at no.hvl.dat110.middleware.Node.findSuccessor(Node.java:130)
	at no.hvl.dat110.chordoperations.ChordLookup.findSuccessor(ChordLookup.java:36)
	at no.hvl.dat110.middleware.Node.findSuccessor(Node.java:130)
	at no.hvl.dat110.chordoperations.ChordLookup.findSuccessor(ChordLookup.java:36)
	at no.hvl.dat110.middleware.Node.findSuccessor(Node.java:130)
	at no.hvl.dat110.chordoperations.ChordLookup.findSuccessor(ChordLookup.java:36)
	at no.hvl.dat110.middleware.Node.findSuccessor(Node.java:130)
	at no.hvl.dat110.chordoperations.ChordLookup.findSuccessor(ChordLookup.java:36)
	at no.hvl.dat110.middleware.Node.findSuccessor(Node.java:130)
	at no.hvl.dat110.chordoperations.ChordLookup.findSuccessor(ChordLookup.java:36)
	at no.hvl.dat110.middleware.Node.findSuccessor(Node.java:130)
	at no.hvl.dat110.chordoperations.ChordLookup.findSuccessor(ChordLookup.java:36)
	at no.hvl.dat110.middleware.Node.findSuccessor(Node.java:130)
	at no.hvl.dat110.chordoperations.ChordLookup.findSuccessor(ChordLookup.java:36)
	at no.hvl.dat110.middleware.Node.findSuccessor(Node.java:130)
	at no.hvl.dat110.chordoperations.ChordLookup.findSuccessor(ChordLookup.java:36)
	at no.hvl.dat110.middleware.Node.findSuccessor(Node.java:130)
	at no.hvl.dat110.chordoperations.ChordLookup.findSuccessor(ChordLookup.java:36)
	at no.hvl.dat110.middleware.Node.findSuccessor(Node.java:130)
	at no.hvl.dat110.chordoperations.ChordLookup.findSuccessor(ChordLookup.java:36)
	at no.hvl.dat110.middleware.Node.findSuccessor(Node.java:130)
	at no.hvl.dat110.chordoperations.ChordLookup.findSuccessor(ChordLookup.java:36)
	at no.hvl.dat110.middleware.Node.findSuccessor(Node.java:130)
	at no.hvl.dat110.chordoperations.ChordLookup.findSuccessor(ChordLookup.java:36)
	at no.hvl.dat110.middleware.Node.findSuccessor(Node.java:130)
	at no.hvl.dat110.chordoperations.ChordLookup.findSuccessor(ChordLookup.java:36)
	at no.hvl.dat110.middleware.Node.findSuccessor(Node.java:130)
	at no.hvl.dat110.chordoperations.ChordLookup.findSuccessor(ChordLookup.java:36)
	at no.hvl.dat110.middleware.Node.findSuccessor(Node.java:130)
	at no.hvl.dat110.chordoperations.ChordLookup.findSuccessor(ChordLookup.java:36)
	at no.hvl.dat110.middleware.Node.findSuccessor(Node.java:130)
	at no.hvl.dat110.chordoperations.ChordLookup.findSuccessor(ChordLookup.java:36)
	at no.hvl.dat110.middleware.Node.findSuccessor(Node.java:130)
	at no.hvl.dat110.chordoperations.ChordLookup.findSuccessor(ChordLookup.java:36)
	at no.hvl.dat110.middleware.Node.findSuccessor(Node.java:130)
	at no.hvl.dat110.chordoperations.ChordLookup.findSuccessor(ChordLookup.java:36)
	at no.hvl.dat110.middleware.Node.findSuccessor(Node.java:130)
	at no.hvl.dat110.chordoperations.ChordLookup.findSuccessor(ChordLookup.java:36)
	at no.hvl.dat110.middleware.Node.findSuccessor(Node.java:130)
	at no.hvl.dat110.chordoperations.ChordLookup.findSuccessor(ChordLookup.java:36)
	at no.hvl.dat110.middleware.Node.findSuccessor(Node.java:130)
	at no.hvl.dat110.chordoperations.ChordLookup.findSuccessor(ChordLookup.java:36)
	at no.hvl.dat110.middleware.Node.findSuccessor(Node.java:130)
	at no.hvl.dat110.chordoperations.ChordLookup.findSuccessor(ChordLookup.java:36)
	at no.hvl.dat110.middleware.Node.findSuccessor(Node.java:130)
	at no.hvl.dat110.chordoperations.ChordLookup.findSuccessor(ChordLookup.java:36)
	at no.hvl.dat110.middleware.Node.findSuccessor(Node.java:130)
	at no.hvl.dat110.chordoperations.ChordLookup.findSuccessor(ChordLookup.java:36)
	at no.hvl.dat110.middleware.Node.findSuccessor(Node.java:130)
	at no.hvl.dat110.chordoperations.ChordLookup.findSuccessor(ChordLookup.java:36)
	at no.hvl.dat110.middleware.Node.findSuccessor(Node.java:130)
	at no.hvl.dat110.chordoperations.ChordLookup.findSuccessor(ChordLookup.java:36)
	at no.hvl.dat110.middleware.Node.findSuccessor(Node.java:130)
	at no.hvl.dat110.chordoperations.ChordLookup.findSuccessor(ChordLookup.java:36)
	at no.hvl.dat110.middleware.Node.findSuccessor(Node.java:130)
	at no.hvl.dat110.chordoperations.ChordLookup.findSuccessor(ChordLookup.java:36)
	at no.hvl.dat110.middleware.Node.findSuccessor(Node.java:130)
	at no.hvl.dat110.chordoperations.ChordLookup.findSuccessor(ChordLookup.java:36)
	at no.hvl.dat110.middleware.Node.findSuccessor(Node.java:130)
	at no.hvl.dat110.chordoperations.ChordLookup.findSuccessor(ChordLookup.java:36)
	at no.hvl.dat110.middleware.Node.findSuccessor(Node.java:130)
	at no.hvl.dat110.chordoperations.ChordLookup.findSuccessor(ChordLookup.java:36)
	at no.hvl.dat110.middleware.Node.findSuccessor(Node.java:130)
	at no.hvl.dat110.chordoperations.ChordLookup.findSuccessor(ChordLookup.java:36)
	at no.hvl.dat110.middleware.Node.findSuccessor(Node.java:130)
	at no.hvl.dat110.chordoperations.ChordLookup.findSuccessor(ChordLookup.java:36)
	at no.hvl.dat110.middleware.Node.findSuccessor(Node.java:130)
	at no.hvl.dat110.chordoperations.ChordLookup.findSuccessor(ChordLookup.java:36)
	at no.hvl.dat110.middleware.Node.findSuccessor(Node.java:130)
	at no.hvl.dat110.chordoperations.ChordLookup.findSuccessor(ChordLookup.java:36)
	at no.hvl.dat110.middleware.Node.findSuccessor(Node.java:130)
	at no.hvl.dat110.chordoperations.ChordLookup.findSuccessor(ChordLookup.java:36)
	at no.hvl.dat110.middleware.Node.findSuccessor(Node.java:130)
	at no.hvl.dat110.chordoperations.ChordLookup.findSuccessor(ChordLookup.java:36)
	at no.hvl.dat110.middleware.Node.findSuccessor(Node.java:130)
	at no.hvl.dat110.chordoperations.ChordLookup.findSuccessor(ChordLookup.java:36)
	at no.hvl.dat110.middleware.Node.findSuccessor(Node.java:130)
	at no.hvl.dat110.chordoperations.ChordLookup.findSuccessor(ChordLookup.java:36)
	at no.hvl.dat110.middleware.Node.findSuccessor(Node.java:130)
	at no.hvl.dat110.chordoperations.ChordLookup.findSuccessor(ChordLookup.java:36)
	at no.hvl.dat110.middleware.Node.findSuccessor(Node.java:130)
	at no.hvl.dat110.chordoperations.ChordLookup.findSuccessor(ChordLookup.java:36)
	at no.hvl.dat110.middleware.Node.findSuccessor(Node.java:130)
	at no.hvl.dat110.chordoperations.ChordLookup.findSuccessor(ChordLookup.java:36)
	at no.hvl.dat110.middleware.Node.findSuccessor(Node.java:130)
	at no.hvl.dat110.chordoperations.ChordLookup.findSuccessor(ChordLookup.java:36)
	at no.hvl.dat110.middleware.Node.findSuccessor(Node.java:130)
	at no.hvl.dat110.chordoperations.ChordLookup.findSuccessor(ChordLookup.java:36)
	at no.hvl.dat110.middleware.Node.findSuccessor(Node.java:130)
	at no.hvl.dat110.chordoperations.ChordLookup.findSuccessor(ChordLookup.java:36)
	at no.hvl.dat110.middleware.Node.findSuccessor(Node.java:130)
	at no.hvl.dat110.chordoperations.ChordLookup.findSuccessor(ChordLookup.java:36)
	at no.hvl.dat110.middleware.Node.findSuccessor(Node.java:130)
	at no.hvl.dat110.chordoperations.ChordLookup.findSuccessor(ChordLookup.java:36)
	at no.hvl.dat110.middleware.Node.findSuccessor(Node.java:130)
	at no.hvl.dat110.chordoperations.ChordLookup.findSuccessor(ChordLookup.java:36)
	at no.hvl.dat110.middleware.Node.findSuccessor(Node.java:130)
	at no.hvl.dat110.chordoperations.ChordLookup.findSuccessor(ChordLookup.java:36)
	at no.hvl.dat110.middleware.Node.findSuccessor(Node.java:130)
	at no.hvl.dat110.chordoperations.ChordLookup.findSuccessor(ChordLookup.java:36)
	at no.hvl.dat110.middleware.Node.findSuccessor(Node.java:130)
	at no.hvl.dat110.chordoperations.ChordLookup.findSuccessor(ChordLookup.java:36)
	at no.hvl.dat110.middleware.Node.findSuccessor(Node.java:130)
	at no.hvl.dat110.chordoperations.ChordLookup.findSuccessor(ChordLookup.java:36)
	at no.hvl.dat110.middleware.Node.findSuccessor(Node.java:130)
	at no.hvl.dat110.chordoperations.ChordLookup.findSuccessor(ChordLookup.java:36)
	at no.hvl.dat110.middleware.Node.findSuccessor(Node.java:130)
	at no.hvl.dat110.chordoperations.ChordLookup.findSuccessor(ChordLookup.java:36)
	at no.hvl.dat110.middleware.Node.findSuccessor(Node.java:130)
	at no.hvl.dat110.chordoperations.ChordLookup.findSuccessor(ChordLookup.java:36)
	at no.hvl.dat110.middleware.Node.findSuccessor(Node.java:130)
	at no.hvl.dat110.chordoperations.ChordLookup.findSuccessor(ChordLookup.java:36)
	at no.hvl.dat110.middleware.Node.findSuccessor(Node.java:130)
	at no.hvl.dat110.chordoperations.ChordLookup.findSuccessor(ChordLookup.java:36)
	at no.hvl.dat110.middleware.Node.findSuccessor(Node.java:130)
	at no.hvl.dat110.chordoperations.ChordLookup.findSuccessor(ChordLookup.java:36)
	at no.hvl.dat110.middleware.Node.findSuccessor(Node.java:130)
	at no.hvl.dat110.chordoperations.ChordLookup.findSuccessor(ChordLookup.java:36)
	at no.hvl.dat110.middleware.Node.findSuccessor(Node.java:130)
	at no.hvl.dat110.chordoperations.ChordLookup.findSuccessor(ChordLookup.java:36)
	at no.hvl.dat110.middleware.Node.findSuccessor(Node.java:130)
	at no.hvl.dat110.chordoperations.ChordLookup.findSuccessor(ChordLookup.java:36)
	at no.hvl.dat110.middleware.Node.findSuccessor(Node.java:130)
	at no.hvl.dat110.chordoperations.ChordLookup.findSuccessor(ChordLookup.java:36)
	at no.hvl.dat110.middleware.Node.findSuccessor(Node.java:130)
	at no.hvl.dat110.chordoperations.ChordLookup.findSuccessor(ChordLookup.java:36)
	at no.hvl.dat110.middleware.Node.findSuccessor(Node.java:130)
	at no.hvl.dat110.chordoperations.ChordLookup.findSuccessor(ChordLookup.java:36)
	at no.hvl.dat110.middleware.Node.findSuccessor(Node.java:130)
	at no.hvl.dat110.chordoperations.ChordLookup.findSuccessor(ChordLookup.java:36)
	at no.hvl.dat110.middleware.Node.findSuccessor(Node.java:130)
	at no.hvl.dat110.chordoperations.ChordLookup.findSuccessor(ChordLookup.java:36)
	at no.hvl.dat110.middleware.Node.findSuccessor(Node.java:130)
	at no.hvl.dat110.chordoperations.ChordLookup.findSuccessor(ChordLookup.java:36)
	at no.hvl.dat110.middleware.Node.findSuccessor(Node.java:130)
	at no.hvl.dat110.chordoperations.ChordLookup.findSuccessor(ChordLookup.java:36)
	at no.hvl.dat110.middleware.Node.findSuccessor(Node.java:130)
	at no.hvl.dat110.chordoperations.ChordLookup.findSuccessor(ChordLookup.java:36)
	at no.hvl.dat110.middleware.Node.findSuccessor(Node.java:130)
	at no.hvl.dat110.chordoperations.ChordLookup.findSuccessor(ChordLookup.java:36)
	at no.hvl.dat110.middleware.Node.findSuccessor(Node.java:130)
	at no.hvl.dat110.chordoperations.ChordLookup.findSuccessor(ChordLookup.java:36)
	at no.hvl.dat110.middleware.Node.findSuccessor(Node.java:130)
	at no.hvl.dat110.chordoperations.ChordLookup.findSuccessor(ChordLookup.java:36)
	at no.hvl.dat110.middleware.Node.findSuccessor(Node.java:130)
	at no.hvl.dat110.chordoperations.ChordLookup.findSuccessor(ChordLookup.java:36)
	at no.hvl.dat110.middleware.Node.findSuccessor(Node.java:130)
	at no.hvl.dat110.chordoperations.ChordLookup.findSuccessor(ChordLookup.java:36)
	at no.hvl.dat110.middleware.Node.findSuccessor(Node.java:130)
	at no.hvl.dat110.chordoperations.ChordLookup.findSuccessor(ChordLookup.java:36)
	at no.hvl.dat110.middleware.Node.findSuccessor(Node.java:130)
	at no.hvl.dat110.chordoperations.ChordLookup.findSuccessor(ChordLookup.java:36)
	at no.hvl.dat110.middleware.Node.findSuccessor(Node.java:130)
	at no.hvl.dat110.chordoperations.ChordLookup.findSuccessor(ChordLookup.java:36)
	at no.hvl.dat110.middleware.Node.findSuccessor(Node.java:130)
	at no.hvl.dat110.chordoperations.ChordLookup.findSuccessor(ChordLookup.java:36)
	at no.hvl.dat110.middleware.Node.findSuccessor(Node.java:130)
	at no.hvl.dat110.chordoperations.ChordLookup.findSuccessor(ChordLookup.java:36)
	at no.hvl.dat110.middleware.Node.findSuccessor(Node.java:130)
	at no.hvl.dat110.chordoperations.ChordLookup.findSuccessor(ChordLookup.java:36)
	at no.hvl.dat110.middleware.Node.findSuccessor(Node.java:130)
	at no.hvl.dat110.chordoperations.ChordLookup.findSuccessor(ChordLookup.java:36)
	at no.hvl.dat110.middleware.Node.findSuccessor(Node.java:130)
	at no.hvl.dat110.chordoperations.ChordLookup.findSuccessor(ChordLookup.java:36)
	at no.hvl.dat110.middleware.Node.findSuccessor(Node.java:130)
	at no.hvl.dat110.chordoperations.ChordLookup.findSuccessor(ChordLookup.java:36)
	at no.hvl.dat110.middleware.Node.findSuccessor(Node.java:130)
	at no.hvl.dat110.chordoperations.ChordLookup.findSuccessor(ChordLookup.java:36)
	at no.hvl.dat110.middleware.Node.findSuccessor(Node.java:130)
	at no.hvl.dat110.chordoperations.ChordLookup.findSuccessor(ChordLookup.java:36)
	at no.hvl.dat110.middleware.Node.findSuccessor(Node.java:130)
	at no.hvl.dat110.chordoperations.ChordLookup.findSuccessor(ChordLookup.java:36)
	at no.hvl.dat110.middleware.Node.findSuccessor(Node.java:130)
	at no.hvl.dat110.chordoperations.ChordLookup.findSuccessor(ChordLookup.java:36)
	at no.hvl.dat110.middleware.Node.findSuccessor(Node.java:130)
	at no.hvl.dat110.chordoperations.ChordLookup.findSuccessor(ChordLookup.java:36)
	at no.hvl.dat110.middleware.Node.findSuccessor(Node.java:130)
	at no.hvl.dat110.chordoperations.ChordLookup.findSuccessor(ChordLookup.java:36)
	at no.hvl.dat110.middleware.Node.findSuccessor(Node.java:130)
	at no.hvl.dat110.chordoperations.ChordLookup.findSuccessor(ChordLookup.java:36)
	at no.hvl.dat110.middleware.Node.findSuccessor(Node.java:130)
	at no.hvl.dat110.chordoperations.ChordLookup.findSuccessor(ChordLookup.java:36)
	at no.hvl.dat110.middleware.Node.findSuccessor(Node.java:130)
	at no.hvl.dat110.chordoperations.ChordLookup.findSuccessor(ChordLookup.java:36)
	at no.hvl.dat110.middleware.Node.findSuccessor(Node.java:130)
	at no.hvl.dat110.chordoperations.ChordLookup.findSuccessor(ChordLookup.java:36)
	at no.hvl.dat110.middleware.Node.findSuccessor(Node.java:130)
	at no.hvl.dat110.chordoperations.ChordLookup.findSuccessor(ChordLookup.java:36)
	at no.hvl.dat110.middleware.Node.findSuccessor(Node.java:130)
	at no.hvl.dat110.chordoperations.ChordLookup.findSuccessor(ChordLookup.java:36)
	at no.hvl.dat110.middleware.Node.findSuccessor(Node.java:130)
	at no.hvl.dat110.chordoperations.ChordLookup.findSuccessor(ChordLookup.java:36)
	at no.hvl.dat110.middleware.Node.findSuccessor(Node.java:130)
	at no.hvl.dat110.chordoperations.ChordLookup.findSuccessor(ChordLookup.java:36)
	at no.hvl.dat110.middleware.Node.findSuccessor(Node.java:130)
	at no.hvl.dat110.chordoperations.ChordLookup.findSuccessor(ChordLookup.java:36)
	at no.hvl.dat110.middleware.Node.findSuccessor(Node.java:130)
	at no.hvl.dat110.chordoperations.ChordLookup.findSuccessor(ChordLookup.java:36)
	at no.hvl.dat110.middleware.Node.findSuccessor(Node.java:130)
	at no.hvl.dat110.chordoperations.ChordLookup.findSuccessor(ChordLookup.java:36)
	at no.hvl.dat110.middleware.Node.findSuccessor(Node.java:130)
	at no.hvl.dat110.chordoperations.ChordLookup.findSuccessor(ChordLookup.java:36)
	at no.hvl.dat110.middleware.Node.findSuccessor(Node.java:130)
	at no.hvl.dat110.chordoperations.ChordLookup.findSuccessor(ChordLookup.java:36)
	at no.hvl.dat110.middleware.Node.findSuccessor(Node.java:130)
	at no.hvl.dat110.chordoperations.ChordLookup.findSuccessor(ChordLookup.java:36)
	at no.hvl.dat110.middleware.Node.findSuccessor(Node.java:130)
	at no.hvl.dat110.chordoperations.ChordLookup.findSuccessor(ChordLookup.java:36)
	at no.hvl.dat110.middleware.Node.findSuccessor(Node.java:130)
	at no.hvl.dat110.chordoperations.ChordLookup.findSuccessor(ChordLookup.java:36)
	at no.hvl.dat110.middleware.Node.findSuccessor(Node.java:130)
	at no.hvl.dat110.chordoperations.ChordLookup.findSuccessor(ChordLookup.java:36)
	at no.hvl.dat110.middleware.Node.findSuccessor(Node.java:130)
	at no.hvl.dat110.chordoperations.ChordLookup.findSuccessor(ChordLookup.java:36)
	at no.hvl.dat110.middleware.Node.findSuccessor(Node.java:130)
	at no.hvl.dat110.chordoperations.ChordLookup.findSuccessor(ChordLookup.java:36)
	at no.hvl.dat110.middleware.Node.findSuccessor(Node.java:130)
	at no.hvl.dat110.chordoperations.ChordLookup.findSuccessor(ChordLookup.java:36)
	at no.hvl.dat110.middleware.Node.findSuccessor(Node.java:130)
	at no.hvl.dat110.chordoperations.ChordLookup.findSuccessor(ChordLookup.java:36)
	at no.hvl.dat110.middleware.Node.findSuccessor(Node.java:130)
	at no.hvl.dat110.chordoperations.ChordLookup.findSuccessor(ChordLookup.java:36)
	at no.hvl.dat110.middleware.Node.findSuccessor(Node.java:130)
	at no.hvl.dat110.chordoperations.ChordLookup.findSuccessor(ChordLookup.java:36)
	at no.hvl.dat110.middleware.Node.findSuccessor(Node.java:130)
	at no.hvl.dat110.chordoperations.ChordLookup.findSuccessor(ChordLookup.java:36)
	at no.hvl.dat110.middleware.Node.findSuccessor(Node.java:130)
	at no.hvl.dat110.chordoperations.ChordLookup.findSuccessor(ChordLookup.java:36)
	at no.hvl.dat110.middleware.Node.findSuccessor(Node.java:130)
	at no.hvl.dat110.chordoperations.ChordLookup.findSuccessor(ChordLookup.java:36)
	at no.hvl.dat110.middleware.Node.findSuccessor(Node.java:130)
	at no.hvl.dat110.chordoperations.ChordLookup.findSuccessor(ChordLookup.java:36)
	at no.hvl.dat110.middleware.Node.findSuccessor(Node.java:130)
	at no.hvl.dat110.chordoperations.ChordLookup.findSuccessor(ChordLookup.java:36)
	at no.hvl.dat110.middleware.Node.findSuccessor(Node.java:130)
	at no.hvl.dat110.chordoperations.ChordLookup.findSuccessor(ChordLookup.java:36)
	at no.hvl.dat110.middleware.Node.findSuccessor(Node.java:130)
	at no.hvl.dat110.chordoperations.ChordLookup.findSuccessor(ChordLookup.java:36)
	at no.hvl.dat110.middleware.Node.findSuccessor(Node.java:130)
	at no.hvl.dat110.chordoperations.ChordLookup.findSuccessor(ChordLookup.java:36)
	at no.hvl.dat110.middleware.Node.findSuccessor(Node.java:130)
	at no.hvl.dat110.chordoperations.ChordLookup.findSuccessor(ChordLookup.java:36)
	at no.hvl.dat110.middleware.Node.findSuccessor(Node.java:130)
	at no.hvl.dat110.chordoperations.ChordLookup.findSuccessor(ChordLookup.java:36)
	at no.hvl.dat110.middleware.Node.findSuccessor(Node.java:130)
	at no.hvl.dat110.chordoperations.ChordLookup.findSuccessor(ChordLookup.java:36)
	at no.hvl.dat110.middleware.Node.findSuccessor(Node.java:130)
	at no.hvl.dat110.chordoperations.ChordLookup.findSuccessor(ChordLookup.java:36)
	at no.hvl.dat110.middleware.Node.findSuccessor(Node.java:130)
	at no.hvl.dat110.chordoperations.ChordLookup.findSuccessor(ChordLookup.java:36)
	at no.hvl.dat110.middleware.Node.findSuccessor(Node.java:130)
	at no.hvl.dat110.chordoperations.ChordLookup.findSuccessor(ChordLookup.java:36)
	at no.hvl.dat110.middleware.Node.findSuccessor(Node.java:130)
	at no.hvl.dat110.chordoperations.ChordLookup.findSuccessor(ChordLookup.java:36)
	at no.hvl.dat110.middleware.Node.findSuccessor(Node.java:130)
	at no.hvl.dat110.chordoperations.ChordLookup.findSuccessor(ChordLookup.java:36)
	at no.hvl.dat110.middleware.Node.findSuccessor(Node.java:130)
	at no.hvl.dat110.chordoperations.ChordLookup.findSuccessor(ChordLookup.java:36)
	at no.hvl.dat110.middleware.Node.findSuccessor(Node.java:130)
	at no.hvl.dat110.chordoperations.ChordLookup.findSuccessor(ChordLookup.java:36)
	at no.hvl.dat110.middleware.Node.findSuccessor(Node.java:130)
	at no.hvl.dat110.chordoperations.ChordLookup.findSuccessor(ChordLookup.java:36)
	at no.hvl.dat110.middleware.Node.findSuccessor(Node.java:130)
	at no.hvl.dat110.chordoperations.ChordLookup.findSuccessor(ChordLookup.java:36)
	at no.hvl.dat110.middleware.Node.findSuccessor(Node.java:130)
	at no.hvl.dat110.chordoperations.ChordLookup.findSuccessor(ChordLookup.java:36)
	at no.hvl.dat110.middleware.Node.findSuccessor(Node.java:130)
	at no.hvl.dat110.chordoperations.ChordLookup.findSuccessor(ChordLookup.java:36)
	at no.hvl.dat110.middleware.Node.findSuccessor(Node.java:130)
	at no.hvl.dat110.chordoperations.ChordLookup.findSuccessor(ChordLookup.java:36)
	at no.hvl.dat110.middleware.Node.findSuccessor(Node.java:130)
	at no.hvl.dat110.chordoperations.ChordLookup.findSuccessor(ChordLookup.java:36)
	at no.hvl.dat110.middleware.Node.findSuccessor(Node.java:130)
	at no.hvl.dat110.chordoperations.ChordLookup.findSuccessor(ChordLookup.java:36)
	at no.hvl.dat110.middleware.Node.findSuccessor(Node.java:130)
	at no.hvl.dat110.chordoperations.ChordLookup.findSuccessor(ChordLookup.java:36)
	at no.hvl.dat110.middleware.Node.findSuccessor(Node.java:130)
	at no.hvl.dat110.chordoperations.ChordLookup.findSuccessor(ChordLookup.java:36)
	at no.hvl.dat110.middleware.Node.findSuccessor(Node.java:130)
	at no.hvl.dat110.chordoperations.ChordLookup.findSuccessor(ChordLookup.java:36)
	at no.hvl.dat110.middleware.Node.findSuccessor(Node.java:130)
	at no.hvl.dat110.chordoperations.ChordLookup.findSuccessor(ChordLookup.java:36)
	at no.hvl.dat110.middleware.Node.findSuccessor(Node.java:130)
	at no.hvl.dat110.chordoperations.ChordLookup.findSuccessor(ChordLookup.java:36)
	at no.hvl.dat110.middleware.Node.findSuccessor(Node.java:130)
	at no.hvl.dat110.chordoperations.ChordLookup.findSuccessor(ChordLookup.java:36)
	at no.hvl.dat110.middleware.Node.findSuccessor(Node.java:130)
	at no.hvl.dat110.chordoperations.ChordLookup.findSuccessor(ChordLookup.java:36)
	at no.hvl.dat110.middleware.Node.findSuccessor(Node.java:130)
	at no.hvl.dat110.chordoperations.ChordLookup.findSuccessor(ChordLookup.java:36)
	at no.hvl.dat110.middleware.Node.findSuccessor(Node.java:130)
	at no.hvl.dat110.chordoperations.ChordLookup.findSuccessor(ChordLookup.java:36)
	at no.hvl.dat110.middleware.Node.findSuccessor(Node.java:130)
	at no.hvl.dat110.chordoperations.ChordLookup.findSuccessor(ChordLookup.java:36)
	at no.hvl.dat110.middleware.Node.findSuccessor(Node.java:130)
	at no.hvl.dat110.chordoperations.ChordLookup.findSuccessor(ChordLookup.java:36)
	at no.hvl.dat110.middleware.Node.findSuccessor(Node.java:130)
	at no.hvl.dat110.chordoperations.ChordLookup.findSuccessor(ChordLookup.java:36)
	at no.hvl.dat110.middleware.Node.findSuccessor(Node.java:130)
	at no.hvl.dat110.chordoperations.ChordLookup.findSuccessor(ChordLookup.java:36)
	at no.hvl.dat110.middleware.Node.findSuccessor(Node.java:130)
	at no.hvl.dat110.chordoperations.ChordLookup.findSuccessor(ChordLookup.java:36)
	at no.hvl.dat110.middleware.Node.findSuccessor(Node.java:130)
	at no.hvl.dat110.chordoperations.ChordLookup.findSuccessor(ChordLookup.java:36)
	at no.hvl.dat110.middleware.Node.findSuccessor(Node.java:130)
	at no.hvl.dat110.chordoperations.ChordLookup.findSuccessor(ChordLookup.java:36)
	at no.hvl.dat110.middleware.Node.findSuccessor(Node.java:130)
	at no.hvl.dat110.chordoperations.ChordLookup.findSuccessor(ChordLookup.java:36)
	at no.hvl.dat110.middleware.Node.findSuccessor(Node.java:130)
	at no.hvl.dat110.chordoperations.ChordLookup.findSuccessor(ChordLookup.java:36)
	at no.hvl.dat110.middleware.Node.findSuccessor(Node.java:130)
	at no.hvl.dat110.chordoperations.ChordLookup.findSuccessor(ChordLookup.java:36)
	at no.hvl.dat110.middleware.Node.findSuccessor(Node.java:130)
	at no.hvl.dat110.chordoperations.ChordLookup.findSuccessor(ChordLookup.java:36)
	at no.hvl.dat110.middleware.Node.findSuccessor(Node.java:130)
	at no.hvl.dat110.chordoperations.ChordLookup.findSuccessor(ChordLookup.java:36)
	at no.hvl.dat110.middleware.Node.findSuccessor(Node.java:130)
	at no.hvl.dat110.chordoperations.ChordLookup.findSuccessor(ChordLookup.java:36)
	at no.hvl.dat110.middleware.Node.findSuccessor(Node.java:130)
	at no.hvl.dat110.chordoperations.ChordLookup.findSuccessor(ChordLookup.java:36)
	at no.hvl.dat110.middleware.Node.findSuccessor(Node.java:130)
	at no.hvl.dat110.chordoperations.ChordLookup.findSuccessor(ChordLookup.java:36)
	at no.hvl.dat110.middleware.Node.findSuccessor(Node.java:130)
	at no.hvl.dat110.chordoperations.ChordLookup.findSuccessor(ChordLookup.java:36)
	at no.hvl.dat110.middleware.Node.findSuccessor(Node.java:130)
	at no.hvl.dat110.chordoperations.ChordLookup.findSuccessor(ChordLookup.java:36)
	at no.hvl.dat110.middleware.Node.findSuccessor(Node.java:130)
	at no.hvl.dat110.chordoperations.ChordLookup.findSuccessor(ChordLookup.java:36)
	at no.hvl.dat110.middleware.Node.findSuccessor(Node.java:130)
	at no.hvl.dat110.chordoperations.ChordLookup.findSuccessor(ChordLookup.java:36)
	at no.hvl.dat110.middleware.Node.findSuccessor(Node.java:130)
	at no.hvl.dat110.chordoperations.ChordLookup.findSuccessor(ChordLookup.java:36)
	at no.hvl.dat110.middleware.Node.findSuccessor(Node.java:130)
	at no.hvl.dat110.chordoperations.ChordLookup.findSuccessor(ChordLookup.java:36)
	at no.hvl.dat110.middleware.Node.findSuccessor(Node.java:130)
	at no.hvl.dat110.chordoperations.ChordLookup.findSuccessor(ChordLookup.java:36)
	at no.hvl.dat110.middleware.Node.findSuccessor(Node.java:130)
	at no.hvl.dat110.chordoperations.ChordLookup.findSuccessor(ChordLookup.java:36)
	at no.hvl.dat110.middleware.Node.findSuccessor(Node.java:130)
	at no.hvl.dat110.chordoperations.ChordLookup.findSuccessor(ChordLookup.java:36)
	at no.hvl.dat110.middleware.Node.findSuccessor(Node.java:130)
	at no.hvl.dat110.chordoperations.ChordLookup.findSuccessor(ChordLookup.java:36)
	at no.hvl.dat110.middleware.Node.findSuccessor(Node.java:130)
	at no.hvl.dat110.chordoperations.ChordLookup.findSuccessor(ChordLookup.java:36)
	at no.hvl.dat110.middleware.Node.findSuccessor(Node.java:130)
	at no.hvl.dat110.chordoperations.ChordLookup.findSuccessor(ChordLookup.java:36)
	at no.hvl.dat110.middleware.Node.findSuccessor(Node.java:130)
	at no.hvl.dat110.chordoperations.ChordLookup.findSuccessor(ChordLookup.java:36)
	at no.hvl.dat110.middleware.Node.findSuccessor(Node.java:130)
	at no.hvl.dat110.chordoperations.ChordLookup.findSuccessor(ChordLookup.java:36)
	at no.hvl.dat110.middleware.Node.findSuccessor(Node.java:130)
	at no.hvl.dat110.chordoperations.ChordLookup.findSuccessor(ChordLookup.java:36)
	at no.hvl.dat110.middleware.Node.findSuccessor(Node.java:130)
	at no.hvl.dat110.chordoperations.ChordLookup.findSuccessor(ChordLookup.java:36)
	at no.hvl.dat110.middleware.Node.findSuccessor(Node.java:130)
	at no.hvl.dat110.chordoperations.ChordLookup.findSuccessor(ChordLookup.java:36)
	at no.hvl.dat110.middleware.Node.findSuccessor(Node.java:130)
	at no.hvl.dat110.chordoperations.ChordLookup.findSuccessor(ChordLookup.java:36)
	at no.hvl.dat110.middleware.Node.findSuccessor(Node.java:130)
	at no.hvl.dat110.chordoperations.ChordLookup.findSuccessor(ChordLookup.java:36)
	at no.hvl.dat110.middleware.Node.findSuccessor(Node.java:130)
	at no.hvl.dat110.chordoperations.ChordLookup.findSuccessor(ChordLookup.java:36)
	at no.hvl.dat110.middleware.Node.findSuccessor(Node.java:130)
	at no.hvl.dat110.chordoperations.ChordLookup.findSuccessor(ChordLookup.java:36)
	at no.hvl.dat110.middleware.Node.findSuccessor(Node.java:130)
	at no.hvl.dat110.chordoperations.ChordLookup.findSuccessor(ChordLookup.java:36)
	at no.hvl.dat110.middleware.Node.findSuccessor(Node.java:130)
	at no.hvl.dat110.chordoperations.ChordLookup.findSuccessor(ChordLookup.java:36)
	at no.hvl.dat110.middleware.Node.findSuccessor(Node.java:130)
	at no.hvl.dat110.chordoperations.ChordLookup.findSuccessor(ChordLookup.java:36)
	at no.hvl.dat110.middleware.Node.findSuccessor(Node.java:130)
	at no.hvl.dat110.chordoperations.ChordLookup.findSuccessor(ChordLookup.java:36)
	at no.hvl.dat110.middleware.Node.findSuccessor(Node.java:130)
	at no.hvl.dat110.chordoperations.ChordLookup.findSuccessor(ChordLookup.java:36)
	at no.hvl.dat110.middleware.Node.findSuccessor(Node.java:130)
	at no.hvl.dat110.chordoperations.ChordLookup.findSuccessor(ChordLookup.java:36)
	at no.hvl.dat110.middleware.Node.findSuccessor(Node.java:130)
	at no.hvl.dat110.chordoperations.ChordLookup.findSuccessor(ChordLookup.java:36)
	at no.hvl.dat110.middleware.Node.findSuccessor(Node.java:130)
	at no.hvl.dat110.chordoperations.ChordLookup.findSuccessor(ChordLookup.java:36)
	at no.hvl.dat110.middleware.Node.findSuccessor(Node.java:130)
	at no.hvl.dat110.chordoperations.ChordLookup.findSuccessor(ChordLookup.java:36)
	at no.hvl.dat110.middleware.Node.findSuccessor(Node.java:130)
	at no.hvl.dat110.chordoperations.ChordLookup.findSuccessor(ChordLookup.java:36)
	at no.hvl.dat110.middleware.Node.findSuccessor(Node.java:130)
	at no.hvl.dat110.chordoperations.ChordLookup.findSuccessor(ChordLookup.java:36)
	at no.hvl.dat110.middleware.Node.findSuccessor(Node.java:130)
	at no.hvl.dat110.chordoperations.ChordLookup.findSuccessor(ChordLookup.java:36)
	at no.hvl.dat110.middleware.Node.findSuccessor(Node.java:130)
	at no.hvl.dat110.chordoperations.ChordLookup.findSuccessor(ChordLookup.java:36)
	at no.hvl.dat110.middleware.Node.findSuccessor(Node.java:130)
	at no.hvl.dat110.chordoperations.ChordLookup.findSuccessor(ChordLookup.java:36)
	at no.hvl.dat110.middleware.Node.findSuccessor(Node.java:130)
	at no.hvl.dat110.chordoperations.ChordLookup.findSuccessor(ChordLookup.java:36)
	at no.hvl.dat110.middleware.Node.findSuccessor(Node.java:130)
	at no.hvl.dat110.chordoperations.ChordLookup.findSuccessor(ChordLookup.java:36)
	at no.hvl.dat110.middleware.Node.findSuccessor(Node.java:130)
	at no.hvl.dat110.chordoperations.ChordLookup.findSuccessor(ChordLookup.java:36)
	at no.hvl.dat110.middleware.Node.findSuccessor(Node.java:130)
	at no.hvl.dat110.chordoperations.ChordLookup.findSuccessor(ChordLookup.java:36)
	at no.hvl.dat110.middleware.Node.findSuccessor(Node.java:130)
	at no.hvl.dat110.chordoperations.ChordLookup.findSuccessor(ChordLookup.java:36)
	at no.hvl.dat110.middleware.Node.findSuccessor(Node.java:130)
	at no.hvl.dat110.chordoperations.ChordLookup.findSuccessor(ChordLookup.java:36)
	at no.hvl.dat110.middleware.Node.findSuccessor(Node.java:130)
	at no.hvl.dat110.chordoperations.ChordLookup.findSuccessor(ChordLookup.java:36)
	at no.hvl.dat110.middleware.Node.findSuccessor(Node.java:130)
	at no.hvl.dat110.chordoperations.ChordLookup.findSuccessor(ChordLookup.java:36)
	at no.hvl.dat110.middleware.Node.findSuccessor(Node.java:130)
	at no.hvl.dat110.chordoperations.ChordLookup.findSuccessor(ChordLookup.java:36)
	at no.hvl.dat110.middleware.Node.findSuccessor(Node.java:130)
	at no.hvl.dat110.chordoperations.ChordLookup.findSuccessor(ChordLookup.java:36)
	at no.hvl.dat110.middleware.Node.findSuccessor(Node.java:130)
	at no.hvl.dat110.chordoperations.ChordLookup.findSuccessor(ChordLookup.java:36)
	at no.hvl.dat110.middleware.Node.findSuccessor(Node.java:130)
	at no.hvl.dat110.chordoperations.ChordLookup.findSuccessor(ChordLookup.java:36)
	at no.hvl.dat110.middleware.Node.findSuccessor(Node.java:130)
	at no.hvl.dat110.chordoperations.ChordLookup.findSuccessor(ChordLookup.java:36)
	at no.hvl.dat110.middleware.Node.findSuccessor(Node.java:130)
	at no.hvl.dat110.chordoperations.ChordLookup.findSuccessor(ChordLookup.java:36)
	at no.hvl.dat110.middleware.Node.findSuccessor(Node.java:130)
	at no.hvl.dat110.chordoperations.ChordLookup.findSuccessor(ChordLookup.java:36)
	at no.hvl.dat110.middleware.Node.findSuccessor(Node.java:130)
	at no.hvl.dat110.chordoperations.ChordLookup.findSuccessor(ChordLookup.java:36)
	at no.hvl.dat110.middleware.Node.findSuccessor(Node.java:130)
	at no.hvl.dat110.chordoperations.ChordLookup.findSuccessor(ChordLookup.java:36)
	at no.hvl.dat110.middleware.Node.findSuccessor(Node.java:130)
	at no.hvl.dat110.chordoperations.ChordLookup.findSuccessor(ChordLookup.java:36)
	at no.hvl.dat110.middleware.Node.findSuccessor(Node.java:130)
	at no.hvl.dat110.chordoperations.ChordLookup.findSuccessor(ChordLookup.java:36)
	at no.hvl.dat110.middleware.Node.findSuccessor(Node.java:130)
	at no.hvl.dat110.chordoperations.ChordLookup.findSuccessor(ChordLookup.java:36)
	at no.hvl.dat110.middleware.Node.findSuccessor(Node.java:130)
	at no.hvl.dat110.chordoperations.ChordLookup.findSuccessor(ChordLookup.java:36)
	at no.hvl.dat110.middleware.Node.findSuccessor(Node.java:130)
	at no.hvl.dat110.chordoperations.ChordLookup.findSuccessor(ChordLookup.java:36)
	at no.hvl.dat110.middleware.Node.findSuccessor(Node.java:130)
	at no.hvl.dat110.chordoperations.ChordLookup.findSuccessor(ChordLookup.java:36)
	at no.hvl.dat110.middleware.Node.findSuccessor(Node.java:130)
	at no.hvl.dat110.chordoperations.ChordLookup.findSuccessor(ChordLookup.java:36)
	at no.hvl.dat110.middleware.Node.findSuccessor(Node.java:130)
	at no.hvl.dat110.chordoperations.ChordLookup.findSuccessor(ChordLookup.java:36)
	at no.hvl.dat110.middleware.Node.findSuccessor(Node.java:130)
	at no.hvl.dat110.chordoperations.ChordLookup.findSuccessor(ChordLookup.java:36)
	at no.hvl.dat110.middleware.Node.findSuccessor(Node.java:130)
	at no.hvl.dat110.chordoperations.ChordLookup.findSuccessor(ChordLookup.java:36)
	at no.hvl.dat110.middleware.Node.findSuccessor(Node.java:130)
	at no.hvl.dat110.chordoperations.ChordLookup.findSuccessor(ChordLookup.java:36)
	at no.hvl.dat110.middleware.Node.findSuccessor(Node.java:130)
	at no.hvl.dat110.chordoperations.ChordLookup.findSuccessor(ChordLookup.java:36)
	at no.hvl.dat110.middleware.Node.findSuccessor(Node.java:130)
	at no.hvl.dat110.chordoperations.ChordLookup.findSuccessor(ChordLookup.java:36)
	at no.hvl.dat110.middleware.Node.findSuccessor(Node.java:130)
	at no.hvl.dat110.chordoperations.ChordLookup.findSuccessor(ChordLookup.java:36)
	at no.hvl.dat110.middleware.Node.findSuccessor(Node.java:130)
	at no.hvl.dat110.chordoperations.ChordLookup.findSuccessor(ChordLookup.java:36)
	at no.hvl.dat110.middleware.Node.findSuccessor(Node.java:130)
	at no.hvl.dat110.chordoperations.ChordLookup.findSuccessor(ChordLookup.java:36)
	at no.hvl.dat110.middleware.Node.findSuccessor(Node.java:130)
	at no.hvl.dat110.chordoperations.ChordLookup.findSuccessor(ChordLookup.java:36)
	at no.hvl.dat110.middleware.Node.findSuccessor(Node.java:130)
	at no.hvl.dat110.chordoperations.ChordLookup.findSuccessor(ChordLookup.java:36)
	at no.hvl.dat110.middleware.Node.findSuccessor(Node.java:130)
	at no.hvl.dat110.chordoperations.ChordLookup.findSuccessor(ChordLookup.java:36)
	at no.hvl.dat110.middleware.Node.findSuccessor(Node.java:130)
	at no.hvl.dat110.chordoperations.ChordLookup.findSuccessor(ChordLookup.java:36)
	at no.hvl.dat110.middleware.Node.findSuccessor(Node.java:130)
	at no.hvl.dat110.chordoperations.ChordLookup.findSuccessor(ChordLookup.java:36)
	at no.hvl.dat110.middleware.Node.findSuccessor(Node.java:130)
	at no.hvl.dat110.chordoperations.ChordLookup.findSuccessor(ChordLookup.java:36)
	at no.hvl.dat110.middleware.Node.findSuccessor(Node.java:130)
	at no.hvl.dat110.chordoperations.ChordLookup.findSuccessor(ChordLookup.java:36)
	at no.hvl.dat110.middleware.Node.findSuccessor(Node.java:130)
	at no.hvl.dat110.chordoperations.ChordLookup.findSuccessor(ChordLookup.java:36)
	at no.hvl.dat110.middleware.Node.findSuccessor(Node.java:130)
	at no.hvl.dat110.chordoperations.ChordLookup.findSuccessor(ChordLookup.java:36)
	at no.hvl.dat110.middleware.Node.findSuccessor(Node.java:130)
	at no.hvl.dat110.chordoperations.ChordLookup.findSuccessor(ChordLookup.java:36)
	at no.hvl.dat110.middleware.Node.findSuccessor(Node.java:130)
	at no.hvl.dat110.chordoperations.ChordLookup.findSuccessor(ChordLookup.java:36)
	at no.hvl.dat110.middleware.Node.findSuccessor(Node.java:130)
	at no.hvl.dat110.chordoperations.ChordLookup.findSuccessor(ChordLookup.java:36)
	at no.hvl.dat110.middleware.Node.findSuccessor(Node.java:130)
	at no.hvl.dat110.chordoperations.ChordLookup.findSuccessor(ChordLookup.java:36)
	at no.hvl.dat110.middleware.Node.findSuccessor(Node.java:130)
	at no.hvl.dat110.chordoperations.ChordLookup.findSuccessor(ChordLookup.java:36)
	at no.hvl.dat110.middleware.Node.findSuccessor(Node.java:130)
	at no.hvl.dat110.chordoperations.ChordLookup.findSuccessor(ChordLookup.java:36)
	at no.hvl.dat110.middleware.Node.findSuccessor(Node.java:130)
	at no.hvl.dat110.chordoperations.ChordLookup.findSuccessor(ChordLookup.java:36)
	at no.hvl.dat110.middleware.Node.findSuccessor(Node.java:130)
	at no.hvl.dat110.chordoperations.ChordLookup.findSuccessor(ChordLookup.java:36)
	at no.hvl.dat110.middleware.Node.findSuccessor(Node.java:130)
	at no.hvl.dat110.chordoperations.ChordLookup.findSuccessor(ChordLookup.java:36)
	at no.hvl.dat110.middleware.Node.findSuccessor(Node.java:130)
	at no.hvl.dat110.chordoperations.ChordLookup.findSuccessor(ChordLookup.java:36)
	at no.hvl.dat110.middleware.Node.findSuccessor(Node.java:130)
	at no.hvl.dat110.chordoperations.ChordLookup.findSuccessor(ChordLookup.java:36)
	at no.hvl.dat110.middleware.Node.findSuccessor(Node.java:130)
	at no.hvl.dat110.chordoperations.ChordLookup.findSuccessor(ChordLookup.java:36)
	at no.hvl.dat110.middleware.Node.findSuccessor(Node.java:130)
	at no.hvl.dat110.chordoperations.ChordLookup.findSuccessor(ChordLookup.java:36)
	at no.hvl.dat110.middleware.Node.findSuccessor(Node.java:130)
	at no.hvl.dat110.chordoperations.ChordLookup.findSuccessor(ChordLookup.java:36)
	at no.hvl.dat110.middleware.Node.findSuccessor(Node.java:130)
	at no.hvl.dat110.chordoperations.ChordLookup.findSuccessor(ChordLookup.java:36)
	at no.hvl.dat110.middleware.Node.findSuccessor(Node.java:130)
	at no.hvl.dat110.chordoperations.ChordLookup.findSuccessor(ChordLookup.java:36)
	at no.hvl.dat110.middleware.Node.findSuccessor(Node.java:130)
	at no.hvl.dat110.chordoperations.ChordLookup.findSuccessor(ChordLookup.java:36)
	at no.hvl.dat110.middleware.Node.findSuccessor(Node.java:130)
	at no.hvl.dat110.chordoperations.ChordLookup.findSuccessor(ChordLookup.java:36)
	at no.hvl.dat110.middleware.Node.findSuccessor(Node.java:130)
	at no.hvl.dat110.chordoperations.ChordLookup.findSuccessor(ChordLookup.java:36)
	at no.hvl.dat110.middleware.Node.findSuccessor(Node.java:130)
	at no.hvl.dat110.chordoperations.ChordLookup.findSuccessor(ChordLookup.java:36)
	at no.hvl.dat110.middleware.Node.findSuccessor(Node.java:130)
	at no.hvl.dat110.chordoperations.ChordLookup.findSuccessor(ChordLookup.java:36)
	at no.hvl.dat110.middleware.Node.findSuccessor(Node.java:130)
	at no.hvl.dat110.chordoperations.ChordLookup.findSuccessor(ChordLookup.java:36)
	at no.hvl.dat110.middleware.Node.findSuccessor(Node.java:130)
	at no.hvl.dat110.chordoperations.ChordLookup.findSuccessor(ChordLookup.java:36)
	at no.hvl.dat110.middleware.Node.findSuccessor(Node.java:130)
	at no.hvl.dat110.chordoperations.ChordLookup.findSuccessor(ChordLookup.java:36)
	at no.hvl.dat110.middleware.Node.findSuccessor(Node.java:130)
	at no.hvl.dat110.chordoperations.ChordLookup.findSuccessor(ChordLookup.java:36)
	at no.hvl.dat110.middleware.Node.findSuccessor(Node.java:130)
	at no.hvl.dat110.chordoperations.ChordLookup.findSuccessor(ChordLookup.java:36)
	at no.hvl.dat110.middleware.Node.findSuccessor(Node.java:130)
	at no.hvl.dat110.chordoperations.ChordLookup.findSuccessor(ChordLookup.java:36)
	at no.hvl.dat110.middleware.Node.findSuccessor(Node.java:130)
	at no.hvl.dat110.chordoperations.ChordLookup.findSuccessor(ChordLookup.java:36)
	at no.hvl.dat110.middleware.Node.findSuccessor(Node.java:130)
	at no.hvl.dat110.chordoperations.ChordLookup.findSuccessor(ChordLookup.java:36)
	at no.hvl.dat110.middleware.Node.findSuccessor(Node.java:130)
	at no.hvl.dat110.chordoperations.ChordLookup.findSuccessor(ChordLookup.java:36)
	at no.hvl.dat110.middleware.Node.findSuccessor(Node.java:130)
	at no.hvl.dat110.chordoperations.ChordLookup.findSuccessor(ChordLookup.java:36)
	at no.hvl.dat110.middleware.Node.findSuccessor(Node.java:130)
	at no.hvl.dat110.chordoperations.ChordLookup.findSuccessor(ChordLookup.java:36)
	at no.hvl.dat110.middleware.Node.findSuccessor(Node.java:130)
	at no.hvl.dat110.chordoperations.ChordLookup.findSuccessor(ChordLookup.java:36)
	at no.hvl.dat110.middleware.Node.findSuccessor(Node.java:130)
	at no.hvl.dat110.chordoperations.ChordLookup.findSuccessor(ChordLookup.java:36)
	at no.hvl.dat110.middleware.Node.findSuccessor(Node.java:130)
	at no.hvl.dat110.chordoperations.ChordLookup.findSuccessor(ChordLookup.java:36)
	at no.hvl.dat110.middleware.Node.findSuccessor(Node.java:130)
	at no.hvl.dat110.chordoperations.ChordLookup.findSuccessor(ChordLookup.java:36)
	at no.hvl.dat110.middleware.Node.findSuccessor(Node.java:130)
	at no.hvl.dat110.chordoperations.ChordLookup.findSuccessor(ChordLookup.java:36)
	at no.hvl.dat110.middleware.Node.findSuccessor(Node.java:130)
	at no.hvl.dat110.chordoperations.ChordLookup.findSuccessor(ChordLookup.java:36)
	at no.hvl.dat110.middleware.Node.findSuccessor(Node.java:130)
	at no.hvl.dat110.chordoperations.ChordLookup.findSuccessor(ChordLookup.java:36)
	at no.hvl.dat110.middleware.Node.findSuccessor(Node.java:130)
	at no.hvl.dat110.chordoperations.ChordLookup.findSuccessor(ChordLookup.java:36)
	at no.hvl.dat110.middleware.Node.findSuccessor(Node.java:130)
	at no.hvl.dat110.chordoperations.ChordLookup.findSuccessor(ChordLookup.java:36)
	at no.hvl.dat110.middleware.Node.findSuccessor(Node.java:130)
	at no.hvl.dat110.chordoperations.ChordLookup.findSuccessor(ChordLookup.java:36)
	at no.hvl.dat110.middleware.Node.findSuccessor(Node.java:130)
	at no.hvl.dat110.chordoperations.ChordLookup.findSuccessor(ChordLookup.java:36)
	at no.hvl.dat110.middleware.Node.findSuccessor(Node.java:130)
	at no.hvl.dat110.chordoperations.ChordLookup.findSuccessor(ChordLookup.java:36)
	at no.hvl.dat110.middleware.Node.findSuccessor(Node.java:130)
	at no.hvl.dat110.chordoperations.ChordLookup.findSuccessor(ChordLookup.java:36)
	at no.hvl.dat110.middleware.Node.findSuccessor(Node.java:130)
	at no.hvl.dat110.chordoperations.ChordLookup.findSuccessor(ChordLookup.java:36)
	at no.hvl.dat110.middleware.Node.findSuccessor(Node.java:130)
	at no.hvl.dat110.chordoperations.ChordLookup.findSuccessor(ChordLookup.java:36)
	at no.hvl.dat110.middleware.Node.findSuccessor(Node.java:130)
	at no.hvl.dat110.chordoperations.ChordLookup.findSuccessor(ChordLookup.java:36)
	at no.hvl.dat110.middleware.Node.findSuccessor(Node.java:130)
	at no.hvl.dat110.chordoperations.ChordLookup.findSuccessor(ChordLookup.java:36)
	at no.hvl.dat110.middleware.Node.findSuccessor(Node.java:130)
	at no.hvl.dat110.chordoperations.ChordLookup.findSuccessor(ChordLookup.java:36)
	at no.hvl.dat110.middleware.Node.findSuccessor(Node.java:130)
	at no.hvl.dat110.chordoperations.ChordLookup.findSuccessor(ChordLookup.java:36)
	at no.hvl.dat110.middleware.Node.findSuccessor(Node.java:130)
	at no.hvl.dat110.chordoperations.ChordLookup.findSuccessor(ChordLookup.java:36)
	at no.hvl.dat110.middleware.Node.findSuccessor(Node.java:130)
	at no.hvl.dat110.chordoperations.ChordLookup.findSuccessor(ChordLookup.java:36)
	at no.hvl.dat110.middleware.Node.findSuccessor(Node.java:130)
	at no.hvl.dat110.chordoperations.ChordLookup.findSuccessor(ChordLookup.java:36)
	at no.hvl.dat110.middleware.Node.findSuccessor(Node.java:130)
	at no.hvl.dat110.chordoperations.ChordLookup.findSuccessor(ChordLookup.java:36)
	at no.hvl.dat110.middleware.Node.findSuccessor(Node.java:130)
	at no.hvl.dat110.chordoperations.ChordLookup.findSuccessor(ChordLookup.java:36)
	at no.hvl.dat110.middleware.Node.findSuccessor(Node.java:130)
	at no.hvl.dat110.chordoperations.ChordLookup.findSuccessor(ChordLookup.java:36)
	at no.hvl.dat110.middleware.Node.findSuccessor(Node.java:130)
	at no.hvl.dat110.chordoperations.ChordLookup.findSuccessor(ChordLookup.java:36)
	at no.hvl.dat110.middleware.Node.findSuccessor(Node.java:130)
	at no.hvl.dat110.chordoperations.ChordLookup.findSuccessor(ChordLookup.java:36)
	at no.hvl.dat110.middleware.Node.findSuccessor(Node.java:130)
	at no.hvl.dat110.chordoperations.ChordLookup.findSuccessor(ChordLookup.java:36)
	at no.hvl.dat110.middleware.Node.findSuccessor(Node.java:130)
	at no.hvl.dat110.chordoperations.ChordLookup.findSuccessor(ChordLookup.java:36)
	at no.hvl.dat110.middleware.Node.findSuccessor(Node.java:130)
	at no.hvl.dat110.chordoperations.ChordLookup.findSuccessor(ChordLookup.java:36)
	at no.hvl.dat110.middleware.Node.findSuccessor(Node.java:130)
	at no.hvl.dat110.chordoperations.ChordLookup.findSuccessor(ChordLookup.java:36)
	at no.hvl.dat110.middleware.Node.findSuccessor(Node.java:130)
	at no.hvl.dat110.chordoperations.ChordLookup.findSuccessor(ChordLookup.java:36)
	at no.hvl.dat110.middleware.Node.findSuccessor(Node.java:130)
	at no.hvl.dat110.chordoperations.ChordLookup.findSuccessor(ChordLookup.java:36)
	at no.hvl.dat110.middleware.Node.findSuccessor(Node.java:130)
	at no.hvl.dat110.chordoperations.ChordLookup.findSuccessor(ChordLookup.java:36)
	at no.hvl.dat110.middleware.Node.findSuccessor(Node.java:130)
	at no.hvl.dat110.chordoperations.ChordLookup.findSuccessor(ChordLookup.java:36)
	at no.hvl.dat110.middleware.Node.findSuccessor(Node.java:130)
	at no.hvl.dat110.chordoperations.ChordLookup.findSuccessor(ChordLookup.java:36)
	at no.hvl.dat110.middleware.Node.findSuccessor(Node.java:130)
	at no.hvl.dat110.chordoperations.ChordLookup.findSuccessor(ChordLookup.java:36)
	at no.hvl.dat110.middleware.Node.findSuccessor(Node.java:130)
	at no.hvl.dat110.chordoperations.ChordLookup.findSuccessor(ChordLookup.java:36)
	at no.hvl.dat110.middleware.Node.findSuccessor(Node.java:130)
	at no.hvl.dat110.chordoperations.ChordLookup.findSuccessor(ChordLookup.java:36)
	at no.hvl.dat110.middleware.Node.findSuccessor(Node.java:130)
	at no.hvl.dat110.chordoperations.ChordLookup.findSuccessor(ChordLookup.java:36)
	at no.hvl.dat110.middleware.Node.findSuccessor(Node.java:130)
	at no.hvl.dat110.chordoperations.ChordLookup.findSuccessor(ChordLookup.java:36)
	at no.hvl.dat110.middleware.Node.findSuccessor(Node.java:130)
	at no.hvl.dat110.chordoperations.ChordLookup.findSuccessor(ChordLookup.java:36)
	at no.hvl.dat110.middleware.Node.findSuccessor(Node.java:130)
	at no.hvl.dat110.chordoperations.ChordLookup.findSuccessor(ChordLookup.java:36)
	at no.hvl.dat110.middleware.Node.findSuccessor(Node.java:130)
	at no.hvl.dat110.chordoperations.ChordLookup.findSuccessor(ChordLookup.java:36)
	at no.hvl.dat110.middleware.Node.findSuccessor(Node.java:130)
	at no.hvl.dat110.chordoperations.ChordLookup.findSuccessor(ChordLookup.java:36)
	at no.hvl.dat110.middleware.Node.findSuccessor(Node.java:130)
	at no.hvl.dat110.chordoperations.ChordLookup.findSuccessor(ChordLookup.java:36)
	at no.hvl.dat110.middleware.Node.findSuccessor(Node.java:130)
	at no.hvl.dat110.chordoperations.ChordLookup.findSuccessor(ChordLookup.java:36)
	at no.hvl.dat110.middleware.Node.findSuccessor(Node.java:130)
	at no.hvl.dat110.chordoperations.ChordLookup.findSuccessor(ChordLookup.java:36)
	at no.hvl.dat110.middleware.Node.findSuccessor(Node.java:130)
	at no.hvl.dat110.chordoperations.ChordLookup.findSuccessor(ChordLookup.java:36)
	at no.hvl.dat110.middleware.Node.findSuccessor(Node.java:130)
	at no.hvl.dat110.chordoperations.ChordLookup.findSuccessor(ChordLookup.java:36)
	at no.hvl.dat110.middleware.Node.findSuccessor(Node.java:130)
	at no.hvl.dat110.chordoperations.ChordLookup.findSuccessor(ChordLookup.java:36)
	at no.hvl.dat110.middleware.Node.findSuccessor(Node.java:130)
	at no.hvl.dat110.chordoperations.ChordLookup.findSuccessor(ChordLookup.java:36)
	at no.hvl.dat110.middleware.Node.findSuccessor(Node.java:130)
	at no.hvl.dat110.chordoperations.ChordLookup.findSuccessor(ChordLookup.java:36)
	at no.hvl.dat110.middleware.Node.findSuccessor(Node.java:130)
	at no.hvl.dat110.chordoperations.ChordLookup.findSuccessor(ChordLookup.java:36)
	at no.hvl.dat110.middleware.Node.findSuccessor(Node.java:130)
	at no.hvl.dat110.chordoperations.ChordLookup.findSuccessor(ChordLookup.java:36)
	at no.hvl.dat110.middleware.Node.findSuccessor(Node.java:130)
	at no.hvl.dat110.chordoperations.ChordLookup.findSuccessor(ChordLookup.java:36)
	at no.hvl.dat110.middleware.Node.findSuccessor(Node.java:130)
	at no.hvl.dat110.chordoperations.ChordLookup.findSuccessor(ChordLookup.java:36)
	at no.hvl.dat110.middleware.Node.findSuccessor(Node.java:130)
	at no.hvl.dat110.chordoperations.ChordLookup.findSuccessor(ChordLookup.java:36)
	at no.hvl.dat110.middleware.Node.findSuccessor(Node.java:130)
	at no.hvl.dat110.chordoperations.ChordLookup.findSuccessor(ChordLookup.java:36)
	at no.hvl.dat110.middleware.Node.findSuccessor(Node.java:130)
	at no.hvl.dat110.chordoperations.ChordLookup.findSuccessor(ChordLookup.java:36)
	at no.hvl.dat110.middleware.Node.findSuccessor(Node.java:130)
	at no.hvl.dat110.chordoperations.ChordLookup.findSuccessor(ChordLookup.java:36)
	at no.hvl.dat110.middleware.Node.findSuccessor(Node.java:130)
	at no.hvl.dat110.chordoperations.ChordLookup.findSuccessor(ChordLookup.java:36)
	at no.hvl.dat110.middleware.Node.findSuccessor(Node.java:130)
	at no.hvl.dat110.chordoperations.ChordLookup.findSuccessor(ChordLookup.java:36)
	at no.hvl.dat110.middleware.Node.findSuccessor(Node.java:130)
	at no.hvl.dat110.chordoperations.ChordLookup.findSuccessor(ChordLookup.java:36)
	at no.hvl.dat110.middleware.Node.findSuccessor(Node.java:130)
	at no.hvl.dat110.chordoperations.ChordLookup.findSuccessor(ChordLookup.java:36)
	at no.hvl.dat110.middleware.Node.findSuccessor(Node.java:130)
	at no.hvl.dat110.chordoperations.ChordLookup.findSuccessor(ChordLookup.java:36)
	at no.hvl.dat110.middleware.Node.findSuccessor(Node.java:130)
	at no.hvl.dat110.chordoperations.ChordLookup.findSuccessor(ChordLookup.java:36)
	at no.hvl.dat110.middleware.Node.findSuccessor(Node.java:130)
	at no.hvl.dat110.chordoperations.ChordLookup.findSuccessor(ChordLookup.java:36)
	at no.hvl.dat110.middleware.Node.findSuccessor(Node.java:130)
	at no.hvl.dat110.chordoperations.ChordLookup.findSuccessor(ChordLookup.java:36)
	at no.hvl.dat110.middleware.Node.findSuccessor(Node.java:130)
	at no.hvl.dat110.chordoperations.ChordLookup.findSuccessor(ChordLookup.java:36)
	at no.hvl.dat110.middleware.Node.findSuccessor(Node.java:130)
	at no.hvl.dat110.chordoperations.ChordLookup.findSuccessor(ChordLookup.java:36)
	at no.hvl.dat110.middleware.Node.findSuccessor(Node.java:130)
	at no.hvl.dat110.chordoperations.ChordLookup.findSuccessor(ChordLookup.java:36)
	at no.hvl.dat110.middleware.Node.findSuccessor(Node.java:130)
	at no.hvl.dat110.chordoperations.ChordLookup.findSuccessor(ChordLookup.java:36)
	at no.hvl.dat110.middleware.Node.findSuccessor(Node.java:130)
	at no.hvl.dat110.chordoperations.ChordLookup.findSuccessor(ChordLookup.java:36)
	at no.hvl.dat110.middleware.Node.findSuccessor(Node.java:130)
	at no.hvl.dat110.chordoperations.ChordLookup.findSuccessor(ChordLookup.java:36)
	at no.hvl.dat110.middleware.Node.findSuccessor(Node.java:130)
	at no.hvl.dat110.chordoperations.ChordLookup.findSuccessor(ChordLookup.java:36)
	at no.hvl.dat110.middleware.Node.findSuccessor(Node.java:130)
	at no.hvl.dat110.chordoperations.ChordLookup.findSuccessor(ChordLookup.java:36)
	at no.hvl.dat110.middleware.Node.findSuccessor(Node.java:130)
	at no.hvl.dat110.chordoperations.ChordLookup.findSuccessor(ChordLookup.java:36)
	at no.hvl.dat110.middleware.Node.findSuccessor(Node.java:130)
	at no.hvl.dat110.chordoperations.ChordLookup.findSuccessor(ChordLookup.java:36)
	at no.hvl.dat110.middleware.Node.findSuccessor(Node.java:130)
	at no.hvl.dat110.chordoperations.ChordLookup.findSuccessor(ChordLookup.java:36)
	at no.hvl.dat110.middleware.Node.findSuccessor(Node.java:130)
	at no.hvl.dat110.chordoperations.ChordLookup.findSuccessor(ChordLookup.java:36)
	at no.hvl.dat110.middleware.Node.findSuccessor(Node.java:130)
	at no.hvl.dat110.chordoperations.ChordLookup.findSuccessor(ChordLookup.java:36)
Exception in thread "Timer-1" java.lang.StackOverflowError
	at no.hvl.dat110.middleware.Node.findSuccessor(Node.java:130)
	at no.hvl.dat110.chordoperations.ChordLookup.findSuccessor(ChordLookup.java:36)
	at no.hvl.dat110.middleware.Node.findSuccessor(Node.java:130)
	at no.hvl.dat110.chordoperations.ChordLookup.findSuccessor(ChordLookup.java:36)
	at no.hvl.dat110.middleware.Node.findSuccessor(Node.java:130)
	at no.hvl.dat110.chordoperations.ChordLookup.findSuccessor(ChordLookup.java:36)
	at no.hvl.dat110.middleware.Node.findSuccessor(Node.java:130)
	at no.hvl.dat110.chordoperations.ChordLookup.findSuccessor(ChordLookup.java:36)
	at no.hvl.dat110.middleware.Node.findSuccessor(Node.java:130)
	at no.hvl.dat110.chordoperations.ChordLookup.findSuccessor(ChordLookup.java:36)
	at no.hvl.dat110.middleware.Node.findSuccessor(Node.java:130)
	at no.hvl.dat110.chordoperations.ChordLookup.findSuccessor(ChordLookup.java:36)
	at no.hvl.dat110.middleware.Node.findSuccessor(Node.java:130)
	at no.hvl.dat110.chordoperations.ChordLookup.findSuccessor(ChordLookup.java:36)
	at no.hvl.dat110.middleware.Node.findSuccessor(Node.java:130)
	at no.hvl.dat110.chordoperations.ChordLookup.findSuccessor(ChordLookup.java:36)
	at no.hvl.dat110.middleware.Node.findSuccessor(Node.java:130)
	at no.hvl.dat110.chordoperations.ChordLookup.findSuccessor(ChordLookup.java:36)
	at no.hvl.dat110.middleware.Node.findSuccessor(Node.java:130)
	at no.hvl.dat110.chordoperations.ChordLookup.findSuccessor(ChordLookup.java:36)
	at no.hvl.dat110.middleware.Node.findSuccessor(Node.java:130)
	at no.hvl.dat110.chordoperations.ChordLookup.findSuccessor(ChordLookup.java:36)
	at no.hvl.dat110.middleware.Node.findSuccessor(Node.java:130)
	at no.hvl.dat110.chordoperations.ChordLookup.findSuccessor(ChordLookup.java:36)
	at no.hvl.dat110.middleware.Node.findSuccessor(Node.java:130)
	at no.hvl.dat110.chordoperations.ChordLookup.findSuccessor(ChordLookup.java:36)
	at no.hvl.dat110.middleware.Node.findSuccessor(Node.java:130)
	at no.hvl.dat110.chordoperations.ChordLookup.findSuccessor(ChordLookup.java:36)
	at no.hvl.dat110.middleware.Node.findSuccessor(Node.java:130)
	at no.hvl.dat110.chordoperations.ChordLookup.findSuccessor(ChordLookup.java:36)
	at no.hvl.dat110.middleware.Node.findSuccessor(Node.java:130)
	at no.hvl.dat110.chordoperations.ChordLookup.findSuccessor(ChordLookup.java:36)
	at no.hvl.dat110.middleware.Node.findSuccessor(Node.java:130)
	at no.hvl.dat110.chordoperations.ChordLookup.findSuccessor(ChordLookup.java:36)
	at no.hvl.dat110.middleware.Node.findSuccessor(Node.java:130)
	at no.hvl.dat110.chordoperations.ChordLookup.findSuccessor(ChordLookup.java:36)
	at no.hvl.dat110.middleware.Node.findSuccessor(Node.java:130)
	at no.hvl.dat110.chordoperations.ChordLookup.findSuccessor(ChordLookup.java:36)
	at no.hvl.dat110.middleware.Node.findSuccessor(Node.java:130)
	at no.hvl.dat110.chordoperations.ChordLookup.findSuccessor(ChordLookup.java:36)
	at no.hvl.dat110.middleware.Node.findSuccessor(Node.java:130)
	at no.hvl.dat110.chordoperations.ChordLookup.findSuccessor(ChordLookup.java:36)
	at no.hvl.dat110.middleware.Node.findSuccessor(Node.java:130)
	at no.hvl.dat110.chordoperations.ChordLookup.findSuccessor(ChordLookup.java:36)
	at no.hvl.dat110.middleware.Node.findSuccessor(Node.java:130)
	at no.hvl.dat110.chordoperations.ChordLookup.findSuccessor(ChordLookup.java:36)
	at no.hvl.dat110.middleware.Node.findSuccessor(Node.java:130)
	at no.hvl.dat110.chordoperations.ChordLookup.findSuccessor(ChordLookup.java:36)
	at no.hvl.dat110.middleware.Node.findSuccessor(Node.java:130)
	at no.hvl.dat110.chordoperations.ChordLookup.findSuccessor(ChordLookup.java:36)
	at no.hvl.dat110.middleware.Node.findSuccessor(Node.java:130)
	at no.hvl.dat110.chordoperations.ChordLookup.findSuccessor(ChordLookup.java:36)
	at no.hvl.dat110.middleware.Node.findSuccessor(Node.java:130)
	at no.hvl.dat110.chordoperations.ChordLookup.findSuccessor(ChordLookup.java:36)
	at no.hvl.dat110.middleware.Node.findSuccessor(Node.java:130)
	at no.hvl.dat110.chordoperations.ChordLookup.findSuccessor(ChordLookup.java:36)
	at no.hvl.dat110.middleware.Node.findSuccessor(Node.java:130)
	at no.hvl.dat110.chordoperations.ChordLookup.findSuccessor(ChordLookup.java:36)
	at no.hvl.dat110.middleware.Node.findSuccessor(Node.java:130)
	at no.hvl.dat110.chordoperations.ChordLookup.findSuccessor(ChordLookup.java:36)
	at no.hvl.dat110.middleware.Node.findSuccessor(Node.java:130)
	at no.hvl.dat110.chordoperations.ChordLookup.findSuccessor(ChordLookup.java:36)
	at no.hvl.dat110.middleware.Node.findSuccessor(Node.java:130)
	at no.hvl.dat110.chordoperations.ChordLookup.findSuccessor(ChordLookup.java:36)
	at no.hvl.dat110.middleware.Node.findSuccessor(Node.java:130)
	at no.hvl.dat110.chordoperations.ChordLookup.findSuccessor(ChordLookup.java:36)
	at no.hvl.dat110.middleware.Node.findSuccessor(Node.java:130)
	at no.hvl.dat110.chordoperations.ChordLookup.findSuccessor(ChordLookup.java:36)
	at no.hvl.dat110.middleware.Node.findSuccessor(Node.java:130)
	at no.hvl.dat110.chordoperations.ChordLookup.findSuccessor(ChordLookup.java:36)
	at no.hvl.dat110.middleware.Node.findSuccessor(Node.java:130)
	at no.hvl.dat110.chordoperations.ChordLookup.findSuccessor(ChordLookup.java:36)
	at no.hvl.dat110.middleware.Node.findSuccessor(Node.java:130)
	at no.hvl.dat110.chordoperations.ChordLookup.findSuccessor(ChordLookup.java:36)
	at no.hvl.dat110.middleware.Node.findSuccessor(Node.java:130)
	at no.hvl.dat110.chordoperations.ChordLookup.findSuccessor(ChordLookup.java:36)
	at no.hvl.dat110.middleware.Node.findSuccessor(Node.java:130)
	at no.hvl.dat110.chordoperations.ChordLookup.findSuccessor(ChordLookup.java:36)
	at no.hvl.dat110.middleware.Node.findSuccessor(Node.java:130)
	at no.hvl.dat110.chordoperations.ChordLookup.findSuccessor(ChordLookup.java:36)
	at no.hvl.dat110.middleware.Node.findSuccessor(Node.java:130)
	at no.hvl.dat110.chordoperations.ChordLookup.findSuccessor(ChordLookup.java:36)
	at no.hvl.dat110.middleware.Node.findSuccessor(Node.java:130)
	at no.hvl.dat110.chordoperations.ChordLookup.findSuccessor(ChordLookup.java:36)
	at no.hvl.dat110.middleware.Node.findSuccessor(Node.java:130)
	at no.hvl.dat110.chordoperations.ChordLookup.findSuccessor(ChordLookup.java:36)
	at no.hvl.dat110.middleware.Node.findSuccessor(Node.java:130)
	at no.hvl.dat110.chordoperations.ChordLookup.findSuccessor(ChordLookup.java:36)
	at no.hvl.dat110.middleware.Node.findSuccessor(Node.java:130)
	at no.hvl.dat110.chordoperations.ChordLookup.findSuccessor(ChordLookup.java:36)
	at no.hvl.dat110.middleware.Node.findSuccessor(Node.java:130)
	at no.hvl.dat110.chordoperations.ChordLookup.findSuccessor(ChordLookup.java:36)
	at no.hvl.dat110.middleware.Node.findSuccessor(Node.java:130)
	at no.hvl.dat110.chordoperations.ChordLookup.findSuccessor(ChordLookup.java:36)
	at no.hvl.dat110.middleware.Node.findSuccessor(Node.java:130)
	at no.hvl.dat110.chordoperations.ChordLookup.findSuccessor(ChordLookup.java:36)
	at no.hvl.dat110.middleware.Node.findSuccessor(Node.java:130)
	at no.hvl.dat110.chordoperations.ChordLookup.findSuccessor(ChordLookup.java:36)
	at no.hvl.dat110.middleware.Node.findSuccessor(Node.java:130)
	at no.hvl.dat110.chordoperations.ChordLookup.findSuccessor(ChordLookup.java:36)
	at no.hvl.dat110.middleware.Node.findSuccessor(Node.java:130)
	at no.hvl.dat110.chordoperations.ChordLookup.findSuccessor(ChordLookup.java:36)
	at no.hvl.dat110.middleware.Node.findSuccessor(Node.java:130)
	at no.hvl.dat110.chordoperations.ChordLookup.findSuccessor(ChordLookup.java:36)
	at no.hvl.dat110.middleware.Node.findSuccessor(Node.java:130)
	at no.hvl.dat110.chordoperations.ChordLookup.findSuccessor(ChordLookup.java:36)
	at no.hvl.dat110.middleware.Node.findSuccessor(Node.java:130)
	at no.hvl.dat110.chordoperations.ChordLookup.findSuccessor(ChordLookup.java:36)
	at no.hvl.dat110.middleware.Node.findSuccessor(Node.java:130)
	at no.hvl.dat110.chordoperations.ChordLookup.findSuccessor(ChordLookup.java:36)
	at no.hvl.dat110.middleware.Node.findSuccessor(Node.java:130)
	at no.hvl.dat110.chordoperations.ChordLookup.findSuccessor(ChordLookup.java:36)
	at no.hvl.dat110.middleware.Node.findSuccessor(Node.java:130)
	at no.hvl.dat110.chordoperations.ChordLookup.findSuccessor(ChordLookup.java:36)
	at no.hvl.dat110.middleware.Node.findSuccessor(Node.java:130)
	at no.hvl.dat110.chordoperations.ChordLookup.findSuccessor(ChordLookup.java:36)
	at no.hvl.dat110.middleware.Node.findSuccessor(Node.java:130)
	at no.hvl.dat110.chordoperations.ChordLookup.findSuccessor(ChordLookup.java:36)
	at no.hvl.dat110.middleware.Node.findSuccessor(Node.java:130)
	at no.hvl.dat110.chordoperations.ChordLookup.findSuccessor(ChordLookup.java:36)
	at no.hvl.dat110.middleware.Node.findSuccessor(Node.java:130)
	at no.hvl.dat110.chordoperations.ChordLookup.findSuccessor(ChordLookup.java:36)
	at no.hvl.dat110.middleware.Node.findSuccessor(Node.java:130)
	at no.hvl.dat110.chordoperations.ChordLookup.findSuccessor(ChordLookup.java:36)
	at no.hvl.dat110.middleware.Node.findSuccessor(Node.java:130)
	at no.hvl.dat110.chordoperations.ChordLookup.findSuccessor(ChordLookup.java:36)
	at no.hvl.dat110.middleware.Node.findSuccessor(Node.java:130)
	at no.hvl.dat110.chordoperations.ChordLookup.findSuccessor(ChordLookup.java:36)
	at no.hvl.dat110.middleware.Node.findSuccessor(Node.java:130)
	at no.hvl.dat110.chordoperations.ChordLookup.findSuccessor(ChordLookup.java:36)
	at no.hvl.dat110.middleware.Node.findSuccessor(Node.java:130)
	at no.hvl.dat110.chordoperations.ChordLookup.findSuccessor(ChordLookup.java:36)
	at no.hvl.dat110.middleware.Node.findSuccessor(Node.java:130)
	at no.hvl.dat110.chordoperations.ChordLookup.findSuccessor(ChordLookup.java:36)
	at no.hvl.dat110.middleware.Node.findSuccessor(Node.java:130)
	at no.hvl.dat110.chordoperations.ChordLookup.findSuccessor(ChordLookup.java:36)
	at no.hvl.dat110.middleware.Node.findSuccessor(Node.java:130)
	at no.hvl.dat110.chordoperations.ChordLookup.findSuccessor(ChordLookup.java:36)
	at no.hvl.dat110.middleware.Node.findSuccessor(Node.java:130)
	at no.hvl.dat110.chordoperations.ChordLookup.findSuccessor(ChordLookup.java:36)
	at no.hvl.dat110.middleware.Node.findSuccessor(Node.java:130)
	at no.hvl.dat110.chordoperations.ChordLookup.findSuccessor(ChordLookup.java:36)
	at no.hvl.dat110.middleware.Node.findSuccessor(Node.java:130)
	at no.hvl.dat110.chordoperations.ChordLookup.findSuccessor(ChordLookup.java:36)
	at no.hvl.dat110.middleware.Node.findSuccessor(Node.java:130)
	at no.hvl.dat110.chordoperations.ChordLookup.findSuccessor(ChordLookup.java:36)
	at no.hvl.dat110.middleware.Node.findSuccessor(Node.java:130)
	at no.hvl.dat110.chordoperations.ChordLookup.findSuccessor(ChordLookup.java:36)
	at no.hvl.dat110.middleware.Node.findSuccessor(Node.java:130)
	at no.hvl.dat110.chordoperations.ChordLookup.findSuccessor(ChordLookup.java:36)
	at no.hvl.dat110.middleware.Node.findSuccessor(Node.java:130)
	at no.hvl.dat110.chordoperations.ChordLookup.findSuccessor(ChordLookup.java:36)
	at no.hvl.dat110.middleware.Node.findSuccessor(Node.java:130)
	at no.hvl.dat110.chordoperations.ChordLookup.findSuccessor(ChordLookup.java:36)
	at no.hvl.dat110.middleware.Node.findSuccessor(Node.java:130)
	at no.hvl.dat110.chordoperations.ChordLookup.findSuccessor(ChordLookup.java:36)
	at no.hvl.dat110.middleware.Node.findSuccessor(Node.java:130)
	at no.hvl.dat110.chordoperations.ChordLookup.findSuccessor(ChordLookup.java:36)
	at no.hvl.dat110.middleware.Node.findSuccessor(Node.java:130)
	at no.hvl.dat110.chordoperations.ChordLookup.findSuccessor(ChordLookup.java:36)
	at no.hvl.dat110.middleware.Node.findSuccessor(Node.java:130)
	at no.hvl.dat110.chordoperations.ChordLookup.findSuccessor(ChordLookup.java:36)
	at no.hvl.dat110.middleware.Node.findSuccessor(Node.java:130)
	at no.hvl.dat110.chordoperations.ChordLookup.findSuccessor(ChordLookup.java:36)
	at no.hvl.dat110.middleware.Node.findSuccessor(Node.java:130)
	at no.hvl.dat110.chordoperations.ChordLookup.findSuccessor(ChordLookup.java:36)
	at no.hvl.dat110.middleware.Node.findSuccessor(Node.java:130)
	at no.hvl.dat110.chordoperations.ChordLookup.findSuccessor(ChordLookup.java:36)
	at no.hvl.dat110.middleware.Node.findSuccessor(Node.java:130)
	at no.hvl.dat110.chordoperations.ChordLookup.findSuccessor(ChordLookup.java:36)
	at no.hvl.dat110.middleware.Node.findSuccessor(Node.java:130)
	at no.hvl.dat110.chordoperations.ChordLookup.findSuccessor(ChordLookup.java:36)
	at no.hvl.dat110.middleware.Node.findSuccessor(Node.java:130)
	at no.hvl.dat110.chordoperations.ChordLookup.findSuccessor(ChordLookup.java:36)
	at no.hvl.dat110.middleware.Node.findSuccessor(Node.java:130)
	at no.hvl.dat110.chordoperations.ChordLookup.findSuccessor(ChordLookup.java:36)
	at no.hvl.dat110.middleware.Node.findSuccessor(Node.java:130)
	at no.hvl.dat110.chordoperations.ChordLookup.findSuccessor(ChordLookup.java:36)
	at no.hvl.dat110.middleware.Node.findSuccessor(Node.java:130)
	at no.hvl.dat110.chordoperations.ChordLookup.findSuccessor(ChordLookup.java:36)
	at no.hvl.dat110.middleware.Node.findSuccessor(Node.java:130)
	at no.hvl.dat110.chordoperations.ChordLookup.findSuccessor(ChordLookup.java:36)
	at no.hvl.dat110.middleware.Node.findSuccessor(Node.java:130)
	at no.hvl.dat110.chordoperations.ChordLookup.findSuccessor(ChordLookup.java:36)
	at no.hvl.dat110.middleware.Node.findSuccessor(Node.java:130)
	at no.hvl.dat110.chordoperations.ChordLookup.findSuccessor(ChordLookup.java:36)
	at no.hvl.dat110.middleware.Node.findSuccessor(Node.java:130)
	at no.hvl.dat110.chordoperations.ChordLookup.findSuccessor(ChordLookup.java:36)
	at no.hvl.dat110.middleware.Node.findSuccessor(Node.java:130)
	at no.hvl.dat110.chordoperations.ChordLookup.findSuccessor(ChordLookup.java:36)
	at no.hvl.dat110.middleware.Node.findSuccessor(Node.java:130)
	at no.hvl.dat110.chordoperations.ChordLookup.findSuccessor(ChordLookup.java:36)
	at no.hvl.dat110.middleware.Node.findSuccessor(Node.java:130)
	at no.hvl.dat110.chordoperations.ChordLookup.findSuccessor(ChordLookup.java:36)
	at no.hvl.dat110.middleware.Node.findSuccessor(Node.java:130)
	at no.hvl.dat110.chordoperations.ChordLookup.findSuccessor(ChordLookup.java:36)
	at no.hvl.dat110.middleware.Node.findSuccessor(Node.java:130)
	at no.hvl.dat110.chordoperations.ChordLookup.findSuccessor(ChordLookup.java:36)
	at no.hvl.dat110.middleware.Node.findSuccessor(Node.java:130)
	at no.hvl.dat110.chordoperations.ChordLookup.findSuccessor(ChordLookup.java:36)
	at no.hvl.dat110.middleware.Node.findSuccessor(Node.java:130)
	at no.hvl.dat110.chordoperations.ChordLookup.findSuccessor(ChordLookup.java:36)
	at no.hvl.dat110.middleware.Node.findSuccessor(Node.java:130)
	at no.hvl.dat110.chordoperations.ChordLookup.findSuccessor(ChordLookup.java:36)
	at no.hvl.dat110.middleware.Node.findSuccessor(Node.java:130)
	at no.hvl.dat110.chordoperations.ChordLookup.findSuccessor(ChordLookup.java:36)
	at no.hvl.dat110.middleware.Node.findSuccessor(Node.java:130)
	at no.hvl.dat110.chordoperations.ChordLookup.findSuccessor(ChordLookup.java:36)
	at no.hvl.dat110.middleware.Node.findSuccessor(Node.java:130)
	at no.hvl.dat110.chordoperations.ChordLookup.findSuccessor(ChordLookup.java:36)
	at no.hvl.dat110.middleware.Node.findSuccessor(Node.java:130)
	at no.hvl.dat110.chordoperations.ChordLookup.findSuccessor(ChordLookup.java:36)
	at no.hvl.dat110.middleware.Node.findSuccessor(Node.java:130)
	at no.hvl.dat110.chordoperations.ChordLookup.findSuccessor(ChordLookup.java:36)
	at no.hvl.dat110.middleware.Node.findSuccessor(Node.java:130)
	at no.hvl.dat110.chordoperations.ChordLookup.findSuccessor(ChordLookup.java:36)
	at no.hvl.dat110.middleware.Node.findSuccessor(Node.java:130)
	at no.hvl.dat110.chordoperations.ChordLookup.findSuccessor(ChordLookup.java:36)
	at no.hvl.dat110.middleware.Node.findSuccessor(Node.java:130)
	at no.hvl.dat110.chordoperations.ChordLookup.findSuccessor(ChordLookup.java:36)
	at no.hvl.dat110.middleware.Node.findSuccessor(Node.java:130)
	at no.hvl.dat110.chordoperations.ChordLookup.findSuccessor(ChordLookup.java:36)
	at no.hvl.dat110.middleware.Node.findSuccessor(Node.java:130)
	at no.hvl.dat110.chordoperations.ChordLookup.findSuccessor(ChordLookup.java:36)
	at no.hvl.dat110.middleware.Node.findSuccessor(Node.java:130)
	at no.hvl.dat110.chordoperations.ChordLookup.findSuccessor(ChordLookup.java:36)
	at no.hvl.dat110.middleware.Node.findSuccessor(Node.java:130)
	at no.hvl.dat110.chordoperations.ChordLookup.findSuccessor(ChordLookup.java:36)
	at no.hvl.dat110.middleware.Node.findSuccessor(Node.java:130)
	at no.hvl.dat110.chordoperations.ChordLookup.findSuccessor(ChordLookup.java:36)
	at no.hvl.dat110.middleware.Node.findSuccessor(Node.java:130)
	at no.hvl.dat110.chordoperations.ChordLookup.findSuccessor(ChordLookup.java:36)
	at no.hvl.dat110.middleware.Node.findSuccessor(Node.java:130)
	at no.hvl.dat110.chordoperations.ChordLookup.findSuccessor(ChordLookup.java:36)
	at no.hvl.dat110.middleware.Node.findSuccessor(Node.java:130)
	at no.hvl.dat110.chordoperations.ChordLookup.findSuccessor(ChordLookup.java:36)
	at no.hvl.dat110.middleware.Node.findSuccessor(Node.java:130)
	at no.hvl.dat110.chordoperations.ChordLookup.findSuccessor(ChordLookup.java:36)
	at no.hvl.dat110.middleware.Node.findSuccessor(Node.java:130)
	at no.hvl.dat110.chordoperations.ChordLookup.findSuccessor(ChordLookup.java:36)
	at no.hvl.dat110.middleware.Node.findSuccessor(Node.java:130)
	at no.hvl.dat110.chordoperations.ChordLookup.findSuccessor(ChordLookup.java:36)
	at no.hvl.dat110.middleware.Node.findSuccessor(Node.java:130)
	at no.hvl.dat110.chordoperations.ChordLookup.findSuccessor(ChordLookup.java:36)
	at no.hvl.dat110.middleware.Node.findSuccessor(Node.java:130)
	at no.hvl.dat110.chordoperations.ChordLookup.findSuccessor(ChordLookup.java:36)
	at no.hvl.dat110.middleware.Node.findSuccessor(Node.java:130)
	at no.hvl.dat110.chordoperations.ChordLookup.findSuccessor(ChordLookup.java:36)
	at no.hvl.dat110.middleware.Node.findSuccessor(Node.java:130)
	at no.hvl.dat110.chordoperations.ChordLookup.findSuccessor(ChordLookup.java:36)
	at no.hvl.dat110.middleware.Node.findSuccessor(Node.java:130)
	at no.hvl.dat110.chordoperations.ChordLookup.findSuccessor(ChordLookup.java:36)
	at no.hvl.dat110.middleware.Node.findSuccessor(Node.java:130)
	at no.hvl.dat110.chordoperations.ChordLookup.findSuccessor(ChordLookup.java:36)
	at no.hvl.dat110.middleware.Node.findSuccessor(Node.java:130)
	at no.hvl.dat110.chordoperations.ChordLookup.findSuccessor(ChordLookup.java:36)
	at no.hvl.dat110.middleware.Node.findSuccessor(Node.java:130)
	at no.hvl.dat110.chordoperations.ChordLookup.findSuccessor(ChordLookup.java:36)
	at no.hvl.dat110.middleware.Node.findSuccessor(Node.java:130)
	at no.hvl.dat110.chordoperations.ChordLookup.findSuccessor(ChordLookup.java:36)
	at no.hvl.dat110.middleware.Node.findSuccessor(Node.java:130)
	at no.hvl.dat110.chordoperations.ChordLookup.findSuccessor(ChordLookup.java:36)
	at no.hvl.dat110.middleware.Node.findSuccessor(Node.java:130)
	at no.hvl.dat110.chordoperations.ChordLookup.findSuccessor(ChordLookup.java:36)
	at no.hvl.dat110.middleware.Node.findSuccessor(Node.java:130)
	at no.hvl.dat110.chordoperations.ChordLookup.findSuccessor(ChordLookup.java:36)
	at no.hvl.dat110.middleware.Node.findSuccessor(Node.java:130)
	at no.hvl.dat110.chordoperations.ChordLookup.findSuccessor(ChordLookup.java:36)
	at no.hvl.dat110.middleware.Node.findSuccessor(Node.java:130)
	at no.hvl.dat110.chordoperations.ChordLookup.findSuccessor(ChordLookup.java:36)
	at no.hvl.dat110.middleware.Node.findSuccessor(Node.java:130)
	at no.hvl.dat110.chordoperations.ChordLookup.findSuccessor(ChordLookup.java:36)
	at no.hvl.dat110.middleware.Node.findSuccessor(Node.java:130)
	at no.hvl.dat110.chordoperations.ChordLookup.findSuccessor(ChordLookup.java:36)
	at no.hvl.dat110.middleware.Node.findSuccessor(Node.java:130)
	at no.hvl.dat110.chordoperations.ChordLookup.findSuccessor(ChordLookup.java:36)
	at no.hvl.dat110.middleware.Node.findSuccessor(Node.java:130)
	at no.hvl.dat110.chordoperations.ChordLookup.findSuccessor(ChordLookup.java:36)
	at no.hvl.dat110.middleware.Node.findSuccessor(Node.java:130)
	at no.hvl.dat110.chordoperations.ChordLookup.findSuccessor(ChordLookup.java:36)
	at no.hvl.dat110.middleware.Node.findSuccessor(Node.java:130)
	at no.hvl.dat110.chordoperations.ChordLookup.findSuccessor(ChordLookup.java:36)
	at no.hvl.dat110.middleware.Node.findSuccessor(Node.java:130)
	at no.hvl.dat110.chordoperations.ChordLookup.findSuccessor(ChordLookup.java:36)
	at no.hvl.dat110.middleware.Node.findSuccessor(Node.java:130)
	at no.hvl.dat110.chordoperations.ChordLookup.findSuccessor(ChordLookup.java:36)
	at no.hvl.dat110.middleware.Node.findSuccessor(Node.java:130)
	at no.hvl.dat110.chordoperations.ChordLookup.findSuccessor(ChordLookup.java:36)
	at no.hvl.dat110.middleware.Node.findSuccessor(Node.java:130)
	at no.hvl.dat110.chordoperations.ChordLookup.findSuccessor(ChordLookup.java:36)
	at no.hvl.dat110.middleware.Node.findSuccessor(Node.java:130)
	at no.hvl.dat110.chordoperations.ChordLookup.findSuccessor(ChordLookup.java:36)
	at no.hvl.dat110.middleware.Node.findSuccessor(Node.java:130)
	at no.hvl.dat110.chordoperations.ChordLookup.findSuccessor(ChordLookup.java:36)
	at no.hvl.dat110.middleware.Node.findSuccessor(Node.java:130)
	at no.hvl.dat110.chordoperations.ChordLookup.findSuccessor(ChordLookup.java:36)
	at no.hvl.dat110.middleware.Node.findSuccessor(Node.java:130)
	at no.hvl.dat110.chordoperations.ChordLookup.findSuccessor(ChordLookup.java:36)
	at no.hvl.dat110.middleware.Node.findSuccessor(Node.java:130)
	at no.hvl.dat110.chordoperations.ChordLookup.findSuccessor(ChordLookup.java:36)
	at no.hvl.dat110.middleware.Node.findSuccessor(Node.java:130)
	at no.hvl.dat110.chordoperations.ChordLookup.findSuccessor(ChordLookup.java:36)
	at no.hvl.dat110.middleware.Node.findSuccessor(Node.java:130)
	at no.hvl.dat110.chordoperations.ChordLookup.findSuccessor(ChordLookup.java:36)
	at no.hvl.dat110.middleware.Node.findSuccessor(Node.java:130)
	at no.hvl.dat110.chordoperations.ChordLookup.findSuccessor(ChordLookup.java:36)
	at no.hvl.dat110.middleware.Node.findSuccessor(Node.java:130)
	at no.hvl.dat110.chordoperations.ChordLookup.findSuccessor(ChordLookup.java:36)
	at no.hvl.dat110.middleware.Node.findSuccessor(Node.java:130)
	at no.hvl.dat110.chordoperations.ChordLookup.findSuccessor(ChordLookup.java:36)
	at no.hvl.dat110.middleware.Node.findSuccessor(Node.java:130)
	at no.hvl.dat110.chordoperations.ChordLookup.findSuccessor(ChordLookup.java:36)
	at no.hvl.dat110.middleware.Node.findSuccessor(Node.java:130)
	at no.hvl.dat110.chordoperations.ChordLookup.findSuccessor(ChordLookup.java:36)
	at no.hvl.dat110.middleware.Node.findSuccessor(Node.java:130)
	at no.hvl.dat110.chordoperations.ChordLookup.findSuccessor(ChordLookup.java:36)
	at no.hvl.dat110.middleware.Node.findSuccessor(Node.java:130)
	at no.hvl.dat110.chordoperations.ChordLookup.findSuccessor(ChordLookup.java:36)
	at no.hvl.dat110.middleware.Node.findSuccessor(Node.java:130)
	at no.hvl.dat110.chordoperations.ChordLookup.findSuccessor(ChordLookup.java:36)
	at no.hvl.dat110.middleware.Node.findSuccessor(Node.java:130)
	at no.hvl.dat110.chordoperations.ChordLookup.findSuccessor(ChordLookup.java:36)
	at no.hvl.dat110.middleware.Node.findSuccessor(Node.java:130)
	at no.hvl.dat110.chordoperations.ChordLookup.findSuccessor(ChordLookup.java:36)
	at no.hvl.dat110.middleware.Node.findSuccessor(Node.java:130)
	at no.hvl.dat110.chordoperations.ChordLookup.findSuccessor(ChordLookup.java:36)
	at no.hvl.dat110.middleware.Node.findSuccessor(Node.java:130)
	at no.hvl.dat110.chordoperations.ChordLookup.findSuccessor(ChordLookup.java:36)
	at no.hvl.dat110.middleware.Node.findSuccessor(Node.java:130)
	at no.hvl.dat110.chordoperations.ChordLookup.findSuccessor(ChordLookup.java:36)
	at no.hvl.dat110.middleware.Node.findSuccessor(Node.java:130)
	at no.hvl.dat110.chordoperations.ChordLookup.findSuccessor(ChordLookup.java:36)
	at no.hvl.dat110.middleware.Node.findSuccessor(Node.java:130)
	at no.hvl.dat110.chordoperations.ChordLookup.findSuccessor(ChordLookup.java:36)
	at no.hvl.dat110.middleware.Node.findSuccessor(Node.java:130)
	at no.hvl.dat110.chordoperations.ChordLookup.findSuccessor(ChordLookup.java:36)
	at no.hvl.dat110.middleware.Node.findSuccessor(Node.java:130)
	at no.hvl.dat110.chordoperations.ChordLookup.findSuccessor(ChordLookup.java:36)
	at no.hvl.dat110.middleware.Node.findSuccessor(Node.java:130)
	at no.hvl.dat110.chordoperations.ChordLookup.findSuccessor(ChordLookup.java:36)
	at no.hvl.dat110.middleware.Node.findSuccessor(Node.java:130)
	at no.hvl.dat110.chordoperations.ChordLookup.findSuccessor(ChordLookup.java:36)
	at no.hvl.dat110.middleware.Node.findSuccessor(Node.java:130)
	at no.hvl.dat110.chordoperations.ChordLookup.findSuccessor(ChordLookup.java:36)
	at no.hvl.dat110.middleware.Node.findSuccessor(Node.java:130)
	at no.hvl.dat110.chordoperations.ChordLookup.findSuccessor(ChordLookup.java:36)
	at no.hvl.dat110.middleware.Node.findSuccessor(Node.java:130)
	at no.hvl.dat110.chordoperations.ChordLookup.findSuccessor(ChordLookup.java:36)
	at no.hvl.dat110.middleware.Node.findSuccessor(Node.java:130)
	at no.hvl.dat110.chordoperations.ChordLookup.findSuccessor(ChordLookup.java:36)
	at no.hvl.dat110.middleware.Node.findSuccessor(Node.java:130)
	at no.hvl.dat110.chordoperations.ChordLookup.findSuccessor(ChordLookup.java:36)
	at no.hvl.dat110.middleware.Node.findSuccessor(Node.java:130)
	at no.hvl.dat110.chordoperations.ChordLookup.findSuccessor(ChordLookup.java:36)
	at no.hvl.dat110.middleware.Node.findSuccessor(Node.java:130)
	at no.hvl.dat110.chordoperations.ChordLookup.findSuccessor(ChordLookup.java:36)
	at no.hvl.dat110.middleware.Node.findSuccessor(Node.java:130)
	at no.hvl.dat110.chordoperations.ChordLookup.findSuccessor(ChordLookup.java:36)
	at no.hvl.dat110.middleware.Node.findSuccessor(Node.java:130)
	at no.hvl.dat110.chordoperations.ChordLookup.findSuccessor(ChordLookup.java:36)
	at no.hvl.dat110.middleware.Node.findSuccessor(Node.java:130)
	at no.hvl.dat110.chordoperations.ChordLookup.findSuccessor(ChordLookup.java:36)
	at no.hvl.dat110.middleware.Node.findSuccessor(Node.java:130)
	at no.hvl.dat110.chordoperations.ChordLookup.findSuccessor(ChordLookup.java:36)
	at no.hvl.dat110.middleware.Node.findSuccessor(Node.java:130)
	at no.hvl.dat110.chordoperations.ChordLookup.findSuccessor(ChordLookup.java:36)
	at no.hvl.dat110.middleware.Node.findSuccessor(Node.java:130)
	at no.hvl.dat110.chordoperations.ChordLookup.findSuccessor(ChordLookup.java:36)
	at no.hvl.dat110.middleware.Node.findSuccessor(Node.java:130)
	at no.hvl.dat110.chordoperations.ChordLookup.findSuccessor(ChordLookup.java:36)
	at no.hvl.dat110.middleware.Node.findSuccessor(Node.java:130)
	at no.hvl.dat110.chordoperations.ChordLookup.findSuccessor(ChordLookup.java:36)
	at no.hvl.dat110.middleware.Node.findSuccessor(Node.java:130)
	at no.hvl.dat110.chordoperations.ChordLookup.findSuccessor(ChordLookup.java:36)
	at no.hvl.dat110.middleware.Node.findSuccessor(Node.java:130)
	at no.hvl.dat110.chordoperations.ChordLookup.findSuccessor(ChordLookup.java:36)
	at no.hvl.dat110.middleware.Node.findSuccessor(Node.java:130)
	at no.hvl.dat110.chordoperations.ChordLookup.findSuccessor(ChordLookup.java:36)
	at no.hvl.dat110.middleware.Node.findSuccessor(Node.java:130)
	at no.hvl.dat110.chordoperations.ChordLookup.findSuccessor(ChordLookup.java:36)
	at no.hvl.dat110.middleware.Node.findSuccessor(Node.java:130)
	at no.hvl.dat110.chordoperations.ChordLookup.findSuccessor(ChordLookup.java:36)
	at no.hvl.dat110.middleware.Node.findSuccessor(Node.java:130)
	at no.hvl.dat110.chordoperations.ChordLookup.findSuccessor(ChordLookup.java:36)
	at no.hvl.dat110.middleware.Node.findSuccessor(Node.java:130)
	at no.hvl.dat110.chordoperations.ChordLookup.findSuccessor(ChordLookup.java:36)
	at no.hvl.dat110.middleware.Node.findSuccessor(Node.java:130)
	at no.hvl.dat110.chordoperations.ChordLookup.findSuccessor(ChordLookup.java:36)
	at no.hvl.dat110.middleware.Node.findSuccessor(Node.java:130)
	at no.hvl.dat110.chordoperations.ChordLookup.findSuccessor(ChordLookup.java:36)
	at no.hvl.dat110.middleware.Node.findSuccessor(Node.java:130)
	at no.hvl.dat110.chordoperations.ChordLookup.findSuccessor(ChordLookup.java:36)
	at no.hvl.dat110.middleware.Node.findSuccessor(Node.java:130)
	at no.hvl.dat110.chordoperations.ChordLookup.findSuccessor(ChordLookup.java:36)
	at no.hvl.dat110.middleware.Node.findSuccessor(Node.java:130)
	at no.hvl.dat110.chordoperations.ChordLookup.findSuccessor(ChordLookup.java:36)
	at no.hvl.dat110.middleware.Node.findSuccessor(Node.java:130)
	at no.hvl.dat110.chordoperations.ChordLookup.findSuccessor(ChordLookup.java:36)
	at no.hvl.dat110.middleware.Node.findSuccessor(Node.java:130)
	at no.hvl.dat110.chordoperations.ChordLookup.findSuccessor(ChordLookup.java:36)
	at no.hvl.dat110.middleware.Node.findSuccessor(Node.java:130)
	at no.hvl.dat110.chordoperations.ChordLookup.findSuccessor(ChordLookup.java:36)
	at no.hvl.dat110.middleware.Node.findSuccessor(Node.java:130)
	at no.hvl.dat110.chordoperations.ChordLookup.findSuccessor(ChordLookup.java:36)
	at no.hvl.dat110.middleware.Node.findSuccessor(Node.java:130)
	at no.hvl.dat110.chordoperations.ChordLookup.findSuccessor(ChordLookup.java:36)
	at no.hvl.dat110.middleware.Node.findSuccessor(Node.java:130)
	at no.hvl.dat110.chordoperations.ChordLookup.findSuccessor(ChordLookup.java:36)
	at no.hvl.dat110.middleware.Node.findSuccessor(Node.java:130)
	at no.hvl.dat110.chordoperations.ChordLookup.findSuccessor(ChordLookup.java:36)
	at no.hvl.dat110.middleware.Node.findSuccessor(Node.java:130)
	at no.hvl.dat110.chordoperations.ChordLookup.findSuccessor(ChordLookup.java:36)
	at no.hvl.dat110.middleware.Node.findSuccessor(Node.java:130)
	at no.hvl.dat110.chordoperations.ChordLookup.findSuccessor(ChordLookup.java:36)
	at no.hvl.dat110.middleware.Node.findSuccessor(Node.java:130)
	at no.hvl.dat110.chordoperations.ChordLookup.findSuccessor(ChordLookup.java:36)
	at no.hvl.dat110.middleware.Node.findSuccessor(Node.java:130)
	at no.hvl.dat110.chordoperations.ChordLookup.findSuccessor(ChordLookup.java:36)
	at no.hvl.dat110.middleware.Node.findSuccessor(Node.java:130)
	at no.hvl.dat110.chordoperations.ChordLookup.findSuccessor(ChordLookup.java:36)
	at no.hvl.dat110.middleware.Node.findSuccessor(Node.java:130)
	at no.hvl.dat110.chordoperations.ChordLookup.findSuccessor(ChordLookup.java:36)
	at no.hvl.dat110.middleware.Node.findSuccessor(Node.java:130)
	at no.hvl.dat110.chordoperations.ChordLookup.findSuccessor(ChordLookup.java:36)
	at no.hvl.dat110.middleware.Node.findSuccessor(Node.java:130)
	at no.hvl.dat110.chordoperations.ChordLookup.findSuccessor(ChordLookup.java:36)
	at no.hvl.dat110.middleware.Node.findSuccessor(Node.java:130)
	at no.hvl.dat110.chordoperations.ChordLookup.findSuccessor(ChordLookup.java:36)
	at no.hvl.dat110.middleware.Node.findSuccessor(Node.java:130)
	at no.hvl.dat110.chordoperations.ChordLookup.findSuccessor(ChordLookup.java:36)
	at no.hvl.dat110.middleware.Node.findSuccessor(Node.java:130)
	at no.hvl.dat110.chordoperations.ChordLookup.findSuccessor(ChordLookup.java:36)
	at no.hvl.dat110.middleware.Node.findSuccessor(Node.java:130)
	at no.hvl.dat110.chordoperations.ChordLookup.findSuccessor(ChordLookup.java:36)
	at no.hvl.dat110.middleware.Node.findSuccessor(Node.java:130)
	at no.hvl.dat110.chordoperations.ChordLookup.findSuccessor(ChordLookup.java:36)
	at no.hvl.dat110.middleware.Node.findSuccessor(Node.java:130)
	at no.hvl.dat110.chordoperations.ChordLookup.findSuccessor(ChordLookup.java:36)
	at no.hvl.dat110.middleware.Node.findSuccessor(Node.java:130)
	at no.hvl.dat110.chordoperations.ChordLookup.findSuccessor(ChordLookup.java:36)
	at no.hvl.dat110.middleware.Node.findSuccessor(Node.java:130)
	at no.hvl.dat110.chordoperations.ChordLookup.findSuccessor(ChordLookup.java:36)
	at no.hvl.dat110.middleware.Node.findSuccessor(Node.java:130)
	at no.hvl.dat110.chordoperations.ChordLookup.findSuccessor(ChordLookup.java:36)
	at no.hvl.dat110.middleware.Node.findSuccessor(Node.java:130)
	at no.hvl.dat110.chordoperations.ChordLookup.findSuccessor(ChordLookup.java:36)
	at no.hvl.dat110.middleware.Node.findSuccessor(Node.java:130)
	at no.hvl.dat110.chordoperations.ChordLookup.findSuccessor(ChordLookup.java:36)
	at no.hvl.dat110.middleware.Node.findSuccessor(Node.java:130)
	at no.hvl.dat110.chordoperations.ChordLookup.findSuccessor(ChordLookup.java:36)
	at no.hvl.dat110.middleware.Node.findSuccessor(Node.java:130)
	at no.hvl.dat110.chordoperations.ChordLookup.findSuccessor(ChordLookup.java:36)
	at no.hvl.dat110.middleware.Node.findSuccessor(Node.java:130)
	at no.hvl.dat110.chordoperations.ChordLookup.findSuccessor(ChordLookup.java:36)
	at no.hvl.dat110.middleware.Node.findSuccessor(Node.java:130)
	at no.hvl.dat110.chordoperations.ChordLookup.findSuccessor(ChordLookup.java:36)
	at no.hvl.dat110.middleware.Node.findSuccessor(Node.java:130)
	at no.hvl.dat110.chordoperations.ChordLookup.findSuccessor(ChordLookup.java:36)
	at no.hvl.dat110.middleware.Node.findSuccessor(Node.java:130)
	at no.hvl.dat110.chordoperations.ChordLookup.findSuccessor(ChordLookup.java:36)
	at no.hvl.dat110.middleware.Node.findSuccessor(Node.java:130)
	at no.hvl.dat110.chordoperations.ChordLookup.findSuccessor(ChordLookup.java:36)
	at no.hvl.dat110.middleware.Node.findSuccessor(Node.java:130)
	at no.hvl.dat110.chordoperations.ChordLookup.findSuccessor(ChordLookup.java:36)
	at no.hvl.dat110.middleware.Node.findSuccessor(Node.java:130)
	at no.hvl.dat110.chordoperations.ChordLookup.findSuccessor(ChordLookup.java:36)
	at no.hvl.dat110.middleware.Node.findSuccessor(Node.java:130)
	at no.hvl.dat110.chordoperations.ChordLookup.findSuccessor(ChordLookup.java:36)
	at no.hvl.dat110.middleware.Node.findSuccessor(Node.java:130)
	at no.hvl.dat110.chordoperations.ChordLookup.findSuccessor(ChordLookup.java:36)
	at no.hvl.dat110.middleware.Node.findSuccessor(Node.java:130)
	at no.hvl.dat110.chordoperations.ChordLookup.findSuccessor(ChordLookup.java:36)
	at no.hvl.dat110.middleware.Node.findSuccessor(Node.java:130)
	at no.hvl.dat110.chordoperations.ChordLookup.findSuccessor(ChordLookup.java:36)
	at no.hvl.dat110.middleware.Node.findSuccessor(Node.java:130)
	at no.hvl.dat110.chordoperations.ChordLookup.findSuccessor(ChordLookup.java:36)
	at no.hvl.dat110.middleware.Node.findSuccessor(Node.java:130)
	at no.hvl.dat110.chordoperations.ChordLookup.findSuccessor(ChordLookup.java:36)
	at no.hvl.dat110.middleware.Node.findSuccessor(Node.java:130)
	at no.hvl.dat110.chordoperations.ChordLookup.findSuccessor(ChordLookup.java:36)
	at no.hvl.dat110.middleware.Node.findSuccessor(Node.java:130)
	at no.hvl.dat110.chordoperations.ChordLookup.findSuccessor(ChordLookup.java:36)
	at no.hvl.dat110.middleware.Node.findSuccessor(Node.java:130)
	at no.hvl.dat110.chordoperations.ChordLookup.findSuccessor(ChordLookup.java:36)
	at no.hvl.dat110.middleware.Node.findSuccessor(Node.java:130)
	at no.hvl.dat110.chordoperations.ChordLookup.findSuccessor(ChordLookup.java:36)
	at no.hvl.dat110.middleware.Node.findSuccessor(Node.java:130)
	at no.hvl.dat110.chordoperations.ChordLookup.findSuccessor(ChordLookup.java:36)
	at no.hvl.dat110.middleware.Node.findSuccessor(Node.java:130)
	at no.hvl.dat110.chordoperations.ChordLookup.findSuccessor(ChordLookup.java:36)
	at no.hvl.dat110.middleware.Node.findSuccessor(Node.java:130)
	at no.hvl.dat110.chordoperations.ChordLookup.findSuccessor(ChordLookup.java:36)
	at no.hvl.dat110.middleware.Node.findSuccessor(Node.java:130)
	at no.hvl.dat110.chordoperations.ChordLookup.findSuccessor(ChordLookup.java:36)
	at no.hvl.dat110.middleware.Node.findSuccessor(Node.java:130)
	at no.hvl.dat110.chordoperations.ChordLookup.findSuccessor(ChordLookup.java:36)
	at no.hvl.dat110.middleware.Node.findSuccessor(Node.java:130)
	at no.hvl.dat110.chordoperations.ChordLookup.findSuccessor(ChordLookup.java:36)
	at no.hvl.dat110.middleware.Node.findSuccessor(Node.java:130)
	at no.hvl.dat110.chordoperations.ChordLookup.findSuccessor(ChordLookup.java:36)
	at no.hvl.dat110.middleware.Node.findSuccessor(Node.java:130)
	at no.hvl.dat110.chordoperations.ChordLookup.findSuccessor(ChordLookup.java:36)
	at no.hvl.dat110.middleware.Node.findSuccessor(Node.java:130)
	at no.hvl.dat110.chordoperations.ChordLookup.findSuccessor(ChordLookup.java:36)
	at no.hvl.dat110.middleware.Node.findSuccessor(Node.java:130)
	at no.hvl.dat110.chordoperations.ChordLookup.findSuccessor(ChordLookup.java:36)
	at no.hvl.dat110.middleware.Node.findSuccessor(Node.java:130)
	at no.hvl.dat110.chordoperations.ChordLookup.findSuccessor(ChordLookup.java:36)
	at no.hvl.dat110.middleware.Node.findSuccessor(Node.java:130)
	at no.hvl.dat110.chordoperations.ChordLookup.findSuccessor(ChordLookup.java:36)
	at no.hvl.dat110.middleware.Node.findSuccessor(Node.java:130)
	at no.hvl.dat110.chordoperations.ChordLookup.findSuccessor(ChordLookup.java:36)
	at no.hvl.dat110.middleware.Node.findSuccessor(Node.java:130)
	at no.hvl.dat110.chordoperations.ChordLookup.findSuccessor(ChordLookup.java:36)
	at no.hvl.dat110.middleware.Node.findSuccessor(Node.java:130)
	at no.hvl.dat110.chordoperations.ChordLookup.findSuccessor(ChordLookup.java:36)
	at no.hvl.dat110.middleware.Node.findSuccessor(Node.java:130)
	at no.hvl.dat110.chordoperations.ChordLookup.findSuccessor(ChordLookup.java:36)
	at no.hvl.dat110.middleware.Node.findSuccessor(Node.java:130)
	at no.hvl.dat110.chordoperations.ChordLookup.findSuccessor(ChordLookup.java:36)
	at no.hvl.dat110.middleware.Node.findSuccessor(Node.java:130)
	at no.hvl.dat110.chordoperations.ChordLookup.findSuccessor(ChordLookup.java:36)
	at no.hvl.dat110.middleware.Node.findSuccessor(Node.java:130)
	at no.hvl.dat110.chordoperations.ChordLookup.findSuccessor(ChordLookup.java:36)
	at no.hvl.dat110.middleware.Node.findSuccessor(Node.java:130)
	at no.hvl.dat110.chordoperations.ChordLookup.findSuccessor(ChordLookup.java:36)
	at no.hvl.dat110.middleware.Node.findSuccessor(Node.java:130)
	at no.hvl.dat110.chordoperations.ChordLookup.findSuccessor(ChordLookup.java:36)
	at no.hvl.dat110.middleware.Node.findSuccessor(Node.java:130)
	at no.hvl.dat110.chordoperations.ChordLookup.findSuccessor(ChordLookup.java:36)
	at no.hvl.dat110.middleware.Node.findSuccessor(Node.java:130)
	at no.hvl.dat110.chordoperations.ChordLookup.findSuccessor(ChordLookup.java:36)
	at no.hvl.dat110.middleware.Node.findSuccessor(Node.java:130)
	at no.hvl.dat110.chordoperations.ChordLookup.findSuccessor(ChordLookup.java:36)
	at no.hvl.dat110.middleware.Node.findSuccessor(Node.java:130)
	at no.hvl.dat110.chordoperations.ChordLookup.findSuccessor(ChordLookup.java:36)
	at no.hvl.dat110.middleware.Node.findSuccessor(Node.java:130)
	at no.hvl.dat110.chordoperations.ChordLookup.findSuccessor(ChordLookup.java:36)
	at no.hvl.dat110.middleware.Node.findSuccessor(Node.java:130)
	at no.hvl.dat110.chordoperations.ChordLookup.findSuccessor(ChordLookup.java:36)
	at no.hvl.dat110.middleware.Node.findSuccessor(Node.java:130)
	at no.hvl.dat110.chordoperations.ChordLookup.findSuccessor(ChordLookup.java:36)
	at no.hvl.dat110.middleware.Node.findSuccessor(Node.java:130)
	at no.hvl.dat110.chordoperations.ChordLookup.findSuccessor(ChordLookup.java:36)
	at no.hvl.dat110.middleware.Node.findSuccessor(Node.java:130)
	at no.hvl.dat110.chordoperations.ChordLookup.findSuccessor(ChordLookup.java:36)
	at no.hvl.dat110.middleware.Node.findSuccessor(Node.java:130)
	at no.hvl.dat110.chordoperations.ChordLookup.findSuccessor(ChordLookup.java:36)
	at no.hvl.dat110.middleware.Node.findSuccessor(Node.java:130)
	at no.hvl.dat110.chordoperations.ChordLookup.findSuccessor(ChordLookup.java:36)
	at no.hvl.dat110.middleware.Node.findSuccessor(Node.java:130)
	at no.hvl.dat110.chordoperations.ChordLookup.findSuccessor(ChordLookup.java:36)
	at no.hvl.dat110.middleware.Node.findSuccessor(Node.java:130)
	at no.hvl.dat110.chordoperations.ChordLookup.findSuccessor(ChordLookup.java:36)
	at no.hvl.dat110.middleware.Node.findSuccessor(Node.java:130)
	at no.hvl.dat110.chordoperations.ChordLookup.findSuccessor(ChordLookup.java:36)
	at no.hvl.dat110.middleware.Node.findSuccessor(Node.java:130)
	at no.hvl.dat110.chordoperations.ChordLookup.findSuccessor(ChordLookup.java:36)
	at no.hvl.dat110.middleware.Node.findSuccessor(Node.java:130)
	at no.hvl.dat110.chordoperations.ChordLookup.findSuccessor(ChordLookup.java:36)
	at no.hvl.dat110.middleware.Node.findSuccessor(Node.java:130)
	at no.hvl.dat110.chordoperations.ChordLookup.findSuccessor(ChordLookup.java:36)
	at no.hvl.dat110.middleware.Node.findSuccessor(Node.java:130)
	at no.hvl.dat110.chordoperations.ChordLookup.findSuccessor(ChordLookup.java:36)
	at no.hvl.dat110.middleware.Node.findSuccessor(Node.java:130)
	at no.hvl.dat110.chordoperations.ChordLookup.findSuccessor(ChordLookup.java:36)
	at no.hvl.dat110.middleware.Node.findSuccessor(Node.java:130)
	at no.hvl.dat110.chordoperations.ChordLookup.findSuccessor(ChordLookup.java:36)
	at no.hvl.dat110.middleware.Node.findSuccessor(Node.java:130)
	at no.hvl.dat110.chordoperations.ChordLookup.findSuccessor(ChordLookup.java:36)
	at no.hvl.dat110.middleware.Node.findSuccessor(Node.java:130)
	at no.hvl.dat110.chordoperations.ChordLookup.findSuccessor(ChordLookup.java:36)
	at no.hvl.dat110.middleware.Node.findSuccessor(Node.java:130)
	at no.hvl.dat110.chordoperations.ChordLookup.findSuccessor(ChordLookup.java:36)
	at no.hvl.dat110.middleware.Node.findSuccessor(Node.java:130)
	at no.hvl.dat110.chordoperations.ChordLookup.findSuccessor(ChordLookup.java:36)
	at no.hvl.dat110.middleware.Node.findSuccessor(Node.java:130)
	at no.hvl.dat110.chordoperations.ChordLookup.findSuccessor(ChordLookup.java:36)
	at no.hvl.dat110.middleware.Node.findSuccessor(Node.java:130)
	at no.hvl.dat110.chordoperations.ChordLookup.findSuccessor(ChordLookup.java:36)
	at no.hvl.dat110.middleware.Node.findSuccessor(Node.java:130)
	at no.hvl.dat110.chordoperations.ChordLookup.findSuccessor(ChordLookup.java:36)
	at no.hvl.dat110.middleware.Node.findSuccessor(Node.java:130)
	at no.hvl.dat110.chordoperations.ChordLookup.findSuccessor(ChordLookup.java:36)
	at no.hvl.dat110.middleware.Node.findSuccessor(Node.java:130)
	at no.hvl.dat110.chordoperations.ChordLookup.findSuccessor(ChordLookup.java:36)
	at no.hvl.dat110.middleware.Node.findSuccessor(Node.java:130)
	at no.hvl.dat110.chordoperations.ChordLookup.findSuccessor(ChordLookup.java:36)
	at no.hvl.dat110.middleware.Node.findSuccessor(Node.java:130)
	at no.hvl.dat110.chordoperations.ChordLookup.findSuccessor(ChordLookup.java:36)
	at no.hvl.dat110.middleware.Node.findSuccessor(Node.java:130)
	at no.hvl.dat110.chordoperations.ChordLookup.findSuccessor(ChordLookup.java:36)
	at no.hvl.dat110.middleware.Node.findSuccessor(Node.java:130)
	at no.hvl.dat110.chordoperations.ChordLookup.findSuccessor(ChordLookup.java:36)
	at no.hvl.dat110.middleware.Node.findSuccessor(Node.java:130)
	at no.hvl.dat110.chordoperations.ChordLookup.findSuccessor(ChordLookup.java:36)
	at no.hvl.dat110.middleware.Node.findSuccessor(Node.java:130)
	at no.hvl.dat110.chordoperations.ChordLookup.findSuccessor(ChordLookup.java:36)
	at no.hvl.dat110.middleware.Node.findSuccessor(Node.java:130)
	at no.hvl.dat110.chordoperations.ChordLookup.findSuccessor(ChordLookup.java:36)
	at no.hvl.dat110.middleware.Node.findSuccessor(Node.java:130)
	at no.hvl.dat110.chordoperations.ChordLookup.findSuccessor(ChordLookup.java:36)
	at no.hvl.dat110.middleware.Node.findSuccessor(Node.java:130)
	at no.hvl.dat110.chordoperations.ChordLookup.findSuccessor(ChordLookup.java:36)
	at no.hvl.dat110.middleware.Node.findSuccessor(Node.java:130)
	at no.hvl.dat110.chordoperations.ChordLookup.findSuccessor(ChordLookup.java:36)
	at no.hvl.dat110.middleware.Node.findSuccessor(Node.java:130)
	at no.hvl.dat110.chordoperations.ChordLookup.findSuccessor(ChordLookup.java:36)
	at no.hvl.dat110.middleware.Node.findSuccessor(Node.java:130)
	at no.hvl.dat110.chordoperations.ChordLookup.findSuccessor(ChordLookup.java:36)
	at no.hvl.dat110.middleware.Node.findSuccessor(Node.java:130)
	at no.hvl.dat110.chordoperations.ChordLookup.findSuccessor(ChordLookup.java:36)
	at no.hvl.dat110.middleware.Node.findSuccessor(Node.java:130)
	at no.hvl.dat110.chordoperations.ChordLookup.findSuccessor(ChordLookup.java:36)
	at no.hvl.dat110.middleware.Node.findSuccessor(Node.java:130)
	at no.hvl.dat110.chordoperations.ChordLookup.findSuccessor(ChordLookup.java:36)
	at no.hvl.dat110.middleware.Node.findSuccessor(Node.java:130)
	at no.hvl.dat110.chordoperations.ChordLookup.findSuccessor(ChordLookup.java:36)
	at no.hvl.dat110.middleware.Node.findSuccessor(Node.java:130)
	at no.hvl.dat110.chordoperations.ChordLookup.findSuccessor(ChordLookup.java:36)
	at no.hvl.dat110.middleware.Node.findSuccessor(Node.java:130)
	at no.hvl.dat110.chordoperations.ChordLookup.findSuccessor(ChordLookup.java:36)
	at no.hvl.dat110.middleware.Node.findSuccessor(Node.java:130)
	at no.hvl.dat110.chordoperations.ChordLookup.findSuccessor(ChordLookup.java:36)
	at no.hvl.dat110.middleware.Node.findSuccessor(Node.java:130)
	at no.hvl.dat110.chordoperations.ChordLookup.findSuccessor(ChordLookup.java:36)
	at no.hvl.dat110.middleware.Node.findSuccessor(Node.java:130)
	at no.hvl.dat110.chordoperations.ChordLookup.findSuccessor(ChordLookup.java:36)
	at no.hvl.dat110.middleware.Node.findSuccessor(Node.java:130)
	at no.hvl.dat110.chordoperations.ChordLookup.findSuccessor(ChordLookup.java:36)
	at no.hvl.dat110.middleware.Node.findSuccessor(Node.java:130)
	at no.hvl.dat110.chordoperations.ChordLookup.findSuccessor(ChordLookup.java:36)
	at no.hvl.dat110.middleware.Node.findSuccessor(Node.java:130)
	at no.hvl.dat110.chordoperations.ChordLookup.findSuccessor(ChordLookup.java:36)
	at no.hvl.dat110.middleware.Node.findSuccessor(Node.java:130)
	at no.hvl.dat110.chordoperations.ChordLookup.findSuccessor(ChordLookup.java:36)
	at no.hvl.dat110.middleware.Node.findSuccessor(Node.java:130)
	at no.hvl.dat110.chordoperations.ChordLookup.findSuccessor(ChordLookup.java:36)
	at no.hvl.dat110.middleware.Node.findSuccessor(Node.java:130)
	at no.hvl.dat110.chordoperations.ChordLookup.findSuccessor(ChordLookup.java:36)
	at no.hvl.dat110.middleware.Node.findSuccessor(Node.java:130)
	at no.hvl.dat110.chordoperations.ChordLookup.findSuccessor(ChordLookup.java:36)
	at no.hvl.dat110.middleware.Node.findSuccessor(Node.java:130)
	at no.hvl.dat110.chordoperations.ChordLookup.findSuccessor(ChordLookup.java:36)
	at no.hvl.dat110.middleware.Node.findSuccessor(Node.java:130)
	at no.hvl.dat110.chordoperations.ChordLookup.findSuccessor(ChordLookup.java:36)
	at no.hvl.dat110.middleware.Node.findSuccessor(Node.java:130)
	at no.hvl.dat110.chordoperations.ChordLookup.findSuccessor(ChordLookup.java:36)
	at no.hvl.dat110.middleware.Node.findSuccessor(Node.java:130)
	at no.hvl.dat110.chordoperations.ChordLookup.findSuccessor(ChordLookup.java:36)
	at no.hvl.dat110.middleware.Node.findSuccessor(Node.java:130)
	at no.hvl.dat110.chordoperations.ChordLookup.findSuccessor(ChordLookup.java:36)
	at no.hvl.dat110.middleware.Node.findSuccessor(Node.java:130)
	at no.hvl.dat110.chordoperations.ChordLookup.findSuccessor(ChordLookup.java:36)
	at no.hvl.dat110.middleware.Node.findSuccessor(Node.java:130)
	at no.hvl.dat110.chordoperations.ChordLookup.findSuccessor(ChordLookup.java:36)
	at no.hvl.dat110.middleware.Node.findSuccessor(Node.java:130)
	at no.hvl.dat110.chordoperations.ChordLookup.findSuccessor(ChordLookup.java:36)
	at no.hvl.dat110.middleware.Node.findSuccessor(Node.java:130)
	at no.hvl.dat110.chordoperations.ChordLookup.findSuccessor(ChordLookup.java:36)
	at no.hvl.dat110.middleware.Node.findSuccessor(Node.java:130)
	at no.hvl.dat110.chordoperations.ChordLookup.findSuccessor(ChordLookup.java:36)
	at no.hvl.dat110.middleware.Node.findSuccessor(Node.java:130)
	at no.hvl.dat110.chordoperations.ChordLookup.findSuccessor(ChordLookup.java:36)
	at no.hvl.dat110.middleware.Node.findSuccessor(Node.java:130)
	at no.hvl.dat110.chordoperations.ChordLookup.findSuccessor(ChordLookup.java:36)
	at no.hvl.dat110.middleware.Node.findSuccessor(Node.java:130)
	at no.hvl.dat110.chordoperations.ChordLookup.findSuccessor(ChordLookup.java:36)
	at no.hvl.dat110.middleware.Node.findSuccessor(Node.java:130)
	at no.hvl.dat110.chordoperations.ChordLookup.findSuccessor(ChordLookup.java:36)
	at no.hvl.dat110.middleware.Node.findSuccessor(Node.java:130)
	at no.hvl.dat110.chordoperations.ChordLookup.findSuccessor(ChordLookup.java:36)
	at no.hvl.dat110.middleware.Node.findSuccessor(Node.java:130)
	at no.hvl.dat110.chordoperations.ChordLookup.findSuccessor(ChordLookup.java:36)
	at no.hvl.dat110.middleware.Node.findSuccessor(Node.java:130)
	at no.hvl.dat110.chordoperations.ChordLookup.findSuccessor(ChordLookup.java:36)
	at no.hvl.dat110.middleware.Node.findSuccessor(Node.java:130)
	at no.hvl.dat110.chordoperations.ChordLookup.findSuccessor(ChordLookup.java:36)
	at no.hvl.dat110.middleware.Node.findSuccessor(Node.java:130)
	at no.hvl.dat110.chordoperations.ChordLookup.findSuccessor(ChordLookup.java:36)
	at no.hvl.dat110.middleware.Node.findSuccessor(Node.java:130)
	at no.hvl.dat110.chordoperations.ChordLookup.findSuccessor(ChordLookup.java:36)
	at no.hvl.dat110.middleware.Node.findSuccessor(Node.java:130)
	at no.hvl.dat110.chordoperations.ChordLookup.findSuccessor(ChordLookup.java:36)
	at no.hvl.dat110.middleware.Node.findSuccessor(Node.java:130)
	at no.hvl.dat110.chordoperations.ChordLookup.findSuccessor(ChordLookup.java:36)
	at no.hvl.dat110.middleware.Node.findSuccessor(Node.java:130)
	at no.hvl.dat110.chordoperations.ChordLookup.findSuccessor(ChordLookup.java:36)
	at no.hvl.dat110.middleware.Node.findSuccessor(Node.java:130)
	at no.hvl.dat110.chordoperations.ChordLookup.findSuccessor(ChordLookup.java:36)
	at no.hvl.dat110.middleware.Node.findSuccessor(Node.java:130)
	at no.hvl.dat110.chordoperations.ChordLookup.findSuccessor(ChordLookup.java:36)
	at no.hvl.dat110.middleware.Node.findSuccessor(Node.java:130)
	at no.hvl.dat110.chordoperations.ChordLookup.findSuccessor(ChordLookup.java:36)
	at no.hvl.dat110.middleware.Node.findSuccessor(Node.java:130)
	at no.hvl.dat110.chordoperations.ChordLookup.findSuccessor(ChordLookup.java:36)
	at no.hvl.dat110.middleware.Node.findSuccessor(Node.java:130)
	at no.hvl.dat110.chordoperations.ChordLookup.findSuccessor(ChordLookup.java:36)
	at no.hvl.dat110.middleware.Node.findSuccessor(Node.java:130)
	at no.hvl.dat110.chordoperations.ChordLookup.findSuccessor(ChordLookup.java:36)
	at no.hvl.dat110.middleware.Node.findSuccessor(Node.java:130)
	at no.hvl.dat110.chordoperations.ChordLookup.findSuccessor(ChordLookup.java:36)
	at no.hvl.dat110.middleware.Node.findSuccessor(Node.java:130)
	at no.hvl.dat110.chordoperations.ChordLookup.findSuccessor(ChordLookup.java:36)
	at no.hvl.dat110.middleware.Node.findSuccessor(Node.java:130)
	at no.hvl.dat110.chordoperations.ChordLookup.findSuccessor(ChordLookup.java:36)
	at no.hvl.dat110.middleware.Node.findSuccessor(Node.java:130)
	at no.hvl.dat110.chordoperations.ChordLookup.findSuccessor(ChordLookup.java:36)
	at no.hvl.dat110.middleware.Node.findSuccessor(Node.java:130)
	at no.hvl.dat110.chordoperations.ChordLookup.findSuccessor(ChordLookup.java:36)
	at no.hvl.dat110.middleware.Node.findSuccessor(Node.java:130)
	at no.hvl.dat110.chordoperations.ChordLookup.findSuccessor(ChordLookup.java:36)
	at no.hvl.dat110.middleware.Node.findSuccessor(Node.java:130)
	at no.hvl.dat110.chordoperations.ChordLookup.findSuccessor(ChordLookup.java:36)
	at no.hvl.dat110.middleware.Node.findSuccessor(Node.java:130)
	at no.hvl.dat110.chordoperations.ChordLookup.findSuccessor(ChordLookup.java:36)
	at no.hvl.dat110.middleware.Node.findSuccessor(Node.java:130)
	at no.hvl.dat110.chordoperations.ChordLookup.findSuccessor(ChordLookup.java:36)
	at no.hvl.dat110.middleware.Node.findSuccessor(Node.java:130)
	at no.hvl.dat110.chordoperations.ChordLookup.findSuccessor(ChordLookup.java:36)
	at no.hvl.dat110.middleware.Node.findSuccessor(Node.java:130)
	at no.hvl.dat110.chordoperations.ChordLookup.findSuccessor(ChordLookup.java:36)
	at no.hvl.dat110.middleware.Node.findSuccessor(Node.java:130)
	at no.hvl.dat110.chordoperations.ChordLookup.findSuccessor(ChordLookup.java:36)
	at no.hvl.dat110.middleware.Node.findSuccessor(Node.java:130)
	at no.hvl.dat110.chordoperations.ChordLookup.findSuccessor(ChordLookup.java:36)
	at no.hvl.dat110.middleware.Node.findSuccessor(Node.java:130)
	at no.hvl.dat110.chordoperations.ChordLookup.findSuccessor(ChordLookup.java:36)
	at no.hvl.dat110.middleware.Node.findSuccessor(Node.java:130)
	at no.hvl.dat110.chordoperations.ChordLookup.findSuccessor(ChordLookup.java:36)
	at no.hvl.dat110.middleware.Node.findSuccessor(Node.java:130)
	at no.hvl.dat110.chordoperations.ChordLookup.findSuccessor(ChordLookup.java:36)
	at no.hvl.dat110.middleware.Node.findSuccessor(Node.java:130)
	at no.hvl.dat110.chordoperations.ChordLookup.findSuccessor(ChordLookup.java:36)
	at no.hvl.dat110.middleware.Node.findSuccessor(Node.java:130)
	at no.hvl.dat110.chordoperations.ChordLookup.findSuccessor(ChordLookup.java:36)
	at no.hvl.dat110.middleware.Node.findSuccessor(Node.java:130)
	at no.hvl.dat110.chordoperations.ChordLookup.findSuccessor(ChordLookup.java:36)
	at no.hvl.dat110.middleware.Node.findSuccessor(Node.java:130)
	at no.hvl.dat110.chordoperations.ChordLookup.findSuccessor(ChordLookup.java:36)
	at no.hvl.dat110.middleware.Node.findSuccessor(Node.java:130)
	at no.hvl.dat110.chordoperations.ChordLookup.findSuccessor(ChordLookup.java:36)
	at no.hvl.dat110.middleware.Node.findSuccessor(Node.java:130)
	at no.hvl.dat110.chordoperations.ChordLookup.findSuccessor(ChordLookup.java:36)
	at no.hvl.dat110.middleware.Node.findSuccessor(Node.java:130)
	at no.hvl.dat110.chordoperations.ChordLookup.findSuccessor(ChordLookup.java:36)
	at no.hvl.dat110.middleware.Node.findSuccessor(Node.java:130)
	at no.hvl.dat110.chordoperations.ChordLookup.findSuccessor(ChordLookup.java:36)
	at no.hvl.dat110.middleware.Node.findSuccessor(Node.java:130)
	at no.hvl.dat110.chordoperations.ChordLookup.findSuccessor(ChordLookup.java:36)
	at no.hvl.dat110.middleware.Node.findSuccessor(Node.java:130)
	at no.hvl.dat110.chordoperations.ChordLookup.findSuccessor(ChordLookup.java:36)
	at no.hvl.dat110.middleware.Node.findSuccessor(Node.java:130)
	at no.hvl.dat110.chordoperations.ChordLookup.findSuccessor(ChordLookup.java:36)
	at no.hvl.dat110.middleware.Node.findSuccessor(Node.java:130)
	at no.hvl.dat110.chordoperations.ChordLookup.findSuccessor(ChordLookup.java:36)
	at no.hvl.dat110.middleware.Node.findSuccessor(Node.java:130)
	at no.hvl.dat110.chordoperations.ChordLookup.findSuccessor(ChordLookup.java:36)
	at no.hvl.dat110.middleware.Node.findSuccessor(Node.java:130)
	at no.hvl.dat110.chordoperations.ChordLookup.findSuccessor(ChordLookup.java:36)
	at no.hvl.dat110.middleware.Node.findSuccessor(Node.java:130)
	at no.hvl.dat110.chordoperations.ChordLookup.findSuccessor(ChordLookup.java:36)
	at no.hvl.dat110.middleware.Node.findSuccessor(Node.java:130)
	at no.hvl.dat110.chordoperations.ChordLookup.findSuccessor(ChordLookup.java:36)
	at no.hvl.dat110.middleware.Node.findSuccessor(Node.java:130)
	at no.hvl.dat110.chordoperations.ChordLookup.findSuccessor(ChordLookup.java:36)
	at no.hvl.dat110.middleware.Node.findSuccessor(Node.java:130)
	at no.hvl.dat110.chordoperations.ChordLookup.findSuccessor(ChordLookup.java:36)
	at no.hvl.dat110.middleware.Node.findSuccessor(Node.java:130)
	at no.hvl.dat110.chordoperations.ChordLookup.findSuccessor(ChordLookup.java:36)
	at no.hvl.dat110.middleware.Node.findSuccessor(Node.java:130)
	at no.hvl.dat110.chordoperations.ChordLookup.findSuccessor(ChordLookup.java:36)
	at no.hvl.dat110.middleware.Node.findSuccessor(Node.java:130)
	at no.hvl.dat110.chordoperations.ChordLookup.findSuccessor(ChordLookup.java:36)
	at no.hvl.dat110.middleware.Node.findSuccessor(Node.java:130)
	at no.hvl.dat110.chordoperations.ChordLookup.findSuccessor(ChordLookup.java:36)
	at no.hvl.dat110.middleware.Node.findSuccessor(Node.java:130)
	at no.hvl.dat110.chordoperations.ChordLookup.findSuccessor(ChordLookup.java:36)
	at no.hvl.dat110.middleware.Node.findSuccessor(Node.java:130)
	at no.hvl.dat110.chordoperations.ChordLookup.findSuccessor(ChordLookup.java:36)
	at no.hvl.dat110.middleware.Node.findSuccessor(Node.java:130)
	at no.hvl.dat110.chordoperations.ChordLookup.findSuccessor(ChordLookup.java:36)
	at no.hvl.dat110.middleware.Node.findSuccessor(Node.java:130)
	at no.hvl.dat110.chordoperations.ChordLookup.findSuccessor(ChordLookup.java:36)
	at no.hvl.dat110.middleware.Node.findSuccessor(Node.java:130)
	at no.hvl.dat110.chordoperations.ChordLookup.findSuccessor(ChordLookup.java:36)
	at no.hvl.dat110.middleware.Node.findSuccessor(Node.java:130)
	at no.hvl.dat110.chordoperations.ChordLookup.findSuccessor(ChordLookup.java:36)
	at no.hvl.dat110.middleware.Node.findSuccessor(Node.java:130)
	at no.hvl.dat110.chordoperations.ChordLookup.findSuccessor(ChordLookup.java:36)
	at no.hvl.dat110.middleware.Node.findSuccessor(Node.java:130)
	at no.hvl.dat110.chordoperations.ChordLookup.findSuccessor(ChordLookup.java:36)
	at no.hvl.dat110.middleware.Node.findSuccessor(Node.java:130)
	at no.hvl.dat110.chordoperations.ChordLookup.findSuccessor(ChordLookup.java:36)
	at no.hvl.dat110.middleware.Node.findSuccessor(Node.java:130)
	at no.hvl.dat110.chordoperations.ChordLookup.findSuccessor(ChordLookup.java:36)
	at no.hvl.dat110.middleware.Node.findSuccessor(Node.java:130)
	at no.hvl.dat110.chordoperations.ChordLookup.findSuccessor(ChordLookup.java:36)
	at no.hvl.dat110.middleware.Node.findSuccessor(Node.java:130)
	at no.hvl.dat110.chordoperations.ChordLookup.findSuccessor(ChordLookup.java:36)
	at no.hvl.dat110.middleware.Node.findSuccessor(Node.java:130)
	at no.hvl.dat110.chordoperations.ChordLookup.findSuccessor(ChordLookup.java:36)
	at no.hvl.dat110.middleware.Node.findSuccessor(Node.java:130)
	at no.hvl.dat110.chordoperations.ChordLookup.findSuccessor(ChordLookup.java:36)
	at no.hvl.dat110.middleware.Node.findSuccessor(Node.java:130)
	at no.hvl.dat110.chordoperations.ChordLookup.findSuccessor(ChordLookup.java:36)
	at no.hvl.dat110.middleware.Node.findSuccessor(Node.java:130)
	at no.hvl.dat110.chordoperations.ChordLookup.findSuccessor(ChordLookup.java:36)
	at no.hvl.dat110.middleware.Node.findSuccessor(Node.java:130)
	at no.hvl.dat110.chordoperations.ChordLookup.findSuccessor(ChordLookup.java:36)
	at no.hvl.dat110.middleware.Node.findSuccessor(Node.java:130)
	at no.hvl.dat110.chordoperations.ChordLookup.findSuccessor(ChordLookup.java:36)
	at no.hvl.dat110.middleware.Node.findSuccessor(Node.java:130)
	at no.hvl.dat110.chordoperations.ChordLookup.findSuccessor(ChordLookup.java:36)
	at no.hvl.dat110.middleware.Node.findSuccessor(Node.java:130)
	at no.hvl.dat110.chordoperations.ChordLookup.findSuccessor(ChordLookup.java:36)
	at no.hvl.dat110.middleware.Node.findSuccessor(Node.java:130)
	at no.hvl.dat110.chordoperations.ChordLookup.findSuccessor(ChordLookup.java:36)
	at no.hvl.dat110.middleware.Node.findSuccessor(Node.java:130)
	at no.hvl.dat110.chordoperations.ChordLookup.findSuccessor(ChordLookup.java:36)
	at no.hvl.dat110.middleware.Node.findSuccessor(Node.java:130)
	at no.hvl.dat110.chordoperations.ChordLookup.findSuccessor(ChordLookup.java:36)
	at no.hvl.dat110.middleware.Node.findSuccessor(Node.java:130)
	at no.hvl.dat110.chordoperations.ChordLookup.findSuccessor(ChordLookup.java:36)
	at no.hvl.dat110.middleware.Node.findSuccessor(Node.java:130)
	at no.hvl.dat110.chordoperations.ChordLookup.findSuccessor(ChordLookup.java:36)
	at no.hvl.dat110.middleware.Node.findSuccessor(Node.java:130)
	at no.hvl.dat110.chordoperations.ChordLookup.findSuccessor(ChordLookup.java:36)
	at no.hvl.dat110.middleware.Node.findSuccessor(Node.java:130)
	at no.hvl.dat110.chordoperations.ChordLookup.findSuccessor(ChordLookup.java:36)
	at no.hvl.dat110.middleware.Node.findSuccessor(Node.java:130)
	at no.hvl.dat110.chordoperations.ChordLookup.findSuccessor(ChordLookup.java:36)
	at no.hvl.dat110.middleware.Node.findSuccessor(Node.java:130)
	at no.hvl.dat110.chordoperations.ChordLookup.findSuccessor(ChordLookup.java:36)
	at no.hvl.dat110.middleware.Node.findSuccessor(Node.java:130)
	at no.hvl.dat110.chordoperations.ChordLookup.findSuccessor(ChordLookup.java:36)
	at no.hvl.dat110.middleware.Node.findSuccessor(Node.java:130)
	at no.hvl.dat110.chordoperations.ChordLookup.findSuccessor(ChordLookup.java:36)
	at no.hvl.dat110.middleware.Node.findSuccessor(Node.java:130)
	at no.hvl.dat110.chordoperations.ChordLookup.findSuccessor(ChordLookup.java:36)
	at no.hvl.dat110.middleware.Node.findSuccessor(Node.java:130)
	at no.hvl.dat110.chordoperations.ChordLookup.findSuccessor(ChordLookup.java:36)
	at no.hvl.dat110.middleware.Node.findSuccessor(Node.java:130)
	at no.hvl.dat110.chordoperations.ChordLookup.findSuccessor(ChordLookup.java:36)
	at no.hvl.dat110.middleware.Node.findSuccessor(Node.java:130)
	at no.hvl.dat110.chordoperations.ChordLookup.findSuccessor(ChordLookup.java:36)
	at no.hvl.dat110.middleware.Node.findSuccessor(Node.java:130)
	at no.hvl.dat110.chordoperations.ChordLookup.findSuccessor(ChordLookup.java:36)
	at no.hvl.dat110.middleware.Node.findSuccessor(Node.java:130)
	at no.hvl.dat110.chordoperations.ChordLookup.findSuccessor(ChordLookup.java:36)
	at no.hvl.dat110.middleware.Node.findSuccessor(Node.java:130)
	at no.hvl.dat110.chordoperations.ChordLookup.findSuccessor(ChordLookup.java:36)
	at no.hvl.dat110.middleware.Node.findSuccessor(Node.java:130)
	at no.hvl.dat110.chordoperations.ChordLookup.findSuccessor(ChordLookup.java:36)
	at no.hvl.dat110.middleware.Node.findSuccessor(Node.java:130)
	at no.hvl.dat110.chordoperations.ChordLookup.findSuccessor(ChordLookup.java:36)
	at no.hvl.dat110.middleware.Node.findSuccessor(Node.java:130)
	at no.hvl.dat110.chordoperations.ChordLookup.findSuccessor(ChordLookup.java:36)
	at no.hvl.dat110.middleware.Node.findSuccessor(Node.java:130)
	at no.hvl.dat110.chordoperations.ChordLookup.findSuccessor(ChordLookup.java:36)
	at no.hvl.dat110.middleware.Node.findSuccessor(Node.java:130)
	at no.hvl.dat110.chordoperations.ChordLookup.findSuccessor(ChordLookup.java:36)
	at no.hvl.dat110.middleware.Node.findSuccessor(Node.java:130)
	at no.hvl.dat110.chordoperations.ChordLookup.findSuccessor(ChordLookup.java:36)
	at no.hvl.dat110.middleware.Node.findSuccessor(Node.java:130)
	at no.hvl.dat110.chordoperations.ChordLookup.findSuccessor(ChordLookup.java:36)
	at no.hvl.dat110.middleware.Node.findSuccessor(Node.java:130)
	at no.hvl.dat110.chordoperations.ChordLookup.findSuccessor(ChordLookup.java:36)
	at no.hvl.dat110.middleware.Node.findSuccessor(Node.java:130)
	at no.hvl.dat110.chordoperations.ChordLookup.findSuccessor(ChordLookup.java:36)
	at no.hvl.dat110.middleware.Node.findSuccessor(Node.java:130)
	at no.hvl.dat110.chordoperations.ChordLookup.findSuccessor(ChordLookup.java:36)
	at no.hvl.dat110.middleware.Node.findSuccessor(Node.java:130)
	at no.hvl.dat110.chordoperations.ChordLookup.findSuccessor(ChordLookup.java:36)
	at no.hvl.dat110.middleware.Node.findSuccessor(Node.java:130)
	at no.hvl.dat110.chordoperations.ChordLookup.findSuccessor(ChordLookup.java:36)
	at no.hvl.dat110.middleware.Node.findSuccessor(Node.java:130)
	at no.hvl.dat110.chordoperations.ChordLookup.findSuccessor(ChordLookup.java:36)
	at no.hvl.dat110.middleware.Node.findSuccessor(Node.java:130)
	at no.hvl.dat110.chordoperations.ChordLookup.findSuccessor(ChordLookup.java:36)
	at no.hvl.dat110.middleware.Node.findSuccessor(Node.java:130)
	at no.hvl.dat110.chordoperations.ChordLookup.findSuccessor(ChordLookup.java:36)
	at no.hvl.dat110.middleware.Node.findSuccessor(Node.java:130)
	at no.hvl.dat110.chordoperations.ChordLookup.findSuccessor(ChordLookup.java:36)
	at no.hvl.dat110.middleware.Node.findSuccessor(Node.java:130)
	at no.hvl.dat110.chordoperations.ChordLookup.findSuccessor(ChordLookup.java:36)
	at no.hvl.dat110.middleware.Node.findSuccessor(Node.java:130)
	at no.hvl.dat110.chordoperations.ChordLookup.findSuccessor(ChordLookup.java:36)
	at no.hvl.dat110.middleware.Node.findSuccessor(Node.java:130)
	at no.hvl.dat110.chordoperations.ChordLookup.findSuccessor(ChordLookup.java:36)
	at no.hvl.dat110.middleware.Node.findSuccessor(Node.java:130)
	at no.hvl.dat110.chordoperations.ChordLookup.findSuccessor(ChordLookup.java:36)
	at no.hvl.dat110.middleware.Node.findSuccessor(Node.java:130)
	at no.hvl.dat110.chordoperations.ChordLookup.findSuccessor(ChordLookup.java:36)
	at no.hvl.dat110.middleware.Node.findSuccessor(Node.java:130)
	at no.hvl.dat110.chordoperations.ChordLookup.findSuccessor(ChordLookup.java:36)
	at no.hvl.dat110.middleware.Node.findSuccessor(Node.java:130)
	at no.hvl.dat110.chordoperations.ChordLookup.findSuccessor(ChordLookup.java:36)
	at no.hvl.dat110.middleware.Node.findSuccessor(Node.java:130)
	at no.hvl.dat110.chordoperations.ChordLookup.findSuccessor(ChordLookup.java:36)
	at no.hvl.dat110.middleware.Node.findSuccessor(Node.java:130)
	at no.hvl.dat110.chordoperations.ChordLookup.findSuccessor(ChordLookup.java:36)
	at no.hvl.dat110.middleware.Node.findSuccessor(Node.java:130)
	at no.hvl.dat110.chordoperations.ChordLookup.findSuccessor(ChordLookup.java:36)
	at no.hvl.dat110.middleware.Node.findSuccessor(Node.java:130)
	at no.hvl.dat110.chordoperations.ChordLookup.findSuccessor(ChordLookup.java:36)
	at no.hvl.dat110.middleware.Node.findSuccessor(Node.java:130)
	at no.hvl.dat110.chordoperations.ChordLookup.findSuccessor(ChordLookup.java:36)
	at no.hvl.dat110.middleware.Node.findSuccessor(Node.java:130)
	at no.hvl.dat110.chordoperations.ChordLookup.findSuccessor(ChordLookup.java:36)
	at no.hvl.dat110.middleware.Node.findSuccessor(Node.java:130)
	at no.hvl.dat110.chordoperations.ChordLookup.findSuccessor(ChordLookup.java:36)
	at no.hvl.dat110.middleware.Node.findSuccessor(Node.java:130)
	at no.hvl.dat110.chordoperations.ChordLookup.findSuccessor(ChordLookup.java:36)
	at no.hvl.dat110.middleware.Node.findSuccessor(Node.java:130)
	at no.hvl.dat110.chordoperations.ChordLookup.findSuccessor(ChordLookup.java:36)
	at no.hvl.dat110.middleware.Node.findSuccessor(Node.java:130)
	at no.hvl.dat110.chordoperations.ChordLookup.findSuccessor(ChordLookup.java:36)
	at no.hvl.dat110.middleware.Node.findSuccessor(Node.java:130)
	at no.hvl.dat110.chordoperations.ChordLookup.findSuccessor(ChordLookup.java:36)
	at no.hvl.dat110.middleware.Node.findSuccessor(Node.java:130)
	at no.hvl.dat110.chordoperations.ChordLookup.findSuccessor(ChordLookup.java:36)
	at no.hvl.dat110.middleware.Node.findSuccessor(Node.java:130)
	at no.hvl.dat110.chordoperations.ChordLookup.findSuccessor(ChordLookup.java:36)
	at no.hvl.dat110.middleware.Node.findSuccessor(Node.java:130)
	at no.hvl.dat110.chordoperations.ChordLookup.findSuccessor(ChordLookup.java:36)
	at no.hvl.dat110.middleware.Node.findSuccessor(Node.java:130)
	at no.hvl.dat110.chordoperations.ChordLookup.findSuccessor(ChordLookup.java:36)
	at no.hvl.dat110.middleware.Node.findSuccessor(Node.java:130)
	at no.hvl.dat110.chordoperations.ChordLookup.findSuccessor(ChordLookup.java:36)
	at no.hvl.dat110.middleware.Node.findSuccessor(Node.java:130)
	at no.hvl.dat110.chordoperations.ChordLookup.findSuccessor(ChordLookup.java:36)
	at no.hvl.dat110.middleware.Node.findSuccessor(Node.java:130)
	at no.hvl.dat110.chordoperations.ChordLookup.findSuccessor(ChordLookup.java:36)
	at no.hvl.dat110.middleware.Node.findSuccessor(Node.java:130)
	at no.hvl.dat110.chordoperations.ChordLookup.findSuccessor(ChordLookup.java:36)
	at no.hvl.dat110.middleware.Node.findSuccessor(Node.java:130)
	at no.hvl.dat110.chordoperations.ChordLookup.findSuccessor(ChordLookup.java:36)
	at no.hvl.dat110.middleware.Node.findSuccessor(Node.java:130)
	at no.hvl.dat110.chordoperations.ChordLookup.findSuccessor(ChordLookup.java:36)
	at no.hvl.dat110.middleware.Node.findSuccessor(Node.java:130)
	at no.hvl.dat110.chordoperations.ChordLookup.findSuccessor(ChordLookup.java:36)
	at no.hvl.dat110.middleware.Node.findSuccessor(Node.java:130)
	at no.hvl.dat110.chordoperations.ChordLookup.findSuccessor(ChordLookup.java:36)
	at no.hvl.dat110.middleware.Node.findSuccessor(Node.java:130)
	at no.hvl.dat110.chordoperations.ChordLookup.findSuccessor(ChordLookup.java:36)
	at no.hvl.dat110.middleware.Node.findSuccessor(Node.java:130)
	at no.hvl.dat110.chordoperations.ChordLookup.findSuccessor(ChordLookup.java:36)
	at no.hvl.dat110.middleware.Node.findSuccessor(Node.java:130)
	at no.hvl.dat110.chordoperations.ChordLookup.findSuccessor(ChordLookup.java:36)
	at no.hvl.dat110.middleware.Node.findSuccessor(Node.java:130)
	at no.hvl.dat110.chordoperations.ChordLookup.findSuccessor(ChordLookup.java:36)
	at no.hvl.dat110.middleware.Node.findSuccessor(Node.java:130)
	at no.hvl.dat110.chordoperations.ChordLookup.findSuccessor(ChordLookup.java:36)
	at no.hvl.dat110.middleware.Node.findSuccessor(Node.java:130)
	at no.hvl.dat110.chordoperations.ChordLookup.findSuccessor(ChordLookup.java:36)
	at no.hvl.dat110.middleware.Node.findSuccessor(Node.java:130)
	at no.hvl.dat110.chordoperations.ChordLookup.findSuccessor(ChordLookup.java:36)
	at no.hvl.dat110.middleware.Node.findSuccessor(Node.java:130)
	at no.hvl.dat110.chordoperations.ChordLookup.findSuccessor(ChordLookup.java:36)
	at no.hvl.dat110.middleware.Node.findSuccessor(Node.java:130)
	at no.hvl.dat110.chordoperations.ChordLookup.findSuccessor(ChordLookup.java:36)
	at no.hvl.dat110.middleware.Node.findSuccessor(Node.java:130)
	at no.hvl.dat110.chordoperations.ChordLookup.findSuccessor(ChordLookup.java:36)
	at no.hvl.dat110.middleware.Node.findSuccessor(Node.java:130)
	at no.hvl.dat110.chordoperations.ChordLookup.findSuccessor(ChordLookup.java:36)
	at no.hvl.dat110.middleware.Node.findSuccessor(Node.java:130)
	at no.hvl.dat110.chordoperations.ChordLookup.findSuccessor(ChordLookup.java:36)
	at no.hvl.dat110.middleware.Node.findSuccessor(Node.java:130)
	at no.hvl.dat110.chordoperations.ChordLookup.findSuccessor(ChordLookup.java:36)
	at no.hvl.dat110.middleware.Node.findSuccessor(Node.java:130)
	at no.hvl.dat110.chordoperations.ChordLookup.findSuccessor(ChordLookup.java:36)
	at no.hvl.dat110.middleware.Node.findSuccessor(Node.java:130)
	at no.hvl.dat110.chordoperations.ChordLookup.findSuccessor(ChordLookup.java:36)
	at no.hvl.dat110.middleware.Node.findSuccessor(Node.java:130)
	at no.hvl.dat110.chordoperations.ChordLookup.findSuccessor(ChordLookup.java:36)
	at no.hvl.dat110.middleware.Node.findSuccessor(Node.java:130)
	at no.hvl.dat110.chordoperations.ChordLookup.findSuccessor(ChordLookup.java:36)
	at no.hvl.dat110.middleware.Node.findSuccessor(Node.java:130)
	at no.hvl.dat110.chordoperations.ChordLookup.findSuccessor(ChordLookup.java:36)
	at no.hvl.dat110.middleware.Node.findSuccessor(Node.java:130)
	at no.hvl.dat110.chordoperations.ChordLookup.findSuccessor(ChordLookup.java:36)
	at no.hvl.dat110.middleware.Node.findSuccessor(Node.java:130)
	at no.hvl.dat110.chordoperations.ChordLookup.findSuccessor(ChordLookup.java:36)
	at no.hvl.dat110.middleware.Node.findSuccessor(Node.java:130)
	at no.hvl.dat110.chordoperations.ChordLookup.findSuccessor(ChordLookup.java:36)
	at no.hvl.dat110.middleware.Node.findSuccessor(Node.java:130)
	at no.hvl.dat110.chordoperations.ChordLookup.findSuccessor(ChordLookup.java:36)
	at no.hvl.dat110.middleware.Node.findSuccessor(Node.java:130)
	at no.hvl.dat110.chordoperations.ChordLookup.findSuccessor(ChordLookup.java:36)
	at no.hvl.dat110.middleware.Node.findSuccessor(Node.java:130)
	at no.hvl.dat110.chordoperations.ChordLookup.findSuccessor(ChordLookup.java:36)
	at no.hvl.dat110.middleware.Node.findSuccessor(Node.java:130)
	at no.hvl.dat110.chordoperations.ChordLookup.findSuccessor(ChordLookup.java:36)
	at no.hvl.dat110.middleware.Node.findSuccessor(Node.java:130)
	at no.hvl.dat110.chordoperations.ChordLookup.findSuccessor(ChordLookup.java:36)
	at no.hvl.dat110.middleware.Node.findSuccessor(Node.java:130)
	at no.hvl.dat110.chordoperations.ChordLookup.findSuccessor(ChordLookup.java:36)
	at no.hvl.dat110.middleware.Node.findSuccessor(Node.java:130)
	at no.hvl.dat110.chordoperations.ChordLookup.findSuccessor(ChordLookup.java:36)
	at no.hvl.dat110.middleware.Node.findSuccessor(Node.java:130)
	at no.hvl.dat110.chordoperations.ChordLookup.findSuccessor(ChordLookup.java:36)
	at no.hvl.dat110.middleware.Node.findSuccessor(Node.java:130)
	at no.hvl.dat110.chordoperations.ChordLookup.findSuccessor(ChordLookup.java:36)
	at no.hvl.dat110.middleware.Node.findSuccessor(Node.java:130)
	at no.hvl.dat110.chordoperations.ChordLookup.findSuccessor(ChordLookup.java:36)
	at no.hvl.dat110.middleware.Node.findSuccessor(Node.java:130)
	at no.hvl.dat110.chordoperations.ChordLookup.findSuccessor(ChordLookup.java:36)
	at no.hvl.dat110.middleware.Node.findSuccessor(Node.java:130)
	at no.hvl.dat110.chordoperations.ChordLookup.findSuccessor(ChordLookup.java:36)
	at no.hvl.dat110.middleware.Node.findSuccessor(Node.java:130)
	at no.hvl.dat110.chordoperations.ChordLookup.findSuccessor(ChordLookup.java:36)
	at no.hvl.dat110.middleware.Node.findSuccessor(Node.java:130)
	at no.hvl.dat110.chordoperations.ChordLookup.findSuccessor(ChordLookup.java:36)
	at no.hvl.dat110.middleware.Node.findSuccessor(Node.java:130)
	at no.hvl.dat110.chordoperations.ChordLookup.findSuccessor(ChordLookup.java:36)
	at no.hvl.dat110.middleware.Node.findSuccessor(Node.java:130)
	at no.hvl.dat110.chordoperations.ChordLookup.findSuccessor(ChordLookup.java:36)
	at no.hvl.dat110.middleware.Node.findSuccessor(Node.java:130)
	at no.hvl.dat110.chordoperations.ChordLookup.findSuccessor(ChordLookup.java:36)
	at no.hvl.dat110.middleware.Node.findSuccessor(Node.java:130)
	at no.hvl.dat110.chordoperations.ChordLookup.findSuccessor(ChordLookup.java:36)
	at no.hvl.dat110.middleware.Node.findSuccessor(Node.java:130)
	at no.hvl.dat110.chordoperations.ChordLookup.findSuccessor(ChordLookup.java:36)
Exception in thread "Timer-2" java.lang.StackOverflowError
	at no.hvl.dat110.middleware.Node.findSuccessor(Node.java:130)
	at no.hvl.dat110.chordoperations.ChordLookup.findSuccessor(ChordLookup.java:36)
	at no.hvl.dat110.middleware.Node.findSuccessor(Node.java:130)
	at no.hvl.dat110.chordoperations.ChordLookup.findSuccessor(ChordLookup.java:36)
	at no.hvl.dat110.middleware.Node.findSuccessor(Node.java:130)
	at no.hvl.dat110.chordoperations.ChordLookup.findSuccessor(ChordLookup.java:36)
	at no.hvl.dat110.middleware.Node.findSuccessor(Node.java:130)
	at no.hvl.dat110.chordoperations.ChordLookup.findSuccessor(ChordLookup.java:36)
	at no.hvl.dat110.middleware.Node.findSuccessor(Node.java:130)
	at no.hvl.dat110.chordoperations.ChordLookup.findSuccessor(ChordLookup.java:36)
	at no.hvl.dat110.middleware.Node.findSuccessor(Node.java:130)
	at no.hvl.dat110.chordoperations.ChordLookup.findSuccessor(ChordLookup.java:36)
	at no.hvl.dat110.middleware.Node.findSuccessor(Node.java:130)
	at no.hvl.dat110.chordoperations.ChordLookup.findSuccessor(ChordLookup.java:36)
	at no.hvl.dat110.middleware.Node.findSuccessor(Node.java:130)
	at no.hvl.dat110.chordoperations.ChordLookup.findSuccessor(ChordLookup.java:36)
	at no.hvl.dat110.middleware.Node.findSuccessor(Node.java:130)
	at no.hvl.dat110.chordoperations.ChordLookup.findSuccessor(ChordLookup.java:36)
	at no.hvl.dat110.middleware.Node.findSuccessor(Node.java:130)
	at no.hvl.dat110.chordoperations.ChordLookup.findSuccessor(ChordLookup.java:36)
	at no.hvl.dat110.middleware.Node.findSuccessor(Node.java:130)
	at no.hvl.dat110.chordoperations.ChordLookup.findSuccessor(ChordLookup.java:36)
	at no.hvl.dat110.middleware.Node.findSuccessor(Node.java:130)
	at no.hvl.dat110.chordoperations.ChordLookup.findSuccessor(ChordLookup.java:36)
	at no.hvl.dat110.middleware.Node.findSuccessor(Node.java:130)
	at no.hvl.dat110.chordoperations.ChordLookup.findSuccessor(ChordLookup.java:36)
	at no.hvl.dat110.middleware.Node.findSuccessor(Node.java:130)
	at no.hvl.dat110.chordoperations.ChordLookup.findSuccessor(ChordLookup.java:36)
	at no.hvl.dat110.middleware.Node.findSuccessor(Node.java:130)
	at no.hvl.dat110.chordoperations.ChordLookup.findSuccessor(ChordLookup.java:36)
	at no.hvl.dat110.middleware.Node.findSuccessor(Node.java:130)
	at no.hvl.dat110.chordoperations.ChordLookup.findSuccessor(ChordLookup.java:36)
	at no.hvl.dat110.middleware.Node.findSuccessor(Node.java:130)
	at no.hvl.dat110.chordoperations.ChordLookup.findSuccessor(ChordLookup.java:36)
	at no.hvl.dat110.middleware.Node.findSuccessor(Node.java:130)
	at no.hvl.dat110.chordoperations.ChordLookup.findSuccessor(ChordLookup.java:36)
	at no.hvl.dat110.middleware.Node.findSuccessor(Node.java:130)
	at no.hvl.dat110.chordoperations.ChordLookup.findSuccessor(ChordLookup.java:36)
	at no.hvl.dat110.middleware.Node.findSuccessor(Node.java:130)
	at no.hvl.dat110.chordoperations.ChordLookup.findSuccessor(ChordLookup.java:36)
	at no.hvl.dat110.middleware.Node.findSuccessor(Node.java:130)
	at no.hvl.dat110.chordoperations.ChordLookup.findSuccessor(ChordLookup.java:36)
	at no.hvl.dat110.middleware.Node.findSuccessor(Node.java:130)
	at no.hvl.dat110.chordoperations.ChordLookup.findSuccessor(ChordLookup.java:36)
	at no.hvl.dat110.middleware.Node.findSuccessor(Node.java:130)
	at no.hvl.dat110.chordoperations.ChordLookup.findSuccessor(ChordLookup.java:36)
	at no.hvl.dat110.middleware.Node.findSuccessor(Node.java:130)
	at no.hvl.dat110.chordoperations.ChordLookup.findSuccessor(ChordLookup.java:36)
	at no.hvl.dat110.middleware.Node.findSuccessor(Node.java:130)
	at no.hvl.dat110.chordoperations.ChordLookup.findSuccessor(ChordLookup.java:36)
	at no.hvl.dat110.middleware.Node.findSuccessor(Node.java:130)
	at no.hvl.dat110.chordoperations.ChordLookup.findSuccessor(ChordLookup.java:36)
	at no.hvl.dat110.middleware.Node.findSuccessor(Node.java:130)
	at no.hvl.dat110.chordoperations.ChordLookup.findSuccessor(ChordLookup.java:36)
	at no.hvl.dat110.middleware.Node.findSuccessor(Node.java:130)
	at no.hvl.dat110.chordoperations.ChordLookup.findSuccessor(ChordLookup.java:36)
	at no.hvl.dat110.middleware.Node.findSuccessor(Node.java:130)
	at no.hvl.dat110.chordoperations.ChordLookup.findSuccessor(ChordLookup.java:36)
	at no.hvl.dat110.middleware.Node.findSuccessor(Node.java:130)
	at no.hvl.dat110.chordoperations.ChordLookup.findSuccessor(ChordLookup.java:36)
	at no.hvl.dat110.middleware.Node.findSuccessor(Node.java:130)
	at no.hvl.dat110.chordoperations.ChordLookup.findSuccessor(ChordLookup.java:36)
	at no.hvl.dat110.middleware.Node.findSuccessor(Node.java:130)
	at no.hvl.dat110.chordoperations.ChordLookup.findSuccessor(ChordLookup.java:36)
	at no.hvl.dat110.middleware.Node.findSuccessor(Node.java:130)
	at no.hvl.dat110.chordoperations.ChordLookup.findSuccessor(ChordLookup.java:36)
	at no.hvl.dat110.middleware.Node.findSuccessor(Node.java:130)
	at no.hvl.dat110.chordoperations.ChordLookup.findSuccessor(ChordLookup.java:36)
	at no.hvl.dat110.middleware.Node.findSuccessor(Node.java:130)
	at no.hvl.dat110.chordoperations.ChordLookup.findSuccessor(ChordLookup.java:36)
	at no.hvl.dat110.middleware.Node.findSuccessor(Node.java:130)
	at no.hvl.dat110.chordoperations.ChordLookup.findSuccessor(ChordLookup.java:36)
	at no.hvl.dat110.middleware.Node.findSuccessor(Node.java:130)
	at no.hvl.dat110.chordoperations.ChordLookup.findSuccessor(ChordLookup.java:36)
	at no.hvl.dat110.middleware.Node.findSuccessor(Node.java:130)
	at no.hvl.dat110.chordoperations.ChordLookup.findSuccessor(ChordLookup.java:36)
	at no.hvl.dat110.middleware.Node.findSuccessor(Node.java:130)
	at no.hvl.dat110.chordoperations.ChordLookup.findSuccessor(ChordLookup.java:36)
	at no.hvl.dat110.middleware.Node.findSuccessor(Node.java:130)
	at no.hvl.dat110.chordoperations.ChordLookup.findSuccessor(ChordLookup.java:36)
	at no.hvl.dat110.middleware.Node.findSuccessor(Node.java:130)
	at no.hvl.dat110.chordoperations.ChordLookup.findSuccessor(ChordLookup.java:36)
	at no.hvl.dat110.middleware.Node.findSuccessor(Node.java:130)
	at no.hvl.dat110.chordoperations.ChordLookup.findSuccessor(ChordLookup.java:36)
	at no.hvl.dat110.middleware.Node.findSuccessor(Node.java:130)
	at no.hvl.dat110.chordoperations.ChordLookup.findSuccessor(ChordLookup.java:36)
	at no.hvl.dat110.middleware.Node.findSuccessor(Node.java:130)
	at no.hvl.dat110.chordoperations.ChordLookup.findSuccessor(ChordLookup.java:36)
	at no.hvl.dat110.middleware.Node.findSuccessor(Node.java:130)
	at no.hvl.dat110.chordoperations.ChordLookup.findSuccessor(ChordLookup.java:36)
	at no.hvl.dat110.middleware.Node.findSuccessor(Node.java:130)
	at no.hvl.dat110.chordoperations.ChordLookup.findSuccessor(ChordLookup.java:36)
	at no.hvl.dat110.middleware.Node.findSuccessor(Node.java:130)
	at no.hvl.dat110.chordoperations.ChordLookup.findSuccessor(ChordLookup.java:36)
	at no.hvl.dat110.middleware.Node.findSuccessor(Node.java:130)
	at no.hvl.dat110.chordoperations.ChordLookup.findSuccessor(ChordLookup.java:36)
	at no.hvl.dat110.middleware.Node.findSuccessor(Node.java:130)
	at no.hvl.dat110.chordoperations.ChordLookup.findSuccessor(ChordLookup.java:36)
	at no.hvl.dat110.middleware.Node.findSuccessor(Node.java:130)
	at no.hvl.dat110.chordoperations.ChordLookup.findSuccessor(ChordLookup.java:36)
	at no.hvl.dat110.middleware.Node.findSuccessor(Node.java:130)
	at no.hvl.dat110.chordoperations.ChordLookup.findSuccessor(ChordLookup.java:36)
	at no.hvl.dat110.middleware.Node.findSuccessor(Node.java:130)
	at no.hvl.dat110.chordoperations.ChordLookup.findSuccessor(ChordLookup.java:36)
	at no.hvl.dat110.middleware.Node.findSuccessor(Node.java:130)
	at no.hvl.dat110.chordoperations.ChordLookup.findSuccessor(ChordLookup.java:36)
	at no.hvl.dat110.middleware.Node.findSuccessor(Node.java:130)
	at no.hvl.dat110.chordoperations.ChordLookup.findSuccessor(ChordLookup.java:36)
	at no.hvl.dat110.middleware.Node.findSuccessor(Node.java:130)
	at no.hvl.dat110.chordoperations.ChordLookup.findSuccessor(ChordLookup.java:36)
	at no.hvl.dat110.middleware.Node.findSuccessor(Node.java:130)
	at no.hvl.dat110.chordoperations.ChordLookup.findSuccessor(ChordLookup.java:36)
	at no.hvl.dat110.middleware.Node.findSuccessor(Node.java:130)
	at no.hvl.dat110.chordoperations.ChordLookup.findSuccessor(ChordLookup.java:36)
	at no.hvl.dat110.middleware.Node.findSuccessor(Node.java:130)
	at no.hvl.dat110.chordoperations.ChordLookup.findSuccessor(ChordLookup.java:36)
	at no.hvl.dat110.middleware.Node.findSuccessor(Node.java:130)
	at no.hvl.dat110.chordoperations.ChordLookup.findSuccessor(ChordLookup.java:36)
	at no.hvl.dat110.middleware.Node.findSuccessor(Node.java:130)
	at no.hvl.dat110.chordoperations.ChordLookup.findSuccessor(ChordLookup.java:36)
	at no.hvl.dat110.middleware.Node.findSuccessor(Node.java:130)
	at no.hvl.dat110.chordoperations.ChordLookup.findSuccessor(ChordLookup.java:36)
	at no.hvl.dat110.middleware.Node.findSuccessor(Node.java:130)
	at no.hvl.dat110.chordoperations.ChordLookup.findSuccessor(ChordLookup.java:36)
	at no.hvl.dat110.middleware.Node.findSuccessor(Node.java:130)
	at no.hvl.dat110.chordoperations.ChordLookup.findSuccessor(ChordLookup.java:36)
	at no.hvl.dat110.middleware.Node.findSuccessor(Node.java:130)
	at no.hvl.dat110.chordoperations.ChordLookup.findSuccessor(ChordLookup.java:36)
	at no.hvl.dat110.middleware.Node.findSuccessor(Node.java:130)
	at no.hvl.dat110.chordoperations.ChordLookup.findSuccessor(ChordLookup.java:36)
	at no.hvl.dat110.middleware.Node.findSuccessor(Node.java:130)
	at no.hvl.dat110.chordoperations.ChordLookup.findSuccessor(ChordLookup.java:36)
	at no.hvl.dat110.middleware.Node.findSuccessor(Node.java:130)
	at no.hvl.dat110.chordoperations.ChordLookup.findSuccessor(ChordLookup.java:36)
	at no.hvl.dat110.middleware.Node.findSuccessor(Node.java:130)
	at no.hvl.dat110.chordoperations.ChordLookup.findSuccessor(ChordLookup.java:36)
	at no.hvl.dat110.middleware.Node.findSuccessor(Node.java:130)
	at no.hvl.dat110.chordoperations.ChordLookup.findSuccessor(ChordLookup.java:36)
	at no.hvl.dat110.middleware.Node.findSuccessor(Node.java:130)
	at no.hvl.dat110.chordoperations.ChordLookup.findSuccessor(ChordLookup.java:36)
	at no.hvl.dat110.middleware.Node.findSuccessor(Node.java:130)
	at no.hvl.dat110.chordoperations.ChordLookup.findSuccessor(ChordLookup.java:36)
	at no.hvl.dat110.middleware.Node.findSuccessor(Node.java:130)
	at no.hvl.dat110.chordoperations.ChordLookup.findSuccessor(ChordLookup.java:36)
	at no.hvl.dat110.middleware.Node.findSuccessor(Node.java:130)
	at no.hvl.dat110.chordoperations.ChordLookup.findSuccessor(ChordLookup.java:36)
	at no.hvl.dat110.middleware.Node.findSuccessor(Node.java:130)
	at no.hvl.dat110.chordoperations.ChordLookup.findSuccessor(ChordLookup.java:36)
	at no.hvl.dat110.middleware.Node.findSuccessor(Node.java:130)
	at no.hvl.dat110.chordoperations.ChordLookup.findSuccessor(ChordLookup.java:36)
	at no.hvl.dat110.middleware.Node.findSuccessor(Node.java:130)
	at no.hvl.dat110.chordoperations.ChordLookup.findSuccessor(ChordLookup.java:36)
	at no.hvl.dat110.middleware.Node.findSuccessor(Node.java:130)
	at no.hvl.dat110.chordoperations.ChordLookup.findSuccessor(ChordLookup.java:36)
	at no.hvl.dat110.middleware.Node.findSuccessor(Node.java:130)
	at no.hvl.dat110.chordoperations.ChordLookup.findSuccessor(ChordLookup.java:36)
	at no.hvl.dat110.middleware.Node.findSuccessor(Node.java:130)
	at no.hvl.dat110.chordoperations.ChordLookup.findSuccessor(ChordLookup.java:36)
	at no.hvl.dat110.middleware.Node.findSuccessor(Node.java:130)
	at no.hvl.dat110.chordoperations.ChordLookup.findSuccessor(ChordLookup.java:36)
	at no.hvl.dat110.middleware.Node.findSuccessor(Node.java:130)
	at no.hvl.dat110.chordoperations.ChordLookup.findSuccessor(ChordLookup.java:36)
	at no.hvl.dat110.middleware.Node.findSuccessor(Node.java:130)
	at no.hvl.dat110.chordoperations.ChordLookup.findSuccessor(ChordLookup.java:36)
	at no.hvl.dat110.middleware.Node.findSuccessor(Node.java:130)
	at no.hvl.dat110.chordoperations.ChordLookup.findSuccessor(ChordLookup.java:36)
	at no.hvl.dat110.middleware.Node.findSuccessor(Node.java:130)
	at no.hvl.dat110.chordoperations.ChordLookup.findSuccessor(ChordLookup.java:36)
	at no.hvl.dat110.middleware.Node.findSuccessor(Node.java:130)
	at no.hvl.dat110.chordoperations.ChordLookup.findSuccessor(ChordLookup.java:36)
	at no.hvl.dat110.middleware.Node.findSuccessor(Node.java:130)
	at no.hvl.dat110.chordoperations.ChordLookup.findSuccessor(ChordLookup.java:36)
	at no.hvl.dat110.middleware.Node.findSuccessor(Node.java:130)
	at no.hvl.dat110.chordoperations.ChordLookup.findSuccessor(ChordLookup.java:36)
	at no.hvl.dat110.middleware.Node.findSuccessor(Node.java:130)
	at no.hvl.dat110.chordoperations.ChordLookup.findSuccessor(ChordLookup.java:36)
	at no.hvl.dat110.middleware.Node.findSuccessor(Node.java:130)
	at no.hvl.dat110.chordoperations.ChordLookup.findSuccessor(ChordLookup.java:36)
	at no.hvl.dat110.middleware.Node.findSuccessor(Node.java:130)
	at no.hvl.dat110.chordoperations.ChordLookup.findSuccessor(ChordLookup.java:36)
	at no.hvl.dat110.middleware.Node.findSuccessor(Node.java:130)
	at no.hvl.dat110.chordoperations.ChordLookup.findSuccessor(ChordLookup.java:36)
	at no.hvl.dat110.middleware.Node.findSuccessor(Node.java:130)
	at no.hvl.dat110.chordoperations.ChordLookup.findSuccessor(ChordLookup.java:36)
	at no.hvl.dat110.middleware.Node.findSuccessor(Node.java:130)
	at no.hvl.dat110.chordoperations.ChordLookup.findSuccessor(ChordLookup.java:36)
	at no.hvl.dat110.middleware.Node.findSuccessor(Node.java:130)
	at no.hvl.dat110.chordoperations.ChordLookup.findSuccessor(ChordLookup.java:36)
	at no.hvl.dat110.middleware.Node.findSuccessor(Node.java:130)
	at no.hvl.dat110.chordoperations.ChordLookup.findSuccessor(ChordLookup.java:36)
	at no.hvl.dat110.middleware.Node.findSuccessor(Node.java:130)
	at no.hvl.dat110.chordoperations.ChordLookup.findSuccessor(ChordLookup.java:36)
	at no.hvl.dat110.middleware.Node.findSuccessor(Node.java:130)
	at no.hvl.dat110.chordoperations.ChordLookup.findSuccessor(ChordLookup.java:36)
	at no.hvl.dat110.middleware.Node.findSuccessor(Node.java:130)
	at no.hvl.dat110.chordoperations.ChordLookup.findSuccessor(ChordLookup.java:36)
	at no.hvl.dat110.middleware.Node.findSuccessor(Node.java:130)
	at no.hvl.dat110.chordoperations.ChordLookup.findSuccessor(ChordLookup.java:36)
	at no.hvl.dat110.middleware.Node.findSuccessor(Node.java:130)
	at no.hvl.dat110.chordoperations.ChordLookup.findSuccessor(ChordLookup.java:36)
	at no.hvl.dat110.middleware.Node.findSuccessor(Node.java:130)
	at no.hvl.dat110.chordoperations.ChordLookup.findSuccessor(ChordLookup.java:36)
	at no.hvl.dat110.middleware.Node.findSuccessor(Node.java:130)
	at no.hvl.dat110.chordoperations.ChordLookup.findSuccessor(ChordLookup.java:36)
	at no.hvl.dat110.middleware.Node.findSuccessor(Node.java:130)
	at no.hvl.dat110.chordoperations.ChordLookup.findSuccessor(ChordLookup.java:36)
	at no.hvl.dat110.middleware.Node.findSuccessor(Node.java:130)
	at no.hvl.dat110.chordoperations.ChordLookup.findSuccessor(ChordLookup.java:36)
	at no.hvl.dat110.middleware.Node.findSuccessor(Node.java:130)
	at no.hvl.dat110.chordoperations.ChordLookup.findSuccessor(ChordLookup.java:36)
	at no.hvl.dat110.middleware.Node.findSuccessor(Node.java:130)
	at no.hvl.dat110.chordoperations.ChordLookup.findSuccessor(ChordLookup.java:36)
	at no.hvl.dat110.middleware.Node.findSuccessor(Node.java:130)
	at no.hvl.dat110.chordoperations.ChordLookup.findSuccessor(ChordLookup.java:36)
	at no.hvl.dat110.middleware.Node.findSuccessor(Node.java:130)
	at no.hvl.dat110.chordoperations.ChordLookup.findSuccessor(ChordLookup.java:36)
	at no.hvl.dat110.middleware.Node.findSuccessor(Node.java:130)
	at no.hvl.dat110.chordoperations.ChordLookup.findSuccessor(ChordLookup.java:36)
	at no.hvl.dat110.middleware.Node.findSuccessor(Node.java:130)
	at no.hvl.dat110.chordoperations.ChordLookup.findSuccessor(ChordLookup.java:36)
	at no.hvl.dat110.middleware.Node.findSuccessor(Node.java:130)
	at no.hvl.dat110.chordoperations.ChordLookup.findSuccessor(ChordLookup.java:36)
	at no.hvl.dat110.middleware.Node.findSuccessor(Node.java:130)
	at no.hvl.dat110.chordoperations.ChordLookup.findSuccessor(ChordLookup.java:36)
	at no.hvl.dat110.middleware.Node.findSuccessor(Node.java:130)
	at no.hvl.dat110.chordoperations.ChordLookup.findSuccessor(ChordLookup.java:36)
	at no.hvl.dat110.middleware.Node.findSuccessor(Node.java:130)
	at no.hvl.dat110.chordoperations.ChordLookup.findSuccessor(ChordLookup.java:36)
	at no.hvl.dat110.middleware.Node.findSuccessor(Node.java:130)
	at no.hvl.dat110.chordoperations.ChordLookup.findSuccessor(ChordLookup.java:36)
	at no.hvl.dat110.middleware.Node.findSuccessor(Node.java:130)
	at no.hvl.dat110.chordoperations.ChordLookup.findSuccessor(ChordLookup.java:36)
	at no.hvl.dat110.middleware.Node.findSuccessor(Node.java:130)
	at no.hvl.dat110.chordoperations.ChordLookup.findSuccessor(ChordLookup.java:36)
	at no.hvl.dat110.middleware.Node.findSuccessor(Node.java:130)
	at no.hvl.dat110.chordoperations.ChordLookup.findSuccessor(ChordLookup.java:36)
	at no.hvl.dat110.middleware.Node.findSuccessor(Node.java:130)
	at no.hvl.dat110.chordoperations.ChordLookup.findSuccessor(ChordLookup.java:36)
	at no.hvl.dat110.middleware.Node.findSuccessor(Node.java:130)
	at no.hvl.dat110.chordoperations.ChordLookup.findSuccessor(ChordLookup.java:36)
	at no.hvl.dat110.middleware.Node.findSuccessor(Node.java:130)
	at no.hvl.dat110.chordoperations.ChordLookup.findSuccessor(ChordLookup.java:36)
	at no.hvl.dat110.middleware.Node.findSuccessor(Node.java:130)
	at no.hvl.dat110.chordoperations.ChordLookup.findSuccessor(ChordLookup.java:36)
	at no.hvl.dat110.middleware.Node.findSuccessor(Node.java:130)
	at no.hvl.dat110.chordoperations.ChordLookup.findSuccessor(ChordLookup.java:36)
	at no.hvl.dat110.middleware.Node.findSuccessor(Node.java:130)
	at no.hvl.dat110.chordoperations.ChordLookup.findSuccessor(ChordLookup.java:36)
	at no.hvl.dat110.middleware.Node.findSuccessor(Node.java:130)
	at no.hvl.dat110.chordoperations.ChordLookup.findSuccessor(ChordLookup.java:36)
	at no.hvl.dat110.middleware.Node.findSuccessor(Node.java:130)
	at no.hvl.dat110.chordoperations.ChordLookup.findSuccessor(ChordLookup.java:36)
	at no.hvl.dat110.middleware.Node.findSuccessor(Node.java:130)
	at no.hvl.dat110.chordoperations.ChordLookup.findSuccessor(ChordLookup.java:36)
	at no.hvl.dat110.middleware.Node.findSuccessor(Node.java:130)
	at no.hvl.dat110.chordoperations.ChordLookup.findSuccessor(ChordLookup.java:36)
	at no.hvl.dat110.middleware.Node.findSuccessor(Node.java:130)
	at no.hvl.dat110.chordoperations.ChordLookup.findSuccessor(ChordLookup.java:36)
	at no.hvl.dat110.middleware.Node.findSuccessor(Node.java:130)
	at no.hvl.dat110.chordoperations.ChordLookup.findSuccessor(ChordLookup.java:36)
	at no.hvl.dat110.middleware.Node.findSuccessor(Node.java:130)
	at no.hvl.dat110.chordoperations.ChordLookup.findSuccessor(ChordLookup.java:36)
	at no.hvl.dat110.middleware.Node.findSuccessor(Node.java:130)
	at no.hvl.dat110.chordoperations.ChordLookup.findSuccessor(ChordLookup.java:36)
	at no.hvl.dat110.middleware.Node.findSuccessor(Node.java:130)
	at no.hvl.dat110.chordoperations.ChordLookup.findSuccessor(ChordLookup.java:36)
	at no.hvl.dat110.middleware.Node.findSuccessor(Node.java:130)
	at no.hvl.dat110.chordoperations.ChordLookup.findSuccessor(ChordLookup.java:36)
	at no.hvl.dat110.middleware.Node.findSuccessor(Node.java:130)
	at no.hvl.dat110.chordoperations.ChordLookup.findSuccessor(ChordLookup.java:36)
	at no.hvl.dat110.middleware.Node.findSuccessor(Node.java:130)
	at no.hvl.dat110.chordoperations.ChordLookup.findSuccessor(ChordLookup.java:36)
	at no.hvl.dat110.middleware.Node.findSuccessor(Node.java:130)
	at no.hvl.dat110.chordoperations.ChordLookup.findSuccessor(ChordLookup.java:36)
	at no.hvl.dat110.middleware.Node.findSuccessor(Node.java:130)
	at no.hvl.dat110.chordoperations.ChordLookup.findSuccessor(ChordLookup.java:36)
	at no.hvl.dat110.middleware.Node.findSuccessor(Node.java:130)
	at no.hvl.dat110.chordoperations.ChordLookup.findSuccessor(ChordLookup.java:36)
	at no.hvl.dat110.middleware.Node.findSuccessor(Node.java:130)
	at no.hvl.dat110.chordoperations.ChordLookup.findSuccessor(ChordLookup.java:36)
	at no.hvl.dat110.middleware.Node.findSuccessor(Node.java:130)
	at no.hvl.dat110.chordoperations.ChordLookup.findSuccessor(ChordLookup.java:36)
	at no.hvl.dat110.middleware.Node.findSuccessor(Node.java:130)
	at no.hvl.dat110.chordoperations.ChordLookup.findSuccessor(ChordLookup.java:36)
	at no.hvl.dat110.middleware.Node.findSuccessor(Node.java:130)
	at no.hvl.dat110.chordoperations.ChordLookup.findSuccessor(ChordLookup.java:36)
	at no.hvl.dat110.middleware.Node.findSuccessor(Node.java:130)
	at no.hvl.dat110.chordoperations.ChordLookup.findSuccessor(ChordLookup.java:36)
	at no.hvl.dat110.middleware.Node.findSuccessor(Node.java:130)
	at no.hvl.dat110.chordoperations.ChordLookup.findSuccessor(ChordLookup.java:36)
	at no.hvl.dat110.middleware.Node.findSuccessor(Node.java:130)
	at no.hvl.dat110.chordoperations.ChordLookup.findSuccessor(ChordLookup.java:36)
	at no.hvl.dat110.middleware.Node.findSuccessor(Node.java:130)
	at no.hvl.dat110.chordoperations.ChordLookup.findSuccessor(ChordLookup.java:36)
	at no.hvl.dat110.middleware.Node.findSuccessor(Node.java:130)
	at no.hvl.dat110.chordoperations.ChordLookup.findSuccessor(ChordLookup.java:36)
	at no.hvl.dat110.middleware.Node.findSuccessor(Node.java:130)
	at no.hvl.dat110.chordoperations.ChordLookup.findSuccessor(ChordLookup.java:36)
	at no.hvl.dat110.middleware.Node.findSuccessor(Node.java:130)
	at no.hvl.dat110.chordoperations.ChordLookup.findSuccessor(ChordLookup.java:36)
	at no.hvl.dat110.middleware.Node.findSuccessor(Node.java:130)
	at no.hvl.dat110.chordoperations.ChordLookup.findSuccessor(ChordLookup.java:36)
	at no.hvl.dat110.middleware.Node.findSuccessor(Node.java:130)
	at no.hvl.dat110.chordoperations.ChordLookup.findSuccessor(ChordLookup.java:36)
	at no.hvl.dat110.middleware.Node.findSuccessor(Node.java:130)
	at no.hvl.dat110.chordoperations.ChordLookup.findSuccessor(ChordLookup.java:36)
	at no.hvl.dat110.middleware.Node.findSuccessor(Node.java:130)
	at no.hvl.dat110.chordoperations.ChordLookup.findSuccessor(ChordLookup.java:36)
	at no.hvl.dat110.middleware.Node.findSuccessor(Node.java:130)
	at no.hvl.dat110.chordoperations.ChordLookup.findSuccessor(ChordLookup.java:36)
	at no.hvl.dat110.middleware.Node.findSuccessor(Node.java:130)
	at no.hvl.dat110.chordoperations.ChordLookup.findSuccessor(ChordLookup.java:36)
	at no.hvl.dat110.middleware.Node.findSuccessor(Node.java:130)
	at no.hvl.dat110.chordoperations.ChordLookup.findSuccessor(ChordLookup.java:36)
	at no.hvl.dat110.middleware.Node.findSuccessor(Node.java:130)
	at no.hvl.dat110.chordoperations.ChordLookup.findSuccessor(ChordLookup.java:36)
	at no.hvl.dat110.middleware.Node.findSuccessor(Node.java:130)
	at no.hvl.dat110.chordoperations.ChordLookup.findSuccessor(ChordLookup.java:36)
	at no.hvl.dat110.middleware.Node.findSuccessor(Node.java:130)
	at no.hvl.dat110.chordoperations.ChordLookup.findSuccessor(ChordLookup.java:36)
	at no.hvl.dat110.middleware.Node.findSuccessor(Node.java:130)
	at no.hvl.dat110.chordoperations.ChordLookup.findSuccessor(ChordLookup.java:36)
	at no.hvl.dat110.middleware.Node.findSuccessor(Node.java:130)
	at no.hvl.dat110.chordoperations.ChordLookup.findSuccessor(ChordLookup.java:36)
	at no.hvl.dat110.middleware.Node.findSuccessor(Node.java:130)
	at no.hvl.dat110.chordoperations.ChordLookup.findSuccessor(ChordLookup.java:36)
	at no.hvl.dat110.middleware.Node.findSuccessor(Node.java:130)
	at no.hvl.dat110.chordoperations.ChordLookup.findSuccessor(ChordLookup.java:36)
	at no.hvl.dat110.middleware.Node.findSuccessor(Node.java:130)
	at no.hvl.dat110.chordoperations.ChordLookup.findSuccessor(ChordLookup.java:36)
	at no.hvl.dat110.middleware.Node.findSuccessor(Node.java:130)
	at no.hvl.dat110.chordoperations.ChordLookup.findSuccessor(ChordLookup.java:36)
	at no.hvl.dat110.middleware.Node.findSuccessor(Node.java:130)
	at no.hvl.dat110.chordoperations.ChordLookup.findSuccessor(ChordLookup.java:36)
	at no.hvl.dat110.middleware.Node.findSuccessor(Node.java:130)
	at no.hvl.dat110.chordoperations.ChordLookup.findSuccessor(ChordLookup.java:36)
	at no.hvl.dat110.middleware.Node.findSuccessor(Node.java:130)
	at no.hvl.dat110.chordoperations.ChordLookup.findSuccessor(ChordLookup.java:36)
	at no.hvl.dat110.middleware.Node.findSuccessor(Node.java:130)
	at no.hvl.dat110.chordoperations.ChordLookup.findSuccessor(ChordLookup.java:36)
	at no.hvl.dat110.middleware.Node.findSuccessor(Node.java:130)
	at no.hvl.dat110.chordoperations.ChordLookup.findSuccessor(ChordLookup.java:36)
	at no.hvl.dat110.middleware.Node.findSuccessor(Node.java:130)
	at no.hvl.dat110.chordoperations.ChordLookup.findSuccessor(ChordLookup.java:36)
	at no.hvl.dat110.middleware.Node.findSuccessor(Node.java:130)
	at no.hvl.dat110.chordoperations.ChordLookup.findSuccessor(ChordLookup.java:36)
	at no.hvl.dat110.middleware.Node.findSuccessor(Node.java:130)
	at no.hvl.dat110.chordoperations.ChordLookup.findSuccessor(ChordLookup.java:36)
	at no.hvl.dat110.middleware.Node.findSuccessor(Node.java:130)
	at no.hvl.dat110.chordoperations.ChordLookup.findSuccessor(ChordLookup.java:36)
	at no.hvl.dat110.middleware.Node.findSuccessor(Node.java:130)
	at no.hvl.dat110.chordoperations.ChordLookup.findSuccessor(ChordLookup.java:36)
	at no.hvl.dat110.middleware.Node.findSuccessor(Node.java:130)
	at no.hvl.dat110.chordoperations.ChordLookup.findSuccessor(ChordLookup.java:36)
	at no.hvl.dat110.middleware.Node.findSuccessor(Node.java:130)
	at no.hvl.dat110.chordoperations.ChordLookup.findSuccessor(ChordLookup.java:36)
	at no.hvl.dat110.middleware.Node.findSuccessor(Node.java:130)
	at no.hvl.dat110.chordoperations.ChordLookup.findSuccessor(ChordLookup.java:36)
	at no.hvl.dat110.middleware.Node.findSuccessor(Node.java:130)
	at no.hvl.dat110.chordoperations.ChordLookup.findSuccessor(ChordLookup.java:36)
	at no.hvl.dat110.middleware.Node.findSuccessor(Node.java:130)
	at no.hvl.dat110.chordoperations.ChordLookup.findSuccessor(ChordLookup.java:36)
	at no.hvl.dat110.middleware.Node.findSuccessor(Node.java:130)
	at no.hvl.dat110.chordoperations.ChordLookup.findSuccessor(ChordLookup.java:36)
	at no.hvl.dat110.middleware.Node.findSuccessor(Node.java:130)
	at no.hvl.dat110.chordoperations.ChordLookup.findSuccessor(ChordLookup.java:36)
	at no.hvl.dat110.middleware.Node.findSuccessor(Node.java:130)
	at no.hvl.dat110.chordoperations.ChordLookup.findSuccessor(ChordLookup.java:36)
	at no.hvl.dat110.middleware.Node.findSuccessor(Node.java:130)
	at no.hvl.dat110.chordoperations.ChordLookup.findSuccessor(ChordLookup.java:36)
	at no.hvl.dat110.middleware.Node.findSuccessor(Node.java:130)
	at no.hvl.dat110.chordoperations.ChordLookup.findSuccessor(ChordLookup.java:36)
	at no.hvl.dat110.middleware.Node.findSuccessor(Node.java:130)
	at no.hvl.dat110.chordoperations.ChordLookup.findSuccessor(ChordLookup.java:36)
	at no.hvl.dat110.middleware.Node.findSuccessor(Node.java:130)
	at no.hvl.dat110.chordoperations.ChordLookup.findSuccessor(ChordLookup.java:36)
	at no.hvl.dat110.middleware.Node.findSuccessor(Node.java:130)
	at no.hvl.dat110.chordoperations.ChordLookup.findSuccessor(ChordLookup.java:36)
	at no.hvl.dat110.middleware.Node.findSuccessor(Node.java:130)
	at no.hvl.dat110.chordoperations.ChordLookup.findSuccessor(ChordLookup.java:36)
	at no.hvl.dat110.middleware.Node.findSuccessor(Node.java:130)
	at no.hvl.dat110.chordoperations.ChordLookup.findSuccessor(ChordLookup.java:36)
	at no.hvl.dat110.middleware.Node.findSuccessor(Node.java:130)
	at no.hvl.dat110.chordoperations.ChordLookup.findSuccessor(ChordLookup.java:36)
	at no.hvl.dat110.middleware.Node.findSuccessor(Node.java:130)
	at no.hvl.dat110.chordoperations.ChordLookup.findSuccessor(ChordLookup.java:36)
	at no.hvl.dat110.middleware.Node.findSuccessor(Node.java:130)
	at no.hvl.dat110.chordoperations.ChordLookup.findSuccessor(ChordLookup.java:36)
	at no.hvl.dat110.middleware.Node.findSuccessor(Node.java:130)
	at no.hvl.dat110.chordoperations.ChordLookup.findSuccessor(ChordLookup.java:36)
	at no.hvl.dat110.middleware.Node.findSuccessor(Node.java:130)
	at no.hvl.dat110.chordoperations.ChordLookup.findSuccessor(ChordLookup.java:36)
	at no.hvl.dat110.middleware.Node.findSuccessor(Node.java:130)
	at no.hvl.dat110.chordoperations.ChordLookup.findSuccessor(ChordLookup.java:36)
	at no.hvl.dat110.middleware.Node.findSuccessor(Node.java:130)
	at no.hvl.dat110.chordoperations.ChordLookup.findSuccessor(ChordLookup.java:36)
	at no.hvl.dat110.middleware.Node.findSuccessor(Node.java:130)
	at no.hvl.dat110.chordoperations.ChordLookup.findSuccessor(ChordLookup.java:36)
	at no.hvl.dat110.middleware.Node.findSuccessor(Node.java:130)
	at no.hvl.dat110.chordoperations.ChordLookup.findSuccessor(ChordLookup.java:36)
	at no.hvl.dat110.middleware.Node.findSuccessor(Node.java:130)
	at no.hvl.dat110.chordoperations.ChordLookup.findSuccessor(ChordLookup.java:36)
	at no.hvl.dat110.middleware.Node.findSuccessor(Node.java:130)
	at no.hvl.dat110.chordoperations.ChordLookup.findSuccessor(ChordLookup.java:36)
	at no.hvl.dat110.middleware.Node.findSuccessor(Node.java:130)
	at no.hvl.dat110.chordoperations.ChordLookup.findSuccessor(ChordLookup.java:36)
	at no.hvl.dat110.middleware.Node.findSuccessor(Node.java:130)
	at no.hvl.dat110.chordoperations.ChordLookup.findSuccessor(ChordLookup.java:36)
	at no.hvl.dat110.middleware.Node.findSuccessor(Node.java:130)
	at no.hvl.dat110.chordoperations.ChordLookup.findSuccessor(ChordLookup.java:36)
	at no.hvl.dat110.middleware.Node.findSuccessor(Node.java:130)
	at no.hvl.dat110.chordoperations.ChordLookup.findSuccessor(ChordLookup.java:36)
	at no.hvl.dat110.middleware.Node.findSuccessor(Node.java:130)
	at no.hvl.dat110.chordoperations.ChordLookup.findSuccessor(ChordLookup.java:36)
	at no.hvl.dat110.middleware.Node.findSuccessor(Node.java:130)
	at no.hvl.dat110.chordoperations.ChordLookup.findSuccessor(ChordLookup.java:36)
	at no.hvl.dat110.middleware.Node.findSuccessor(Node.java:130)
	at no.hvl.dat110.chordoperations.ChordLookup.findSuccessor(ChordLookup.java:36)
	at no.hvl.dat110.middleware.Node.findSuccessor(Node.java:130)
	at no.hvl.dat110.chordoperations.ChordLookup.findSuccessor(ChordLookup.java:36)
	at no.hvl.dat110.middleware.Node.findSuccessor(Node.java:130)
	at no.hvl.dat110.chordoperations.ChordLookup.findSuccessor(ChordLookup.java:36)
	at no.hvl.dat110.middleware.Node.findSuccessor(Node.java:130)
	at no.hvl.dat110.chordoperations.ChordLookup.findSuccessor(ChordLookup.java:36)
	at no.hvl.dat110.middleware.Node.findSuccessor(Node.java:130)
	at no.hvl.dat110.chordoperations.ChordLookup.findSuccessor(ChordLookup.java:36)
	at no.hvl.dat110.middleware.Node.findSuccessor(Node.java:130)
	at no.hvl.dat110.chordoperations.ChordLookup.findSuccessor(ChordLookup.java:36)
	at no.hvl.dat110.middleware.Node.findSuccessor(Node.java:130)
	at no.hvl.dat110.chordoperations.ChordLookup.findSuccessor(ChordLookup.java:36)
	at no.hvl.dat110.middleware.Node.findSuccessor(Node.java:130)
	at no.hvl.dat110.chordoperations.ChordLookup.findSuccessor(ChordLookup.java:36)
	at no.hvl.dat110.middleware.Node.findSuccessor(Node.java:130)
	at no.hvl.dat110.chordoperations.ChordLookup.findSuccessor(ChordLookup.java:36)
	at no.hvl.dat110.middleware.Node.findSuccessor(Node.java:130)
	at no.hvl.dat110.chordoperations.ChordLookup.findSuccessor(ChordLookup.java:36)
	at no.hvl.dat110.middleware.Node.findSuccessor(Node.java:130)
	at no.hvl.dat110.chordoperations.ChordLookup.findSuccessor(ChordLookup.java:36)
	at no.hvl.dat110.middleware.Node.findSuccessor(Node.java:130)
	at no.hvl.dat110.chordoperations.ChordLookup.findSuccessor(ChordLookup.java:36)
	at no.hvl.dat110.middleware.Node.findSuccessor(Node.java:130)
	at no.hvl.dat110.chordoperations.ChordLookup.findSuccessor(ChordLookup.java:36)
	at no.hvl.dat110.middleware.Node.findSuccessor(Node.java:130)
	at no.hvl.dat110.chordoperations.ChordLookup.findSuccessor(ChordLookup.java:36)
	at no.hvl.dat110.middleware.Node.findSuccessor(Node.java:130)
	at no.hvl.dat110.chordoperations.ChordLookup.findSuccessor(ChordLookup.java:36)
	at no.hvl.dat110.middleware.Node.findSuccessor(Node.java:130)
	at no.hvl.dat110.chordoperations.ChordLookup.findSuccessor(ChordLookup.java:36)
	at no.hvl.dat110.middleware.Node.findSuccessor(Node.java:130)
	at no.hvl.dat110.chordoperations.ChordLookup.findSuccessor(ChordLookup.java:36)
	at no.hvl.dat110.middleware.Node.findSuccessor(Node.java:130)
	at no.hvl.dat110.chordoperations.ChordLookup.findSuccessor(ChordLookup.java:36)
	at no.hvl.dat110.middleware.Node.findSuccessor(Node.java:130)
	at no.hvl.dat110.chordoperations.ChordLookup.findSuccessor(ChordLookup.java:36)
	at no.hvl.dat110.middleware.Node.findSuccessor(Node.java:130)
	at no.hvl.dat110.chordoperations.ChordLookup.findSuccessor(ChordLookup.java:36)
	at no.hvl.dat110.middleware.Node.findSuccessor(Node.java:130)
	at no.hvl.dat110.chordoperations.ChordLookup.findSuccessor(ChordLookup.java:36)
	at no.hvl.dat110.middleware.Node.findSuccessor(Node.java:130)
	at no.hvl.dat110.chordoperations.ChordLookup.findSuccessor(ChordLookup.java:36)
	at no.hvl.dat110.middleware.Node.findSuccessor(Node.java:130)
	at no.hvl.dat110.chordoperations.ChordLookup.findSuccessor(ChordLookup.java:36)
	at no.hvl.dat110.middleware.Node.findSuccessor(Node.java:130)
	at no.hvl.dat110.chordoperations.ChordLookup.findSuccessor(ChordLookup.java:36)
	at no.hvl.dat110.middleware.Node.findSuccessor(Node.java:130)
	at no.hvl.dat110.chordoperations.ChordLookup.findSuccessor(ChordLookup.java:36)
	at no.hvl.dat110.middleware.Node.findSuccessor(Node.java:130)
	at no.hvl.dat110.chordoperations.ChordLookup.findSuccessor(ChordLookup.java:36)
	at no.hvl.dat110.middleware.Node.findSuccessor(Node.java:130)
	at no.hvl.dat110.chordoperations.ChordLookup.findSuccessor(ChordLookup.java:36)
	at no.hvl.dat110.middleware.Node.findSuccessor(Node.java:130)
	at no.hvl.dat110.chordoperations.ChordLookup.findSuccessor(ChordLookup.java:36)
	at no.hvl.dat110.middleware.Node.findSuccessor(Node.java:130)
	at no.hvl.dat110.chordoperations.ChordLookup.findSuccessor(ChordLookup.java:36)
	at no.hvl.dat110.middleware.Node.findSuccessor(Node.java:130)
	at no.hvl.dat110.chordoperations.ChordLookup.findSuccessor(ChordLookup.java:36)
	at no.hvl.dat110.middleware.Node.findSuccessor(Node.java:130)
	at no.hvl.dat110.chordoperations.ChordLookup.findSuccessor(ChordLookup.java:36)
	at no.hvl.dat110.middleware.Node.findSuccessor(Node.java:130)
	at no.hvl.dat110.chordoperations.ChordLookup.findSuccessor(ChordLookup.java:36)
	at no.hvl.dat110.middleware.Node.findSuccessor(Node.java:130)
	at no.hvl.dat110.chordoperations.ChordLookup.findSuccessor(ChordLookup.java:36)
	at no.hvl.dat110.middleware.Node.findSuccessor(Node.java:130)
	at no.hvl.dat110.chordoperations.ChordLookup.findSuccessor(ChordLookup.java:36)
	at no.hvl.dat110.middleware.Node.findSuccessor(Node.java:130)
	at no.hvl.dat110.chordoperations.ChordLookup.findSuccessor(ChordLookup.java:36)
	at no.hvl.dat110.middleware.Node.findSuccessor(Node.java:130)
	at no.hvl.dat110.chordoperations.ChordLookup.findSuccessor(ChordLookup.java:36)
	at no.hvl.dat110.middleware.Node.findSuccessor(Node.java:130)
	at no.hvl.dat110.chordoperations.ChordLookup.findSuccessor(ChordLookup.java:36)
	at no.hvl.dat110.middleware.Node.findSuccessor(Node.java:130)
	at no.hvl.dat110.chordoperations.ChordLookup.findSuccessor(ChordLookup.java:36)
	at no.hvl.dat110.middleware.Node.findSuccessor(Node.java:130)
	at no.hvl.dat110.chordoperations.ChordLookup.findSuccessor(ChordLookup.java:36)
	at no.hvl.dat110.middleware.Node.findSuccessor(Node.java:130)
	at no.hvl.dat110.chordoperations.ChordLookup.findSuccessor(ChordLookup.java:36)
	at no.hvl.dat110.middleware.Node.findSuccessor(Node.java:130)
	at no.hvl.dat110.chordoperations.ChordLookup.findSuccessor(ChordLookup.java:36)
	at no.hvl.dat110.middleware.Node.findSuccessor(Node.java:130)
	at no.hvl.dat110.chordoperations.ChordLookup.findSuccessor(ChordLookup.java:36)
	at no.hvl.dat110.middleware.Node.findSuccessor(Node.java:130)
	at no.hvl.dat110.chordoperations.ChordLookup.findSuccessor(ChordLookup.java:36)
	at no.hvl.dat110.middleware.Node.findSuccessor(Node.java:130)
	at no.hvl.dat110.chordoperations.ChordLookup.findSuccessor(ChordLookup.java:36)
	at no.hvl.dat110.middleware.Node.findSuccessor(Node.java:130)
	at no.hvl.dat110.chordoperations.ChordLookup.findSuccessor(ChordLookup.java:36)
	at no.hvl.dat110.middleware.Node.findSuccessor(Node.java:130)
	at no.hvl.dat110.chordoperations.ChordLookup.findSuccessor(ChordLookup.java:36)
	at no.hvl.dat110.middleware.Node.findSuccessor(Node.java:130)
	at no.hvl.dat110.chordoperations.ChordLookup.findSuccessor(ChordLookup.java:36)
	at no.hvl.dat110.middleware.Node.findSuccessor(Node.java:130)
	at no.hvl.dat110.chordoperations.ChordLookup.findSuccessor(ChordLookup.java:36)
	at no.hvl.dat110.middleware.Node.findSuccessor(Node.java:130)
	at no.hvl.dat110.chordoperations.ChordLookup.findSuccessor(ChordLookup.java:36)
	at no.hvl.dat110.middleware.Node.findSuccessor(Node.java:130)
	at no.hvl.dat110.chordoperations.ChordLookup.findSuccessor(ChordLookup.java:36)
	at no.hvl.dat110.middleware.Node.findSuccessor(Node.java:130)
	at no.hvl.dat110.chordoperations.ChordLookup.findSuccessor(ChordLookup.java:36)
	at no.hvl.dat110.middleware.Node.findSuccessor(Node.java:130)
	at no.hvl.dat110.chordoperations.ChordLookup.findSuccessor(ChordLookup.java:36)
	at no.hvl.dat110.middleware.Node.findSuccessor(Node.java:130)
	at no.hvl.dat110.chordoperations.ChordLookup.findSuccessor(ChordLookup.java:36)
	at no.hvl.dat110.middleware.Node.findSuccessor(Node.java:130)
	at no.hvl.dat110.chordoperations.ChordLookup.findSuccessor(ChordLookup.java:36)
	at no.hvl.dat110.middleware.Node.findSuccessor(Node.java:130)
	at no.hvl.dat110.chordoperations.ChordLookup.findSuccessor(ChordLookup.java:36)
	at no.hvl.dat110.middleware.Node.findSuccessor(Node.java:130)
	at no.hvl.dat110.chordoperations.ChordLookup.findSuccessor(ChordLookup.java:36)
	at no.hvl.dat110.middleware.Node.findSuccessor(Node.java:130)
	at no.hvl.dat110.chordoperations.ChordLookup.findSuccessor(ChordLookup.java:36)
	at no.hvl.dat110.middleware.Node.findSuccessor(Node.java:130)
	at no.hvl.dat110.chordoperations.ChordLookup.findSuccessor(ChordLookup.java:36)
	at no.hvl.dat110.middleware.Node.findSuccessor(Node.java:130)
	at no.hvl.dat110.chordoperations.ChordLookup.findSuccessor(ChordLookup.java:36)
	at no.hvl.dat110.middleware.Node.findSuccessor(Node.java:130)
	at no.hvl.dat110.chordoperations.ChordLookup.findSuccessor(ChordLookup.java:36)
	at no.hvl.dat110.middleware.Node.findSuccessor(Node.java:130)
	at no.hvl.dat110.chordoperations.ChordLookup.findSuccessor(ChordLookup.java:36)
	at no.hvl.dat110.middleware.Node.findSuccessor(Node.java:130)
	at no.hvl.dat110.chordoperations.ChordLookup.findSuccessor(ChordLookup.java:36)
	at no.hvl.dat110.middleware.Node.findSuccessor(Node.java:130)
	at no.hvl.dat110.chordoperations.ChordLookup.findSuccessor(ChordLookup.java:36)
	at no.hvl.dat110.middleware.Node.findSuccessor(Node.java:130)
	at no.hvl.dat110.chordoperations.ChordLookup.findSuccessor(ChordLookup.java:36)
	at no.hvl.dat110.middleware.Node.findSuccessor(Node.java:130)
	at no.hvl.dat110.chordoperations.ChordLookup.findSuccessor(ChordLookup.java:36)
	at no.hvl.dat110.middleware.Node.findSuccessor(Node.java:130)
	at no.hvl.dat110.chordoperations.ChordLookup.findSuccessor(ChordLookup.java:36)
	at no.hvl.dat110.middleware.Node.findSuccessor(Node.java:130)
	at no.hvl.dat110.chordoperations.ChordLookup.findSuccessor(ChordLookup.java:36)
	at no.hvl.dat110.middleware.Node.findSuccessor(Node.java:130)
	at no.hvl.dat110.chordoperations.ChordLookup.findSuccessor(ChordLookup.java:36)
	at no.hvl.dat110.middleware.Node.findSuccessor(Node.java:130)
	at no.hvl.dat110.chordoperations.ChordLookup.findSuccessor(ChordLookup.java:36)
	at no.hvl.dat110.middleware.Node.findSuccessor(Node.java:130)
	at no.hvl.dat110.chordoperations.ChordLookup.findSuccessor(ChordLookup.java:36)
	at no.hvl.dat110.middleware.Node.findSuccessor(Node.java:130)
	at no.hvl.dat110.chordoperations.ChordLookup.findSuccessor(ChordLookup.java:36)
	at no.hvl.dat110.middleware.Node.findSuccessor(Node.java:130)
	at no.hvl.dat110.chordoperations.ChordLookup.findSuccessor(ChordLookup.java:36)
	at no.hvl.dat110.middleware.Node.findSuccessor(Node.java:130)
	at no.hvl.dat110.chordoperations.ChordLookup.findSuccessor(ChordLookup.java:36)
	at no.hvl.dat110.middleware.Node.findSuccessor(Node.java:130)
	at no.hvl.dat110.chordoperations.ChordLookup.findSuccessor(ChordLookup.java:36)
	at no.hvl.dat110.middleware.Node.findSuccessor(Node.java:130)
	at no.hvl.dat110.chordoperations.ChordLookup.findSuccessor(ChordLookup.java:36)
	at no.hvl.dat110.middleware.Node.findSuccessor(Node.java:130)
	at no.hvl.dat110.chordoperations.ChordLookup.findSuccessor(ChordLookup.java:36)
	at no.hvl.dat110.middleware.Node.findSuccessor(Node.java:130)
	at no.hvl.dat110.chordoperations.ChordLookup.findSuccessor(ChordLookup.java:36)
	at no.hvl.dat110.middleware.Node.findSuccessor(Node.java:130)
	at no.hvl.dat110.chordoperations.ChordLookup.findSuccessor(ChordLookup.java:36)
	at no.hvl.dat110.middleware.Node.findSuccessor(Node.java:130)
	at no.hvl.dat110.chordoperations.ChordLookup.findSuccessor(ChordLookup.java:36)
	at no.hvl.dat110.middleware.Node.findSuccessor(Node.java:130)
	at no.hvl.dat110.chordoperations.ChordLookup.findSuccessor(ChordLookup.java:36)
	at no.hvl.dat110.middleware.Node.findSuccessor(Node.java:130)
	at no.hvl.dat110.chordoperations.ChordLookup.findSuccessor(ChordLookup.java:36)
	at no.hvl.dat110.middleware.Node.findSuccessor(Node.java:130)
	at no.hvl.dat110.chordoperations.ChordLookup.findSuccessor(ChordLookup.java:36)
	at no.hvl.dat110.middleware.Node.findSuccessor(Node.java:130)
	at no.hvl.dat110.chordoperations.ChordLookup.findSuccessor(ChordLookup.java:36)
	at no.hvl.dat110.middleware.Node.findSuccessor(Node.java:130)
	at no.hvl.dat110.chordoperations.ChordLookup.findSuccessor(ChordLookup.java:36)
	at no.hvl.dat110.middleware.Node.findSuccessor(Node.java:130)
	at no.hvl.dat110.chordoperations.ChordLookup.findSuccessor(ChordLookup.java:36)
	at no.hvl.dat110.middleware.Node.findSuccessor(Node.java:130)
	at no.hvl.dat110.chordoperations.ChordLookup.findSuccessor(ChordLookup.java:36)
	at no.hvl.dat110.middleware.Node.findSuccessor(Node.java:130)
	at no.hvl.dat110.chordoperations.ChordLookup.findSuccessor(ChordLookup.java:36)
	at no.hvl.dat110.middleware.Node.findSuccessor(Node.java:130)
	at no.hvl.dat110.chordoperations.ChordLookup.findSuccessor(ChordLookup.java:36)
	at no.hvl.dat110.middleware.Node.findSuccessor(Node.java:130)
	at no.hvl.dat110.chordoperations.ChordLookup.findSuccessor(ChordLookup.java:36)
	at no.hvl.dat110.middleware.Node.findSuccessor(Node.java:130)
	at no.hvl.dat110.chordoperations.ChordLookup.findSuccessor(ChordLookup.java:36)
	at no.hvl.dat110.middleware.Node.findSuccessor(Node.java:130)
	at no.hvl.dat110.chordoperations.ChordLookup.findSuccessor(ChordLookup.java:36)
	at no.hvl.dat110.middleware.Node.findSuccessor(Node.java:130)
	at no.hvl.dat110.chordoperations.ChordLookup.findSuccessor(ChordLookup.java:36)
	at no.hvl.dat110.middleware.Node.findSuccessor(Node.java:130)
	at no.hvl.dat110.chordoperations.ChordLookup.findSuccessor(ChordLookup.java:36)
	at no.hvl.dat110.middleware.Node.findSuccessor(Node.java:130)
	at no.hvl.dat110.chordoperations.ChordLookup.findSuccessor(ChordLookup.java:36)
	at no.hvl.dat110.middleware.Node.findSuccessor(Node.java:130)
	at no.hvl.dat110.chordoperations.ChordLookup.findSuccessor(ChordLookup.java:36)
	at no.hvl.dat110.middleware.Node.findSuccessor(Node.java:130)
	at no.hvl.dat110.chordoperations.ChordLookup.findSuccessor(ChordLookup.java:36)
	at no.hvl.dat110.middleware.Node.findSuccessor(Node.java:130)
	at no.hvl.dat110.chordoperations.ChordLookup.findSuccessor(ChordLookup.java:36)
	at no.hvl.dat110.middleware.Node.findSuccessor(Node.java:130)
	at no.hvl.dat110.chordoperations.ChordLookup.findSuccessor(ChordLookup.java:36)
	at no.hvl.dat110.middleware.Node.findSuccessor(Node.java:130)
	at no.hvl.dat110.chordoperations.ChordLookup.findSuccessor(ChordLookup.java:36)
	at no.hvl.dat110.middleware.Node.findSuccessor(Node.java:130)
	at no.hvl.dat110.chordoperations.ChordLookup.findSuccessor(ChordLookup.java:36)
	at no.hvl.dat110.middleware.Node.findSuccessor(Node.java:130)
	at no.hvl.dat110.chordoperations.ChordLookup.findSuccessor(ChordLookup.java:36)
	at no.hvl.dat110.middleware.Node.findSuccessor(Node.java:130)
	at no.hvl.dat110.chordoperations.ChordLookup.findSuccessor(ChordLookup.java:36)
	at no.hvl.dat110.middleware.Node.findSuccessor(Node.java:130)
	at no.hvl.dat110.chordoperations.ChordLookup.findSuccessor(ChordLookup.java:36)
	at no.hvl.dat110.middleware.Node.findSuccessor(Node.java:130)
	at no.hvl.dat110.chordoperations.ChordLookup.findSuccessor(ChordLookup.java:36)
	at no.hvl.dat110.middleware.Node.findSuccessor(Node.java:130)
	at no.hvl.dat110.chordoperations.ChordLookup.findSuccessor(ChordLookup.java:36)
	at no.hvl.dat110.middleware.Node.findSuccessor(Node.java:130)
	at no.hvl.dat110.chordoperations.ChordLookup.findSuccessor(ChordLookup.java:36)
	at no.hvl.dat110.middleware.Node.findSuccessor(Node.java:130)
	at no.hvl.dat110.chordoperations.ChordLookup.findSuccessor(ChordLookup.java:36)
	at no.hvl.dat110.middleware.Node.findSuccessor(Node.java:130)
	at no.hvl.dat110.chordoperations.ChordLookup.findSuccessor(ChordLookup.java:36)
	at no.hvl.dat110.middleware.Node.findSuccessor(Node.java:130)
	at no.hvl.dat110.chordoperations.ChordLookup.findSuccessor(ChordLookup.java:36)
	at no.hvl.dat110.middleware.Node.findSuccessor(Node.java:130)
	at no.hvl.dat110.chordoperations.ChordLookup.findSuccessor(ChordLookup.java:36)
	at no.hvl.dat110.middleware.Node.findSuccessor(Node.java:130)
	at no.hvl.dat110.chordoperations.ChordLookup.findSuccessor(ChordLookup.java:36)
	at no.hvl.dat110.middleware.Node.findSuccessor(Node.java:130)
	at no.hvl.dat110.chordoperations.ChordLookup.findSuccessor(ChordLookup.java:36)
	at no.hvl.dat110.middleware.Node.findSuccessor(Node.java:130)
	at no.hvl.dat110.chordoperations.ChordLookup.findSuccessor(ChordLookup.java:36)
	at no.hvl.dat110.middleware.Node.findSuccessor(Node.java:130)
	at no.hvl.dat110.chordoperations.ChordLookup.findSuccessor(ChordLookup.java:36)
	at no.hvl.dat110.middleware.Node.findSuccessor(Node.java:130)
	at no.hvl.dat110.chordoperations.ChordLookup.findSuccessor(ChordLookup.java:36)
	at no.hvl.dat110.middleware.Node.findSuccessor(Node.java:130)
	at no.hvl.dat110.chordoperations.ChordLookup.findSuccessor(ChordLookup.java:36)
	at no.hvl.dat110.middleware.Node.findSuccessor(Node.java:130)
	at no.hvl.dat110.chordoperations.ChordLookup.findSuccessor(ChordLookup.java:36)
	at no.hvl.dat110.middleware.Node.findSuccessor(Node.java:130)
	at no.hvl.dat110.chordoperations.ChordLookup.findSuccessor(ChordLookup.java:36)
	at no.hvl.dat110.middleware.Node.findSuccessor(Node.java:130)
	at no.hvl.dat110.chordoperations.ChordLookup.findSuccessor(ChordLookup.java:36)
	at no.hvl.dat110.middleware.Node.findSuccessor(Node.java:130)
	at no.hvl.dat110.chordoperations.ChordLookup.findSuccessor(ChordLookup.java:36)
	at no.hvl.dat110.middleware.Node.findSuccessor(Node.java:130)
	at no.hvl.dat110.chordoperations.ChordLookup.findSuccessor(ChordLookup.java:36)
	at no.hvl.dat110.middleware.Node.findSuccessor(Node.java:130)
	at no.hvl.dat110.chordoperations.ChordLookup.findSuccessor(ChordLookup.java:36)
	at no.hvl.dat110.middleware.Node.findSuccessor(Node.java:130)
	at no.hvl.dat110.chordoperations.ChordLookup.findSuccessor(ChordLookup.java:36)
	at no.hvl.dat110.middleware.Node.findSuccessor(Node.java:130)
	at no.hvl.dat110.chordoperations.ChordLookup.findSuccessor(ChordLookup.java:36)
	at no.hvl.dat110.middleware.Node.findSuccessor(Node.java:130)
	at no.hvl.dat110.chordoperations.ChordLookup.findSuccessor(ChordLookup.java:36)
	at no.hvl.dat110.middleware.Node.findSuccessor(Node.java:130)
	at no.hvl.dat110.chordoperations.ChordLookup.findSuccessor(ChordLookup.java:36)
	at no.hvl.dat110.middleware.Node.findSuccessor(Node.java:130)
	at no.hvl.dat110.chordoperations.ChordLookup.findSuccessor(ChordLookup.java:36)
	at no.hvl.dat110.middleware.Node.findSuccessor(Node.java:130)
	at no.hvl.dat110.chordoperations.ChordLookup.findSuccessor(ChordLookup.java:36)
	at no.hvl.dat110.middleware.Node.findSuccessor(Node.java:130)
	at no.hvl.dat110.chordoperations.ChordLookup.findSuccessor(ChordLookup.java:36)
	at no.hvl.dat110.middleware.Node.findSuccessor(Node.java:130)
	at no.hvl.dat110.chordoperations.ChordLookup.findSuccessor(ChordLookup.java:36)
	at no.hvl.dat110.middleware.Node.findSuccessor(Node.java:130)
	at no.hvl.dat110.chordoperations.ChordLookup.findSuccessor(ChordLookup.java:36)
	at no.hvl.dat110.middleware.Node.findSuccessor(Node.java:130)
	at no.hvl.dat110.chordoperations.ChordLookup.findSuccessor(ChordLookup.java:36)
	at no.hvl.dat110.middleware.Node.findSuccessor(Node.java:130)
	at no.hvl.dat110.chordoperations.ChordLookup.findSuccessor(ChordLookup.java:36)
	at no.hvl.dat110.middleware.Node.findSuccessor(Node.java:130)
	at no.hvl.dat110.chordoperations.ChordLookup.findSuccessor(ChordLookup.java:36)
	at no.hvl.dat110.middleware.Node.findSuccessor(Node.java:130)
	at no.hvl.dat110.chordoperations.ChordLookup.findSuccessor(ChordLookup.java:36)
	at no.hvl.dat110.middleware.Node.findSuccessor(Node.java:130)
	at no.hvl.dat110.chordoperations.ChordLookup.findSuccessor(ChordLookup.java:36)
	at no.hvl.dat110.middleware.Node.findSuccessor(Node.java:130)
	at no.hvl.dat110.chordoperations.ChordLookup.findSuccessor(ChordLookup.java:36)
	at no.hvl.dat110.middleware.Node.findSuccessor(Node.java:130)
	at no.hvl.dat110.chordoperations.ChordLookup.findSuccessor(ChordLookup.java:36)
	at no.hvl.dat110.middleware.Node.findSuccessor(Node.java:130)
	at no.hvl.dat110.chordoperations.ChordLookup.findSuccessor(ChordLookup.java:36)
	at no.hvl.dat110.middleware.Node.findSuccessor(Node.java:130)
	at no.hvl.dat110.chordoperations.ChordLookup.findSuccessor(ChordLookup.java:36)
	at no.hvl.dat110.middleware.Node.findSuccessor(Node.java:130)
	at no.hvl.dat110.chordoperations.ChordLookup.findSuccessor(ChordLookup.java:36)
	at no.hvl.dat110.middleware.Node.findSuccessor(Node.java:130)
	at no.hvl.dat110.chordoperations.ChordLookup.findSuccessor(ChordLookup.java:36)
	at no.hvl.dat110.middleware.Node.findSuccessor(Node.java:130)
	at no.hvl.dat110.chordoperations.ChordLookup.findSuccessor(ChordLookup.java:36)
	at no.hvl.dat110.middleware.Node.findSuccessor(Node.java:130)
	at no.hvl.dat110.chordoperations.ChordLookup.findSuccessor(ChordLookup.java:36)
	at no.hvl.dat110.middleware.Node.findSuccessor(Node.java:130)
	at no.hvl.dat110.chordoperations.ChordLookup.findSuccessor(ChordLookup.java:36)
	at no.hvl.dat110.middleware.Node.findSuccessor(Node.java:130)
	at no.hvl.dat110.chordoperations.ChordLookup.findSuccessor(ChordLookup.java:36)
	at no.hvl.dat110.middleware.Node.findSuccessor(Node.java:130)
	at no.hvl.dat110.chordoperations.ChordLookup.findSuccessor(ChordLookup.java:36)
	at no.hvl.dat110.middleware.Node.findSuccessor(Node.java:130)
	at no.hvl.dat110.chordoperations.ChordLookup.findSuccessor(ChordLookup.java:36)
	at no.hvl.dat110.middleware.Node.findSuccessor(Node.java:130)
	at no.hvl.dat110.chordoperations.ChordLookup.findSuccessor(ChordLookup.java:36)
	at no.hvl.dat110.middleware.Node.findSuccessor(Node.java:130)
	at no.hvl.dat110.chordoperations.ChordLookup.findSuccessor(ChordLookup.java:36)
	at no.hvl.dat110.middleware.Node.findSuccessor(Node.java:130)
	at no.hvl.dat110.chordoperations.ChordLookup.findSuccessor(ChordLookup.java:36)
	at no.hvl.dat110.middleware.Node.findSuccessor(Node.java:130)
	at no.hvl.dat110.chordoperations.ChordLookup.findSuccessor(ChordLookup.java:36)
	at no.hvl.dat110.middleware.Node.findSuccessor(Node.java:130)
	at no.hvl.dat110.chordoperations.ChordLookup.findSuccessor(ChordLookup.java:36)
	at no.hvl.dat110.middleware.Node.findSuccessor(Node.java:130)
	at no.hvl.dat110.chordoperations.ChordLookup.findSuccessor(ChordLookup.java:36)
	at no.hvl.dat110.middleware.Node.findSuccessor(Node.java:130)
	at no.hvl.dat110.chordoperations.ChordLookup.findSuccessor(ChordLookup.java:36)
	at no.hvl.dat110.middleware.Node.findSuccessor(Node.java:130)
	at no.hvl.dat110.chordoperations.ChordLookup.findSuccessor(ChordLookup.java:36)
	at no.hvl.dat110.middleware.Node.findSuccessor(Node.java:130)
	at no.hvl.dat110.chordoperations.ChordLookup.findSuccessor(ChordLookup.java:36)
	at no.hvl.dat110.middleware.Node.findSuccessor(Node.java:130)
	at no.hvl.dat110.chordoperations.ChordLookup.findSuccessor(ChordLookup.java:36)
	at no.hvl.dat110.middleware.Node.findSuccessor(Node.java:130)
	at no.hvl.dat110.chordoperations.ChordLookup.findSuccessor(ChordLookup.java:36)
	at no.hvl.dat110.middleware.Node.findSuccessor(Node.java:130)
	at no.hvl.dat110.chordoperations.ChordLookup.findSuccessor(ChordLookup.java:36)
	at no.hvl.dat110.middleware.Node.findSuccessor(Node.java:130)
	at no.hvl.dat110.chordoperations.ChordLookup.findSuccessor(ChordLookup.java:36)
	at no.hvl.dat110.middleware.Node.findSuccessor(Node.java:130)
	at no.hvl.dat110.chordoperations.ChordLookup.findSuccessor(ChordLookup.java:36)
	at no.hvl.dat110.middleware.Node.findSuccessor(Node.java:130)
	at no.hvl.dat110.chordoperations.ChordLookup.findSuccessor(ChordLookup.java:36)
	at no.hvl.dat110.middleware.Node.findSuccessor(Node.java:130)
	at no.hvl.dat110.chordoperations.ChordLookup.findSuccessor(ChordLookup.java:36)
	at no.hvl.dat110.middleware.Node.findSuccessor(Node.java:130)
	at no.hvl.dat110.chordoperations.ChordLookup.findSuccessor(ChordLookup.java:36)
	at no.hvl.dat110.middleware.Node.findSuccessor(Node.java:130)
	at no.hvl.dat110.chordoperations.ChordLookup.findSuccessor(ChordLookup.java:36)
	at no.hvl.dat110.middleware.Node.findSuccessor(Node.java:130)
	at no.hvl.dat110.chordoperations.ChordLookup.findSuccessor(ChordLookup.java:36)
	at no.hvl.dat110.middleware.Node.findSuccessor(Node.java:130)
	at no.hvl.dat110.chordoperations.ChordLookup.findSuccessor(ChordLookup.java:36)
	at no.hvl.dat110.middleware.Node.findSuccessor(Node.java:130)
	at no.hvl.dat110.chordoperations.ChordLookup.findSuccessor(ChordLookup.java:36)
	at no.hvl.dat110.middleware.Node.findSuccessor(Node.java:130)
	at no.hvl.dat110.chordoperations.ChordLookup.findSuccessor(ChordLookup.java:36)
	at no.hvl.dat110.middleware.Node.findSuccessor(Node.java:130)
	at no.hvl.dat110.chordoperations.ChordLookup.findSuccessor(ChordLookup.java:36)
	at no.hvl.dat110.middleware.Node.findSuccessor(Node.java:130)
	at no.hvl.dat110.chordoperations.ChordLookup.findSuccessor(ChordLookup.java:36)
	at no.hvl.dat110.middleware.Node.findSuccessor(Node.java:130)
	at no.hvl.dat110.chordoperations.ChordLookup.findSuccessor(ChordLookup.java:36)
	at no.hvl.dat110.middleware.Node.findSuccessor(Node.java:130)
	at no.hvl.dat110.chordoperations.ChordLookup.findSuccessor(ChordLookup.java:36)
	at no.hvl.dat110.middleware.Node.findSuccessor(Node.java:130)
	at no.hvl.dat110.chordoperations.ChordLookup.findSuccessor(ChordLookup.java:36)
	at no.hvl.dat110.middleware.Node.findSuccessor(Node.java:130)
	at no.hvl.dat110.chordoperations.ChordLookup.findSuccessor(ChordLookup.java:36)
	at no.hvl.dat110.middleware.Node.findSuccessor(Node.java:130)
	at no.hvl.dat110.chordoperations.ChordLookup.findSuccessor(ChordLookup.java:36)
	at no.hvl.dat110.middleware.Node.findSuccessor(Node.java:130)
	at no.hvl.dat110.chordoperations.ChordLookup.findSuccessor(ChordLookup.java:36)
	at no.hvl.dat110.middleware.Node.findSuccessor(Node.java:130)
	at no.hvl.dat110.chordoperations.ChordLookup.findSuccessor(ChordLookup.java:36)
	at no.hvl.dat110.middleware.Node.findSuccessor(Node.java:130)
	at no.hvl.dat110.chordoperations.ChordLookup.findSuccessor(ChordLookup.java:36)
	at no.hvl.dat110.middleware.Node.findSuccessor(Node.java:130)
	at no.hvl.dat110.chordoperations.ChordLookup.findSuccessor(ChordLookup.java:36)
	at no.hvl.dat110.middleware.Node.findSuccessor(Node.java:130)
	at no.hvl.dat110.chordoperations.ChordLookup.findSuccessor(ChordLookup.java:36)
	at no.hvl.dat110.middleware.Node.findSuccessor(Node.java:130)
	at no.hvl.dat110.chordoperations.ChordLookup.findSuccessor(ChordLookup.java:36)
	at no.hvl.dat110.middleware.Node.findSuccessor(Node.java:130)
	at no.hvl.dat110.chordoperations.ChordLookup.findSuccessor(ChordLookup.java:36)
	at no.hvl.dat110.middleware.Node.findSuccessor(Node.java:130)
	at no.hvl.dat110.chordoperations.ChordLookup.findSuccessor(ChordLookup.java:36)
	at no.hvl.dat110.middleware.Node.findSuccessor(Node.java:130)
	at no.hvl.dat110.chordoperations.ChordLookup.findSuccessor(ChordLookup.java:36)
	at no.hvl.dat110.middleware.Node.findSuccessor(Node.java:130)
	at no.hvl.dat110.chordoperations.ChordLookup.findSuccessor(ChordLookup.java:36)
	at no.hvl.dat110.middleware.Node.findSuccessor(Node.java:130)
	at no.hvl.dat110.chordoperations.ChordLookup.findSuccessor(ChordLookup.java:36)
	at no.hvl.dat110.middleware.Node.findSuccessor(Node.java:130)
	at no.hvl.dat110.chordoperations.ChordLookup.findSuccessor(ChordLookup.java:36)
	at no.hvl.dat110.middleware.Node.findSuccessor(Node.java:130)
	at no.hvl.dat110.chordoperations.ChordLookup.findSuccessor(ChordLookup.java:36)
	at no.hvl.dat110.middleware.Node.findSuccessor(Node.java:130)
	at no.hvl.dat110.chordoperations.ChordLookup.findSuccessor(ChordLookup.java:36)
	at no.hvl.dat110.middleware.Node.findSuccessor(Node.java:130)
	at no.hvl.dat110.chordoperations.ChordLookup.findSuccessor(ChordLookup.java:36)
	at no.hvl.dat110.middleware.Node.findSuccessor(Node.java:130)
	at no.hvl.dat110.chordoperations.ChordLookup.findSuccessor(ChordLookup.java:36)
	at no.hvl.dat110.middleware.Node.findSuccessor(Node.java:130)
	at no.hvl.dat110.chordoperations.ChordLookup.findSuccessor(ChordLookup.java:36)
	at no.hvl.dat110.middleware.Node.findSuccessor(Node.java:130)
	at no.hvl.dat110.chordoperations.ChordLookup.findSuccessor(ChordLookup.java:36)
	at no.hvl.dat110.middleware.Node.findSuccessor(Node.java:130)
	at no.hvl.dat110.chordoperations.ChordLookup.findSuccessor(ChordLookup.java:36)
	at no.hvl.dat110.middleware.Node.findSuccessor(Node.java:130)
	at no.hvl.dat110.chordoperations.ChordLookup.findSuccessor(ChordLookup.java:36)
	at no.hvl.dat110.middleware.Node.findSuccessor(Node.java:130)
	at no.hvl.dat110.chordoperations.ChordLookup.findSuccessor(ChordLookup.java:36)
	at no.hvl.dat110.middleware.Node.findSuccessor(Node.java:130)
	at no.hvl.dat110.chordoperations.ChordLookup.findSuccessor(ChordLookup.java:36)
	at no.hvl.dat110.middleware.Node.findSuccessor(Node.java:130)
	at no.hvl.dat110.chordoperations.ChordLookup.findSuccessor(ChordLookup.java:36)
	at no.hvl.dat110.middleware.Node.findSuccessor(Node.java:130)
	at no.hvl.dat110.chordoperations.ChordLookup.findSuccessor(ChordLookup.java:36)
	at no.hvl.dat110.middleware.Node.findSuccessor(Node.java:130)
	at no.hvl.dat110.chordoperations.ChordLookup.findSuccessor(ChordLookup.java:36)
	at no.hvl.dat110.middleware.Node.findSuccessor(Node.java:130)
	at no.hvl.dat110.chordoperations.ChordLookup.findSuccessor(ChordLookup.java:36)
	at no.hvl.dat110.middleware.Node.findSuccessor(Node.java:130)
	at no.hvl.dat110.chordoperations.ChordLookup.findSuccessor(ChordLookup.java:36)
	at no.hvl.dat110.middleware.Node.findSuccessor(Node.java:130)
	at no.hvl.dat110.chordoperations.ChordLookup.findSuccessor(ChordLookup.java:36)
	at no.hvl.dat110.middleware.Node.findSuccessor(Node.java:130)
	at no.hvl.dat110.chordoperations.ChordLookup.findSuccessor(ChordLookup.java:36)
	at no.hvl.dat110.middleware.Node.findSuccessor(Node.java:130)
	at no.hvl.dat110.chordoperations.ChordLookup.findSuccessor(ChordLookup.java:36)
	at no.hvl.dat110.middleware.Node.findSuccessor(Node.java:130)
	at no.hvl.dat110.chordoperations.ChordLookup.findSuccessor(ChordLookup.java:36)
	at no.hvl.dat110.middleware.Node.findSuccessor(Node.java:130)
	at no.hvl.dat110.chordoperations.ChordLookup.findSuccessor(ChordLookup.java:36)
	at no.hvl.dat110.middleware.Node.findSuccessor(Node.java:130)
	at no.hvl.dat110.chordoperations.ChordLookup.findSuccessor(ChordLookup.java:36)
	at no.hvl.dat110.middleware.Node.findSuccessor(Node.java:130)
	at no.hvl.dat110.chordoperations.ChordLookup.findSuccessor(ChordLookup.java:36)
	at no.hvl.dat110.middleware.Node.findSuccessor(Node.java:130)
	at no.hvl.dat110.chordoperations.ChordLookup.findSuccessor(ChordLookup.java:36)
	at no.hvl.dat110.middleware.Node.findSuccessor(Node.java:130)
	at no.hvl.dat110.chordoperations.ChordLookup.findSuccessor(ChordLookup.java:36)
	at no.hvl.dat110.middleware.Node.findSuccessor(Node.java:130)
	at no.hvl.dat110.chordoperations.ChordLookup.findSuccessor(ChordLookup.java:36)
	at no.hvl.dat110.middleware.Node.findSuccessor(Node.java:130)
	at no.hvl.dat110.chordoperations.ChordLookup.findSuccessor(ChordLookup.java:36)
	at no.hvl.dat110.middleware.Node.findSuccessor(Node.java:130)
	at no.hvl.dat110.chordoperations.ChordLookup.findSuccessor(ChordLookup.java:36)
	at no.hvl.dat110.middleware.Node.findSuccessor(Node.java:130)
	at no.hvl.dat110.chordoperations.ChordLookup.findSuccessor(ChordLookup.java:36)
	at no.hvl.dat110.middleware.Node.findSuccessor(Node.java:130)
	at no.hvl.dat110.chordoperations.ChordLookup.findSuccessor(ChordLookup.java:36)
	at no.hvl.dat110.middleware.Node.findSuccessor(Node.java:130)
	at no.hvl.dat110.chordoperations.ChordLookup.findSuccessor(ChordLookup.java:36)
	at no.hvl.dat110.middleware.Node.findSuccessor(Node.java:130)
	at no.hvl.dat110.chordoperations.ChordLookup.findSuccessor(ChordLookup.java:36)
	at no.hvl.dat110.middleware.Node.findSuccessor(Node.java:130)
	at no.hvl.dat110.chordoperations.ChordLookup.findSuccessor(ChordLookup.java:36)
	at no.hvl.dat110.middleware.Node.findSuccessor(Node.java:130)
	at no.hvl.dat110.chordoperations.ChordLookup.findSuccessor(ChordLookup.java:36)
	at no.hvl.dat110.middleware.Node.findSuccessor(Node.java:130)
	at no.hvl.dat110.chordoperations.ChordLookup.findSuccessor(ChordLookup.java:36)
	at no.hvl.dat110.middleware.Node.findSuccessor(Node.java:130)
	at no.hvl.dat110.chordoperations.ChordLookup.findSuccessor(ChordLookup.java:36)
	at no.hvl.dat110.middleware.Node.findSuccessor(Node.java:130)
	at no.hvl.dat110.chordoperations.ChordLookup.findSuccessor(ChordLookup.java:36)
	at no.hvl.dat110.middleware.Node.findSuccessor(Node.java:130)
	at no.hvl.dat110.chordoperations.ChordLookup.findSuccessor(ChordLookup.java:36)
	at no.hvl.dat110.middleware.Node.findSuccessor(Node.java:130)
	at no.hvl.dat110.chordoperations.ChordLookup.findSuccessor(ChordLookup.java:36)
	at no.hvl.dat110.middleware.Node.findSuccessor(Node.java:130)
	at no.hvl.dat110.chordoperations.ChordLookup.findSuccessor(ChordLookup.java:36)
	at no.hvl.dat110.middleware.Node.findSuccessor(Node.java:130)
	at no.hvl.dat110.chordoperations.ChordLookup.findSuccessor(ChordLookup.java:36)
	at no.hvl.dat110.middleware.Node.findSuccessor(Node.java:130)
	at no.hvl.dat110.chordoperations.ChordLookup.findSuccessor(ChordLookup.java:36)
	at no.hvl.dat110.middleware.Node.findSuccessor(Node.java:130)
	at no.hvl.dat110.chordoperations.ChordLookup.findSuccessor(ChordLookup.java:36)
	at no.hvl.dat110.middleware.Node.findSuccessor(Node.java:130)
	at no.hvl.dat110.chordoperations.ChordLookup.findSuccessor(ChordLookup.java:36)
	at no.hvl.dat110.middleware.Node.findSuccessor(Node.java:130)
	at no.hvl.dat110.chordoperations.ChordLookup.findSuccessor(ChordLookup.java:36)
	at no.hvl.dat110.middleware.Node.findSuccessor(Node.java:130)
	at no.hvl.dat110.chordoperations.ChordLookup.findSuccessor(ChordLookup.java:36)
	at no.hvl.dat110.middleware.Node.findSuccessor(Node.java:130)
	at no.hvl.dat110.chordoperations.ChordLookup.findSuccessor(ChordLookup.java:36)
	at no.hvl.dat110.middleware.Node.findSuccessor(Node.java:130)
	at no.hvl.dat110.chordoperations.ChordLookup.findSuccessor(ChordLookup.java:36)
	at no.hvl.dat110.middleware.Node.findSuccessor(Node.java:130)
	at no.hvl.dat110.chordoperations.ChordLookup.findSuccessor(ChordLookup.java:36)
	at no.hvl.dat110.middleware.Node.findSuccessor(Node.java:130)
	at no.hvl.dat110.chordoperations.ChordLookup.findSuccessor(ChordLookup.java:36)
	at no.hvl.dat110.middleware.Node.findSuccessor(Node.java:130)
	at no.hvl.dat110.chordoperations.ChordLookup.findSuccessor(ChordLookup.java:36)
	at no.hvl.dat110.middleware.Node.findSuccessor(Node.java:130)
	at no.hvl.dat110.chordoperations.ChordLookup.findSuccessor(ChordLookup.java:36)
	at no.hvl.dat110.middleware.Node.findSuccessor(Node.java:130)
	at no.hvl.dat110.chordoperations.ChordLookup.findSuccessor(ChordLookup.java:36)
	at no.hvl.dat110.middleware.Node.findSuccessor(Node.java:130)
	at no.hvl.dat110.chordoperations.ChordLookup.findSuccessor(ChordLookup.java:36)
	at no.hvl.dat110.middleware.Node.findSuccessor(Node.java:130)
	at no.hvl.dat110.chordoperations.ChordLookup.findSuccessor(ChordLookup.java:36)
	at no.hvl.dat110.middleware.Node.findSuccessor(Node.java:130)
	at no.hvl.dat110.chordoperations.ChordLookup.findSuccessor(ChordLookup.java:36)
	at no.hvl.dat110.middleware.Node.findSuccessor(Node.java:130)
	at no.hvl.dat110.chordoperations.ChordLookup.findSuccessor(ChordLookup.java:36)
	at no.hvl.dat110.middleware.Node.findSuccessor(Node.java:130)
	at no.hvl.dat110.chordoperations.ChordLookup.findSuccessor(ChordLookup.java:36)
	at no.hvl.dat110.middleware.Node.findSuccessor(Node.java:130)
	at no.hvl.dat110.chordoperations.ChordLookup.findSuccessor(ChordLookup.java:36)
	at no.hvl.dat110.middleware.Node.findSuccessor(Node.java:130)
	at no.hvl.dat110.chordoperations.ChordLookup.findSuccessor(ChordLookup.java:36)
	at no.hvl.dat110.middleware.Node.findSuccessor(Node.java:130)
	at no.hvl.dat110.chordoperations.ChordLookup.findSuccessor(ChordLookup.java:36)
	at no.hvl.dat110.middleware.Node.findSuccessor(Node.java:130)
	at no.hvl.dat110.chordoperations.ChordLookup.findSuccessor(ChordLookup.java:36)
	at no.hvl.dat110.middleware.Node.findSuccessor(Node.java:130)
	at no.hvl.dat110.chordoperations.ChordLookup.findSuccessor(ChordLookup.java:36)
	at no.hvl.dat110.middleware.Node.findSuccessor(Node.java:130)
	at no.hvl.dat110.chordoperations.ChordLookup.findSuccessor(ChordLookup.java:36)
	at no.hvl.dat110.middleware.Node.findSuccessor(Node.java:130)
	at no.hvl.dat110.chordoperations.ChordLookup.findSuccessor(ChordLookup.java:36)
	at no.hvl.dat110.middleware.Node.findSuccessor(Node.java:130)
	at no.hvl.dat110.chordoperations.ChordLookup.findSuccessor(ChordLookup.java:36)
	at no.hvl.dat110.middleware.Node.findSuccessor(Node.java:130)
	at no.hvl.dat110.chordoperations.ChordLookup.findSuccessor(ChordLookup.java:36)
	at no.hvl.dat110.middleware.Node.findSuccessor(Node.java:130)
	at no.hvl.dat110.chordoperations.ChordLookup.findSuccessor(ChordLookup.java:36)
	at no.hvl.dat110.middleware.Node.findSuccessor(Node.java:130)
	at no.hvl.dat110.chordoperations.ChordLookup.findSuccessor(ChordLookup.java:36)
	at no.hvl.dat110.middleware.Node.findSuccessor(Node.java:130)
	at no.hvl.dat110.chordoperations.ChordLookup.findSuccessor(ChordLookup.java:36)
	at no.hvl.dat110.middleware.Node.findSuccessor(Node.java:130)
	at no.hvl.dat110.chordoperations.ChordLookup.findSuccessor(ChordLookup.java:36)
	at no.hvl.dat110.middleware.Node.findSuccessor(Node.java:130)
	at no.hvl.dat110.chordoperations.ChordLookup.findSuccessor(ChordLookup.java:36)
	at no.hvl.dat110.middleware.Node.findSuccessor(Node.java:130)
	at no.hvl.dat110.chordoperations.ChordLookup.findSuccessor(ChordLookup.java:36)
	at no.hvl.dat110.middleware.Node.findSuccessor(Node.java:130)
	at no.hvl.dat110.chordoperations.ChordLookup.findSuccessor(ChordLookup.java:36)
	at no.hvl.dat110.middleware.Node.findSuccessor(Node.java:130)
	at no.hvl.dat110.chordoperations.ChordLookup.findSuccessor(ChordLookup.java:36)
	at no.hvl.dat110.middleware.Node.findSuccessor(Node.java:130)
	at no.hvl.dat110.chordoperations.ChordLookup.findSuccessor(ChordLookup.java:36)
	at no.hvl.dat110.middleware.Node.findSuccessor(Node.java:130)
	at no.hvl.dat110.chordoperations.ChordLookup.findSuccessor(ChordLookup.java:36)
	at no.hvl.dat110.middleware.Node.findSuccessor(Node.java:130)
	at no.hvl.dat110.chordoperations.ChordLookup.findSuccessor(ChordLookup.java:36)
	at no.hvl.dat110.middleware.Node.findSuccessor(Node.java:130)
	at no.hvl.dat110.chordoperations.ChordLookup.findSuccessor(ChordLookup.java:36)
	at no.hvl.dat110.middleware.Node.findSuccessor(Node.java:130)
	at no.hvl.dat110.chordoperations.ChordLookup.findSuccessor(ChordLookup.java:36)
	at no.hvl.dat110.middleware.Node.findSuccessor(Node.java:130)
	at no.hvl.dat110.chordoperations.ChordLookup.findSuccessor(ChordLookup.java:36)
	at no.hvl.dat110.middleware.Node.findSuccessor(Node.java:130)
	at no.hvl.dat110.chordoperations.ChordLookup.findSuccessor(ChordLookup.java:36)
	at no.hvl.dat110.middleware.Node.findSuccessor(Node.java:130)
	at no.hvl.dat110.chordoperations.ChordLookup.findSuccessor(ChordLookup.java:36)
	at no.hvl.dat110.middleware.Node.findSuccessor(Node.java:130)
	at no.hvl.dat110.chordoperations.ChordLookup.findSuccessor(ChordLookup.java:36)
	at no.hvl.dat110.middleware.Node.findSuccessor(Node.java:130)
	at no.hvl.dat110.chordoperations.ChordLookup.findSuccessor(ChordLookup.java:36)
	at no.hvl.dat110.middleware.Node.findSuccessor(Node.java:130)
	at no.hvl.dat110.chordoperations.ChordLookup.findSuccessor(ChordLookup.java:36)
	at no.hvl.dat110.middleware.Node.findSuccessor(Node.java:130)
	at no.hvl.dat110.chordoperations.ChordLookup.findSuccessor(ChordLookup.java:36)
	at no.hvl.dat110.middleware.Node.findSuccessor(Node.java:130)
	at no.hvl.dat110.chordoperations.ChordLookup.findSuccessor(ChordLookup.java:36)
	at no.hvl.dat110.middleware.Node.findSuccessor(Node.java:130)
	at no.hvl.dat110.chordoperations.ChordLookup.findSuccessor(ChordLookup.java:36)
	at no.hvl.dat110.middleware.Node.findSuccessor(Node.java:130)
	at no.hvl.dat110.chordoperations.ChordLookup.findSuccessor(ChordLookup.java:36)
	at no.hvl.dat110.middleware.Node.findSuccessor(Node.java:130)
	at no.hvl.dat110.chordoperations.ChordLookup.findSuccessor(ChordLookup.java:36)
	at no.hvl.dat110.middleware.Node.findSuccessor(Node.java:130)
	at no.hvl.dat110.chordoperations.ChordLookup.findSuccessor(ChordLookup.java:36)
	at no.hvl.dat110.middleware.Node.findSuccessor(Node.java:130)
	at no.hvl.dat110.chordoperations.ChordLookup.findSuccessor(ChordLookup.java:36)
	at no.hvl.dat110.middleware.Node.findSuccessor(Node.java:130)
	at no.hvl.dat110.chordoperations.ChordLookup.findSuccessor(ChordLookup.java:36)
	at no.hvl.dat110.middleware.Node.findSuccessor(Node.java:130)
	at no.hvl.dat110.chordoperations.ChordLookup.findSuccessor(ChordLookup.java:36)
	at no.hvl.dat110.middleware.Node.findSuccessor(Node.java:130)
	at no.hvl.dat110.chordoperations.ChordLookup.findSuccessor(ChordLookup.java:36)
	at no.hvl.dat110.middleware.Node.findSuccessor(Node.java:130)
	at no.hvl.dat110.chordoperations.ChordLookup.findSuccessor(ChordLookup.java:36)
	at no.hvl.dat110.middleware.Node.findSuccessor(Node.java:130)
	at no.hvl.dat110.chordoperations.ChordLookup.findSuccessor(ChordLookup.java:36)
	at no.hvl.dat110.middleware.Node.findSuccessor(Node.java:130)
	at no.hvl.dat110.chordoperations.ChordLookup.findSuccessor(ChordLookup.java:36)
	at no.hvl.dat110.middleware.Node.findSuccessor(Node.java:130)
	at no.hvl.dat110.chordoperations.ChordLookup.findSuccessor(ChordLookup.java:36)
	at no.hvl.dat110.middleware.Node.findSuccessor(Node.java:130)
	at no.hvl.dat110.chordoperations.ChordLookup.findSuccessor(ChordLookup.java:36)
	at no.hvl.dat110.middleware.Node.findSuccessor(Node.java:130)
	at no.hvl.dat110.chordoperations.ChordLookup.findSuccessor(ChordLookup.java:36)
	at no.hvl.dat110.middleware.Node.findSuccessor(Node.java:130)
	at no.hvl.dat110.chordoperations.ChordLookup.findSuccessor(ChordLookup.java:36)
	at no.hvl.dat110.middleware.Node.findSuccessor(Node.java:130)
	at no.hvl.dat110.chordoperations.ChordLookup.findSuccessor(ChordLookup.java:36)
	at no.hvl.dat110.middleware.Node.findSuccessor(Node.java:130)
	at no.hvl.dat110.chordoperations.ChordLookup.findSuccessor(ChordLookup.java:36)
	at no.hvl.dat110.middleware.Node.findSuccessor(Node.java:130)
	at no.hvl.dat110.chordoperations.ChordLookup.findSuccessor(ChordLookup.java:36)
	at no.hvl.dat110.middleware.Node.findSuccessor(Node.java:130)
	at no.hvl.dat110.chordoperations.ChordLookup.findSuccessor(ChordLookup.java:36)
	at no.hvl.dat110.middleware.Node.findSuccessor(Node.java:130)
	at no.hvl.dat110.chordoperations.ChordLookup.findSuccessor(ChordLookup.java:36)
	at no.hvl.dat110.middleware.Node.findSuccessor(Node.java:130)
	at no.hvl.dat110.chordoperations.ChordLookup.findSuccessor(ChordLookup.java:36)
	at no.hvl.dat110.middleware.Node.findSuccessor(Node.java:130)
	at no.hvl.dat110.chordoperations.ChordLookup.findSuccessor(ChordLookup.java:36)
	at no.hvl.dat110.middleware.Node.findSuccessor(Node.java:130)
	at no.hvl.dat110.chordoperations.ChordLookup.findSuccessor(ChordLookup.java:36)
	at no.hvl.dat110.middleware.Node.findSuccessor(Node.java:130)
	at no.hvl.dat110.chordoperations.ChordLookup.findSuccessor(ChordLookup.java:36)
	at no.hvl.dat110.middleware.Node.findSuccessor(Node.java:130)
	at no.hvl.dat110.chordoperations.ChordLookup.findSuccessor(ChordLookup.java:36)
	at no.hvl.dat110.middleware.Node.findSuccessor(Node.java:130)
	at no.hvl.dat110.chordoperations.ChordLookup.findSuccessor(ChordLookup.java:36)
	at no.hvl.dat110.middleware.Node.findSuccessor(Node.java:130)
	at no.hvl.dat110.chordoperations.ChordLookup.findSuccessor(ChordLookup.java:36)
	at no.hvl.dat110.middleware.Node.findSuccessor(Node.java:130)
	at no.hvl.dat110.chordoperations.ChordLookup.findSuccessor(ChordLookup.java:36)
Exception in thread "Timer-3" java.lang.StackOverflowError
	at no.hvl.dat110.middleware.Node.findSuccessor(Node.java:130)
	at no.hvl.dat110.chordoperations.ChordLookup.findSuccessor(ChordLookup.java:36)
	at no.hvl.dat110.middleware.Node.findSuccessor(Node.java:130)
	at no.hvl.dat110.chordoperations.ChordLookup.findSuccessor(ChordLookup.java:36)
	at no.hvl.dat110.middleware.Node.findSuccessor(Node.java:130)
	at no.hvl.dat110.chordoperations.ChordLookup.findSuccessor(ChordLookup.java:36)
	at no.hvl.dat110.middleware.Node.findSuccessor(Node.java:130)
	at no.hvl.dat110.chordoperations.ChordLookup.findSuccessor(ChordLookup.java:36)
	at no.hvl.dat110.middleware.Node.findSuccessor(Node.java:130)
	at no.hvl.dat110.chordoperations.ChordLookup.findSuccessor(ChordLookup.java:36)
	at no.hvl.dat110.middleware.Node.findSuccessor(Node.java:130)
	at no.hvl.dat110.chordoperations.ChordLookup.findSuccessor(ChordLookup.java:36)
	at no.hvl.dat110.middleware.Node.findSuccessor(Node.java:130)
	at no.hvl.dat110.chordoperations.ChordLookup.findSuccessor(ChordLookup.java:36)
	at no.hvl.dat110.middleware.Node.findSuccessor(Node.java:130)
	at no.hvl.dat110.chordoperations.ChordLookup.findSuccessor(ChordLookup.java:36)
	at no.hvl.dat110.middleware.Node.findSuccessor(Node.java:130)
	at no.hvl.dat110.chordoperations.ChordLookup.findSuccessor(ChordLookup.java:36)
	at no.hvl.dat110.middleware.Node.findSuccessor(Node.java:130)
	at no.hvl.dat110.chordoperations.ChordLookup.findSuccessor(ChordLookup.java:36)
	at no.hvl.dat110.middleware.Node.findSuccessor(Node.java:130)
	at no.hvl.dat110.chordoperations.ChordLookup.findSuccessor(ChordLookup.java:36)
	at no.hvl.dat110.middleware.Node.findSuccessor(Node.java:130)
	at no.hvl.dat110.chordoperations.ChordLookup.findSuccessor(ChordLookup.java:36)
	at no.hvl.dat110.middleware.Node.findSuccessor(Node.java:130)
	at no.hvl.dat110.chordoperations.ChordLookup.findSuccessor(ChordLookup.java:36)
	at no.hvl.dat110.middleware.Node.findSuccessor(Node.java:130)
	at no.hvl.dat110.chordoperations.ChordLookup.findSuccessor(ChordLookup.java:36)
	at no.hvl.dat110.middleware.Node.findSuccessor(Node.java:130)
	at no.hvl.dat110.chordoperations.ChordLookup.findSuccessor(ChordLookup.java:36)
	at no.hvl.dat110.middleware.Node.findSuccessor(Node.java:130)
	at no.hvl.dat110.chordoperations.ChordLookup.findSuccessor(ChordLookup.java:36)
	at no.hvl.dat110.middleware.Node.findSuccessor(Node.java:130)
	at no.hvl.dat110.chordoperations.ChordLookup.findSuccessor(ChordLookup.java:36)
	at no.hvl.dat110.middleware.Node.findSuccessor(Node.java:130)
	at no.hvl.dat110.chordoperations.ChordLookup.findSuccessor(ChordLookup.java:36)
	at no.hvl.dat110.middleware.Node.findSuccessor(Node.java:130)
	at no.hvl.dat110.chordoperations.ChordLookup.findSuccessor(ChordLookup.java:36)
	at no.hvl.dat110.middleware.Node.findSuccessor(Node.java:130)
	at no.hvl.dat110.chordoperations.ChordLookup.findSuccessor(ChordLookup.java:36)
	at no.hvl.dat110.middleware.Node.findSuccessor(Node.java:130)
	at no.hvl.dat110.chordoperations.ChordLookup.findSuccessor(ChordLookup.java:36)
	at no.hvl.dat110.middleware.Node.findSuccessor(Node.java:130)
	at no.hvl.dat110.chordoperations.ChordLookup.findSuccessor(ChordLookup.java:36)
	at no.hvl.dat110.middleware.Node.findSuccessor(Node.java:130)
	at no.hvl.dat110.chordoperations.ChordLookup.findSuccessor(ChordLookup.java:36)
	at no.hvl.dat110.middleware.Node.findSuccessor(Node.java:130)
	at no.hvl.dat110.chordoperations.ChordLookup.findSuccessor(ChordLookup.java:36)
	at no.hvl.dat110.middleware.Node.findSuccessor(Node.java:130)
	at no.hvl.dat110.chordoperations.ChordLookup.findSuccessor(ChordLookup.java:36)
	at no.hvl.dat110.middleware.Node.findSuccessor(Node.java:130)
	at no.hvl.dat110.chordoperations.ChordLookup.findSuccessor(ChordLookup.java:36)
	at no.hvl.dat110.middleware.Node.findSuccessor(Node.java:130)
	at no.hvl.dat110.chordoperations.ChordLookup.findSuccessor(ChordLookup.java:36)
	at no.hvl.dat110.middleware.Node.findSuccessor(Node.java:130)
	at no.hvl.dat110.chordoperations.ChordLookup.findSuccessor(ChordLookup.java:36)
	at no.hvl.dat110.middleware.Node.findSuccessor(Node.java:130)
	at no.hvl.dat110.chordoperations.ChordLookup.findSuccessor(ChordLookup.java:36)
	at no.hvl.dat110.middleware.Node.findSuccessor(Node.java:130)
	at no.hvl.dat110.chordoperations.ChordLookup.findSuccessor(ChordLookup.java:36)
	at no.hvl.dat110.middleware.Node.findSuccessor(Node.java:130)
	at no.hvl.dat110.chordoperations.ChordLookup.findSuccessor(ChordLookup.java:36)
	at no.hvl.dat110.middleware.Node.findSuccessor(Node.java:130)
	at no.hvl.dat110.chordoperations.ChordLookup.findSuccessor(ChordLookup.java:36)
	at no.hvl.dat110.middleware.Node.findSuccessor(Node.java:130)
	at no.hvl.dat110.chordoperations.ChordLookup.findSuccessor(ChordLookup.java:36)
	at no.hvl.dat110.middleware.Node.findSuccessor(Node.java:130)
	at no.hvl.dat110.chordoperations.ChordLookup.findSuccessor(ChordLookup.java:36)
	at no.hvl.dat110.middleware.Node.findSuccessor(Node.java:130)
	at no.hvl.dat110.chordoperations.ChordLookup.findSuccessor(ChordLookup.java:36)
	at no.hvl.dat110.middleware.Node.findSuccessor(Node.java:130)
	at no.hvl.dat110.chordoperations.ChordLookup.findSuccessor(ChordLookup.java:36)
	at no.hvl.dat110.middleware.Node.findSuccessor(Node.java:130)
	at no.hvl.dat110.chordoperations.ChordLookup.findSuccessor(ChordLookup.java:36)
	at no.hvl.dat110.middleware.Node.findSuccessor(Node.java:130)
	at no.hvl.dat110.chordoperations.ChordLookup.findSuccessor(ChordLookup.java:36)
	at no.hvl.dat110.middleware.Node.findSuccessor(Node.java:130)
	at no.hvl.dat110.chordoperations.ChordLookup.findSuccessor(ChordLookup.java:36)
	at no.hvl.dat110.middleware.Node.findSuccessor(Node.java:130)
	at no.hvl.dat110.chordoperations.ChordLookup.findSuccessor(ChordLookup.java:36)
	at no.hvl.dat110.middleware.Node.findSuccessor(Node.java:130)
	at no.hvl.dat110.chordoperations.ChordLookup.findSuccessor(ChordLookup.java:36)
	at no.hvl.dat110.middleware.Node.findSuccessor(Node.java:130)
	at no.hvl.dat110.chordoperations.ChordLookup.findSuccessor(ChordLookup.java:36)
	at no.hvl.dat110.middleware.Node.findSuccessor(Node.java:130)
	at no.hvl.dat110.chordoperations.ChordLookup.findSuccessor(ChordLookup.java:36)
	at no.hvl.dat110.middleware.Node.findSuccessor(Node.java:130)
	at no.hvl.dat110.chordoperations.ChordLookup.findSuccessor(ChordLookup.java:36)
	at no.hvl.dat110.middleware.Node.findSuccessor(Node.java:130)
	at no.hvl.dat110.chordoperations.ChordLookup.findSuccessor(ChordLookup.java:36)
	at no.hvl.dat110.middleware.Node.findSuccessor(Node.java:130)
	at no.hvl.dat110.chordoperations.ChordLookup.findSuccessor(ChordLookup.java:36)
	at no.hvl.dat110.middleware.Node.findSuccessor(Node.java:130)
	at no.hvl.dat110.chordoperations.ChordLookup.findSuccessor(ChordLookup.java:36)
	at no.hvl.dat110.middleware.Node.findSuccessor(Node.java:130)
	at no.hvl.dat110.chordoperations.ChordLookup.findSuccessor(ChordLookup.java:36)
	at no.hvl.dat110.middleware.Node.findSuccessor(Node.java:130)
	at no.hvl.dat110.chordoperations.ChordLookup.findSuccessor(ChordLookup.java:36)
	at no.hvl.dat110.middleware.Node.findSuccessor(Node.java:130)
	at no.hvl.dat110.chordoperations.ChordLookup.findSuccessor(ChordLookup.java:36)
	at no.hvl.dat110.middleware.Node.findSuccessor(Node.java:130)
	at no.hvl.dat110.chordoperations.ChordLookup.findSuccessor(ChordLookup.java:36)
	at no.hvl.dat110.middleware.Node.findSuccessor(Node.java:130)
	at no.hvl.dat110.chordoperations.ChordLookup.findSuccessor(ChordLookup.java:36)
	at no.hvl.dat110.middleware.Node.findSuccessor(Node.java:130)
	at no.hvl.dat110.chordoperations.ChordLookup.findSuccessor(ChordLookup.java:36)
	at no.hvl.dat110.middleware.Node.findSuccessor(Node.java:130)
	at no.hvl.dat110.chordoperations.ChordLookup.findSuccessor(ChordLookup.java:36)
	at no.hvl.dat110.middleware.Node.findSuccessor(Node.java:130)
	at no.hvl.dat110.chordoperations.ChordLookup.findSuccessor(ChordLookup.java:36)
	at no.hvl.dat110.middleware.Node.findSuccessor(Node.java:130)
	at no.hvl.dat110.chordoperations.ChordLookup.findSuccessor(ChordLookup.java:36)
	at no.hvl.dat110.middleware.Node.findSuccessor(Node.java:130)
	at no.hvl.dat110.chordoperations.ChordLookup.findSuccessor(ChordLookup.java:36)
	at no.hvl.dat110.middleware.Node.findSuccessor(Node.java:130)
	at no.hvl.dat110.chordoperations.ChordLookup.findSuccessor(ChordLookup.java:36)
	at no.hvl.dat110.middleware.Node.findSuccessor(Node.java:130)
	at no.hvl.dat110.chordoperations.ChordLookup.findSuccessor(ChordLookup.java:36)
	at no.hvl.dat110.middleware.Node.findSuccessor(Node.java:130)
	at no.hvl.dat110.chordoperations.ChordLookup.findSuccessor(ChordLookup.java:36)
	at no.hvl.dat110.middleware.Node.findSuccessor(Node.java:130)
	at no.hvl.dat110.chordoperations.ChordLookup.findSuccessor(ChordLookup.java:36)
	at no.hvl.dat110.middleware.Node.findSuccessor(Node.java:130)
	at no.hvl.dat110.chordoperations.ChordLookup.findSuccessor(ChordLookup.java:36)
	at no.hvl.dat110.middleware.Node.findSuccessor(Node.java:130)
	at no.hvl.dat110.chordoperations.ChordLookup.findSuccessor(ChordLookup.java:36)
	at no.hvl.dat110.middleware.Node.findSuccessor(Node.java:130)
	at no.hvl.dat110.chordoperations.ChordLookup.findSuccessor(ChordLookup.java:36)
	at no.hvl.dat110.middleware.Node.findSuccessor(Node.java:130)
	at no.hvl.dat110.chordoperations.ChordLookup.findSuccessor(ChordLookup.java:36)
	at no.hvl.dat110.middleware.Node.findSuccessor(Node.java:130)
	at no.hvl.dat110.chordoperations.ChordLookup.findSuccessor(ChordLookup.java:36)
	at no.hvl.dat110.middleware.Node.findSuccessor(Node.java:130)
	at no.hvl.dat110.chordoperations.ChordLookup.findSuccessor(ChordLookup.java:36)
	at no.hvl.dat110.middleware.Node.findSuccessor(Node.java:130)
	at no.hvl.dat110.chordoperations.ChordLookup.findSuccessor(ChordLookup.java:36)
	at no.hvl.dat110.middleware.Node.findSuccessor(Node.java:130)
	at no.hvl.dat110.chordoperations.ChordLookup.findSuccessor(ChordLookup.java:36)
	at no.hvl.dat110.middleware.Node.findSuccessor(Node.java:130)
	at no.hvl.dat110.chordoperations.ChordLookup.findSuccessor(ChordLookup.java:36)
	at no.hvl.dat110.middleware.Node.findSuccessor(Node.java:130)
	at no.hvl.dat110.chordoperations.ChordLookup.findSuccessor(ChordLookup.java:36)
	at no.hvl.dat110.middleware.Node.findSuccessor(Node.java:130)
	at no.hvl.dat110.chordoperations.ChordLookup.findSuccessor(ChordLookup.java:36)
	at no.hvl.dat110.middleware.Node.findSuccessor(Node.java:130)
	at no.hvl.dat110.chordoperations.ChordLookup.findSuccessor(ChordLookup.java:36)
	at no.hvl.dat110.middleware.Node.findSuccessor(Node.java:130)
	at no.hvl.dat110.chordoperations.ChordLookup.findSuccessor(ChordLookup.java:36)
	at no.hvl.dat110.middleware.Node.findSuccessor(Node.java:130)
	at no.hvl.dat110.chordoperations.ChordLookup.findSuccessor(ChordLookup.java:36)
	at no.hvl.dat110.middleware.Node.findSuccessor(Node.java:130)
	at no.hvl.dat110.chordoperations.ChordLookup.findSuccessor(ChordLookup.java:36)
	at no.hvl.dat110.middleware.Node.findSuccessor(Node.java:130)
	at no.hvl.dat110.chordoperations.ChordLookup.findSuccessor(ChordLookup.java:36)
	at no.hvl.dat110.middleware.Node.findSuccessor(Node.java:130)
	at no.hvl.dat110.chordoperations.ChordLookup.findSuccessor(ChordLookup.java:36)
	at no.hvl.dat110.middleware.Node.findSuccessor(Node.java:130)
	at no.hvl.dat110.chordoperations.ChordLookup.findSuccessor(ChordLookup.java:36)
	at no.hvl.dat110.middleware.Node.findSuccessor(Node.java:130)
	at no.hvl.dat110.chordoperations.ChordLookup.findSuccessor(ChordLookup.java:36)
	at no.hvl.dat110.middleware.Node.findSuccessor(Node.java:130)
	at no.hvl.dat110.chordoperations.ChordLookup.findSuccessor(ChordLookup.java:36)
	at no.hvl.dat110.middleware.Node.findSuccessor(Node.java:130)
	at no.hvl.dat110.chordoperations.ChordLookup.findSuccessor(ChordLookup.java:36)
	at no.hvl.dat110.middleware.Node.findSuccessor(Node.java:130)
	at no.hvl.dat110.chordoperations.ChordLookup.findSuccessor(ChordLookup.java:36)
	at no.hvl.dat110.middleware.Node.findSuccessor(Node.java:130)
	at no.hvl.dat110.chordoperations.ChordLookup.findSuccessor(ChordLookup.java:36)
	at no.hvl.dat110.middleware.Node.findSuccessor(Node.java:130)
	at no.hvl.dat110.chordoperations.ChordLookup.findSuccessor(ChordLookup.java:36)
	at no.hvl.dat110.middleware.Node.findSuccessor(Node.java:130)
	at no.hvl.dat110.chordoperations.ChordLookup.findSuccessor(ChordLookup.java:36)
	at no.hvl.dat110.middleware.Node.findSuccessor(Node.java:130)
	at no.hvl.dat110.chordoperations.ChordLookup.findSuccessor(ChordLookup.java:36)
	at no.hvl.dat110.middleware.Node.findSuccessor(Node.java:130)
	at no.hvl.dat110.chordoperations.ChordLookup.findSuccessor(ChordLookup.java:36)
	at no.hvl.dat110.middleware.Node.findSuccessor(Node.java:130)
	at no.hvl.dat110.chordoperations.ChordLookup.findSuccessor(ChordLookup.java:36)
	at no.hvl.dat110.middleware.Node.findSuccessor(Node.java:130)
	at no.hvl.dat110.chordoperations.ChordLookup.findSuccessor(ChordLookup.java:36)
	at no.hvl.dat110.middleware.Node.findSuccessor(Node.java:130)
	at no.hvl.dat110.chordoperations.ChordLookup.findSuccessor(ChordLookup.java:36)
	at no.hvl.dat110.middleware.Node.findSuccessor(Node.java:130)
	at no.hvl.dat110.chordoperations.ChordLookup.findSuccessor(ChordLookup.java:36)
	at no.hvl.dat110.middleware.Node.findSuccessor(Node.java:130)
	at no.hvl.dat110.chordoperations.ChordLookup.findSuccessor(ChordLookup.java:36)
	at no.hvl.dat110.middleware.Node.findSuccessor(Node.java:130)
	at no.hvl.dat110.chordoperations.ChordLookup.findSuccessor(ChordLookup.java:36)
	at no.hvl.dat110.middleware.Node.findSuccessor(Node.java:130)
	at no.hvl.dat110.chordoperations.ChordLookup.findSuccessor(ChordLookup.java:36)
	at no.hvl.dat110.middleware.Node.findSuccessor(Node.java:130)
	at no.hvl.dat110.chordoperations.ChordLookup.findSuccessor(ChordLookup.java:36)
	at no.hvl.dat110.middleware.Node.findSuccessor(Node.java:130)
	at no.hvl.dat110.chordoperations.ChordLookup.findSuccessor(ChordLookup.java:36)
	at no.hvl.dat110.middleware.Node.findSuccessor(Node.java:130)
	at no.hvl.dat110.chordoperations.ChordLookup.findSuccessor(ChordLookup.java:36)
	at no.hvl.dat110.middleware.Node.findSuccessor(Node.java:130)
	at no.hvl.dat110.chordoperations.ChordLookup.findSuccessor(ChordLookup.java:36)
	at no.hvl.dat110.middleware.Node.findSuccessor(Node.java:130)
	at no.hvl.dat110.chordoperations.ChordLookup.findSuccessor(ChordLookup.java:36)
	at no.hvl.dat110.middleware.Node.findSuccessor(Node.java:130)
	at no.hvl.dat110.chordoperations.ChordLookup.findSuccessor(ChordLookup.java:36)
	at no.hvl.dat110.middleware.Node.findSuccessor(Node.java:130)
	at no.hvl.dat110.chordoperations.ChordLookup.findSuccessor(ChordLookup.java:36)
	at no.hvl.dat110.middleware.Node.findSuccessor(Node.java:130)
	at no.hvl.dat110.chordoperations.ChordLookup.findSuccessor(ChordLookup.java:36)
	at no.hvl.dat110.middleware.Node.findSuccessor(Node.java:130)
	at no.hvl.dat110.chordoperations.ChordLookup.findSuccessor(ChordLookup.java:36)
	at no.hvl.dat110.middleware.Node.findSuccessor(Node.java:130)
	at no.hvl.dat110.chordoperations.ChordLookup.findSuccessor(ChordLookup.java:36)
	at no.hvl.dat110.middleware.Node.findSuccessor(Node.java:130)
	at no.hvl.dat110.chordoperations.ChordLookup.findSuccessor(ChordLookup.java:36)
	at no.hvl.dat110.middleware.Node.findSuccessor(Node.java:130)
	at no.hvl.dat110.chordoperations.ChordLookup.findSuccessor(ChordLookup.java:36)
	at no.hvl.dat110.middleware.Node.findSuccessor(Node.java:130)
	at no.hvl.dat110.chordoperations.ChordLookup.findSuccessor(ChordLookup.java:36)
	at no.hvl.dat110.middleware.Node.findSuccessor(Node.java:130)
	at no.hvl.dat110.chordoperations.ChordLookup.findSuccessor(ChordLookup.java:36)
	at no.hvl.dat110.middleware.Node.findSuccessor(Node.java:130)
	at no.hvl.dat110.chordoperations.ChordLookup.findSuccessor(ChordLookup.java:36)
	at no.hvl.dat110.middleware.Node.findSuccessor(Node.java:130)
	at no.hvl.dat110.chordoperations.ChordLookup.findSuccessor(ChordLookup.java:36)
	at no.hvl.dat110.middleware.Node.findSuccessor(Node.java:130)
	at no.hvl.dat110.chordoperations.ChordLookup.findSuccessor(ChordLookup.java:36)
	at no.hvl.dat110.middleware.Node.findSuccessor(Node.java:130)
	at no.hvl.dat110.chordoperations.ChordLookup.findSuccessor(ChordLookup.java:36)
	at no.hvl.dat110.middleware.Node.findSuccessor(Node.java:130)
	at no.hvl.dat110.chordoperations.ChordLookup.findSuccessor(ChordLookup.java:36)
	at no.hvl.dat110.middleware.Node.findSuccessor(Node.java:130)
	at no.hvl.dat110.chordoperations.ChordLookup.findSuccessor(ChordLookup.java:36)
	at no.hvl.dat110.middleware.Node.findSuccessor(Node.java:130)
	at no.hvl.dat110.chordoperations.ChordLookup.findSuccessor(ChordLookup.java:36)
	at no.hvl.dat110.middleware.Node.findSuccessor(Node.java:130)
	at no.hvl.dat110.chordoperations.ChordLookup.findSuccessor(ChordLookup.java:36)
	at no.hvl.dat110.middleware.Node.findSuccessor(Node.java:130)
	at no.hvl.dat110.chordoperations.ChordLookup.findSuccessor(ChordLookup.java:36)
	at no.hvl.dat110.middleware.Node.findSuccessor(Node.java:130)
	at no.hvl.dat110.chordoperations.ChordLookup.findSuccessor(ChordLookup.java:36)
	at no.hvl.dat110.middleware.Node.findSuccessor(Node.java:130)
	at no.hvl.dat110.chordoperations.ChordLookup.findSuccessor(ChordLookup.java:36)
	at no.hvl.dat110.middleware.Node.findSuccessor(Node.java:130)
	at no.hvl.dat110.chordoperations.ChordLookup.findSuccessor(ChordLookup.java:36)
	at no.hvl.dat110.middleware.Node.findSuccessor(Node.java:130)
	at no.hvl.dat110.chordoperations.ChordLookup.findSuccessor(ChordLookup.java:36)
	at no.hvl.dat110.middleware.Node.findSuccessor(Node.java:130)
	at no.hvl.dat110.chordoperations.ChordLookup.findSuccessor(ChordLookup.java:36)
	at no.hvl.dat110.middleware.Node.findSuccessor(Node.java:130)
	at no.hvl.dat110.chordoperations.ChordLookup.findSuccessor(ChordLookup.java:36)
	at no.hvl.dat110.middleware.Node.findSuccessor(Node.java:130)
	at no.hvl.dat110.chordoperations.ChordLookup.findSuccessor(ChordLookup.java:36)
	at no.hvl.dat110.middleware.Node.findSuccessor(Node.java:130)
	at no.hvl.dat110.chordoperations.ChordLookup.findSuccessor(ChordLookup.java:36)
	at no.hvl.dat110.middleware.Node.findSuccessor(Node.java:130)
	at no.hvl.dat110.chordoperations.ChordLookup.findSuccessor(ChordLookup.java:36)
	at no.hvl.dat110.middleware.Node.findSuccessor(Node.java:130)
	at no.hvl.dat110.chordoperations.ChordLookup.findSuccessor(ChordLookup.java:36)
	at no.hvl.dat110.middleware.Node.findSuccessor(Node.java:130)
	at no.hvl.dat110.chordoperations.ChordLookup.findSuccessor(ChordLookup.java:36)
	at no.hvl.dat110.middleware.Node.findSuccessor(Node.java:130)
	at no.hvl.dat110.chordoperations.ChordLookup.findSuccessor(ChordLookup.java:36)
	at no.hvl.dat110.middleware.Node.findSuccessor(Node.java:130)
	at no.hvl.dat110.chordoperations.ChordLookup.findSuccessor(ChordLookup.java:36)
	at no.hvl.dat110.middleware.Node.findSuccessor(Node.java:130)
	at no.hvl.dat110.chordoperations.ChordLookup.findSuccessor(ChordLookup.java:36)
	at no.hvl.dat110.middleware.Node.findSuccessor(Node.java:130)
	at no.hvl.dat110.chordoperations.ChordLookup.findSuccessor(ChordLookup.java:36)
	at no.hvl.dat110.middleware.Node.findSuccessor(Node.java:130)
	at no.hvl.dat110.chordoperations.ChordLookup.findSuccessor(ChordLookup.java:36)
	at no.hvl.dat110.middleware.Node.findSuccessor(Node.java:130)
	at no.hvl.dat110.chordoperations.ChordLookup.findSuccessor(ChordLookup.java:36)
	at no.hvl.dat110.middleware.Node.findSuccessor(Node.java:130)
	at no.hvl.dat110.chordoperations.ChordLookup.findSuccessor(ChordLookup.java:36)
	at no.hvl.dat110.middleware.Node.findSuccessor(Node.java:130)
	at no.hvl.dat110.chordoperations.ChordLookup.findSuccessor(ChordLookup.java:36)
	at no.hvl.dat110.middleware.Node.findSuccessor(Node.java:130)
	at no.hvl.dat110.chordoperations.ChordLookup.findSuccessor(ChordLookup.java:36)
	at no.hvl.dat110.middleware.Node.findSuccessor(Node.java:130)
	at no.hvl.dat110.chordoperations.ChordLookup.findSuccessor(ChordLookup.java:36)
	at no.hvl.dat110.middleware.Node.findSuccessor(Node.java:130)
	at no.hvl.dat110.chordoperations.ChordLookup.findSuccessor(ChordLookup.java:36)
	at no.hvl.dat110.middleware.Node.findSuccessor(Node.java:130)
	at no.hvl.dat110.chordoperations.ChordLookup.findSuccessor(ChordLookup.java:36)
	at no.hvl.dat110.middleware.Node.findSuccessor(Node.java:130)
	at no.hvl.dat110.chordoperations.ChordLookup.findSuccessor(ChordLookup.java:36)
	at no.hvl.dat110.middleware.Node.findSuccessor(Node.java:130)
	at no.hvl.dat110.chordoperations.ChordLookup.findSuccessor(ChordLookup.java:36)
	at no.hvl.dat110.middleware.Node.findSuccessor(Node.java:130)
	at no.hvl.dat110.chordoperations.ChordLookup.findSuccessor(ChordLookup.java:36)
	at no.hvl.dat110.middleware.Node.findSuccessor(Node.java:130)
	at no.hvl.dat110.chordoperations.ChordLookup.findSuccessor(ChordLookup.java:36)
	at no.hvl.dat110.middleware.Node.findSuccessor(Node.java:130)
	at no.hvl.dat110.chordoperations.ChordLookup.findSuccessor(ChordLookup.java:36)
	at no.hvl.dat110.middleware.Node.findSuccessor(Node.java:130)
	at no.hvl.dat110.chordoperations.ChordLookup.findSuccessor(ChordLookup.java:36)
	at no.hvl.dat110.middleware.Node.findSuccessor(Node.java:130)
	at no.hvl.dat110.chordoperations.ChordLookup.findSuccessor(ChordLookup.java:36)
	at no.hvl.dat110.middleware.Node.findSuccessor(Node.java:130)
	at no.hvl.dat110.chordoperations.ChordLookup.findSuccessor(ChordLookup.java:36)
	at no.hvl.dat110.middleware.Node.findSuccessor(Node.java:130)
	at no.hvl.dat110.chordoperations.ChordLookup.findSuccessor(ChordLookup.java:36)
	at no.hvl.dat110.middleware.Node.findSuccessor(Node.java:130)
	at no.hvl.dat110.chordoperations.ChordLookup.findSuccessor(ChordLookup.java:36)
	at no.hvl.dat110.middleware.Node.findSuccessor(Node.java:130)
	at no.hvl.dat110.chordoperations.ChordLookup.findSuccessor(ChordLookup.java:36)
	at no.hvl.dat110.middleware.Node.findSuccessor(Node.java:130)
	at no.hvl.dat110.chordoperations.ChordLookup.findSuccessor(ChordLookup.java:36)
	at no.hvl.dat110.middleware.Node.findSuccessor(Node.java:130)
	at no.hvl.dat110.chordoperations.ChordLookup.findSuccessor(ChordLookup.java:36)
	at no.hvl.dat110.middleware.Node.findSuccessor(Node.java:130)
	at no.hvl.dat110.chordoperations.ChordLookup.findSuccessor(ChordLookup.java:36)
	at no.hvl.dat110.middleware.Node.findSuccessor(Node.java:130)
	at no.hvl.dat110.chordoperations.ChordLookup.findSuccessor(ChordLookup.java:36)
	at no.hvl.dat110.middleware.Node.findSuccessor(Node.java:130)
	at no.hvl.dat110.chordoperations.ChordLookup.findSuccessor(ChordLookup.java:36)
	at no.hvl.dat110.middleware.Node.findSuccessor(Node.java:130)
	at no.hvl.dat110.chordoperations.ChordLookup.findSuccessor(ChordLookup.java:36)
	at no.hvl.dat110.middleware.Node.findSuccessor(Node.java:130)
	at no.hvl.dat110.chordoperations.ChordLookup.findSuccessor(ChordLookup.java:36)
	at no.hvl.dat110.middleware.Node.findSuccessor(Node.java:130)
	at no.hvl.dat110.chordoperations.ChordLookup.findSuccessor(ChordLookup.java:36)
	at no.hvl.dat110.middleware.Node.findSuccessor(Node.java:130)
	at no.hvl.dat110.chordoperations.ChordLookup.findSuccessor(ChordLookup.java:36)
	at no.hvl.dat110.middleware.Node.findSuccessor(Node.java:130)
	at no.hvl.dat110.chordoperations.ChordLookup.findSuccessor(ChordLookup.java:36)
	at no.hvl.dat110.middleware.Node.findSuccessor(Node.java:130)
	at no.hvl.dat110.chordoperations.ChordLookup.findSuccessor(ChordLookup.java:36)
	at no.hvl.dat110.middleware.Node.findSuccessor(Node.java:130)
	at no.hvl.dat110.chordoperations.ChordLookup.findSuccessor(ChordLookup.java:36)
	at no.hvl.dat110.middleware.Node.findSuccessor(Node.java:130)
	at no.hvl.dat110.chordoperations.ChordLookup.findSuccessor(ChordLookup.java:36)
	at no.hvl.dat110.middleware.Node.findSuccessor(Node.java:130)
	at no.hvl.dat110.chordoperations.ChordLookup.findSuccessor(ChordLookup.java:36)
	at no.hvl.dat110.middleware.Node.findSuccessor(Node.java:130)
	at no.hvl.dat110.chordoperations.ChordLookup.findSuccessor(ChordLookup.java:36)
	at no.hvl.dat110.middleware.Node.findSuccessor(Node.java:130)
	at no.hvl.dat110.chordoperations.ChordLookup.findSuccessor(ChordLookup.java:36)
	at no.hvl.dat110.middleware.Node.findSuccessor(Node.java:130)
	at no.hvl.dat110.chordoperations.ChordLookup.findSuccessor(ChordLookup.java:36)
	at no.hvl.dat110.middleware.Node.findSuccessor(Node.java:130)
	at no.hvl.dat110.chordoperations.ChordLookup.findSuccessor(ChordLookup.java:36)
	at no.hvl.dat110.middleware.Node.findSuccessor(Node.java:130)
	at no.hvl.dat110.chordoperations.ChordLookup.findSuccessor(ChordLookup.java:36)
	at no.hvl.dat110.middleware.Node.findSuccessor(Node.java:130)
	at no.hvl.dat110.chordoperations.ChordLookup.findSuccessor(ChordLookup.java:36)
	at no.hvl.dat110.middleware.Node.findSuccessor(Node.java:130)
	at no.hvl.dat110.chordoperations.ChordLookup.findSuccessor(ChordLookup.java:36)
	at no.hvl.dat110.middleware.Node.findSuccessor(Node.java:130)
	at no.hvl.dat110.chordoperations.ChordLookup.findSuccessor(ChordLookup.java:36)
	at no.hvl.dat110.middleware.Node.findSuccessor(Node.java:130)
	at no.hvl.dat110.chordoperations.ChordLookup.findSuccessor(ChordLookup.java:36)
	at no.hvl.dat110.middleware.Node.findSuccessor(Node.java:130)
	at no.hvl.dat110.chordoperations.ChordLookup.findSuccessor(ChordLookup.java:36)
	at no.hvl.dat110.middleware.Node.findSuccessor(Node.java:130)
	at no.hvl.dat110.chordoperations.ChordLookup.findSuccessor(ChordLookup.java:36)
	at no.hvl.dat110.middleware.Node.findSuccessor(Node.java:130)
	at no.hvl.dat110.chordoperations.ChordLookup.findSuccessor(ChordLookup.java:36)
	at no.hvl.dat110.middleware.Node.findSuccessor(Node.java:130)
	at no.hvl.dat110.chordoperations.ChordLookup.findSuccessor(ChordLookup.java:36)
	at no.hvl.dat110.middleware.Node.findSuccessor(Node.java:130)
	at no.hvl.dat110.chordoperations.ChordLookup.findSuccessor(ChordLookup.java:36)
	at no.hvl.dat110.middleware.Node.findSuccessor(Node.java:130)
	at no.hvl.dat110.chordoperations.ChordLookup.findSuccessor(ChordLookup.java:36)
	at no.hvl.dat110.middleware.Node.findSuccessor(Node.java:130)
	at no.hvl.dat110.chordoperations.ChordLookup.findSuccessor(ChordLookup.java:36)
	at no.hvl.dat110.middleware.Node.findSuccessor(Node.java:130)
	at no.hvl.dat110.chordoperations.ChordLookup.findSuccessor(ChordLookup.java:36)
	at no.hvl.dat110.middleware.Node.findSuccessor(Node.java:130)
	at no.hvl.dat110.chordoperations.ChordLookup.findSuccessor(ChordLookup.java:36)
	at no.hvl.dat110.middleware.Node.findSuccessor(Node.java:130)
	at no.hvl.dat110.chordoperations.ChordLookup.findSuccessor(ChordLookup.java:36)
	at no.hvl.dat110.middleware.Node.findSuccessor(Node.java:130)
	at no.hvl.dat110.chordoperations.ChordLookup.findSuccessor(ChordLookup.java:36)
	at no.hvl.dat110.middleware.Node.findSuccessor(Node.java:130)
	at no.hvl.dat110.chordoperations.ChordLookup.findSuccessor(ChordLookup.java:36)
	at no.hvl.dat110.middleware.Node.findSuccessor(Node.java:130)
	at no.hvl.dat110.chordoperations.ChordLookup.findSuccessor(ChordLookup.java:36)
	at no.hvl.dat110.middleware.Node.findSuccessor(Node.java:130)
	at no.hvl.dat110.chordoperations.ChordLookup.findSuccessor(ChordLookup.java:36)
	at no.hvl.dat110.middleware.Node.findSuccessor(Node.java:130)
	at no.hvl.dat110.chordoperations.ChordLookup.findSuccessor(ChordLookup.java:36)
	at no.hvl.dat110.middleware.Node.findSuccessor(Node.java:130)
	at no.hvl.dat110.chordoperations.ChordLookup.findSuccessor(ChordLookup.java:36)
	at no.hvl.dat110.middleware.Node.findSuccessor(Node.java:130)
	at no.hvl.dat110.chordoperations.ChordLookup.findSuccessor(ChordLookup.java:36)
	at no.hvl.dat110.middleware.Node.findSuccessor(Node.java:130)
	at no.hvl.dat110.chordoperations.ChordLookup.findSuccessor(ChordLookup.java:36)
	at no.hvl.dat110.middleware.Node.findSuccessor(Node.java:130)
	at no.hvl.dat110.chordoperations.ChordLookup.findSuccessor(ChordLookup.java:36)
	at no.hvl.dat110.middleware.Node.findSuccessor(Node.java:130)
	at no.hvl.dat110.chordoperations.ChordLookup.findSuccessor(ChordLookup.java:36)
	at no.hvl.dat110.middleware.Node.findSuccessor(Node.java:130)
	at no.hvl.dat110.chordoperations.ChordLookup.findSuccessor(ChordLookup.java:36)
	at no.hvl.dat110.middleware.Node.findSuccessor(Node.java:130)
	at no.hvl.dat110.chordoperations.ChordLookup.findSuccessor(ChordLookup.java:36)
	at no.hvl.dat110.middleware.Node.findSuccessor(Node.java:130)
	at no.hvl.dat110.chordoperations.ChordLookup.findSuccessor(ChordLookup.java:36)
	at no.hvl.dat110.middleware.Node.findSuccessor(Node.java:130)
	at no.hvl.dat110.chordoperations.ChordLookup.findSuccessor(ChordLookup.java:36)
	at no.hvl.dat110.middleware.Node.findSuccessor(Node.java:130)
	at no.hvl.dat110.chordoperations.ChordLookup.findSuccessor(ChordLookup.java:36)
	at no.hvl.dat110.middleware.Node.findSuccessor(Node.java:130)
	at no.hvl.dat110.chordoperations.ChordLookup.findSuccessor(ChordLookup.java:36)
	at no.hvl.dat110.middleware.Node.findSuccessor(Node.java:130)
	at no.hvl.dat110.chordoperations.ChordLookup.findSuccessor(ChordLookup.java:36)
	at no.hvl.dat110.middleware.Node.findSuccessor(Node.java:130)
	at no.hvl.dat110.chordoperations.ChordLookup.findSuccessor(ChordLookup.java:36)
	at no.hvl.dat110.middleware.Node.findSuccessor(Node.java:130)
	at no.hvl.dat110.chordoperations.ChordLookup.findSuccessor(ChordLookup.java:36)
	at no.hvl.dat110.middleware.Node.findSuccessor(Node.java:130)
	at no.hvl.dat110.chordoperations.ChordLookup.findSuccessor(ChordLookup.java:36)
	at no.hvl.dat110.middleware.Node.findSuccessor(Node.java:130)
	at no.hvl.dat110.chordoperations.ChordLookup.findSuccessor(ChordLookup.java:36)
	at no.hvl.dat110.middleware.Node.findSuccessor(Node.java:130)
	at no.hvl.dat110.chordoperations.ChordLookup.findSuccessor(ChordLookup.java:36)
	at no.hvl.dat110.middleware.Node.findSuccessor(Node.java:130)
	at no.hvl.dat110.chordoperations.ChordLookup.findSuccessor(ChordLookup.java:36)
	at no.hvl.dat110.middleware.Node.findSuccessor(Node.java:130)
	at no.hvl.dat110.chordoperations.ChordLookup.findSuccessor(ChordLookup.java:36)
	at no.hvl.dat110.middleware.Node.findSuccessor(Node.java:130)
	at no.hvl.dat110.chordoperations.ChordLookup.findSuccessor(ChordLookup.java:36)
	at no.hvl.dat110.middleware.Node.findSuccessor(Node.java:130)
	at no.hvl.dat110.chordoperations.ChordLookup.findSuccessor(ChordLookup.java:36)
	at no.hvl.dat110.middleware.Node.findSuccessor(Node.java:130)
	at no.hvl.dat110.chordoperations.ChordLookup.findSuccessor(ChordLookup.java:36)
	at no.hvl.dat110.middleware.Node.findSuccessor(Node.java:130)
	at no.hvl.dat110.chordoperations.ChordLookup.findSuccessor(ChordLookup.java:36)
	at no.hvl.dat110.middleware.Node.findSuccessor(Node.java:130)
	at no.hvl.dat110.chordoperations.ChordLookup.findSuccessor(ChordLookup.java:36)
	at no.hvl.dat110.middleware.Node.findSuccessor(Node.java:130)
	at no.hvl.dat110.chordoperations.ChordLookup.findSuccessor(ChordLookup.java:36)
	at no.hvl.dat110.middleware.Node.findSuccessor(Node.java:130)
	at no.hvl.dat110.chordoperations.ChordLookup.findSuccessor(ChordLookup.java:36)
	at no.hvl.dat110.middleware.Node.findSuccessor(Node.java:130)
	at no.hvl.dat110.chordoperations.ChordLookup.findSuccessor(ChordLookup.java:36)
	at no.hvl.dat110.middleware.Node.findSuccessor(Node.java:130)
	at no.hvl.dat110.chordoperations.ChordLookup.findSuccessor(ChordLookup.java:36)
	at no.hvl.dat110.middleware.Node.findSuccessor(Node.java:130)
	at no.hvl.dat110.chordoperations.ChordLookup.findSuccessor(ChordLookup.java:36)
	at no.hvl.dat110.middleware.Node.findSuccessor(Node.java:130)
	at no.hvl.dat110.chordoperations.ChordLookup.findSuccessor(ChordLookup.java:36)
	at no.hvl.dat110.middleware.Node.findSuccessor(Node.java:130)
	at no.hvl.dat110.chordoperations.ChordLookup.findSuccessor(ChordLookup.java:36)
	at no.hvl.dat110.middleware.Node.findSuccessor(Node.java:130)
	at no.hvl.dat110.chordoperations.ChordLookup.findSuccessor(ChordLookup.java:36)
	at no.hvl.dat110.middleware.Node.findSuccessor(Node.java:130)
	at no.hvl.dat110.chordoperations.ChordLookup.findSuccessor(ChordLookup.java:36)
	at no.hvl.dat110.middleware.Node.findSuccessor(Node.java:130)
	at no.hvl.dat110.chordoperations.ChordLookup.findSuccessor(ChordLookup.java:36)
	at no.hvl.dat110.middleware.Node.findSuccessor(Node.java:130)
	at no.hvl.dat110.chordoperations.ChordLookup.findSuccessor(ChordLookup.java:36)
	at no.hvl.dat110.middleware.Node.findSuccessor(Node.java:130)
	at no.hvl.dat110.chordoperations.ChordLookup.findSuccessor(ChordLookup.java:36)
	at no.hvl.dat110.middleware.Node.findSuccessor(Node.java:130)
	at no.hvl.dat110.chordoperations.ChordLookup.findSuccessor(ChordLookup.java:36)
	at no.hvl.dat110.middleware.Node.findSuccessor(Node.java:130)
	at no.hvl.dat110.chordoperations.ChordLookup.findSuccessor(ChordLookup.java:36)
	at no.hvl.dat110.middleware.Node.findSuccessor(Node.java:130)
	at no.hvl.dat110.chordoperations.ChordLookup.findSuccessor(ChordLookup.java:36)
	at no.hvl.dat110.middleware.Node.findSuccessor(Node.java:130)
	at no.hvl.dat110.chordoperations.ChordLookup.findSuccessor(ChordLookup.java:36)
	at no.hvl.dat110.middleware.Node.findSuccessor(Node.java:130)
	at no.hvl.dat110.chordoperations.ChordLookup.findSuccessor(ChordLookup.java:36)
	at no.hvl.dat110.middleware.Node.findSuccessor(Node.java:130)
	at no.hvl.dat110.chordoperations.ChordLookup.findSuccessor(ChordLookup.java:36)
	at no.hvl.dat110.middleware.Node.findSuccessor(Node.java:130)
	at no.hvl.dat110.chordoperations.ChordLookup.findSuccessor(ChordLookup.java:36)
	at no.hvl.dat110.middleware.Node.findSuccessor(Node.java:130)
	at no.hvl.dat110.chordoperations.ChordLookup.findSuccessor(ChordLookup.java:36)
	at no.hvl.dat110.middleware.Node.findSuccessor(Node.java:130)
	at no.hvl.dat110.chordoperations.ChordLookup.findSuccessor(ChordLookup.java:36)
	at no.hvl.dat110.middleware.Node.findSuccessor(Node.java:130)
	at no.hvl.dat110.chordoperations.ChordLookup.findSuccessor(ChordLookup.java:36)
	at no.hvl.dat110.middleware.Node.findSuccessor(Node.java:130)
	at no.hvl.dat110.chordoperations.ChordLookup.findSuccessor(ChordLookup.java:36)
	at no.hvl.dat110.middleware.Node.findSuccessor(Node.java:130)
	at no.hvl.dat110.chordoperations.ChordLookup.findSuccessor(ChordLookup.java:36)
	at no.hvl.dat110.middleware.Node.findSuccessor(Node.java:130)
	at no.hvl.dat110.chordoperations.ChordLookup.findSuccessor(ChordLookup.java:36)
	at no.hvl.dat110.middleware.Node.findSuccessor(Node.java:130)
	at no.hvl.dat110.chordoperations.ChordLookup.findSuccessor(ChordLookup.java:36)
	at no.hvl.dat110.middleware.Node.findSuccessor(Node.java:130)
	at no.hvl.dat110.chordoperations.ChordLookup.findSuccessor(ChordLookup.java:36)
	at no.hvl.dat110.middleware.Node.findSuccessor(Node.java:130)
	at no.hvl.dat110.chordoperations.ChordLookup.findSuccessor(ChordLookup.java:36)
	at no.hvl.dat110.middleware.Node.findSuccessor(Node.java:130)
	at no.hvl.dat110.chordoperations.ChordLookup.findSuccessor(ChordLookup.java:36)
	at no.hvl.dat110.middleware.Node.findSuccessor(Node.java:130)
	at no.hvl.dat110.chordoperations.ChordLookup.findSuccessor(ChordLookup.java:36)
	at no.hvl.dat110.middleware.Node.findSuccessor(Node.java:130)
	at no.hvl.dat110.chordoperations.ChordLookup.findSuccessor(ChordLookup.java:36)
	at no.hvl.dat110.middleware.Node.findSuccessor(Node.java:130)
	at no.hvl.dat110.chordoperations.ChordLookup.findSuccessor(ChordLookup.java:36)
	at no.hvl.dat110.middleware.Node.findSuccessor(Node.java:130)
	at no.hvl.dat110.chordoperations.ChordLookup.findSuccessor(ChordLookup.java:36)
	at no.hvl.dat110.middleware.Node.findSuccessor(Node.java:130)
	at no.hvl.dat110.chordoperations.ChordLookup.findSuccessor(ChordLookup.java:36)
	at no.hvl.dat110.middleware.Node.findSuccessor(Node.java:130)
	at no.hvl.dat110.chordoperations.ChordLookup.findSuccessor(ChordLookup.java:36)
	at no.hvl.dat110.middleware.Node.findSuccessor(Node.java:130)
	at no.hvl.dat110.chordoperations.ChordLookup.findSuccessor(ChordLookup.java:36)
	at no.hvl.dat110.middleware.Node.findSuccessor(Node.java:130)
	at no.hvl.dat110.chordoperations.ChordLookup.findSuccessor(ChordLookup.java:36)
	at no.hvl.dat110.middleware.Node.findSuccessor(Node.java:130)
	at no.hvl.dat110.chordoperations.ChordLookup.findSuccessor(ChordLookup.java:36)
	at no.hvl.dat110.middleware.Node.findSuccessor(Node.java:130)
	at no.hvl.dat110.chordoperations.ChordLookup.findSuccessor(ChordLookup.java:36)
	at no.hvl.dat110.middleware.Node.findSuccessor(Node.java:130)
	at no.hvl.dat110.chordoperations.ChordLookup.findSuccessor(ChordLookup.java:36)
	at no.hvl.dat110.middleware.Node.findSuccessor(Node.java:130)
	at no.hvl.dat110.chordoperations.ChordLookup.findSuccessor(ChordLookup.java:36)
	at no.hvl.dat110.middleware.Node.findSuccessor(Node.java:130)
	at no.hvl.dat110.chordoperations.ChordLookup.findSuccessor(ChordLookup.java:36)
	at no.hvl.dat110.middleware.Node.findSuccessor(Node.java:130)
	at no.hvl.dat110.chordoperations.ChordLookup.findSuccessor(ChordLookup.java:36)
	at no.hvl.dat110.middleware.Node.findSuccessor(Node.java:130)
	at no.hvl.dat110.chordoperations.ChordLookup.findSuccessor(ChordLookup.java:36)
	at no.hvl.dat110.middleware.Node.findSuccessor(Node.java:130)
	at no.hvl.dat110.chordoperations.ChordLookup.findSuccessor(ChordLookup.java:36)
	at no.hvl.dat110.middleware.Node.findSuccessor(Node.java:130)
	at no.hvl.dat110.chordoperations.ChordLookup.findSuccessor(ChordLookup.java:36)
	at no.hvl.dat110.middleware.Node.findSuccessor(Node.java:130)
	at no.hvl.dat110.chordoperations.ChordLookup.findSuccessor(ChordLookup.java:36)
	at no.hvl.dat110.middleware.Node.findSuccessor(Node.java:130)
	at no.hvl.dat110.chordoperations.ChordLookup.findSuccessor(ChordLookup.java:36)
	at no.hvl.dat110.middleware.Node.findSuccessor(Node.java:130)
	at no.hvl.dat110.chordoperations.ChordLookup.findSuccessor(ChordLookup.java:36)
	at no.hvl.dat110.middleware.Node.findSuccessor(Node.java:130)
	at no.hvl.dat110.chordoperations.ChordLookup.findSuccessor(ChordLookup.java:36)
	at no.hvl.dat110.middleware.Node.findSuccessor(Node.java:130)
	at no.hvl.dat110.chordoperations.ChordLookup.findSuccessor(ChordLookup.java:36)
	at no.hvl.dat110.middleware.Node.findSuccessor(Node.java:130)
	at no.hvl.dat110.chordoperations.ChordLookup.findSuccessor(ChordLookup.java:36)
	at no.hvl.dat110.middleware.Node.findSuccessor(Node.java:130)
	at no.hvl.dat110.chordoperations.ChordLookup.findSuccessor(ChordLookup.java:36)
	at no.hvl.dat110.middleware.Node.findSuccessor(Node.java:130)
	at no.hvl.dat110.chordoperations.ChordLookup.findSuccessor(ChordLookup.java:36)
	at no.hvl.dat110.middleware.Node.findSuccessor(Node.java:130)
	at no.hvl.dat110.chordoperations.ChordLookup.findSuccessor(ChordLookup.java:36)
	at no.hvl.dat110.middleware.Node.findSuccessor(Node.java:130)
	at no.hvl.dat110.chordoperations.ChordLookup.findSuccessor(ChordLookup.java:36)
	at no.hvl.dat110.middleware.Node.findSuccessor(Node.java:130)
	at no.hvl.dat110.chordoperations.ChordLookup.findSuccessor(ChordLookup.java:36)
	at no.hvl.dat110.middleware.Node.findSuccessor(Node.java:130)
	at no.hvl.dat110.chordoperations.ChordLookup.findSuccessor(ChordLookup.java:36)
	at no.hvl.dat110.middleware.Node.findSuccessor(Node.java:130)
	at no.hvl.dat110.chordoperations.ChordLookup.findSuccessor(ChordLookup.java:36)
	at no.hvl.dat110.middleware.Node.findSuccessor(Node.java:130)
	at no.hvl.dat110.chordoperations.ChordLookup.findSuccessor(ChordLookup.java:36)
	at no.hvl.dat110.middleware.Node.findSuccessor(Node.java:130)
	at no.hvl.dat110.chordoperations.ChordLookup.findSuccessor(ChordLookup.java:36)
	at no.hvl.dat110.middleware.Node.findSuccessor(Node.java:130)
	at no.hvl.dat110.chordoperations.ChordLookup.findSuccessor(ChordLookup.java:36)
	at no.hvl.dat110.middleware.Node.findSuccessor(Node.java:130)
	at no.hvl.dat110.chordoperations.ChordLookup.findSuccessor(ChordLookup.java:36)
	at no.hvl.dat110.middleware.Node.findSuccessor(Node.java:130)
	at no.hvl.dat110.chordoperations.ChordLookup.findSuccessor(ChordLookup.java:36)
	at no.hvl.dat110.middleware.Node.findSuccessor(Node.java:130)
	at no.hvl.dat110.chordoperations.ChordLookup.findSuccessor(ChordLookup.java:36)
	at no.hvl.dat110.middleware.Node.findSuccessor(Node.java:130)
	at no.hvl.dat110.chordoperations.ChordLookup.findSuccessor(ChordLookup.java:36)
	at no.hvl.dat110.middleware.Node.findSuccessor(Node.java:130)
	at no.hvl.dat110.chordoperations.ChordLookup.findSuccessor(ChordLookup.java:36)
	at no.hvl.dat110.middleware.Node.findSuccessor(Node.java:130)
	at no.hvl.dat110.chordoperations.ChordLookup.findSuccessor(ChordLookup.java:36)
	at no.hvl.dat110.middleware.Node.findSuccessor(Node.java:130)
	at no.hvl.dat110.chordoperations.ChordLookup.findSuccessor(ChordLookup.java:36)
	at no.hvl.dat110.middleware.Node.findSuccessor(Node.java:130)
	at no.hvl.dat110.chordoperations.ChordLookup.findSuccessor(ChordLookup.java:36)
	at no.hvl.dat110.middleware.Node.findSuccessor(Node.java:130)
	at no.hvl.dat110.chordoperations.ChordLookup.findSuccessor(ChordLookup.java:36)
	at no.hvl.dat110.middleware.Node.findSuccessor(Node.java:130)
	at no.hvl.dat110.chordoperations.ChordLookup.findSuccessor(ChordLookup.java:36)
	at no.hvl.dat110.middleware.Node.findSuccessor(Node.java:130)
	at no.hvl.dat110.chordoperations.ChordLookup.findSuccessor(ChordLookup.java:36)
	at no.hvl.dat110.middleware.Node.findSuccessor(Node.java:130)
	at no.hvl.dat110.chordoperations.ChordLookup.findSuccessor(ChordLookup.java:36)
	at no.hvl.dat110.middleware.Node.findSuccessor(Node.java:130)
	at no.hvl.dat110.chordoperations.ChordLookup.findSuccessor(ChordLookup.java:36)
	at no.hvl.dat110.middleware.Node.findSuccessor(Node.java:130)
	at no.hvl.dat110.chordoperations.ChordLookup.findSuccessor(ChordLookup.java:36)
	at no.hvl.dat110.middleware.Node.findSuccessor(Node.java:130)
	at no.hvl.dat110.chordoperations.ChordLookup.findSuccessor(ChordLookup.java:36)
	at no.hvl.dat110.middleware.Node.findSuccessor(Node.java:130)
	at no.hvl.dat110.chordoperations.ChordLookup.findSuccessor(ChordLookup.java:36)
	at no.hvl.dat110.middleware.Node.findSuccessor(Node.java:130)
	at no.hvl.dat110.chordoperations.ChordLookup.findSuccessor(ChordLookup.java:36)
	at no.hvl.dat110.middleware.Node.findSuccessor(Node.java:130)
	at no.hvl.dat110.chordoperations.ChordLookup.findSuccessor(ChordLookup.java:36)
	at no.hvl.dat110.middleware.Node.findSuccessor(Node.java:130)
	at no.hvl.dat110.chordoperations.ChordLookup.findSuccessor(ChordLookup.java:36)
	at no.hvl.dat110.middleware.Node.findSuccessor(Node.java:130)
	at no.hvl.dat110.chordoperations.ChordLookup.findSuccessor(ChordLookup.java:36)
	at no.hvl.dat110.middleware.Node.findSuccessor(Node.java:130)
	at no.hvl.dat110.chordoperations.ChordLookup.findSuccessor(ChordLookup.java:36)
	at no.hvl.dat110.middleware.Node.findSuccessor(Node.java:130)
	at no.hvl.dat110.chordoperations.ChordLookup.findSuccessor(ChordLookup.java:36)
	at no.hvl.dat110.middleware.Node.findSuccessor(Node.java:130)
	at no.hvl.dat110.chordoperations.ChordLookup.findSuccessor(ChordLookup.java:36)
	at no.hvl.dat110.middleware.Node.findSuccessor(Node.java:130)
	at no.hvl.dat110.chordoperations.ChordLookup.findSuccessor(ChordLookup.java:36)
	at no.hvl.dat110.middleware.Node.findSuccessor(Node.java:130)
	at no.hvl.dat110.chordoperations.ChordLookup.findSuccessor(ChordLookup.java:36)
	at no.hvl.dat110.middleware.Node.findSuccessor(Node.java:130)
	at no.hvl.dat110.chordoperations.ChordLookup.findSuccessor(ChordLookup.java:36)
	at no.hvl.dat110.middleware.Node.findSuccessor(Node.java:130)
	at no.hvl.dat110.chordoperations.ChordLookup.findSuccessor(ChordLookup.java:36)
	at no.hvl.dat110.middleware.Node.findSuccessor(Node.java:130)
	at no.hvl.dat110.chordoperations.ChordLookup.findSuccessor(ChordLookup.java:36)
	at no.hvl.dat110.middleware.Node.findSuccessor(Node.java:130)
	at no.hvl.dat110.chordoperations.ChordLookup.findSuccessor(ChordLookup.java:36)
	at no.hvl.dat110.middleware.Node.findSuccessor(Node.java:130)
	at no.hvl.dat110.chordoperations.ChordLookup.findSuccessor(ChordLookup.java:36)
	at no.hvl.dat110.middleware.Node.findSuccessor(Node.java:130)
	at no.hvl.dat110.chordoperations.ChordLookup.findSuccessor(ChordLookup.java:36)
	at no.hvl.dat110.middleware.Node.findSuccessor(Node.java:130)
	at no.hvl.dat110.chordoperations.ChordLookup.findSuccessor(ChordLookup.java:36)
	at no.hvl.dat110.middleware.Node.findSuccessor(Node.java:130)
	at no.hvl.dat110.chordoperations.ChordLookup.findSuccessor(ChordLookup.java:36)
	at no.hvl.dat110.middleware.Node.findSuccessor(Node.java:130)
	at no.hvl.dat110.chordoperations.ChordLookup.findSuccessor(ChordLookup.java:36)
	at no.hvl.dat110.middleware.Node.findSuccessor(Node.java:130)
	at no.hvl.dat110.chordoperations.ChordLookup.findSuccessor(ChordLookup.java:36)
	at no.hvl.dat110.middleware.Node.findSuccessor(Node.java:130)
	at no.hvl.dat110.chordoperations.ChordLookup.findSuccessor(ChordLookup.java:36)
	at no.hvl.dat110.middleware.Node.findSuccessor(Node.java:130)
	at no.hvl.dat110.chordoperations.ChordLookup.findSuccessor(ChordLookup.java:36)
	at no.hvl.dat110.middleware.Node.findSuccessor(Node.java:130)
	at no.hvl.dat110.chordoperations.ChordLookup.findSuccessor(ChordLookup.java:36)
	at no.hvl.dat110.middleware.Node.findSuccessor(Node.java:130)
	at no.hvl.dat110.chordoperations.ChordLookup.findSuccessor(ChordLookup.java:36)
	at no.hvl.dat110.middleware.Node.findSuccessor(Node.java:130)
	at no.hvl.dat110.chordoperations.ChordLookup.findSuccessor(ChordLookup.java:36)
	at no.hvl.dat110.middleware.Node.findSuccessor(Node.java:130)
	at no.hvl.dat110.chordoperations.ChordLookup.findSuccessor(ChordLookup.java:36)
	at no.hvl.dat110.middleware.Node.findSuccessor(Node.java:130)
	at no.hvl.dat110.chordoperations.ChordLookup.findSuccessor(ChordLookup.java:36)
	at no.hvl.dat110.middleware.Node.findSuccessor(Node.java:130)
	at no.hvl.dat110.chordoperations.ChordLookup.findSuccessor(ChordLookup.java:36)
	at no.hvl.dat110.middleware.Node.findSuccessor(Node.java:130)
	at no.hvl.dat110.chordoperations.ChordLookup.findSuccessor(ChordLookup.java:36)
	at no.hvl.dat110.middleware.Node.findSuccessor(Node.java:130)
	at no.hvl.dat110.chordoperations.ChordLookup.findSuccessor(ChordLookup.java:36)
	at no.hvl.dat110.middleware.Node.findSuccessor(Node.java:130)
	at no.hvl.dat110.chordoperations.ChordLookup.findSuccessor(ChordLookup.java:36)
	at no.hvl.dat110.middleware.Node.findSuccessor(Node.java:130)
	at no.hvl.dat110.chordoperations.ChordLookup.findSuccessor(ChordLookup.java:36)
	at no.hvl.dat110.middleware.Node.findSuccessor(Node.java:130)
	at no.hvl.dat110.chordoperations.ChordLookup.findSuccessor(ChordLookup.java:36)
	at no.hvl.dat110.middleware.Node.findSuccessor(Node.java:130)
	at no.hvl.dat110.chordoperations.ChordLookup.findSuccessor(ChordLookup.java:36)
	at no.hvl.dat110.middleware.Node.findSuccessor(Node.java:130)
	at no.hvl.dat110.chordoperations.ChordLookup.findSuccessor(ChordLookup.java:36)
	at no.hvl.dat110.middleware.Node.findSuccessor(Node.java:130)
	at no.hvl.dat110.chordoperations.ChordLookup.findSuccessor(ChordLookup.java:36)
	at no.hvl.dat110.middleware.Node.findSuccessor(Node.java:130)
	at no.hvl.dat110.chordoperations.ChordLookup.findSuccessor(ChordLookup.java:36)
	at no.hvl.dat110.middleware.Node.findSuccessor(Node.java:130)
	at no.hvl.dat110.chordoperations.ChordLookup.findSuccessor(ChordLookup.java:36)
	at no.hvl.dat110.middleware.Node.findSuccessor(Node.java:130)
	at no.hvl.dat110.chordoperations.ChordLookup.findSuccessor(ChordLookup.java:36)
	at no.hvl.dat110.middleware.Node.findSuccessor(Node.java:130)
	at no.hvl.dat110.chordoperations.ChordLookup.findSuccessor(ChordLookup.java:36)
	at no.hvl.dat110.middleware.Node.findSuccessor(Node.java:130)
	at no.hvl.dat110.chordoperations.ChordLookup.findSuccessor(ChordLookup.java:36)
	at no.hvl.dat110.middleware.Node.findSuccessor(Node.java:130)
	at no.hvl.dat110.chordoperations.ChordLookup.findSuccessor(ChordLookup.java:36)
	at no.hvl.dat110.middleware.Node.findSuccessor(Node.java:130)
	at no.hvl.dat110.chordoperations.ChordLookup.findSuccessor(ChordLookup.java:36)
	at no.hvl.dat110.middleware.Node.findSuccessor(Node.java:130)
	at no.hvl.dat110.chordoperations.ChordLookup.findSuccessor(ChordLookup.java:36)
	at no.hvl.dat110.middleware.Node.findSuccessor(Node.java:130)
	at no.hvl.dat110.chordoperations.ChordLookup.findSuccessor(ChordLookup.java:36)
	at no.hvl.dat110.middleware.Node.findSuccessor(Node.java:130)
	at no.hvl.dat110.chordoperations.ChordLookup.findSuccessor(ChordLookup.java:36)
	at no.hvl.dat110.middleware.Node.findSuccessor(Node.java:130)
	at no.hvl.dat110.chordoperations.ChordLookup.findSuccessor(ChordLookup.java:36)
	at no.hvl.dat110.middleware.Node.findSuccessor(Node.java:130)
	at no.hvl.dat110.chordoperations.ChordLookup.findSuccessor(ChordLookup.java:36)
	at no.hvl.dat110.middleware.Node.findSuccessor(Node.java:130)
	at no.hvl.dat110.chordoperations.ChordLookup.findSuccessor(ChordLookup.java:36)
	at no.hvl.dat110.middleware.Node.findSuccessor(Node.java:130)
	at no.hvl.dat110.chordoperations.ChordLookup.findSuccessor(ChordLookup.java:36)
	at no.hvl.dat110.middleware.Node.findSuccessor(Node.java:130)
	at no.hvl.dat110.chordoperations.ChordLookup.findSuccessor(ChordLookup.java:36)
	at no.hvl.dat110.middleware.Node.findSuccessor(Node.java:130)
	at no.hvl.dat110.chordoperations.ChordLookup.findSuccessor(ChordLookup.java:36)
	at no.hvl.dat110.middleware.Node.findSuccessor(Node.java:130)
	at no.hvl.dat110.chordoperations.ChordLookup.findSuccessor(ChordLookup.java:36)
	at no.hvl.dat110.middleware.Node.findSuccessor(Node.java:130)
	at no.hvl.dat110.chordoperations.ChordLookup.findSuccessor(ChordLookup.java:36)
	at no.hvl.dat110.middleware.Node.findSuccessor(Node.java:130)
	at no.hvl.dat110.chordoperations.ChordLookup.findSuccessor(ChordLookup.java:36)
	at no.hvl.dat110.middleware.Node.findSuccessor(Node.java:130)
	at no.hvl.dat110.chordoperations.ChordLookup.findSuccessor(ChordLookup.java:36)
	at no.hvl.dat110.middleware.Node.findSuccessor(Node.java:130)
	at no.hvl.dat110.chordoperations.ChordLookup.findSuccessor(ChordLookup.java:36)
	at no.hvl.dat110.middleware.Node.findSuccessor(Node.java:130)
	at no.hvl.dat110.chordoperations.ChordLookup.findSuccessor(ChordLookup.java:36)
	at no.hvl.dat110.middleware.Node.findSuccessor(Node.java:130)
	at no.hvl.dat110.chordoperations.ChordLookup.findSuccessor(ChordLookup.java:36)
	at no.hvl.dat110.middleware.Node.findSuccessor(Node.java:130)
	at no.hvl.dat110.chordoperations.ChordLookup.findSuccessor(ChordLookup.java:36)
	at no.hvl.dat110.middleware.Node.findSuccessor(Node.java:130)
	at no.hvl.dat110.chordoperations.ChordLookup.findSuccessor(ChordLookup.java:36)
	at no.hvl.dat110.middleware.Node.findSuccessor(Node.java:130)
	at no.hvl.dat110.chordoperations.ChordLookup.findSuccessor(ChordLookup.java:36)
	at no.hvl.dat110.middleware.Node.findSuccessor(Node.java:130)
	at no.hvl.dat110.chordoperations.ChordLookup.findSuccessor(ChordLookup.java:36)
	at no.hvl.dat110.middleware.Node.findSuccessor(Node.java:130)
	at no.hvl.dat110.chordoperations.ChordLookup.findSuccessor(ChordLookup.java:36)
	at no.hvl.dat110.middleware.Node.findSuccessor(Node.java:130)
	at no.hvl.dat110.chordoperations.ChordLookup.findSuccessor(ChordLookup.java:36)
	at no.hvl.dat110.middleware.Node.findSuccessor(Node.java:130)
	at no.hvl.dat110.chordoperations.ChordLookup.findSuccessor(ChordLookup.java:36)
	at no.hvl.dat110.middleware.Node.findSuccessor(Node.java:130)
	at no.hvl.dat110.chordoperations.ChordLookup.findSuccessor(ChordLookup.java:36)
	at no.hvl.dat110.middleware.Node.findSuccessor(Node.java:130)
	at no.hvl.dat110.chordoperations.ChordLookup.findSuccessor(ChordLookup.java:36)
	at no.hvl.dat110.middleware.Node.findSuccessor(Node.java:130)
	at no.hvl.dat110.chordoperations.ChordLookup.findSuccessor(ChordLookup.java:36)
	at no.hvl.dat110.middleware.Node.findSuccessor(Node.java:130)
	at no.hvl.dat110.chordoperations.ChordLookup.findSuccessor(ChordLookup.java:36)
	at no.hvl.dat110.middleware.Node.findSuccessor(Node.java:130)
	at no.hvl.dat110.chordoperations.ChordLookup.findSuccessor(ChordLookup.java:36)
	at no.hvl.dat110.middleware.Node.findSuccessor(Node.java:130)
	at no.hvl.dat110.chordoperations.ChordLookup.findSuccessor(ChordLookup.java:36)
	at no.hvl.dat110.middleware.Node.findSuccessor(Node.java:130)
	at no.hvl.dat110.chordoperations.ChordLookup.findSuccessor(ChordLookup.java:36)
	at no.hvl.dat110.middleware.Node.findSuccessor(Node.java:130)
	at no.hvl.dat110.chordoperations.ChordLookup.findSuccessor(ChordLookup.java:36)
	at no.hvl.dat110.middleware.Node.findSuccessor(Node.java:130)
	at no.hvl.dat110.chordoperations.ChordLookup.findSuccessor(ChordLookup.java:36)
	at no.hvl.dat110.middleware.Node.findSuccessor(Node.java:130)
	at no.hvl.dat110.chordoperations.ChordLookup.findSuccessor(ChordLookup.java:36)
	at no.hvl.dat110.middleware.Node.findSuccessor(Node.java:130)
	at no.hvl.dat110.chordoperations.ChordLookup.findSuccessor(ChordLookup.java:36)
	at no.hvl.dat110.middleware.Node.findSuccessor(Node.java:130)
	at no.hvl.dat110.chordoperations.ChordLookup.findSuccessor(ChordLookup.java:36)
	at no.hvl.dat110.middleware.Node.findSuccessor(Node.java:130)
	at no.hvl.dat110.chordoperations.ChordLookup.findSuccessor(ChordLookup.java:36)
	at no.hvl.dat110.middleware.Node.findSuccessor(Node.java:130)
	at no.hvl.dat110.chordoperations.ChordLookup.findSuccessor(ChordLookup.java:36)
	at no.hvl.dat110.middleware.Node.findSuccessor(Node.java:130)
	at no.hvl.dat110.chordoperations.ChordLookup.findSuccessor(ChordLookup.java:36)
	at no.hvl.dat110.middleware.Node.findSuccessor(Node.java:130)
	at no.hvl.dat110.chordoperations.ChordLookup.findSuccessor(ChordLookup.java:36)
	at no.hvl.dat110.middleware.Node.findSuccessor(Node.java:130)
	at no.hvl.dat110.chordoperations.ChordLookup.findSuccessor(ChordLookup.java:36)
	at no.hvl.dat110.middleware.Node.findSuccessor(Node.java:130)
	at no.hvl.dat110.chordoperations.ChordLookup.findSuccessor(ChordLookup.java:36)
	at no.hvl.dat110.middleware.Node.findSuccessor(Node.java:130)
	at no.hvl.dat110.chordoperations.ChordLookup.findSuccessor(ChordLookup.java:36)
	at no.hvl.dat110.middleware.Node.findSuccessor(Node.java:130)
	at no.hvl.dat110.chordoperations.ChordLookup.findSuccessor(ChordLookup.java:36)
	at no.hvl.dat110.middleware.Node.findSuccessor(Node.java:130)
	at no.hvl.dat110.chordoperations.ChordLookup.findSuccessor(ChordLookup.java:36)
	at no.hvl.dat110.middleware.Node.findSuccessor(Node.java:130)
	at no.hvl.dat110.chordoperations.ChordLookup.findSuccessor(ChordLookup.java:36)
	at no.hvl.dat110.middleware.Node.findSuccessor(Node.java:130)
	at no.hvl.dat110.chordoperations.ChordLookup.findSuccessor(ChordLookup.java:36)
	at no.hvl.dat110.middleware.Node.findSuccessor(Node.java:130)
	at no.hvl.dat110.chordoperations.ChordLookup.findSuccessor(ChordLookup.java:36)
	at no.hvl.dat110.middleware.Node.findSuccessor(Node.java:130)
	at no.hvl.dat110.chordoperations.ChordLookup.findSuccessor(ChordLookup.java:36)
	at no.hvl.dat110.middleware.Node.findSuccessor(Node.java:130)
	at no.hvl.dat110.chordoperations.ChordLookup.findSuccessor(ChordLookup.java:36)
	at no.hvl.dat110.middleware.Node.findSuccessor(Node.java:130)
	at no.hvl.dat110.chordoperations.ChordLookup.findSuccessor(ChordLookup.java:36)
	at no.hvl.dat110.middleware.Node.findSuccessor(Node.java:130)
	at no.hvl.dat110.chordoperations.ChordLookup.findSuccessor(ChordLookup.java:36)
	at no.hvl.dat110.middleware.Node.findSuccessor(Node.java:130)
	at no.hvl.dat110.chordoperations.ChordLookup.findSuccessor(ChordLookup.java:36)
	at no.hvl.dat110.middleware.Node.findSuccessor(Node.java:130)
	at no.hvl.dat110.chordoperations.ChordLookup.findSuccessor(ChordLookup.java:36)
	at no.hvl.dat110.middleware.Node.findSuccessor(Node.java:130)
	at no.hvl.dat110.chordoperations.ChordLookup.findSuccessor(ChordLookup.java:36)
	at no.hvl.dat110.middleware.Node.findSuccessor(Node.java:130)
	at no.hvl.dat110.chordoperations.ChordLookup.findSuccessor(ChordLookup.java:36)
	at no.hvl.dat110.middleware.Node.findSuccessor(Node.java:130)
	at no.hvl.dat110.chordoperations.ChordLookup.findSuccessor(ChordLookup.java:36)
	at no.hvl.dat110.middleware.Node.findSuccessor(Node.java:130)
	at no.hvl.dat110.chordoperations.ChordLookup.findSuccessor(ChordLookup.java:36)
	at no.hvl.dat110.middleware.Node.findSuccessor(Node.java:130)
	at no.hvl.dat110.chordoperations.ChordLookup.findSuccessor(ChordLookup.java:36)
	at no.hvl.dat110.middleware.Node.findSuccessor(Node.java:130)
	at no.hvl.dat110.chordoperations.ChordLookup.findSuccessor(ChordLookup.java:36)
	at no.hvl.dat110.middleware.Node.findSuccessor(Node.java:130)
	at no.hvl.dat110.chordoperations.ChordLookup.findSuccessor(ChordLookup.java:36)
	at no.hvl.dat110.middleware.Node.findSuccessor(Node.java:130)
	at no.hvl.dat110.chordoperations.ChordLookup.findSuccessor(ChordLookup.java:36)
	at no.hvl.dat110.middleware.Node.findSuccessor(Node.java:130)
	at no.hvl.dat110.chordoperations.ChordLookup.findSuccessor(ChordLookup.java:36)
	at no.hvl.dat110.middleware.Node.findSuccessor(Node.java:130)
	at no.hvl.dat110.chordoperations.ChordLookup.findSuccessor(ChordLookup.java:36)
	at no.hvl.dat110.middleware.Node.findSuccessor(Node.java:130)
	at no.hvl.dat110.chordoperations.ChordLookup.findSuccessor(ChordLookup.java:36)
	at no.hvl.dat110.middleware.Node.findSuccessor(Node.java:130)
	at no.hvl.dat110.chordoperations.ChordLookup.findSuccessor(ChordLookup.java:36)
	at no.hvl.dat110.middleware.Node.findSuccessor(Node.java:130)
	at no.hvl.dat110.chordoperations.ChordLookup.findSuccessor(ChordLookup.java:36)
	at no.hvl.dat110.middleware.Node.findSuccessor(Node.java:130)
	at no.hvl.dat110.chordoperations.ChordLookup.findSuccessor(ChordLookup.java:36)
	at no.hvl.dat110.middleware.Node.findSuccessor(Node.java:130)
	at no.hvl.dat110.chordoperations.ChordLookup.findSuccessor(ChordLookup.java:36)
	at no.hvl.dat110.middleware.Node.findSuccessor(Node.java:130)
	at no.hvl.dat110.chordoperations.ChordLookup.findSuccessor(ChordLookup.java:36)
	at no.hvl.dat110.middleware.Node.findSuccessor(Node.java:130)
	at no.hvl.dat110.chordoperations.ChordLookup.findSuccessor(ChordLookup.java:36)
	at no.hvl.dat110.middleware.Node.findSuccessor(Node.java:130)
	at no.hvl.dat110.chordoperations.ChordLookup.findSuccessor(ChordLookup.java:36)
	at no.hvl.dat110.middleware.Node.findSuccessor(Node.java:130)
	at no.hvl.dat110.chordoperations.ChordLookup.findSuccessor(ChordLookup.java:36)
	at no.hvl.dat110.middleware.Node.findSuccessor(Node.java:130)
	at no.hvl.dat110.chordoperations.ChordLookup.findSuccessor(ChordLookup.java:36)
	at no.hvl.dat110.middleware.Node.findSuccessor(Node.java:130)
	at no.hvl.dat110.chordoperations.ChordLookup.findSuccessor(ChordLookup.java:36)
	at no.hvl.dat110.middleware.Node.findSuccessor(Node.java:130)
	at no.hvl.dat110.chordoperations.ChordLookup.findSuccessor(ChordLookup.java:36)
	at no.hvl.dat110.middleware.Node.findSuccessor(Node.java:130)
	at no.hvl.dat110.chordoperations.ChordLookup.findSuccessor(ChordLookup.java:36)
	at no.hvl.dat110.middleware.Node.findSuccessor(Node.java:130)
	at no.hvl.dat110.chordoperations.ChordLookup.findSuccessor(ChordLookup.java:36)
	at no.hvl.dat110.middleware.Node.findSuccessor(Node.java:130)
	at no.hvl.dat110.chordoperations.ChordLookup.findSuccessor(ChordLookup.java:36)
	at no.hvl.dat110.middleware.Node.findSuccessor(Node.java:130)
	at no.hvl.dat110.chordoperations.ChordLookup.findSuccessor(ChordLookup.java:36)
	at no.hvl.dat110.middleware.Node.findSuccessor(Node.java:130)
	at no.hvl.dat110.chordoperations.ChordLookup.findSuccessor(ChordLookup.java:36)
	at no.hvl.dat110.middleware.Node.findSuccessor(Node.java:130)
	at no.hvl.dat110.chordoperations.ChordLookup.findSuccessor(ChordLookup.java:36)
	at no.hvl.dat110.middleware.Node.findSuccessor(Node.java:130)
	at no.hvl.dat110.chordoperations.ChordLookup.findSuccessor(ChordLookup.java:36)
	at no.hvl.dat110.middleware.Node.findSuccessor(Node.java:130)
	at no.hvl.dat110.chordoperations.ChordLookup.findSuccessor(ChordLookup.java:36)
	at no.hvl.dat110.middleware.Node.findSuccessor(Node.java:130)
	at no.hvl.dat110.chordoperations.ChordLookup.findSuccessor(ChordLookup.java:36)
	at no.hvl.dat110.middleware.Node.findSuccessor(Node.java:130)
	at no.hvl.dat110.chordoperations.ChordLookup.findSuccessor(ChordLookup.java:36)
	at no.hvl.dat110.middleware.Node.findSuccessor(Node.java:130)
	at no.hvl.dat110.chordoperations.ChordLookup.findSuccessor(ChordLookup.java:36)
	at no.hvl.dat110.middleware.Node.findSuccessor(Node.java:130)
	at no.hvl.dat110.chordoperations.ChordLookup.findSuccessor(ChordLookup.java:36)
	at no.hvl.dat110.middleware.Node.findSuccessor(Node.java:130)
	at no.hvl.dat110.chordoperations.ChordLookup.findSuccessor(ChordLookup.java:36)
	at no.hvl.dat110.middleware.Node.findSuccessor(Node.java:130)
	at no.hvl.dat110.chordoperations.ChordLookup.findSuccessor(ChordLookup.java:36)
	at no.hvl.dat110.middleware.Node.findSuccessor(Node.java:130)
	at no.hvl.dat110.chordoperations.ChordLookup.findSuccessor(ChordLookup.java:36)
	at no.hvl.dat110.middleware.Node.findSuccessor(Node.java:130)
	at no.hvl.dat110.chordoperations.ChordLookup.findSuccessor(ChordLookup.java:36)
	at no.hvl.dat110.middleware.Node.findSuccessor(Node.java:130)
	at no.hvl.dat110.chordoperations.ChordLookup.findSuccessor(ChordLookup.java:36)
	at no.hvl.dat110.middleware.Node.findSuccessor(Node.java:130)
	at no.hvl.dat110.chordoperations.ChordLookup.findSuccessor(ChordLookup.java:36)
	at no.hvl.dat110.middleware.Node.findSuccessor(Node.java:130)
	at no.hvl.dat110.chordoperations.ChordLookup.findSuccessor(ChordLookup.java:36)
	at no.hvl.dat110.middleware.Node.findSuccessor(Node.java:130)
	at no.hvl.dat110.chordoperations.ChordLookup.findSuccessor(ChordLookup.java:36)
	at no.hvl.dat110.middleware.Node.findSuccessor(Node.java:130)
	at no.hvl.dat110.chordoperations.ChordLookup.findSuccessor(ChordLookup.java:36)
	at no.hvl.dat110.middleware.Node.findSuccessor(Node.java:130)
	at no.hvl.dat110.chordoperations.ChordLookup.findSuccessor(ChordLookup.java:36)
	at no.hvl.dat110.middleware.Node.findSuccessor(Node.java:130)
	at no.hvl.dat110.chordoperations.ChordLookup.findSuccessor(ChordLookup.java:36)
	at no.hvl.dat110.middleware.Node.findSuccessor(Node.java:130)
	at no.hvl.dat110.chordoperations.ChordLookup.findSuccessor(ChordLookup.java:36)
	at no.hvl.dat110.middleware.Node.findSuccessor(Node.java:130)
	at no.hvl.dat110.chordoperations.ChordLookup.findSuccessor(ChordLookup.java:36)
	at no.hvl.dat110.middleware.Node.findSuccessor(Node.java:130)
	at no.hvl.dat110.chordoperations.ChordLookup.findSuccessor(ChordLookup.java:36)
	at no.hvl.dat110.middleware.Node.findSuccessor(Node.java:130)
	at no.hvl.dat110.chordoperations.ChordLookup.findSuccessor(ChordLookup.java:36)
	at no.hvl.dat110.middleware.Node.findSuccessor(Node.java:130)
	at no.hvl.dat110.chordoperations.ChordLookup.findSuccessor(ChordLookup.java:36)
	at no.hvl.dat110.middleware.Node.findSuccessor(Node.java:130)
	at no.hvl.dat110.chordoperations.ChordLookup.findSuccessor(ChordLookup.java:36)
	at no.hvl.dat110.middleware.Node.findSuccessor(Node.java:130)
	at no.hvl.dat110.chordoperations.ChordLookup.findSuccessor(ChordLookup.java:36)
	at no.hvl.dat110.middleware.Node.findSuccessor(Node.java:130)
	at no.hvl.dat110.chordoperations.ChordLookup.findSuccessor(ChordLookup.java:36)
	at no.hvl.dat110.middleware.Node.findSuccessor(Node.java:130)
	at no.hvl.dat110.chordoperations.ChordLookup.findSuccessor(ChordLookup.java:36)
	at no.hvl.dat110.middleware.Node.findSuccessor(Node.java:130)
	at no.hvl.dat110.chordoperations.ChordLookup.findSuccessor(ChordLookup.java:36)
	at no.hvl.dat110.middleware.Node.findSuccessor(Node.java:130)
	at no.hvl.dat110.chordoperations.ChordLookup.findSuccessor(ChordLookup.java:36)
	at no.hvl.dat110.middleware.Node.findSuccessor(Node.java:130)
	at no.hvl.dat110.chordoperations.ChordLookup.findSuccessor(ChordLookup.java:36)
	at no.hvl.dat110.middleware.Node.findSuccessor(Node.java:130)
	at no.hvl.dat110.chordoperations.ChordLookup.findSuccessor(ChordLookup.java:36)
	at no.hvl.dat110.middleware.Node.findSuccessor(Node.java:130)
	at no.hvl.dat110.chordoperations.ChordLookup.findSuccessor(ChordLookup.java:36)
	at no.hvl.dat110.middleware.Node.findSuccessor(Node.java:130)
	at no.hvl.dat110.chordoperations.ChordLookup.findSuccessor(ChordLookup.java:36)
	at no.hvl.dat110.middleware.Node.findSuccessor(Node.java:130)
	at no.hvl.dat110.chordoperations.ChordLookup.findSuccessor(ChordLookup.java:36)
	at no.hvl.dat110.middleware.Node.findSuccessor(Node.java:130)
	at no.hvl.dat110.chordoperations.ChordLookup.findSuccessor(ChordLookup.java:36)
	at no.hvl.dat110.middleware.Node.findSuccessor(Node.java:130)
	at no.hvl.dat110.chordoperations.ChordLookup.findSuccessor(ChordLookup.java:36)
	at no.hvl.dat110.middleware.Node.findSuccessor(Node.java:130)
	at no.hvl.dat110.chordoperations.ChordLookup.findSuccessor(ChordLookup.java:36)
	at no.hvl.dat110.middleware.Node.findSuccessor(Node.java:130)
	at no.hvl.dat110.chordoperations.ChordLookup.findSuccessor(ChordLookup.java:36)
	at no.hvl.dat110.middleware.Node.findSuccessor(Node.java:130)
	at no.hvl.dat110.chordoperations.ChordLookup.findSuccessor(ChordLookup.java:36)
	at no.hvl.dat110.middleware.Node.findSuccessor(Node.java:130)
	at no.hvl.dat110.chordoperations.ChordLookup.findSuccessor(ChordLookup.java:36)
	at no.hvl.dat110.middleware.Node.findSuccessor(Node.java:130)
	at no.hvl.dat110.chordoperations.ChordLookup.findSuccessor(ChordLookup.java:36)
	at no.hvl.dat110.middleware.Node.findSuccessor(Node.java:130)
	at no.hvl.dat110.chordoperations.ChordLookup.findSuccessor(ChordLookup.java:36)
	at no.hvl.dat110.middleware.Node.findSuccessor(Node.java:130)
	at no.hvl.dat110.chordoperations.ChordLookup.findSuccessor(ChordLookup.java:36)
	at no.hvl.dat110.middleware.Node.findSuccessor(Node.java:130)
	at no.hvl.dat110.chordoperations.ChordLookup.findSuccessor(ChordLookup.java:36)
	at no.hvl.dat110.middleware.Node.findSuccessor(Node.java:130)
	at no.hvl.dat110.chordoperations.ChordLookup.findSuccessor(ChordLookup.java:36)
	at no.hvl.dat110.middleware.Node.findSuccessor(Node.java:130)
	at no.hvl.dat110.chordoperations.ChordLookup.findSuccessor(ChordLookup.java:36)
	at no.hvl.dat110.middleware.Node.findSuccessor(Node.java:130)
	at no.hvl.dat110.chordoperations.ChordLookup.findSuccessor(ChordLookup.java:36)
	at no.hvl.dat110.middleware.Node.findSuccessor(Node.java:130)
	at no.hvl.dat110.chordoperations.ChordLookup.findSuccessor(ChordLookup.java:36)
	at no.hvl.dat110.middleware.Node.findSuccessor(Node.java:130)
	at no.hvl.dat110.chordoperations.ChordLookup.findSuccessor(ChordLookup.java:36)
	at no.hvl.dat110.middleware.Node.findSuccessor(Node.java:130)
	at no.hvl.dat110.chordoperations.ChordLookup.findSuccessor(ChordLookup.java:36)
	at no.hvl.dat110.middleware.Node.findSuccessor(Node.java:130)
	at no.hvl.dat110.chordoperations.ChordLookup.findSuccessor(ChordLookup.java:36)
	at no.hvl.dat110.middleware.Node.findSuccessor(Node.java:130)
	at no.hvl.dat110.chordoperations.ChordLookup.findSuccessor(ChordLookup.java:36)
	at no.hvl.dat110.middleware.Node.findSuccessor(Node.java:130)
	at no.hvl.dat110.chordoperations.ChordLookup.findSuccessor(ChordLookup.java:36)
	at no.hvl.dat110.middleware.Node.findSuccessor(Node.java:130)
	at no.hvl.dat110.chordoperations.ChordLookup.findSuccessor(ChordLookup.java:36)
	at no.hvl.dat110.middleware.Node.findSuccessor(Node.java:130)
	at no.hvl.dat110.chordoperations.ChordLookup.findSuccessor(ChordLookup.java:36)
	at no.hvl.dat110.middleware.Node.findSuccessor(Node.java:130)
	at no.hvl.dat110.chordoperations.ChordLookup.findSuccessor(ChordLookup.java:36)
	at no.hvl.dat110.middleware.Node.findSuccessor(Node.java:130)
	at no.hvl.dat110.chordoperations.ChordLookup.findSuccessor(ChordLookup.java:36)
	at no.hvl.dat110.middleware.Node.findSuccessor(Node.java:130)
	at no.hvl.dat110.chordoperations.ChordLookup.findSuccessor(ChordLookup.java:36)
	at no.hvl.dat110.middleware.Node.findSuccessor(Node.java:130)
	at no.hvl.dat110.chordoperations.ChordLookup.findSuccessor(ChordLookup.java:36)
	at no.hvl.dat110.middleware.Node.findSuccessor(Node.java:130)
	at no.hvl.dat110.chordoperations.ChordLookup.findSuccessor(ChordLookup.java:36)
	at no.hvl.dat110.middleware.Node.findSuccessor(Node.java:130)
	at no.hvl.dat110.chordoperations.ChordLookup.findSuccessor(ChordLookup.java:36)
	at no.hvl.dat110.middleware.Node.findSuccessor(Node.java:130)
	at no.hvl.dat110.chordoperations.ChordLookup.findSuccessor(ChordLookup.java:36)
	at no.hvl.dat110.middleware.Node.findSuccessor(Node.java:130)
	at no.hvl.dat110.chordoperations.ChordLookup.findSuccessor(ChordLookup.java:36)
	at no.hvl.dat110.middleware.Node.findSuccessor(Node.java:130)
	at no.hvl.dat110.chordoperations.ChordLookup.findSuccessor(ChordLookup.java:36)
	at no.hvl.dat110.middleware.Node.findSuccessor(Node.java:130)
	at no.hvl.dat110.chordoperations.ChordLookup.findSuccessor(ChordLookup.java:36)
	at no.hvl.dat110.middleware.Node.findSuccessor(Node.java:130)
	at no.hvl.dat110.chordoperations.ChordLookup.findSuccessor(ChordLookup.java:36)
	at no.hvl.dat110.middleware.Node.findSuccessor(Node.java:130)
	at no.hvl.dat110.chordoperations.ChordLookup.findSuccessor(ChordLookup.java:36)
	at no.hvl.dat110.middleware.Node.findSuccessor(Node.java:130)
	at no.hvl.dat110.chordoperations.ChordLookup.findSuccessor(ChordLookup.java:36)
	at no.hvl.dat110.middleware.Node.findSuccessor(Node.java:130)
	at no.hvl.dat110.chordoperations.ChordLookup.findSuccessor(ChordLookup.java:36)
	at no.hvl.dat110.middleware.Node.findSuccessor(Node.java:130)
	at no.hvl.dat110.chordoperations.ChordLookup.findSuccessor(ChordLookup.java:36)
	at no.hvl.dat110.middleware.Node.findSuccessor(Node.java:130)
	at no.hvl.dat110.chordoperations.ChordLookup.findSuccessor(ChordLookup.java:36)
	at no.hvl.dat110.middleware.Node.findSuccessor(Node.java:130)
	at no.hvl.dat110.chordoperations.ChordLookup.findSuccessor(ChordLookup.java:36)
	at no.hvl.dat110.middleware.Node.findSuccessor(Node.java:130)
	at no.hvl.dat110.chordoperations.ChordLookup.findSuccessor(ChordLookup.java:36)
	at no.hvl.dat110.middleware.Node.findSuccessor(Node.java:130)
	at no.hvl.dat110.chordoperations.ChordLookup.findSuccessor(ChordLookup.java:36)
	at no.hvl.dat110.middleware.Node.findSuccessor(Node.java:130)
	at no.hvl.dat110.chordoperations.ChordLookup.findSuccessor(ChordLookup.java:36)
	at no.hvl.dat110.middleware.Node.findSuccessor(Node.java:130)
	at no.hvl.dat110.chordoperations.ChordLookup.findSuccessor(ChordLookup.java:36)
	at no.hvl.dat110.middleware.Node.findSuccessor(Node.java:130)
	at no.hvl.dat110.chordoperations.ChordLookup.findSuccessor(ChordLookup.java:36)
	at no.hvl.dat110.middleware.Node.findSuccessor(Node.java:130)
	at no.hvl.dat110.chordoperations.ChordLookup.findSuccessor(ChordLookup.java:36)
	at no.hvl.dat110.middleware.Node.findSuccessor(Node.java:130)
	at no.hvl.dat110.chordoperations.ChordLookup.findSuccessor(ChordLookup.java:36)
	at no.hvl.dat110.middleware.Node.findSuccessor(Node.java:130)
	at no.hvl.dat110.chordoperations.ChordLookup.findSuccessor(ChordLookup.java:36)
	at no.hvl.dat110.middleware.Node.findSuccessor(Node.java:130)
	at no.hvl.dat110.chordoperations.ChordLookup.findSuccessor(ChordLookup.java:36)
	at no.hvl.dat110.middleware.Node.findSuccessor(Node.java:130)
	at no.hvl.dat110.chordoperations.ChordLookup.findSuccessor(ChordLookup.java:36)
	at no.hvl.dat110.middleware.Node.findSuccessor(Node.java:130)
	at no.hvl.dat110.chordoperations.ChordLookup.findSuccessor(ChordLookup.java:36)
	at no.hvl.dat110.middleware.Node.findSuccessor(Node.java:130)
	at no.hvl.dat110.chordoperations.ChordLookup.findSuccessor(ChordLookup.java:36)
	at no.hvl.dat110.middleware.Node.findSuccessor(Node.java:130)
	at no.hvl.dat110.chordoperations.ChordLookup.findSuccessor(ChordLookup.java:36)
	at no.hvl.dat110.middleware.Node.findSuccessor(Node.java:130)
	at no.hvl.dat110.chordoperations.ChordLookup.findSuccessor(ChordLookup.java:36)
	at no.hvl.dat110.middleware.Node.findSuccessor(Node.java:130)
	at no.hvl.dat110.chordoperations.ChordLookup.findSuccessor(ChordLookup.java:36)
	at no.hvl.dat110.middleware.Node.findSuccessor(Node.java:130)
	at no.hvl.dat110.chordoperations.ChordLookup.findSuccessor(ChordLookup.java:36)
	at no.hvl.dat110.middleware.Node.findSuccessor(Node.java:130)
	at no.hvl.dat110.chordoperations.ChordLookup.findSuccessor(ChordLookup.java:36)
	at no.hvl.dat110.middleware.Node.findSuccessor(Node.java:130)
	at no.hvl.dat110.chordoperations.ChordLookup.findSuccessor(ChordLookup.java:36)
	at no.hvl.dat110.middleware.Node.findSuccessor(Node.java:130)
	at no.hvl.dat110.chordoperations.ChordLookup.findSuccessor(ChordLookup.java:36)
	at no.hvl.dat110.middleware.Node.findSuccessor(Node.java:130)
	at no.hvl.dat110.chordoperations.ChordLookup.findSuccessor(ChordLookup.java:36)
	at no.hvl.dat110.middleware.Node.findSuccessor(Node.java:130)
	at no.hvl.dat110.chordoperations.ChordLookup.findSuccessor(ChordLookup.java:36)
	at no.hvl.dat110.middleware.Node.findSuccessor(Node.java:130)
	at no.hvl.dat110.chordoperations.ChordLookup.findSuccessor(ChordLookup.java:36)
	at no.hvl.dat110.middleware.Node.findSuccessor(Node.java:130)
	at no.hvl.dat110.chordoperations.ChordLookup.findSuccessor(ChordLookup.java:36)
	at no.hvl.dat110.middleware.Node.findSuccessor(Node.java:130)
	at no.hvl.dat110.chordoperations.ChordLookup.findSuccessor(ChordLookup.java:36)
	at no.hvl.dat110.middleware.Node.findSuccessor(Node.java:130)
	at no.hvl.dat110.chordoperations.ChordLookup.findSuccessor(ChordLookup.java:36)
	at no.hvl.dat110.middleware.Node.findSuccessor(Node.java:130)
	at no.hvl.dat110.chordoperations.ChordLookup.findSuccessor(ChordLookup.java:36)
Exception in thread "Timer-4" java.lang.StackOverflowError
	at no.hvl.dat110.middleware.Node.findSuccessor(Node.java:130)
	at no.hvl.dat110.chordoperations.ChordLookup.findSuccessor(ChordLookup.java:36)
	at no.hvl.dat110.middleware.Node.findSuccessor(Node.java:130)
	at no.hvl.dat110.chordoperations.ChordLookup.findSuccessor(ChordLookup.java:36)
	at no.hvl.dat110.middleware.Node.findSuccessor(Node.java:130)
	at no.hvl.dat110.chordoperations.ChordLookup.findSuccessor(ChordLookup.java:36)
	at no.hvl.dat110.middleware.Node.findSuccessor(Node.java:130)
	at no.hvl.dat110.chordoperations.ChordLookup.findSuccessor(ChordLookup.java:36)
	at no.hvl.dat110.middleware.Node.findSuccessor(Node.java:130)
	at no.hvl.dat110.chordoperations.ChordLookup.findSuccessor(ChordLookup.java:36)
	at no.hvl.dat110.middleware.Node.findSuccessor(Node.java:130)
	at no.hvl.dat110.chordoperations.ChordLookup.findSuccessor(ChordLookup.java:36)
	at no.hvl.dat110.middleware.Node.findSuccessor(Node.java:130)
	at no.hvl.dat110.chordoperations.ChordLookup.findSuccessor(ChordLookup.java:36)
	at no.hvl.dat110.middleware.Node.findSuccessor(Node.java:130)
	at no.hvl.dat110.chordoperations.ChordLookup.findSuccessor(ChordLookup.java:36)
	at no.hvl.dat110.middleware.Node.findSuccessor(Node.java:130)
	at no.hvl.dat110.chordoperations.ChordLookup.findSuccessor(ChordLookup.java:36)
	at no.hvl.dat110.middleware.Node.findSuccessor(Node.java:130)
	at no.hvl.dat110.chordoperations.ChordLookup.findSuccessor(ChordLookup.java:36)
	at no.hvl.dat110.middleware.Node.findSuccessor(Node.java:130)
	at no.hvl.dat110.chordoperations.ChordLookup.findSuccessor(ChordLookup.java:36)
	at no.hvl.dat110.middleware.Node.findSuccessor(Node.java:130)
	at no.hvl.dat110.chordoperations.ChordLookup.findSuccessor(ChordLookup.java:36)
	at no.hvl.dat110.middleware.Node.findSuccessor(Node.java:130)
	at no.hvl.dat110.chordoperations.ChordLookup.findSuccessor(ChordLookup.java:36)
	at no.hvl.dat110.middleware.Node.findSuccessor(Node.java:130)
	at no.hvl.dat110.chordoperations.ChordLookup.findSuccessor(ChordLookup.java:36)
	at no.hvl.dat110.middleware.Node.findSuccessor(Node.java:130)
	at no.hvl.dat110.chordoperations.ChordLookup.findSuccessor(ChordLookup.java:36)
	at no.hvl.dat110.middleware.Node.findSuccessor(Node.java:130)
	at no.hvl.dat110.chordoperations.ChordLookup.findSuccessor(ChordLookup.java:36)
	at no.hvl.dat110.middleware.Node.findSuccessor(Node.java:130)
	at no.hvl.dat110.chordoperations.ChordLookup.findSuccessor(ChordLookup.java:36)
	at no.hvl.dat110.middleware.Node.findSuccessor(Node.java:130)
	at no.hvl.dat110.chordoperations.ChordLookup.findSuccessor(ChordLookup.java:36)
	at no.hvl.dat110.middleware.Node.findSuccessor(Node.java:130)
	at no.hvl.dat110.chordoperations.ChordLookup.findSuccessor(ChordLookup.java:36)
	at no.hvl.dat110.middleware.Node.findSuccessor(Node.java:130)
	at no.hvl.dat110.chordoperations.ChordLookup.findSuccessor(ChordLookup.java:36)
	at no.hvl.dat110.middleware.Node.findSuccessor(Node.java:130)
	at no.hvl.dat110.chordoperations.ChordLookup.findSuccessor(ChordLookup.java:36)
	at no.hvl.dat110.middleware.Node.findSuccessor(Node.java:130)
	at no.hvl.dat110.chordoperations.ChordLookup.findSuccessor(ChordLookup.java:36)
	at no.hvl.dat110.middleware.Node.findSuccessor(Node.java:130)
	at no.hvl.dat110.chordoperations.ChordLookup.findSuccessor(ChordLookup.java:36)
	at no.hvl.dat110.middleware.Node.findSuccessor(Node.java:130)
	at no.hvl.dat110.chordoperations.ChordLookup.findSuccessor(ChordLookup.java:36)
	at no.hvl.dat110.middleware.Node.findSuccessor(Node.java:130)
	at no.hvl.dat110.chordoperations.ChordLookup.findSuccessor(ChordLookup.java:36)
	at no.hvl.dat110.middleware.Node.findSuccessor(Node.java:130)
	at no.hvl.dat110.chordoperations.ChordLookup.findSuccessor(ChordLookup.java:36)
	at no.hvl.dat110.middleware.Node.findSuccessor(Node.java:130)
	at no.hvl.dat110.chordoperations.ChordLookup.findSuccessor(ChordLookup.java:36)
	at no.hvl.dat110.middleware.Node.findSuccessor(Node.java:130)
	at no.hvl.dat110.chordoperations.ChordLookup.findSuccessor(ChordLookup.java:36)
	at no.hvl.dat110.middleware.Node.findSuccessor(Node.java:130)
	at no.hvl.dat110.chordoperations.ChordLookup.findSuccessor(ChordLookup.java:36)
	at no.hvl.dat110.middleware.Node.findSuccessor(Node.java:130)
	at no.hvl.dat110.chordoperations.ChordLookup.findSuccessor(ChordLookup.java:36)
	at no.hvl.dat110.middleware.Node.findSuccessor(Node.java:130)
	at no.hvl.dat110.chordoperations.ChordLookup.findSuccessor(ChordLookup.java:36)
	at no.hvl.dat110.middleware.Node.findSuccessor(Node.java:130)
	at no.hvl.dat110.chordoperations.ChordLookup.findSuccessor(ChordLookup.java:36)
	at no.hvl.dat110.middleware.Node.findSuccessor(Node.java:130)
	at no.hvl.dat110.chordoperations.ChordLookup.findSuccessor(ChordLookup.java:36)
	at no.hvl.dat110.middleware.Node.findSuccessor(Node.java:130)
	at no.hvl.dat110.chordoperations.ChordLookup.findSuccessor(ChordLookup.java:36)
	at no.hvl.dat110.middleware.Node.findSuccessor(Node.java:130)
	at no.hvl.dat110.chordoperations.ChordLookup.findSuccessor(ChordLookup.java:36)
	at no.hvl.dat110.middleware.Node.findSuccessor(Node.java:130)
	at no.hvl.dat110.chordoperations.ChordLookup.findSuccessor(ChordLookup.java:36)
	at no.hvl.dat110.middleware.Node.findSuccessor(Node.java:130)
	at no.hvl.dat110.chordoperations.ChordLookup.findSuccessor(ChordLookup.java:36)
	at no.hvl.dat110.middleware.Node.findSuccessor(Node.java:130)
	at no.hvl.dat110.chordoperations.ChordLookup.findSuccessor(ChordLookup.java:36)
	at no.hvl.dat110.middleware.Node.findSuccessor(Node.java:130)
	at no.hvl.dat110.chordoperations.ChordLookup.findSuccessor(ChordLookup.java:36)
	at no.hvl.dat110.middleware.Node.findSuccessor(Node.java:130)
	at no.hvl.dat110.chordoperations.ChordLookup.findSuccessor(ChordLookup.java:36)
	at no.hvl.dat110.middleware.Node.findSuccessor(Node.java:130)
	at no.hvl.dat110.chordoperations.ChordLookup.findSuccessor(ChordLookup.java:36)
	at no.hvl.dat110.middleware.Node.findSuccessor(Node.java:130)
	at no.hvl.dat110.chordoperations.ChordLookup.findSuccessor(ChordLookup.java:36)
	at no.hvl.dat110.middleware.Node.findSuccessor(Node.java:130)
	at no.hvl.dat110.chordoperations.ChordLookup.findSuccessor(ChordLookup.java:36)
	at no.hvl.dat110.middleware.Node.findSuccessor(Node.java:130)
	at no.hvl.dat110.chordoperations.ChordLookup.findSuccessor(ChordLookup.java:36)
	at no.hvl.dat110.middleware.Node.findSuccessor(Node.java:130)
	at no.hvl.dat110.chordoperations.ChordLookup.findSuccessor(ChordLookup.java:36)
	at no.hvl.dat110.middleware.Node.findSuccessor(Node.java:130)
	at no.hvl.dat110.chordoperations.ChordLookup.findSuccessor(ChordLookup.java:36)
	at no.hvl.dat110.middleware.Node.findSuccessor(Node.java:130)
	at no.hvl.dat110.chordoperations.ChordLookup.findSuccessor(ChordLookup.java:36)
	at no.hvl.dat110.middleware.Node.findSuccessor(Node.java:130)
	at no.hvl.dat110.chordoperations.ChordLookup.findSuccessor(ChordLookup.java:36)
	at no.hvl.dat110.middleware.Node.findSuccessor(Node.java:130)
	at no.hvl.dat110.chordoperations.ChordLookup.findSuccessor(ChordLookup.java:36)
	at no.hvl.dat110.middleware.Node.findSuccessor(Node.java:130)
	at no.hvl.dat110.chordoperations.ChordLookup.findSuccessor(ChordLookup.java:36)
	at no.hvl.dat110.middleware.Node.findSuccessor(Node.java:130)
	at no.hvl.dat110.chordoperations.ChordLookup.findSuccessor(ChordLookup.java:36)
	at no.hvl.dat110.middleware.Node.findSuccessor(Node.java:130)
	at no.hvl.dat110.chordoperations.ChordLookup.findSuccessor(ChordLookup.java:36)
	at no.hvl.dat110.middleware.Node.findSuccessor(Node.java:130)
	at no.hvl.dat110.chordoperations.ChordLookup.findSuccessor(ChordLookup.java:36)
	at no.hvl.dat110.middleware.Node.findSuccessor(Node.java:130)
	at no.hvl.dat110.chordoperations.ChordLookup.findSuccessor(ChordLookup.java:36)
	at no.hvl.dat110.middleware.Node.findSuccessor(Node.java:130)
	at no.hvl.dat110.chordoperations.ChordLookup.findSuccessor(ChordLookup.java:36)
	at no.hvl.dat110.middleware.Node.findSuccessor(Node.java:130)
	at no.hvl.dat110.chordoperations.ChordLookup.findSuccessor(ChordLookup.java:36)
	at no.hvl.dat110.middleware.Node.findSuccessor(Node.java:130)
	at no.hvl.dat110.chordoperations.ChordLookup.findSuccessor(ChordLookup.java:36)
	at no.hvl.dat110.middleware.Node.findSuccessor(Node.java:130)
	at no.hvl.dat110.chordoperations.ChordLookup.findSuccessor(ChordLookup.java:36)
	at no.hvl.dat110.middleware.Node.findSuccessor(Node.java:130)
	at no.hvl.dat110.chordoperations.ChordLookup.findSuccessor(ChordLookup.java:36)
	at no.hvl.dat110.middleware.Node.findSuccessor(Node.java:130)
	at no.hvl.dat110.chordoperations.ChordLookup.findSuccessor(ChordLookup.java:36)
	at no.hvl.dat110.middleware.Node.findSuccessor(Node.java:130)
	at no.hvl.dat110.chordoperations.ChordLookup.findSuccessor(ChordLookup.java:36)
	at no.hvl.dat110.middleware.Node.findSuccessor(Node.java:130)
	at no.hvl.dat110.chordoperations.ChordLookup.findSuccessor(ChordLookup.java:36)
	at no.hvl.dat110.middleware.Node.findSuccessor(Node.java:130)
	at no.hvl.dat110.chordoperations.ChordLookup.findSuccessor(ChordLookup.java:36)
	at no.hvl.dat110.middleware.Node.findSuccessor(Node.java:130)
	at no.hvl.dat110.chordoperations.ChordLookup.findSuccessor(ChordLookup.java:36)
	at no.hvl.dat110.middleware.Node.findSuccessor(Node.java:130)
	at no.hvl.dat110.chordoperations.ChordLookup.findSuccessor(ChordLookup.java:36)
	at no.hvl.dat110.middleware.Node.findSuccessor(Node.java:130)
	at no.hvl.dat110.chordoperations.ChordLookup.findSuccessor(ChordLookup.java:36)
	at no.hvl.dat110.middleware.Node.findSuccessor(Node.java:130)
	at no.hvl.dat110.chordoperations.ChordLookup.findSuccessor(ChordLookup.java:36)
	at no.hvl.dat110.middleware.Node.findSuccessor(Node.java:130)
	at no.hvl.dat110.chordoperations.ChordLookup.findSuccessor(ChordLookup.java:36)
	at no.hvl.dat110.middleware.Node.findSuccessor(Node.java:130)
	at no.hvl.dat110.chordoperations.ChordLookup.findSuccessor(ChordLookup.java:36)
	at no.hvl.dat110.middleware.Node.findSuccessor(Node.java:130)
	at no.hvl.dat110.chordoperations.ChordLookup.findSuccessor(ChordLookup.java:36)
	at no.hvl.dat110.middleware.Node.findSuccessor(Node.java:130)
	at no.hvl.dat110.chordoperations.ChordLookup.findSuccessor(ChordLookup.java:36)
	at no.hvl.dat110.middleware.Node.findSuccessor(Node.java:130)
	at no.hvl.dat110.chordoperations.ChordLookup.findSuccessor(ChordLookup.java:36)
	at no.hvl.dat110.middleware.Node.findSuccessor(Node.java:130)
	at no.hvl.dat110.chordoperations.ChordLookup.findSuccessor(ChordLookup.java:36)
	at no.hvl.dat110.middleware.Node.findSuccessor(Node.java:130)
	at no.hvl.dat110.chordoperations.ChordLookup.findSuccessor(ChordLookup.java:36)
	at no.hvl.dat110.middleware.Node.findSuccessor(Node.java:130)
	at no.hvl.dat110.chordoperations.ChordLookup.findSuccessor(ChordLookup.java:36)
	at no.hvl.dat110.middleware.Node.findSuccessor(Node.java:130)
	at no.hvl.dat110.chordoperations.ChordLookup.findSuccessor(ChordLookup.java:36)
	at no.hvl.dat110.middleware.Node.findSuccessor(Node.java:130)
	at no.hvl.dat110.chordoperations.ChordLookup.findSuccessor(ChordLookup.java:36)
	at no.hvl.dat110.middleware.Node.findSuccessor(Node.java:130)
	at no.hvl.dat110.chordoperations.ChordLookup.findSuccessor(ChordLookup.java:36)
	at no.hvl.dat110.middleware.Node.findSuccessor(Node.java:130)
	at no.hvl.dat110.chordoperations.ChordLookup.findSuccessor(ChordLookup.java:36)
	at no.hvl.dat110.middleware.Node.findSuccessor(Node.java:130)
	at no.hvl.dat110.chordoperations.ChordLookup.findSuccessor(ChordLookup.java:36)
	at no.hvl.dat110.middleware.Node.findSuccessor(Node.java:130)
	at no.hvl.dat110.chordoperations.ChordLookup.findSuccessor(ChordLookup.java:36)
	at no.hvl.dat110.middleware.Node.findSuccessor(Node.java:130)
	at no.hvl.dat110.chordoperations.ChordLookup.findSuccessor(ChordLookup.java:36)
	at no.hvl.dat110.middleware.Node.findSuccessor(Node.java:130)
	at no.hvl.dat110.chordoperations.ChordLookup.findSuccessor(ChordLookup.java:36)
	at no.hvl.dat110.middleware.Node.findSuccessor(Node.java:130)
	at no.hvl.dat110.chordoperations.ChordLookup.findSuccessor(ChordLookup.java:36)
	at no.hvl.dat110.middleware.Node.findSuccessor(Node.java:130)
	at no.hvl.dat110.chordoperations.ChordLookup.findSuccessor(ChordLookup.java:36)
	at no.hvl.dat110.middleware.Node.findSuccessor(Node.java:130)
	at no.hvl.dat110.chordoperations.ChordLookup.findSuccessor(ChordLookup.java:36)
	at no.hvl.dat110.middleware.Node.findSuccessor(Node.java:130)
	at no.hvl.dat110.chordoperations.ChordLookup.findSuccessor(ChordLookup.java:36)
	at no.hvl.dat110.middleware.Node.findSuccessor(Node.java:130)
	at no.hvl.dat110.chordoperations.ChordLookup.findSuccessor(ChordLookup.java:36)
	at no.hvl.dat110.middleware.Node.findSuccessor(Node.java:130)
	at no.hvl.dat110.chordoperations.ChordLookup.findSuccessor(ChordLookup.java:36)
	at no.hvl.dat110.middleware.Node.findSuccessor(Node.java:130)
	at no.hvl.dat110.chordoperations.ChordLookup.findSuccessor(ChordLookup.java:36)
	at no.hvl.dat110.middleware.Node.findSuccessor(Node.java:130)
	at no.hvl.dat110.chordoperations.ChordLookup.findSuccessor(ChordLookup.java:36)
	at no.hvl.dat110.middleware.Node.findSuccessor(Node.java:130)
	at no.hvl.dat110.chordoperations.ChordLookup.findSuccessor(ChordLookup.java:36)
	at no.hvl.dat110.middleware.Node.findSuccessor(Node.java:130)
	at no.hvl.dat110.chordoperations.ChordLookup.findSuccessor(ChordLookup.java:36)
	at no.hvl.dat110.middleware.Node.findSuccessor(Node.java:130)
	at no.hvl.dat110.chordoperations.ChordLookup.findSuccessor(ChordLookup.java:36)
	at no.hvl.dat110.middleware.Node.findSuccessor(Node.java:130)
	at no.hvl.dat110.chordoperations.ChordLookup.findSuccessor(ChordLookup.java:36)
	at no.hvl.dat110.middleware.Node.findSuccessor(Node.java:130)
	at no.hvl.dat110.chordoperations.ChordLookup.findSuccessor(ChordLookup.java:36)
	at no.hvl.dat110.middleware.Node.findSuccessor(Node.java:130)
	at no.hvl.dat110.chordoperations.ChordLookup.findSuccessor(ChordLookup.java:36)
	at no.hvl.dat110.middleware.Node.findSuccessor(Node.java:130)
	at no.hvl.dat110.chordoperations.ChordLookup.findSuccessor(ChordLookup.java:36)
	at no.hvl.dat110.middleware.Node.findSuccessor(Node.java:130)
	at no.hvl.dat110.chordoperations.ChordLookup.findSuccessor(ChordLookup.java:36)
	at no.hvl.dat110.middleware.Node.findSuccessor(Node.java:130)
	at no.hvl.dat110.chordoperations.ChordLookup.findSuccessor(ChordLookup.java:36)
	at no.hvl.dat110.middleware.Node.findSuccessor(Node.java:130)
	at no.hvl.dat110.chordoperations.ChordLookup.findSuccessor(ChordLookup.java:36)
	at no.hvl.dat110.middleware.Node.findSuccessor(Node.java:130)
	at no.hvl.dat110.chordoperations.ChordLookup.findSuccessor(ChordLookup.java:36)
	at no.hvl.dat110.middleware.Node.findSuccessor(Node.java:130)
	at no.hvl.dat110.chordoperations.ChordLookup.findSuccessor(ChordLookup.java:36)
	at no.hvl.dat110.middleware.Node.findSuccessor(Node.java:130)
	at no.hvl.dat110.chordoperations.ChordLookup.findSuccessor(ChordLookup.java:36)
	at no.hvl.dat110.middleware.Node.findSuccessor(Node.java:130)
	at no.hvl.dat110.chordoperations.ChordLookup.findSuccessor(ChordLookup.java:36)
	at no.hvl.dat110.middleware.Node.findSuccessor(Node.java:130)
	at no.hvl.dat110.chordoperations.ChordLookup.findSuccessor(ChordLookup.java:36)
	at no.hvl.dat110.middleware.Node.findSuccessor(Node.java:130)
	at no.hvl.dat110.chordoperations.ChordLookup.findSuccessor(ChordLookup.java:36)
	at no.hvl.dat110.middleware.Node.findSuccessor(Node.java:130)
	at no.hvl.dat110.chordoperations.ChordLookup.findSuccessor(ChordLookup.java:36)
	at no.hvl.dat110.middleware.Node.findSuccessor(Node.java:130)
	at no.hvl.dat110.chordoperations.ChordLookup.findSuccessor(ChordLookup.java:36)
	at no.hvl.dat110.middleware.Node.findSuccessor(Node.java:130)
	at no.hvl.dat110.chordoperations.ChordLookup.findSuccessor(ChordLookup.java:36)
	at no.hvl.dat110.middleware.Node.findSuccessor(Node.java:130)
	at no.hvl.dat110.chordoperations.ChordLookup.findSuccessor(ChordLookup.java:36)
	at no.hvl.dat110.middleware.Node.findSuccessor(Node.java:130)
	at no.hvl.dat110.chordoperations.ChordLookup.findSuccessor(ChordLookup.java:36)
	at no.hvl.dat110.middleware.Node.findSuccessor(Node.java:130)
	at no.hvl.dat110.chordoperations.ChordLookup.findSuccessor(ChordLookup.java:36)
	at no.hvl.dat110.middleware.Node.findSuccessor(Node.java:130)
	at no.hvl.dat110.chordoperations.ChordLookup.findSuccessor(ChordLookup.java:36)
	at no.hvl.dat110.middleware.Node.findSuccessor(Node.java:130)
	at no.hvl.dat110.chordoperations.ChordLookup.findSuccessor(ChordLookup.java:36)
	at no.hvl.dat110.middleware.Node.findSuccessor(Node.java:130)
	at no.hvl.dat110.chordoperations.ChordLookup.findSuccessor(ChordLookup.java:36)
	at no.hvl.dat110.middleware.Node.findSuccessor(Node.java:130)
	at no.hvl.dat110.chordoperations.ChordLookup.findSuccessor(ChordLookup.java:36)
	at no.hvl.dat110.middleware.Node.findSuccessor(Node.java:130)
	at no.hvl.dat110.chordoperations.ChordLookup.findSuccessor(ChordLookup.java:36)
	at no.hvl.dat110.middleware.Node.findSuccessor(Node.java:130)
	at no.hvl.dat110.chordoperations.ChordLookup.findSuccessor(ChordLookup.java:36)
	at no.hvl.dat110.middleware.Node.findSuccessor(Node.java:130)
	at no.hvl.dat110.chordoperations.ChordLookup.findSuccessor(ChordLookup.java:36)
	at no.hvl.dat110.middleware.Node.findSuccessor(Node.java:130)
	at no.hvl.dat110.chordoperations.ChordLookup.findSuccessor(ChordLookup.java:36)
	at no.hvl.dat110.middleware.Node.findSuccessor(Node.java:130)
	at no.hvl.dat110.chordoperations.ChordLookup.findSuccessor(ChordLookup.java:36)
	at no.hvl.dat110.middleware.Node.findSuccessor(Node.java:130)
	at no.hvl.dat110.chordoperations.ChordLookup.findSuccessor(ChordLookup.java:36)
	at no.hvl.dat110.middleware.Node.findSuccessor(Node.java:130)
	at no.hvl.dat110.chordoperations.ChordLookup.findSuccessor(ChordLookup.java:36)
	at no.hvl.dat110.middleware.Node.findSuccessor(Node.java:130)
	at no.hvl.dat110.chordoperations.ChordLookup.findSuccessor(ChordLookup.java:36)
	at no.hvl.dat110.middleware.Node.findSuccessor(Node.java:130)
	at no.hvl.dat110.chordoperations.ChordLookup.findSuccessor(ChordLookup.java:36)
	at no.hvl.dat110.middleware.Node.findSuccessor(Node.java:130)
	at no.hvl.dat110.chordoperations.ChordLookup.findSuccessor(ChordLookup.java:36)
	at no.hvl.dat110.middleware.Node.findSuccessor(Node.java:130)
	at no.hvl.dat110.chordoperations.ChordLookup.findSuccessor(ChordLookup.java:36)
	at no.hvl.dat110.middleware.Node.findSuccessor(Node.java:130)
	at no.hvl.dat110.chordoperations.ChordLookup.findSuccessor(ChordLookup.java:36)
	at no.hvl.dat110.middleware.Node.findSuccessor(Node.java:130)
	at no.hvl.dat110.chordoperations.ChordLookup.findSuccessor(ChordLookup.java:36)
	at no.hvl.dat110.middleware.Node.findSuccessor(Node.java:130)
	at no.hvl.dat110.chordoperations.ChordLookup.findSuccessor(ChordLookup.java:36)
	at no.hvl.dat110.middleware.Node.findSuccessor(Node.java:130)
	at no.hvl.dat110.chordoperations.ChordLookup.findSuccessor(ChordLookup.java:36)
	at no.hvl.dat110.middleware.Node.findSuccessor(Node.java:130)
	at no.hvl.dat110.chordoperations.ChordLookup.findSuccessor(ChordLookup.java:36)
	at no.hvl.dat110.middleware.Node.findSuccessor(Node.java:130)
	at no.hvl.dat110.chordoperations.ChordLookup.findSuccessor(ChordLookup.java:36)
	at no.hvl.dat110.middleware.Node.findSuccessor(Node.java:130)
	at no.hvl.dat110.chordoperations.ChordLookup.findSuccessor(ChordLookup.java:36)
	at no.hvl.dat110.middleware.Node.findSuccessor(Node.java:130)
	at no.hvl.dat110.chordoperations.ChordLookup.findSuccessor(ChordLookup.java:36)
	at no.hvl.dat110.middleware.Node.findSuccessor(Node.java:130)
	at no.hvl.dat110.chordoperations.ChordLookup.findSuccessor(ChordLookup.java:36)
	at no.hvl.dat110.middleware.Node.findSuccessor(Node.java:130)
	at no.hvl.dat110.chordoperations.ChordLookup.findSuccessor(ChordLookup.java:36)
	at no.hvl.dat110.middleware.Node.findSuccessor(Node.java:130)
	at no.hvl.dat110.chordoperations.ChordLookup.findSuccessor(ChordLookup.java:36)
	at no.hvl.dat110.middleware.Node.findSuccessor(Node.java:130)
	at no.hvl.dat110.chordoperations.ChordLookup.findSuccessor(ChordLookup.java:36)
	at no.hvl.dat110.middleware.Node.findSuccessor(Node.java:130)
	at no.hvl.dat110.chordoperations.ChordLookup.findSuccessor(ChordLookup.java:36)
	at no.hvl.dat110.middleware.Node.findSuccessor(Node.java:130)
	at no.hvl.dat110.chordoperations.ChordLookup.findSuccessor(ChordLookup.java:36)
	at no.hvl.dat110.middleware.Node.findSuccessor(Node.java:130)
	at no.hvl.dat110.chordoperations.ChordLookup.findSuccessor(ChordLookup.java:36)
	at no.hvl.dat110.middleware.Node.findSuccessor(Node.java:130)
	at no.hvl.dat110.chordoperations.ChordLookup.findSuccessor(ChordLookup.java:36)
	at no.hvl.dat110.middleware.Node.findSuccessor(Node.java:130)
	at no.hvl.dat110.chordoperations.ChordLookup.findSuccessor(ChordLookup.java:36)
	at no.hvl.dat110.middleware.Node.findSuccessor(Node.java:130)
	at no.hvl.dat110.chordoperations.ChordLookup.findSuccessor(ChordLookup.java:36)
	at no.hvl.dat110.middleware.Node.findSuccessor(Node.java:130)
	at no.hvl.dat110.chordoperations.ChordLookup.findSuccessor(ChordLookup.java:36)
	at no.hvl.dat110.middleware.Node.findSuccessor(Node.java:130)
	at no.hvl.dat110.chordoperations.ChordLookup.findSuccessor(ChordLookup.java:36)
	at no.hvl.dat110.middleware.Node.findSuccessor(Node.java:130)
	at no.hvl.dat110.chordoperations.ChordLookup.findSuccessor(ChordLookup.java:36)
	at no.hvl.dat110.middleware.Node.findSuccessor(Node.java:130)
	at no.hvl.dat110.chordoperations.ChordLookup.findSuccessor(ChordLookup.java:36)
	at no.hvl.dat110.middleware.Node.findSuccessor(Node.java:130)
	at no.hvl.dat110.chordoperations.ChordLookup.findSuccessor(ChordLookup.java:36)
	at no.hvl.dat110.middleware.Node.findSuccessor(Node.java:130)
	at no.hvl.dat110.chordoperations.ChordLookup.findSuccessor(ChordLookup.java:36)
	at no.hvl.dat110.middleware.Node.findSuccessor(Node.java:130)
	at no.hvl.dat110.chordoperations.ChordLookup.findSuccessor(ChordLookup.java:36)
	at no.hvl.dat110.middleware.Node.findSuccessor(Node.java:130)
	at no.hvl.dat110.chordoperations.ChordLookup.findSuccessor(ChordLookup.java:36)
	at no.hvl.dat110.middleware.Node.findSuccessor(Node.java:130)
	at no.hvl.dat110.chordoperations.ChordLookup.findSuccessor(ChordLookup.java:36)
	at no.hvl.dat110.middleware.Node.findSuccessor(Node.java:130)
	at no.hvl.dat110.chordoperations.ChordLookup.findSuccessor(ChordLookup.java:36)
	at no.hvl.dat110.middleware.Node.findSuccessor(Node.java:130)
	at no.hvl.dat110.chordoperations.ChordLookup.findSuccessor(ChordLookup.java:36)
	at no.hvl.dat110.middleware.Node.findSuccessor(Node.java:130)
	at no.hvl.dat110.chordoperations.ChordLookup.findSuccessor(ChordLookup.java:36)
	at no.hvl.dat110.middleware.Node.findSuccessor(Node.java:130)
	at no.hvl.dat110.chordoperations.ChordLookup.findSuccessor(ChordLookup.java:36)
	at no.hvl.dat110.middleware.Node.findSuccessor(Node.java:130)
	at no.hvl.dat110.chordoperations.ChordLookup.findSuccessor(ChordLookup.java:36)
	at no.hvl.dat110.middleware.Node.findSuccessor(Node.java:130)
	at no.hvl.dat110.chordoperations.ChordLookup.findSuccessor(ChordLookup.java:36)
	at no.hvl.dat110.middleware.Node.findSuccessor(Node.java:130)
	at no.hvl.dat110.chordoperations.ChordLookup.findSuccessor(ChordLookup.java:36)
	at no.hvl.dat110.middleware.Node.findSuccessor(Node.java:130)
	at no.hvl.dat110.chordoperations.ChordLookup.findSuccessor(ChordLookup.java:36)
	at no.hvl.dat110.middleware.Node.findSuccessor(Node.java:130)
	at no.hvl.dat110.chordoperations.ChordLookup.findSuccessor(ChordLookup.java:36)
	at no.hvl.dat110.middleware.Node.findSuccessor(Node.java:130)
	at no.hvl.dat110.chordoperations.ChordLookup.findSuccessor(ChordLookup.java:36)
	at no.hvl.dat110.middleware.Node.findSuccessor(Node.java:130)
	at no.hvl.dat110.chordoperations.ChordLookup.findSuccessor(ChordLookup.java:36)
	at no.hvl.dat110.middleware.Node.findSuccessor(Node.java:130)
	at no.hvl.dat110.chordoperations.ChordLookup.findSuccessor(ChordLookup.java:36)
	at no.hvl.dat110.middleware.Node.findSuccessor(Node.java:130)
	at no.hvl.dat110.chordoperations.ChordLookup.findSuccessor(ChordLookup.java:36)
	at no.hvl.dat110.middleware.Node.findSuccessor(Node.java:130)
	at no.hvl.dat110.chordoperations.ChordLookup.findSuccessor(ChordLookup.java:36)
	at no.hvl.dat110.middleware.Node.findSuccessor(Node.java:130)
	at no.hvl.dat110.chordoperations.ChordLookup.findSuccessor(ChordLookup.java:36)
	at no.hvl.dat110.middleware.Node.findSuccessor(Node.java:130)
	at no.hvl.dat110.chordoperations.ChordLookup.findSuccessor(ChordLookup.java:36)
	at no.hvl.dat110.middleware.Node.findSuccessor(Node.java:130)
	at no.hvl.dat110.chordoperations.ChordLookup.findSuccessor(ChordLookup.java:36)
	at no.hvl.dat110.middleware.Node.findSuccessor(Node.java:130)
	at no.hvl.dat110.chordoperations.ChordLookup.findSuccessor(ChordLookup.java:36)
	at no.hvl.dat110.middleware.Node.findSuccessor(Node.java:130)
	at no.hvl.dat110.chordoperations.ChordLookup.findSuccessor(ChordLookup.java:36)
	at no.hvl.dat110.middleware.Node.findSuccessor(Node.java:130)
	at no.hvl.dat110.chordoperations.ChordLookup.findSuccessor(ChordLookup.java:36)
	at no.hvl.dat110.middleware.Node.findSuccessor(Node.java:130)
	at no.hvl.dat110.chordoperations.ChordLookup.findSuccessor(ChordLookup.java:36)
	at no.hvl.dat110.middleware.Node.findSuccessor(Node.java:130)
	at no.hvl.dat110.chordoperations.ChordLookup.findSuccessor(ChordLookup.java:36)
	at no.hvl.dat110.middleware.Node.findSuccessor(Node.java:130)
	at no.hvl.dat110.chordoperations.ChordLookup.findSuccessor(ChordLookup.java:36)
	at no.hvl.dat110.middleware.Node.findSuccessor(Node.java:130)
	at no.hvl.dat110.chordoperations.ChordLookup.findSuccessor(ChordLookup.java:36)
	at no.hvl.dat110.middleware.Node.findSuccessor(Node.java:130)
	at no.hvl.dat110.chordoperations.ChordLookup.findSuccessor(ChordLookup.java:36)
	at no.hvl.dat110.middleware.Node.findSuccessor(Node.java:130)
	at no.hvl.dat110.chordoperations.ChordLookup.findSuccessor(ChordLookup.java:36)
	at no.hvl.dat110.middleware.Node.findSuccessor(Node.java:130)
	at no.hvl.dat110.chordoperations.ChordLookup.findSuccessor(ChordLookup.java:36)
	at no.hvl.dat110.middleware.Node.findSuccessor(Node.java:130)
	at no.hvl.dat110.chordoperations.ChordLookup.findSuccessor(ChordLookup.java:36)
	at no.hvl.dat110.middleware.Node.findSuccessor(Node.java:130)
	at no.hvl.dat110.chordoperations.ChordLookup.findSuccessor(ChordLookup.java:36)
	at no.hvl.dat110.middleware.Node.findSuccessor(Node.java:130)
	at no.hvl.dat110.chordoperations.ChordLookup.findSuccessor(ChordLookup.java:36)
	at no.hvl.dat110.middleware.Node.findSuccessor(Node.java:130)
	at no.hvl.dat110.chordoperations.ChordLookup.findSuccessor(ChordLookup.java:36)
	at no.hvl.dat110.middleware.Node.findSuccessor(Node.java:130)
	at no.hvl.dat110.chordoperations.ChordLookup.findSuccessor(ChordLookup.java:36)
	at no.hvl.dat110.middleware.Node.findSuccessor(Node.java:130)
	at no.hvl.dat110.chordoperations.ChordLookup.findSuccessor(ChordLookup.java:36)
	at no.hvl.dat110.middleware.Node.findSuccessor(Node.java:130)
	at no.hvl.dat110.chordoperations.ChordLookup.findSuccessor(ChordLookup.java:36)
	at no.hvl.dat110.middleware.Node.findSuccessor(Node.java:130)
	at no.hvl.dat110.chordoperations.ChordLookup.findSuccessor(ChordLookup.java:36)
	at no.hvl.dat110.middleware.Node.findSuccessor(Node.java:130)
	at no.hvl.dat110.chordoperations.ChordLookup.findSuccessor(ChordLookup.java:36)
	at no.hvl.dat110.middleware.Node.findSuccessor(Node.java:130)
	at no.hvl.dat110.chordoperations.ChordLookup.findSuccessor(ChordLookup.java:36)
	at no.hvl.dat110.middleware.Node.findSuccessor(Node.java:130)
	at no.hvl.dat110.chordoperations.ChordLookup.findSuccessor(ChordLookup.java:36)
	at no.hvl.dat110.middleware.Node.findSuccessor(Node.java:130)
	at no.hvl.dat110.chordoperations.ChordLookup.findSuccessor(ChordLookup.java:36)
	at no.hvl.dat110.middleware.Node.findSuccessor(Node.java:130)
	at no.hvl.dat110.chordoperations.ChordLookup.findSuccessor(ChordLookup.java:36)
	at no.hvl.dat110.middleware.Node.findSuccessor(Node.java:130)
	at no.hvl.dat110.chordoperations.ChordLookup.findSuccessor(ChordLookup.java:36)
	at no.hvl.dat110.middleware.Node.findSuccessor(Node.java:130)
	at no.hvl.dat110.chordoperations.ChordLookup.findSuccessor(ChordLookup.java:36)
	at no.hvl.dat110.middleware.Node.findSuccessor(Node.java:130)
	at no.hvl.dat110.chordoperations.ChordLookup.findSuccessor(ChordLookup.java:36)
	at no.hvl.dat110.middleware.Node.findSuccessor(Node.java:130)
	at no.hvl.dat110.chordoperations.ChordLookup.findSuccessor(ChordLookup.java:36)
	at no.hvl.dat110.middleware.Node.findSuccessor(Node.java:130)
	at no.hvl.dat110.chordoperations.ChordLookup.findSuccessor(ChordLookup.java:36)
	at no.hvl.dat110.middleware.Node.findSuccessor(Node.java:130)
	at no.hvl.dat110.chordoperations.ChordLookup.findSuccessor(ChordLookup.java:36)
	at no.hvl.dat110.middleware.Node.findSuccessor(Node.java:130)
	at no.hvl.dat110.chordoperations.ChordLookup.findSuccessor(ChordLookup.java:36)
	at no.hvl.dat110.middleware.Node.findSuccessor(Node.java:130)
	at no.hvl.dat110.chordoperations.ChordLookup.findSuccessor(ChordLookup.java:36)
	at no.hvl.dat110.middleware.Node.findSuccessor(Node.java:130)
	at no.hvl.dat110.chordoperations.ChordLookup.findSuccessor(ChordLookup.java:36)
	at no.hvl.dat110.middleware.Node.findSuccessor(Node.java:130)
	at no.hvl.dat110.chordoperations.ChordLookup.findSuccessor(ChordLookup.java:36)
	at no.hvl.dat110.middleware.Node.findSuccessor(Node.java:130)
	at no.hvl.dat110.chordoperations.ChordLookup.findSuccessor(ChordLookup.java:36)
	at no.hvl.dat110.middleware.Node.findSuccessor(Node.java:130)
	at no.hvl.dat110.chordoperations.ChordLookup.findSuccessor(ChordLookup.java:36)
	at no.hvl.dat110.middleware.Node.findSuccessor(Node.java:130)
	at no.hvl.dat110.chordoperations.ChordLookup.findSuccessor(ChordLookup.java:36)
	at no.hvl.dat110.middleware.Node.findSuccessor(Node.java:130)
	at no.hvl.dat110.chordoperations.ChordLookup.findSuccessor(ChordLookup.java:36)
	at no.hvl.dat110.middleware.Node.findSuccessor(Node.java:130)
	at no.hvl.dat110.chordoperations.ChordLookup.findSuccessor(ChordLookup.java:36)
	at no.hvl.dat110.middleware.Node.findSuccessor(Node.java:130)
	at no.hvl.dat110.chordoperations.ChordLookup.findSuccessor(ChordLookup.java:36)
	at no.hvl.dat110.middleware.Node.findSuccessor(Node.java:130)
	at no.hvl.dat110.chordoperations.ChordLookup.findSuccessor(ChordLookup.java:36)
	at no.hvl.dat110.middleware.Node.findSuccessor(Node.java:130)
	at no.hvl.dat110.chordoperations.ChordLookup.findSuccessor(ChordLookup.java:36)
	at no.hvl.dat110.middleware.Node.findSuccessor(Node.java:130)
	at no.hvl.dat110.chordoperations.ChordLookup.findSuccessor(ChordLookup.java:36)
	at no.hvl.dat110.middleware.Node.findSuccessor(Node.java:130)
	at no.hvl.dat110.chordoperations.ChordLookup.findSuccessor(ChordLookup.java:36)
	at no.hvl.dat110.middleware.Node.findSuccessor(Node.java:130)
	at no.hvl.dat110.chordoperations.ChordLookup.findSuccessor(ChordLookup.java:36)
	at no.hvl.dat110.middleware.Node.findSuccessor(Node.java:130)
	at no.hvl.dat110.chordoperations.ChordLookup.findSuccessor(ChordLookup.java:36)
	at no.hvl.dat110.middleware.Node.findSuccessor(Node.java:130)
	at no.hvl.dat110.chordoperations.ChordLookup.findSuccessor(ChordLookup.java:36)
	at no.hvl.dat110.middleware.Node.findSuccessor(Node.java:130)
	at no.hvl.dat110.chordoperations.ChordLookup.findSuccessor(ChordLookup.java:36)
	at no.hvl.dat110.middleware.Node.findSuccessor(Node.java:130)
	at no.hvl.dat110.chordoperations.ChordLookup.findSuccessor(ChordLookup.java:36)
	at no.hvl.dat110.middleware.Node.findSuccessor(Node.java:130)
	at no.hvl.dat110.chordoperations.ChordLookup.findSuccessor(ChordLookup.java:36)
	at no.hvl.dat110.middleware.Node.findSuccessor(Node.java:130)
	at no.hvl.dat110.chordoperations.ChordLookup.findSuccessor(ChordLookup.java:36)
	at no.hvl.dat110.middleware.Node.findSuccessor(Node.java:130)
	at no.hvl.dat110.chordoperations.ChordLookup.findSuccessor(ChordLookup.java:36)
	at no.hvl.dat110.middleware.Node.findSuccessor(Node.java:130)
	at no.hvl.dat110.chordoperations.ChordLookup.findSuccessor(ChordLookup.java:36)
	at no.hvl.dat110.middleware.Node.findSuccessor(Node.java:130)
	at no.hvl.dat110.chordoperations.ChordLookup.findSuccessor(ChordLookup.java:36)
	at no.hvl.dat110.middleware.Node.findSuccessor(Node.java:130)
	at no.hvl.dat110.chordoperations.ChordLookup.findSuccessor(ChordLookup.java:36)
	at no.hvl.dat110.middleware.Node.findSuccessor(Node.java:130)
	at no.hvl.dat110.chordoperations.ChordLookup.findSuccessor(ChordLookup.java:36)
	at no.hvl.dat110.middleware.Node.findSuccessor(Node.java:130)
	at no.hvl.dat110.chordoperations.ChordLookup.findSuccessor(ChordLookup.java:36)
	at no.hvl.dat110.middleware.Node.findSuccessor(Node.java:130)
	at no.hvl.dat110.chordoperations.ChordLookup.findSuccessor(ChordLookup.java:36)
	at no.hvl.dat110.middleware.Node.findSuccessor(Node.java:130)
	at no.hvl.dat110.chordoperations.ChordLookup.findSuccessor(ChordLookup.java:36)
	at no.hvl.dat110.middleware.Node.findSuccessor(Node.java:130)
	at no.hvl.dat110.chordoperations.ChordLookup.findSuccessor(ChordLookup.java:36)
	at no.hvl.dat110.middleware.Node.findSuccessor(Node.java:130)
	at no.hvl.dat110.chordoperations.ChordLookup.findSuccessor(ChordLookup.java:36)
	at no.hvl.dat110.middleware.Node.findSuccessor(Node.java:130)
	at no.hvl.dat110.chordoperations.ChordLookup.findSuccessor(ChordLookup.java:36)
	at no.hvl.dat110.middleware.Node.findSuccessor(Node.java:130)
	at no.hvl.dat110.chordoperations.ChordLookup.findSuccessor(ChordLookup.java:36)
	at no.hvl.dat110.middleware.Node.findSuccessor(Node.java:130)
	at no.hvl.dat110.chordoperations.ChordLookup.findSuccessor(ChordLookup.java:36)
	at no.hvl.dat110.middleware.Node.findSuccessor(Node.java:130)
	at no.hvl.dat110.chordoperations.ChordLookup.findSuccessor(ChordLookup.java:36)
	at no.hvl.dat110.middleware.Node.findSuccessor(Node.java:130)
	at no.hvl.dat110.chordoperations.ChordLookup.findSuccessor(ChordLookup.java:36)
	at no.hvl.dat110.middleware.Node.findSuccessor(Node.java:130)
	at no.hvl.dat110.chordoperations.ChordLookup.findSuccessor(ChordLookup.java:36)
	at no.hvl.dat110.middleware.Node.findSuccessor(Node.java:130)
	at no.hvl.dat110.chordoperations.ChordLookup.findSuccessor(ChordLookup.java:36)
	at no.hvl.dat110.middleware.Node.findSuccessor(Node.java:130)
	at no.hvl.dat110.chordoperations.ChordLookup.findSuccessor(ChordLookup.java:36)
	at no.hvl.dat110.middleware.Node.findSuccessor(Node.java:130)
	at no.hvl.dat110.chordoperations.ChordLookup.findSuccessor(ChordLookup.java:36)
	at no.hvl.dat110.middleware.Node.findSuccessor(Node.java:130)
	at no.hvl.dat110.chordoperations.ChordLookup.findSuccessor(ChordLookup.java:36)
	at no.hvl.dat110.middleware.Node.findSuccessor(Node.java:130)
	at no.hvl.dat110.chordoperations.ChordLookup.findSuccessor(ChordLookup.java:36)
	at no.hvl.dat110.middleware.Node.findSuccessor(Node.java:130)
	at no.hvl.dat110.chordoperations.ChordLookup.findSuccessor(ChordLookup.java:36)
	at no.hvl.dat110.middleware.Node.findSuccessor(Node.java:130)
	at no.hvl.dat110.chordoperations.ChordLookup.findSuccessor(ChordLookup.java:36)
	at no.hvl.dat110.middleware.Node.findSuccessor(Node.java:130)
	at no.hvl.dat110.chordoperations.ChordLookup.findSuccessor(ChordLookup.java:36)
	at no.hvl.dat110.middleware.Node.findSuccessor(Node.java:130)
	at no.hvl.dat110.chordoperations.ChordLookup.findSuccessor(ChordLookup.java:36)
	at no.hvl.dat110.middleware.Node.findSuccessor(Node.java:130)
	at no.hvl.dat110.chordoperations.ChordLookup.findSuccessor(ChordLookup.java:36)
	at no.hvl.dat110.middleware.Node.findSuccessor(Node.java:130)
	at no.hvl.dat110.chordoperations.ChordLookup.findSuccessor(ChordLookup.java:36)
	at no.hvl.dat110.middleware.Node.findSuccessor(Node.java:130)
	at no.hvl.dat110.chordoperations.ChordLookup.findSuccessor(ChordLookup.java:36)
	at no.hvl.dat110.middleware.Node.findSuccessor(Node.java:130)
	at no.hvl.dat110.chordoperations.ChordLookup.findSuccessor(ChordLookup.java:36)
	at no.hvl.dat110.middleware.Node.findSuccessor(Node.java:130)
	at no.hvl.dat110.chordoperations.ChordLookup.findSuccessor(ChordLookup.java:36)
	at no.hvl.dat110.middleware.Node.findSuccessor(Node.java:130)
	at no.hvl.dat110.chordoperations.ChordLookup.findSuccessor(ChordLookup.java:36)
	at no.hvl.dat110.middleware.Node.findSuccessor(Node.java:130)
	at no.hvl.dat110.chordoperations.ChordLookup.findSuccessor(ChordLookup.java:36)
	at no.hvl.dat110.middleware.Node.findSuccessor(Node.java:130)
	at no.hvl.dat110.chordoperations.ChordLookup.findSuccessor(ChordLookup.java:36)
	at no.hvl.dat110.middleware.Node.findSuccessor(Node.java:130)
	at no.hvl.dat110.chordoperations.ChordLookup.findSuccessor(ChordLookup.java:36)
	at no.hvl.dat110.middleware.Node.findSuccessor(Node.java:130)
	at no.hvl.dat110.chordoperations.ChordLookup.findSuccessor(ChordLookup.java:36)
	at no.hvl.dat110.middleware.Node.findSuccessor(Node.java:130)
	at no.hvl.dat110.chordoperations.ChordLookup.findSuccessor(ChordLookup.java:36)
	at no.hvl.dat110.middleware.Node.findSuccessor(Node.java:130)
	at no.hvl.dat110.chordoperations.ChordLookup.findSuccessor(ChordLookup.java:36)
	at no.hvl.dat110.middleware.Node.findSuccessor(Node.java:130)
	at no.hvl.dat110.chordoperations.ChordLookup.findSuccessor(ChordLookup.java:36)
	at no.hvl.dat110.middleware.Node.findSuccessor(Node.java:130)
	at no.hvl.dat110.chordoperations.ChordLookup.findSuccessor(ChordLookup.java:36)
	at no.hvl.dat110.middleware.Node.findSuccessor(Node.java:130)
	at no.hvl.dat110.chordoperations.ChordLookup.findSuccessor(ChordLookup.java:36)
	at no.hvl.dat110.middleware.Node.findSuccessor(Node.java:130)
	at no.hvl.dat110.chordoperations.ChordLookup.findSuccessor(ChordLookup.java:36)
	at no.hvl.dat110.middleware.Node.findSuccessor(Node.java:130)
	at no.hvl.dat110.chordoperations.ChordLookup.findSuccessor(ChordLookup.java:36)
	at no.hvl.dat110.middleware.Node.findSuccessor(Node.java:130)
	at no.hvl.dat110.chordoperations.ChordLookup.findSuccessor(ChordLookup.java:36)
	at no.hvl.dat110.middleware.Node.findSuccessor(Node.java:130)
	at no.hvl.dat110.chordoperations.ChordLookup.findSuccessor(ChordLookup.java:36)
	at no.hvl.dat110.middleware.Node.findSuccessor(Node.java:130)
	at no.hvl.dat110.chordoperations.ChordLookup.findSuccessor(ChordLookup.java:36)
	at no.hvl.dat110.middleware.Node.findSuccessor(Node.java:130)
	at no.hvl.dat110.chordoperations.ChordLookup.findSuccessor(ChordLookup.java:36)
	at no.hvl.dat110.middleware.Node.findSuccessor(Node.java:130)
	at no.hvl.dat110.chordoperations.ChordLookup.findSuccessor(ChordLookup.java:36)
	at no.hvl.dat110.middleware.Node.findSuccessor(Node.java:130)
	at no.hvl.dat110.chordoperations.ChordLookup.findSuccessor(ChordLookup.java:36)
	at no.hvl.dat110.middleware.Node.findSuccessor(Node.java:130)
	at no.hvl.dat110.chordoperations.ChordLookup.findSuccessor(ChordLookup.java:36)
	at no.hvl.dat110.middleware.Node.findSuccessor(Node.java:130)
	at no.hvl.dat110.chordoperations.ChordLookup.findSuccessor(ChordLookup.java:36)
	at no.hvl.dat110.middleware.Node.findSuccessor(Node.java:130)
	at no.hvl.dat110.chordoperations.ChordLookup.findSuccessor(ChordLookup.java:36)
	at no.hvl.dat110.middleware.Node.findSuccessor(Node.java:130)
	at no.hvl.dat110.chordoperations.ChordLookup.findSuccessor(ChordLookup.java:36)
	at no.hvl.dat110.middleware.Node.findSuccessor(Node.java:130)
	at no.hvl.dat110.chordoperations.ChordLookup.findSuccessor(ChordLookup.java:36)
	at no.hvl.dat110.middleware.Node.findSuccessor(Node.java:130)
	at no.hvl.dat110.chordoperations.ChordLookup.findSuccessor(ChordLookup.java:36)
	at no.hvl.dat110.middleware.Node.findSuccessor(Node.java:130)
	at no.hvl.dat110.chordoperations.ChordLookup.findSuccessor(ChordLookup.java:36)
	at no.hvl.dat110.middleware.Node.findSuccessor(Node.java:130)
	at no.hvl.dat110.chordoperations.ChordLookup.findSuccessor(ChordLookup.java:36)
	at no.hvl.dat110.middleware.Node.findSuccessor(Node.java:130)
	at no.hvl.dat110.chordoperations.ChordLookup.findSuccessor(ChordLookup.java:36)
	at no.hvl.dat110.middleware.Node.findSuccessor(Node.java:130)
	at no.hvl.dat110.chordoperations.ChordLookup.findSuccessor(ChordLookup.java:36)
	at no.hvl.dat110.middleware.Node.findSuccessor(Node.java:130)
	at no.hvl.dat110.chordoperations.ChordLookup.findSuccessor(ChordLookup.java:36)
	at no.hvl.dat110.middleware.Node.findSuccessor(Node.java:130)
	at no.hvl.dat110.chordoperations.ChordLookup.findSuccessor(ChordLookup.java:36)
	at no.hvl.dat110.middleware.Node.findSuccessor(Node.java:130)
	at no.hvl.dat110.chordoperations.ChordLookup.findSuccessor(ChordLookup.java:36)
	at no.hvl.dat110.middleware.Node.findSuccessor(Node.java:130)
	at no.hvl.dat110.chordoperations.ChordLookup.findSuccessor(ChordLookup.java:36)
	at no.hvl.dat110.middleware.Node.findSuccessor(Node.java:130)
	at no.hvl.dat110.chordoperations.ChordLookup.findSuccessor(ChordLookup.java:36)
	at no.hvl.dat110.middleware.Node.findSuccessor(Node.java:130)
	at no.hvl.dat110.chordoperations.ChordLookup.findSuccessor(ChordLookup.java:36)
	at no.hvl.dat110.middleware.Node.findSuccessor(Node.java:130)
	at no.hvl.dat110.chordoperations.ChordLookup.findSuccessor(ChordLookup.java:36)
	at no.hvl.dat110.middleware.Node.findSuccessor(Node.java:130)
	at no.hvl.dat110.chordoperations.ChordLookup.findSuccessor(ChordLookup.java:36)
	at no.hvl.dat110.middleware.Node.findSuccessor(Node.java:130)
	at no.hvl.dat110.chordoperations.ChordLookup.findSuccessor(ChordLookup.java:36)
	at no.hvl.dat110.middleware.Node.findSuccessor(Node.java:130)
	at no.hvl.dat110.chordoperations.ChordLookup.findSuccessor(ChordLookup.java:36)
	at no.hvl.dat110.middleware.Node.findSuccessor(Node.java:130)
	at no.hvl.dat110.chordoperations.ChordLookup.findSuccessor(ChordLookup.java:36)
	at no.hvl.dat110.middleware.Node.findSuccessor(Node.java:130)
	at no.hvl.dat110.chordoperations.ChordLookup.findSuccessor(ChordLookup.java:36)
	at no.hvl.dat110.middleware.Node.findSuccessor(Node.java:130)
	at no.hvl.dat110.chordoperations.ChordLookup.findSuccessor(ChordLookup.java:36)
	at no.hvl.dat110.middleware.Node.findSuccessor(Node.java:130)
	at no.hvl.dat110.chordoperations.ChordLookup.findSuccessor(ChordLookup.java:36)
	at no.hvl.dat110.middleware.Node.findSuccessor(Node.java:130)
	at no.hvl.dat110.chordoperations.ChordLookup.findSuccessor(ChordLookup.java:36)
	at no.hvl.dat110.middleware.Node.findSuccessor(Node.java:130)
	at no.hvl.dat110.chordoperations.ChordLookup.findSuccessor(ChordLookup.java:36)
	at no.hvl.dat110.middleware.Node.findSuccessor(Node.java:130)
	at no.hvl.dat110.chordoperations.ChordLookup.findSuccessor(ChordLookup.java:36)
	at no.hvl.dat110.middleware.Node.findSuccessor(Node.java:130)
	at no.hvl.dat110.chordoperations.ChordLookup.findSuccessor(ChordLookup.java:36)
	at no.hvl.dat110.middleware.Node.findSuccessor(Node.java:130)
	at no.hvl.dat110.chordoperations.ChordLookup.findSuccessor(ChordLookup.java:36)
	at no.hvl.dat110.middleware.Node.findSuccessor(Node.java:130)
	at no.hvl.dat110.chordoperations.ChordLookup.findSuccessor(ChordLookup.java:36)
	at no.hvl.dat110.middleware.Node.findSuccessor(Node.java:130)
	at no.hvl.dat110.chordoperations.ChordLookup.findSuccessor(ChordLookup.java:36)
	at no.hvl.dat110.middleware.Node.findSuccessor(Node.java:130)
	at no.hvl.dat110.chordoperations.ChordLookup.findSuccessor(ChordLookup.java:36)
	at no.hvl.dat110.middleware.Node.findSuccessor(Node.java:130)
	at no.hvl.dat110.chordoperations.ChordLookup.findSuccessor(ChordLookup.java:36)
	at no.hvl.dat110.middleware.Node.findSuccessor(Node.java:130)
	at no.hvl.dat110.chordoperations.ChordLookup.findSuccessor(ChordLookup.java:36)
	at no.hvl.dat110.middleware.Node.findSuccessor(Node.java:130)
	at no.hvl.dat110.chordoperations.ChordLookup.findSuccessor(ChordLookup.java:36)
	at no.hvl.dat110.middleware.Node.findSuccessor(Node.java:130)
	at no.hvl.dat110.chordoperations.ChordLookup.findSuccessor(ChordLookup.java:36)
	at no.hvl.dat110.middleware.Node.findSuccessor(Node.java:130)
	at no.hvl.dat110.chordoperations.ChordLookup.findSuccessor(ChordLookup.java:36)
	at no.hvl.dat110.middleware.Node.findSuccessor(Node.java:130)
	at no.hvl.dat110.chordoperations.ChordLookup.findSuccessor(ChordLookup.java:36)
	at no.hvl.dat110.middleware.Node.findSuccessor(Node.java:130)
	at no.hvl.dat110.chordoperations.ChordLookup.findSuccessor(ChordLookup.java:36)
	at no.hvl.dat110.middleware.Node.findSuccessor(Node.java:130)
	at no.hvl.dat110.chordoperations.ChordLookup.findSuccessor(ChordLookup.java:36)
	at no.hvl.dat110.middleware.Node.findSuccessor(Node.java:130)
	at no.hvl.dat110.chordoperations.ChordLookup.findSuccessor(ChordLookup.java:36)
	at no.hvl.dat110.middleware.Node.findSuccessor(Node.java:130)
	at no.hvl.dat110.chordoperations.ChordLookup.findSuccessor(ChordLookup.java:36)
	at no.hvl.dat110.middleware.Node.findSuccessor(Node.java:130)
	at no.hvl.dat110.chordoperations.ChordLookup.findSuccessor(ChordLookup.java:36)
	at no.hvl.dat110.middleware.Node.findSuccessor(Node.java:130)
	at no.hvl.dat110.chordoperations.ChordLookup.findSuccessor(ChordLookup.java:36)
	at no.hvl.dat110.middleware.Node.findSuccessor(Node.java:130)
	at no.hvl.dat110.chordoperations.ChordLookup.findSuccessor(ChordLookup.java:36)
	at no.hvl.dat110.middleware.Node.findSuccessor(Node.java:130)
	at no.hvl.dat110.chordoperations.ChordLookup.findSuccessor(ChordLookup.java:36)
	at no.hvl.dat110.middleware.Node.findSuccessor(Node.java:130)
	at no.hvl.dat110.chordoperations.ChordLookup.findSuccessor(ChordLookup.java:36)
	at no.hvl.dat110.middleware.Node.findSuccessor(Node.java:130)
	at no.hvl.dat110.chordoperations.ChordLookup.findSuccessor(ChordLookup.java:36)
	at no.hvl.dat110.middleware.Node.findSuccessor(Node.java:130)
	at no.hvl.dat110.chordoperations.ChordLookup.findSuccessor(ChordLookup.java:36)
	at no.hvl.dat110.middleware.Node.findSuccessor(Node.java:130)
	at no.hvl.dat110.chordoperations.ChordLookup.findSuccessor(ChordLookup.java:36)
	at no.hvl.dat110.middleware.Node.findSuccessor(Node.java:130)
	at no.hvl.dat110.chordoperations.ChordLookup.findSuccessor(ChordLookup.java:36)
	at no.hvl.dat110.middleware.Node.findSuccessor(Node.java:130)
	at no.hvl.dat110.chordoperations.ChordLookup.findSuccessor(ChordLookup.java:36)
	at no.hvl.dat110.middleware.Node.findSuccessor(Node.java:130)
	at no.hvl.dat110.chordoperations.ChordLookup.findSuccessor(ChordLookup.java:36)
	at no.hvl.dat110.middleware.Node.findSuccessor(Node.java:130)
	at no.hvl.dat110.chordoperations.ChordLookup.findSuccessor(ChordLookup.java:36)
	at no.hvl.dat110.middleware.Node.findSuccessor(Node.java:130)
	at no.hvl.dat110.chordoperations.ChordLookup.findSuccessor(ChordLookup.java:36)
	at no.hvl.dat110.middleware.Node.findSuccessor(Node.java:130)
	at no.hvl.dat110.chordoperations.ChordLookup.findSuccessor(ChordLookup.java:36)
	at no.hvl.dat110.middleware.Node.findSuccessor(Node.java:130)
	at no.hvl.dat110.chordoperations.ChordLookup.findSuccessor(ChordLookup.java:36)
	at no.hvl.dat110.middleware.Node.findSuccessor(Node.java:130)
	at no.hvl.dat110.chordoperations.ChordLookup.findSuccessor(ChordLookup.java:36)
	at no.hvl.dat110.middleware.Node.findSuccessor(Node.java:130)
	at no.hvl.dat110.chordoperations.ChordLookup.findSuccessor(ChordLookup.java:36)
	at no.hvl.dat110.middleware.Node.findSuccessor(Node.java:130)
	at no.hvl.dat110.chordoperations.ChordLookup.findSuccessor(ChordLookup.java:36)
	at no.hvl.dat110.middleware.Node.findSuccessor(Node.java:130)
	at no.hvl.dat110.chordoperations.ChordLookup.findSuccessor(ChordLookup.java:36)
	at no.hvl.dat110.middleware.Node.findSuccessor(Node.java:130)
	at no.hvl.dat110.chordoperations.ChordLookup.findSuccessor(ChordLookup.java:36)
	at no.hvl.dat110.middleware.Node.findSuccessor(Node.java:130)
	at no.hvl.dat110.chordoperations.ChordLookup.findSuccessor(ChordLookup.java:36)
	at no.hvl.dat110.middleware.Node.findSuccessor(Node.java:130)
	at no.hvl.dat110.chordoperations.ChordLookup.findSuccessor(ChordLookup.java:36)
	at no.hvl.dat110.middleware.Node.findSuccessor(Node.java:130)
	at no.hvl.dat110.chordoperations.ChordLookup.findSuccessor(ChordLookup.java:36)
	at no.hvl.dat110.middleware.Node.findSuccessor(Node.java:130)
	at no.hvl.dat110.chordoperations.ChordLookup.findSuccessor(ChordLookup.java:36)
	at no.hvl.dat110.middleware.Node.findSuccessor(Node.java:130)
	at no.hvl.dat110.chordoperations.ChordLookup.findSuccessor(ChordLookup.java:36)
	at no.hvl.dat110.middleware.Node.findSuccessor(Node.java:130)
	at no.hvl.dat110.chordoperations.ChordLookup.findSuccessor(ChordLookup.java:36)
	at no.hvl.dat110.middleware.Node.findSuccessor(Node.java:130)
	at no.hvl.dat110.chordoperations.ChordLookup.findSuccessor(ChordLookup.java:36)
	at no.hvl.dat110.middleware.Node.findSuccessor(Node.java:130)
	at no.hvl.dat110.chordoperations.ChordLookup.findSuccessor(ChordLookup.java:36)
	at no.hvl.dat110.middleware.Node.findSuccessor(Node.java:130)
	at no.hvl.dat110.chordoperations.ChordLookup.findSuccessor(ChordLookup.java:36)
	at no.hvl.dat110.middleware.Node.findSuccessor(Node.java:130)
	at no.hvl.dat110.chordoperations.ChordLookup.findSuccessor(ChordLookup.java:36)
	at no.hvl.dat110.middleware.Node.findSuccessor(Node.java:130)
	at no.hvl.dat110.chordoperations.ChordLookup.findSuccessor(ChordLookup.java:36)
	at no.hvl.dat110.middleware.Node.findSuccessor(Node.java:130)
	at no.hvl.dat110.chordoperations.ChordLookup.findSuccessor(ChordLookup.java:36)
	at no.hvl.dat110.middleware.Node.findSuccessor(Node.java:130)
	at no.hvl.dat110.chordoperations.ChordLookup.findSuccessor(ChordLookup.java:36)
	at no.hvl.dat110.middleware.Node.findSuccessor(Node.java:130)
	at no.hvl.dat110.chordoperations.ChordLookup.findSuccessor(ChordLookup.java:36)
	at no.hvl.dat110.middleware.Node.findSuccessor(Node.java:130)
	at no.hvl.dat110.chordoperations.ChordLookup.findSuccessor(ChordLookup.java:36)
	at no.hvl.dat110.middleware.Node.findSuccessor(Node.java:130)
	at no.hvl.dat110.chordoperations.ChordLookup.findSuccessor(ChordLookup.java:36)
	at no.hvl.dat110.middleware.Node.findSuccessor(Node.java:130)
	at no.hvl.dat110.chordoperations.ChordLookup.findSuccessor(ChordLookup.java:36)
	at no.hvl.dat110.middleware.Node.findSuccessor(Node.java:130)
	at no.hvl.dat110.chordoperations.ChordLookup.findSuccessor(ChordLookup.java:36)
	at no.hvl.dat110.middleware.Node.findSuccessor(Node.java:130)
	at no.hvl.dat110.chordoperations.ChordLookup.findSuccessor(ChordLookup.java:36)
	at no.hvl.dat110.middleware.Node.findSuccessor(Node.java:130)
	at no.hvl.dat110.chordoperations.ChordLookup.findSuccessor(ChordLookup.java:36)
	at no.hvl.dat110.middleware.Node.findSuccessor(Node.java:130)
	at no.hvl.dat110.chordoperations.ChordLookup.findSuccessor(ChordLookup.java:36)
	at no.hvl.dat110.middleware.Node.findSuccessor(Node.java:130)
	at no.hvl.dat110.chordoperations.ChordLookup.findSuccessor(ChordLookup.java:36)
	at no.hvl.dat110.middleware.Node.findSuccessor(Node.java:130)
	at no.hvl.dat110.chordoperations.ChordLookup.findSuccessor(ChordLookup.java:36)
	at no.hvl.dat110.middleware.Node.findSuccessor(Node.java:130)
	at no.hvl.dat110.chordoperations.ChordLookup.findSuccessor(ChordLookup.java:36)
	at no.hvl.dat110.middleware.Node.findSuccessor(Node.java:130)
	at no.hvl.dat110.chordoperations.ChordLookup.findSuccessor(ChordLookup.java:36)
	at no.hvl.dat110.middleware.Node.findSuccessor(Node.java:130)
	at no.hvl.dat110.chordoperations.ChordLookup.findSuccessor(ChordLookup.java:36)
	at no.hvl.dat110.middleware.Node.findSuccessor(Node.java:130)
	at no.hvl.dat110.chordoperations.ChordLookup.findSuccessor(ChordLookup.java:36)
	at no.hvl.dat110.middleware.Node.findSuccessor(Node.java:130)
	at no.hvl.dat110.chordoperations.ChordLookup.findSuccessor(ChordLookup.java:36)
	at no.hvl.dat110.middleware.Node.findSuccessor(Node.java:130)
	at no.hvl.dat110.chordoperations.ChordLookup.findSuccessor(ChordLookup.java:36)
	at no.hvl.dat110.middleware.Node.findSuccessor(Node.java:130)
	at no.hvl.dat110.chordoperations.ChordLookup.findSuccessor(ChordLookup.java:36)
	at no.hvl.dat110.middleware.Node.findSuccessor(Node.java:130)
	at no.hvl.dat110.chordoperations.ChordLookup.findSuccessor(ChordLookup.java:36)
	at no.hvl.dat110.middleware.Node.findSuccessor(Node.java:130)
	at no.hvl.dat110.chordoperations.ChordLookup.findSuccessor(ChordLookup.java:36)
	at no.hvl.dat110.middleware.Node.findSuccessor(Node.java:130)
	at no.hvl.dat110.chordoperations.ChordLookup.findSuccessor(ChordLookup.java:36)
	at no.hvl.dat110.middleware.Node.findSuccessor(Node.java:130)
	at no.hvl.dat110.chordoperations.ChordLookup.findSuccessor(ChordLookup.java:36)
	at no.hvl.dat110.middleware.Node.findSuccessor(Node.java:130)
	at no.hvl.dat110.chordoperations.ChordLookup.findSuccessor(ChordLookup.java:36)
	at no.hvl.dat110.middleware.Node.findSuccessor(Node.java:130)
	at no.hvl.dat110.chordoperations.ChordLookup.findSuccessor(ChordLookup.java:36)
	at no.hvl.dat110.middleware.Node.findSuccessor(Node.java:130)
	at no.hvl.dat110.chordoperations.ChordLookup.findSuccessor(ChordLookup.java:36)
	at no.hvl.dat110.middleware.Node.findSuccessor(Node.java:130)
	at no.hvl.dat110.chordoperations.ChordLookup.findSuccessor(ChordLookup.java:36)
	at no.hvl.dat110.middleware.Node.findSuccessor(Node.java:130)
	at no.hvl.dat110.chordoperations.ChordLookup.findSuccessor(ChordLookup.java:36)
	at no.hvl.dat110.middleware.Node.findSuccessor(Node.java:130)
	at no.hvl.dat110.chordoperations.ChordLookup.findSuccessor(ChordLookup.java:36)
	at no.hvl.dat110.middleware.Node.findSuccessor(Node.java:130)
	at no.hvl.dat110.chordoperations.ChordLookup.findSuccessor(ChordLookup.java:36)
	at no.hvl.dat110.middleware.Node.findSuccessor(Node.java:130)
	at no.hvl.dat110.chordoperations.ChordLookup.findSuccessor(ChordLookup.java:36)
	at no.hvl.dat110.middleware.Node.findSuccessor(Node.java:130)
	at no.hvl.dat110.chordoperations.ChordLookup.findSuccessor(ChordLookup.java:36)
	at no.hvl.dat110.middleware.Node.findSuccessor(Node.java:130)
	at no.hvl.dat110.chordoperations.ChordLookup.findSuccessor(ChordLookup.java:36)
	at no.hvl.dat110.middleware.Node.findSuccessor(Node.java:130)
	at no.hvl.dat110.chordoperations.ChordLookup.findSuccessor(ChordLookup.java:36)
	at no.hvl.dat110.middleware.Node.findSuccessor(Node.java:130)
	at no.hvl.dat110.chordoperations.ChordLookup.findSuccessor(ChordLookup.java:36)
	at no.hvl.dat110.middleware.Node.findSuccessor(Node.java:130)
	at no.hvl.dat110.chordoperations.ChordLookup.findSuccessor(ChordLookup.java:36)
	at no.hvl.dat110.middleware.Node.findSuccessor(Node.java:130)
	at no.hvl.dat110.chordoperations.ChordLookup.findSuccessor(ChordLookup.java:36)
	at no.hvl.dat110.middleware.Node.findSuccessor(Node.java:130)
	at no.hvl.dat110.chordoperations.ChordLookup.findSuccessor(ChordLookup.java:36)
	at no.hvl.dat110.middleware.Node.findSuccessor(Node.java:130)
	at no.hvl.dat110.chordoperations.ChordLookup.findSuccessor(ChordLookup.java:36)
	at no.hvl.dat110.middleware.Node.findSuccessor(Node.java:130)
	at no.hvl.dat110.chordoperations.ChordLookup.findSuccessor(ChordLookup.java:36)
	at no.hvl.dat110.middleware.Node.findSuccessor(Node.java:130)
	at no.hvl.dat110.chordoperations.ChordLookup.findSuccessor(ChordLookup.java:36)
	at no.hvl.dat110.middleware.Node.findSuccessor(Node.java:130)
	at no.hvl.dat110.chordoperations.ChordLookup.findSuccessor(ChordLookup.java:36)
	at no.hvl.dat110.middleware.Node.findSuccessor(Node.java:130)
	at no.hvl.dat110.chordoperations.ChordLookup.findSuccessor(ChordLookup.java:36)
	at no.hvl.dat110.middleware.Node.findSuccessor(Node.java:130)
	at no.hvl.dat110.chordoperations.ChordLookup.findSuccessor(ChordLookup.java:36)
	at no.hvl.dat110.middleware.Node.findSuccessor(Node.java:130)
	at no.hvl.dat110.chordoperations.ChordLookup.findSuccessor(ChordLookup.java:36)
	at no.hvl.dat110.middleware.Node.findSuccessor(Node.java:130)
	at no.hvl.dat110.chordoperations.ChordLookup.findSuccessor(ChordLookup.java:36)
	at no.hvl.dat110.middleware.Node.findSuccessor(Node.java:130)
	at no.hvl.dat110.chordoperations.ChordLookup.findSuccessor(ChordLookup.java:36)
	at no.hvl.dat110.middleware.Node.findSuccessor(Node.java:130)
	at no.hvl.dat110.chordoperations.ChordLookup.findSuccessor(ChordLookup.java:36)
	at no.hvl.dat110.middleware.Node.findSuccessor(Node.java:130)
	at no.hvl.dat110.chordoperations.ChordLookup.findSuccessor(ChordLookup.java:36)
	at no.hvl.dat110.middleware.Node.findSuccessor(Node.java:130)
	at no.hvl.dat110.chordoperations.ChordLookup.findSuccessor(ChordLookup.java:36)
	at no.hvl.dat110.middleware.Node.findSuccessor(Node.java:130)
	at no.hvl.dat110.chordoperations.ChordLookup.findSuccessor(ChordLookup.java:36)
	at no.hvl.dat110.middleware.Node.findSuccessor(Node.java:130)
	at no.hvl.dat110.chordoperations.ChordLookup.findSuccessor(ChordLookup.java:36)
	at no.hvl.dat110.middleware.Node.findSuccessor(Node.java:130)
	at no.hvl.dat110.chordoperations.ChordLookup.findSuccessor(ChordLookup.java:36)
	at no.hvl.dat110.middleware.Node.findSuccessor(Node.java:130)
	at no.hvl.dat110.chordoperations.ChordLookup.findSuccessor(ChordLookup.java:36)
	at no.hvl.dat110.middleware.Node.findSuccessor(Node.java:130)
	at no.hvl.dat110.chordoperations.ChordLookup.findSuccessor(ChordLookup.java:36)
	at no.hvl.dat110.middleware.Node.findSuccessor(Node.java:130)
	at no.hvl.dat110.chordoperations.ChordLookup.findSuccessor(ChordLookup.java:36)
	at no.hvl.dat110.middleware.Node.findSuccessor(Node.java:130)
	at no.hvl.dat110.chordoperations.ChordLookup.findSuccessor(ChordLookup.java:36)
	at no.hvl.dat110.middleware.Node.findSuccessor(Node.java:130)
	at no.hvl.dat110.chordoperations.ChordLookup.findSuccessor(ChordLookup.java:36)
	at no.hvl.dat110.middleware.Node.findSuccessor(Node.java:130)
	at no.hvl.dat110.chordoperations.ChordLookup.findSuccessor(ChordLookup.java:36)
	at no.hvl.dat110.middleware.Node.findSuccessor(Node.java:130)
	at no.hvl.dat110.chordoperations.ChordLookup.findSuccessor(ChordLookup.java:36)
	at no.hvl.dat110.middleware.Node.findSuccessor(Node.java:130)
	at no.hvl.dat110.chordoperations.ChordLookup.findSuccessor(ChordLookup.java:36)
	at no.hvl.dat110.middleware.Node.findSuccessor(Node.java:130)
	at no.hvl.dat110.chordoperations.ChordLookup.findSuccessor(ChordLookup.java:36)
	at no.hvl.dat110.middleware.Node.findSuccessor(Node.java:130)
	at no.hvl.dat110.chordoperations.ChordLookup.findSuccessor(ChordLookup.java:36)
	at no.hvl.dat110.middleware.Node.findSuccessor(Node.java:130)
	at no.hvl.dat110.chordoperations.ChordLookup.findSuccessor(ChordLookup.java:36)
	at no.hvl.dat110.middleware.Node.findSuccessor(Node.java:130)
	at no.hvl.dat110.chordoperations.ChordLookup.findSuccessor(ChordLookup.java:36)
	at no.hvl.dat110.middleware.Node.findSuccessor(Node.java:130)
	at no.hvl.dat110.chordoperations.ChordLookup.findSuccessor(ChordLookup.java:36)
	at no.hvl.dat110.middleware.Node.findSuccessor(Node.java:130)
	at no.hvl.dat110.chordoperations.ChordLookup.findSuccessor(ChordLookup.java:36)
	at no.hvl.dat110.middleware.Node.findSuccessor(Node.java:130)
	at no.hvl.dat110.chordoperations.ChordLookup.findSuccessor(ChordLookup.java:36)
	at no.hvl.dat110.middleware.Node.findSuccessor(Node.java:130)
	at no.hvl.dat110.chordoperations.ChordLookup.findSuccessor(ChordLookup.java:36)
	at no.hvl.dat110.middleware.Node.findSuccessor(Node.java:130)
	at no.hvl.dat110.chordoperations.ChordLookup.findSuccessor(ChordLookup.java:36)
	at no.hvl.dat110.middleware.Node.findSuccessor(Node.java:130)
	at no.hvl.dat110.chordoperations.ChordLookup.findSuccessor(ChordLookup.java:36)
	at no.hvl.dat110.middleware.Node.findSuccessor(Node.java:130)
	at no.hvl.dat110.chordoperations.ChordLookup.findSuccessor(ChordLookup.java:36)
	at no.hvl.dat110.middleware.Node.findSuccessor(Node.java:130)
	at no.hvl.dat110.chordoperations.ChordLookup.findSuccessor(ChordLookup.java:36)
	at no.hvl.dat110.middleware.Node.findSuccessor(Node.java:130)
	at no.hvl.dat110.chordoperations.ChordLookup.findSuccessor(ChordLookup.java:36)
	at no.hvl.dat110.middleware.Node.findSuccessor(Node.java:130)
	at no.hvl.dat110.chordoperations.ChordLookup.findSuccessor(ChordLookup.java:36)
	at no.hvl.dat110.middleware.Node.findSuccessor(Node.java:130)
	at no.hvl.dat110.chordoperations.ChordLookup.findSuccessor(ChordLookup.java:36)
	at no.hvl.dat110.middleware.Node.findSuccessor(Node.java:130)
	at no.hvl.dat110.chordoperations.ChordLookup.findSuccessor(ChordLookup.java:36)
	at no.hvl.dat110.middleware.Node.findSuccessor(Node.java:130)
	at no.hvl.dat110.chordoperations.ChordLookup.findSuccessor(ChordLookup.java:36)
	at no.hvl.dat110.middleware.Node.findSuccessor(Node.java:130)
	at no.hvl.dat110.chordoperations.ChordLookup.findSuccessor(ChordLookup.java:36)
	at no.hvl.dat110.middleware.Node.findSuccessor(Node.java:130)
	at no.hvl.dat110.chordoperations.ChordLookup.findSuccessor(ChordLookup.java:36)
	at no.hvl.dat110.middleware.Node.findSuccessor(Node.java:130)
	at no.hvl.dat110.chordoperations.ChordLookup.findSuccessor(ChordLookup.java:36)
	at no.hvl.dat110.middleware.Node.findSuccessor(Node.java:130)
	at no.hvl.dat110.chordoperations.ChordLookup.findSuccessor(ChordLookup.java:36)
	at no.hvl.dat110.middleware.Node.findSuccessor(Node.java:130)
	at no.hvl.dat110.chordoperations.ChordLookup.findSuccessor(ChordLookup.java:36)
	at no.hvl.dat110.middleware.Node.findSuccessor(Node.java:130)
	at no.hvl.dat110.chordoperations.ChordLookup.findSuccessor(ChordLookup.java:36)
	at no.hvl.dat110.middleware.Node.findSuccessor(Node.java:130)
	at no.hvl.dat110.chordoperations.ChordLookup.findSuccessor(ChordLookup.java:36)
	at no.hvl.dat110.middleware.Node.findSuccessor(Node.java:130)
	at no.hvl.dat110.chordoperations.ChordLookup.findSuccessor(ChordLookup.java:36)
	at no.hvl.dat110.middleware.Node.findSuccessor(Node.java:130)
	at no.hvl.dat110.chordoperations.ChordLookup.findSuccessor(ChordLookup.java:36)
	at no.hvl.dat110.middleware.Node.findSuccessor(Node.java:130)
	at no.hvl.dat110.chordoperations.ChordLookup.findSuccessor(ChordLookup.java:36)
	at no.hvl.dat110.middleware.Node.findSuccessor(Node.java:130)
	at no.hvl.dat110.chordoperations.ChordLookup.findSuccessor(ChordLookup.java:36)
	at no.hvl.dat110.middleware.Node.findSuccessor(Node.java:130)
	at no.hvl.dat110.chordoperations.ChordLookup.findSuccessor(ChordLookup.java:36)
	at no.hvl.dat110.middleware.Node.findSuccessor(Node.java:130)
	at no.hvl.dat110.chordoperations.ChordLookup.findSuccessor(ChordLookup.java:36)
	at no.hvl.dat110.middleware.Node.findSuccessor(Node.java:130)
	at no.hvl.dat110.chordoperations.ChordLookup.findSuccessor(ChordLookup.java:36)
	at no.hvl.dat110.middleware.Node.findSuccessor(Node.java:130)
	at no.hvl.dat110.chordoperations.ChordLookup.findSuccessor(ChordLookup.java:36)
	at no.hvl.dat110.middleware.Node.findSuccessor(Node.java:130)
	at no.hvl.dat110.chordoperations.ChordLookup.findSuccessor(ChordLookup.java:36)
	at no.hvl.dat110.middleware.Node.findSuccessor(Node.java:130)
	at no.hvl.dat110.chordoperations.ChordLookup.findSuccessor(ChordLookup.java:36)
	at no.hvl.dat110.middleware.Node.findSuccessor(Node.java:130)
	at no.hvl.dat110.chordoperations.ChordLookup.findSuccessor(ChordLookup.java:36)
	at no.hvl.dat110.middleware.Node.findSuccessor(Node.java:130)
	at no.hvl.dat110.chordoperations.ChordLookup.findSuccessor(ChordLookup.java:36)
	at no.hvl.dat110.middleware.Node.findSuccessor(Node.java:130)
	at no.hvl.dat110.chordoperations.ChordLookup.findSuccessor(ChordLookup.java:36)
	at no.hvl.dat110.middleware.Node.findSuccessor(Node.java:130)
	at no.hvl.dat110.chordoperations.ChordLookup.findSuccessor(ChordLookup.java:36)
	at no.hvl.dat110.middleware.Node.findSuccessor(Node.java:130)
	at no.hvl.dat110.chordoperations.ChordLookup.findSuccessor(ChordLookup.java:36)
	at no.hvl.dat110.middleware.Node.findSuccessor(Node.java:130)
	at no.hvl.dat110.chordoperations.ChordLookup.findSuccessor(ChordLookup.java:36)
	at no.hvl.dat110.middleware.Node.findSuccessor(Node.java:130)
	at no.hvl.dat110.chordoperations.ChordLookup.findSuccessor(ChordLookup.java:36)
	at no.hvl.dat110.middleware.Node.findSuccessor(Node.java:130)
	at no.hvl.dat110.chordoperations.ChordLookup.findSuccessor(ChordLookup.java:36)
	at no.hvl.dat110.middleware.Node.findSuccessor(Node.java:130)
	at no.hvl.dat110.chordoperations.ChordLookup.findSuccessor(ChordLookup.java:36)
	at no.hvl.dat110.middleware.Node.findSuccessor(Node.java:130)
	at no.hvl.dat110.chordoperations.ChordLookup.findSuccessor(ChordLookup.java:36)
	at no.hvl.dat110.middleware.Node.findSuccessor(Node.java:130)
	at no.hvl.dat110.chordoperations.ChordLookup.findSuccessor(ChordLookup.java:36)
	at no.hvl.dat110.middleware.Node.findSuccessor(Node.java:130)
	at no.hvl.dat110.chordoperations.ChordLookup.findSuccessor(ChordLookup.java:36)
	at no.hvl.dat110.middleware.Node.findSuccessor(Node.java:130)
	at no.hvl.dat110.chordoperations.ChordLookup.findSuccessor(ChordLookup.java:36)
	at no.hvl.dat110.middleware.Node.findSuccessor(Node.java:130)
	at no.hvl.dat110.chordoperations.ChordLookup.findSuccessor(ChordLookup.java:36)
	at no.hvl.dat110.middleware.Node.findSuccessor(Node.java:130)
	at no.hvl.dat110.chordoperations.ChordLookup.findSuccessor(ChordLookup.java:36)
	at no.hvl.dat110.middleware.Node.findSuccessor(Node.java:130)
	at no.hvl.dat110.chordoperations.ChordLookup.findSuccessor(ChordLookup.java:36)
	at no.hvl.dat110.middleware.Node.findSuccessor(Node.java:130)
	at no.hvl.dat110.chordoperations.ChordLookup.findSuccessor(ChordLookup.java:36)
	at no.hvl.dat110.middleware.Node.findSuccessor(Node.java:130)
	at no.hvl.dat110.chordoperations.ChordLookup.findSuccessor(ChordLookup.java:36)
	at no.hvl.dat110.middleware.Node.findSuccessor(Node.java:130)
	at no.hvl.dat110.chordoperations.ChordLookup.findSuccessor(ChordLookup.java:36)
	at no.hvl.dat110.middleware.Node.findSuccessor(Node.java:130)
	at no.hvl.dat110.chordoperations.ChordLookup.findSuccessor(ChordLookup.java:36)
	at no.hvl.dat110.middleware.Node.findSuccessor(Node.java:130)
	at no.hvl.dat110.chordoperations.ChordLookup.findSuccessor(ChordLookup.java:36)
	at no.hvl.dat110.middleware.Node.findSuccessor(Node.java:130)
	at no.hvl.dat110.chordoperations.ChordLookup.findSuccessor(ChordLookup.java:36)
	at no.hvl.dat110.middleware.Node.findSuccessor(Node.java:130)
	at no.hvl.dat110.chordoperations.ChordLookup.findSuccessor(ChordLookup.java:36)
	at no.hvl.dat110.middleware.Node.findSuccessor(Node.java:130)
	at no.hvl.dat110.chordoperations.ChordLookup.findSuccessor(ChordLookup.java:36)
	at no.hvl.dat110.middleware.Node.findSuccessor(Node.java:130)
	at no.hvl.dat110.chordoperations.ChordLookup.findSuccessor(ChordLookup.java:36)
	at no.hvl.dat110.middleware.Node.findSuccessor(Node.java:130)
	at no.hvl.dat110.chordoperations.ChordLookup.findSuccessor(ChordLookup.java:36)
	at no.hvl.dat110.middleware.Node.findSuccessor(Node.java:130)
	at no.hvl.dat110.chordoperations.ChordLookup.findSuccessor(ChordLookup.java:36)
	at no.hvl.dat110.middleware.Node.findSuccessor(Node.java:130)
	at no.hvl.dat110.chordoperations.ChordLookup.findSuccessor(ChordLookup.java:36)
	at no.hvl.dat110.middleware.Node.findSuccessor(Node.java:130)
	at no.hvl.dat110.chordoperations.ChordLookup.findSuccessor(ChordLookup.java:36)
	at no.hvl.dat110.middleware.Node.findSuccessor(Node.java:130)
	at no.hvl.dat110.chordoperations.ChordLookup.findSuccessor(ChordLookup.java:36)
	at no.hvl.dat110.middleware.Node.findSuccessor(Node.java:130)
	at no.hvl.dat110.chordoperations.ChordLookup.findSuccessor(ChordLookup.java:36)
	at no.hvl.dat110.middleware.Node.findSuccessor(Node.java:130)
	at no.hvl.dat110.chordoperations.ChordLookup.findSuccessor(ChordLookup.java:36)
	at no.hvl.dat110.middleware.Node.findSuccessor(Node.java:130)
	at no.hvl.dat110.chordoperations.ChordLookup.findSuccessor(ChordLookup.java:36)
	at no.hvl.dat110.middleware.Node.findSuccessor(Node.java:130)
	at no.hvl.dat110.chordoperations.ChordLookup.findSuccessor(ChordLookup.java:36)
	at no.hvl.dat110.middleware.Node.findSuccessor(Node.java:130)
	at no.hvl.dat110.chordoperations.ChordLookup.findSuccessor(ChordLookup.java:36)
	at no.hvl.dat110.middleware.Node.findSuccessor(Node.java:130)
	at no.hvl.dat110.chordoperations.ChordLookup.findSuccessor(ChordLookup.java:36)
	at no.hvl.dat110.middleware.Node.findSuccessor(Node.java:130)
	at no.hvl.dat110.chordoperations.ChordLookup.findSuccessor(ChordLookup.java:36)
	at no.hvl.dat110.middleware.Node.findSuccessor(Node.java:130)
	at no.hvl.dat110.chordoperations.ChordLookup.findSuccessor(ChordLookup.java:36)
	at no.hvl.dat110.middleware.Node.findSuccessor(Node.java:130)
	at no.hvl.dat110.chordoperations.ChordLookup.findSuccessor(ChordLookup.java:36)
	at no.hvl.dat110.middleware.Node.findSuccessor(Node.java:130)
	at no.hvl.dat110.chordoperations.ChordLookup.findSuccessor(ChordLookup.java:36)
	at no.hvl.dat110.middleware.Node.findSuccessor(Node.java:130)
	at no.hvl.dat110.chordoperations.ChordLookup.findSuccessor(ChordLookup.java:36)
	at no.hvl.dat110.middleware.Node.findSuccessor(Node.java:130)
	at no.hvl.dat110.chordoperations.ChordLookup.findSuccessor(ChordLookup.java:36)
	at no.hvl.dat110.middleware.Node.findSuccessor(Node.java:130)
	at no.hvl.dat110.chordoperations.ChordLookup.findSuccessor(ChordLookup.java:36)
	at no.hvl.dat110.middleware.Node.findSuccessor(Node.java:130)
	at no.hvl.dat110.chordoperations.ChordLookup.findSuccessor(ChordLookup.java:36)
	at no.hvl.dat110.middleware.Node.findSuccessor(Node.java:130)
	at no.hvl.dat110.chordoperations.ChordLookup.findSuccessor(ChordLookup.java:36)
	at no.hvl.dat110.middleware.Node.findSuccessor(Node.java:130)
	at no.hvl.dat110.chordoperations.ChordLookup.findSuccessor(ChordLookup.java:36)
	at no.hvl.dat110.middleware.Node.findSuccessor(Node.java:130)
	at no.hvl.dat110.chordoperations.ChordLookup.findSuccessor(ChordLookup.java:36)
	at no.hvl.dat110.middleware.Node.findSuccessor(Node.java:130)
	at no.hvl.dat110.chordoperations.ChordLookup.findSuccessor(ChordLookup.java:36)
	at no.hvl.dat110.middleware.Node.findSuccessor(Node.java:130)
	at no.hvl.dat110.chordoperations.ChordLookup.findSuccessor(ChordLookup.java:36)
	at no.hvl.dat110.middleware.Node.findSuccessor(Node.java:130)
	at no.hvl.dat110.chordoperations.ChordLookup.findSuccessor(ChordLookup.java:36)
	at no.hvl.dat110.middleware.Node.findSuccessor(Node.java:130)
	at no.hvl.dat110.chordoperations.ChordLookup.findSuccessor(ChordLookup.java:36)
	at no.hvl.dat110.middleware.Node.findSuccessor(Node.java:130)
	at no.hvl.dat110.chordoperations.ChordLookup.findSuccessor(ChordLookup.java:36)
	at no.hvl.dat110.middleware.Node.findSuccessor(Node.java:130)
	at no.hvl.dat110.chordoperations.ChordLookup.findSuccessor(ChordLookup.java:36)
	at no.hvl.dat110.middleware.Node.findSuccessor(Node.java:130)
	at no.hvl.dat110.chordoperations.ChordLookup.findSuccessor(ChordLookup.java:36)
	at no.hvl.dat110.middleware.Node.findSuccessor(Node.java:130)
	at no.hvl.dat110.chordoperations.ChordLookup.findSuccessor(ChordLookup.java:36)
	at no.hvl.dat110.middleware.Node.findSuccessor(Node.java:130)
	at no.hvl.dat110.chordoperations.ChordLookup.findSuccessor(ChordLookup.java:36)
	at no.hvl.dat110.middleware.Node.findSuccessor(Node.java:130)
	at no.hvl.dat110.chordoperations.ChordLookup.findSuccessor(ChordLookup.java:36)
	at no.hvl.dat110.middleware.Node.findSuccessor(Node.java:130)
	at no.hvl.dat110.chordoperations.ChordLookup.findSuccessor(ChordLookup.java:36)
	at no.hvl.dat110.middleware.Node.findSuccessor(Node.java:130)
	at no.hvl.dat110.chordoperations.ChordLookup.findSuccessor(ChordLookup.java:36)
	at no.hvl.dat110.middleware.Node.findSuccessor(Node.java:130)
	at no.hvl.dat110.chordoperations.ChordLookup.findSuccessor(ChordLookup.java:36)
	at no.hvl.dat110.middleware.Node.findSuccessor(Node.java:130)
	at no.hvl.dat110.chordoperations.ChordLookup.findSuccessor(ChordLookup.java:36)
	at no.hvl.dat110.middleware.Node.findSuccessor(Node.java:130)
	at no.hvl.dat110.chordoperations.ChordLookup.findSuccessor(ChordLookup.java:36)
	at no.hvl.dat110.middleware.Node.findSuccessor(Node.java:130)
	at no.hvl.dat110.chordoperations.ChordLookup.findSuccessor(ChordLookup.java:36)
	at no.hvl.dat110.middleware.Node.findSuccessor(Node.java:130)
	at no.hvl.dat110.chordoperations.ChordLookup.findSuccessor(ChordLookup.java:36)
	at no.hvl.dat110.middleware.Node.findSuccessor(Node.java:130)
	at no.hvl.dat110.chordoperations.ChordLookup.findSuccessor(ChordLookup.java:36)
	at no.hvl.dat110.middleware.Node.findSuccessor(Node.java:130)
	at no.hvl.dat110.chordoperations.ChordLookup.findSuccessor(ChordLookup.java:36)
	at no.hvl.dat110.middleware.Node.findSuccessor(Node.java:130)
	at no.hvl.dat110.chordoperations.ChordLookup.findSuccessor(ChordLookup.java:36)
	at no.hvl.dat110.middleware.Node.findSuccessor(Node.java:130)
	at no.hvl.dat110.chordoperations.ChordLookup.findSuccessor(ChordLookup.java:36)
	at no.hvl.dat110.middleware.Node.findSuccessor(Node.java:130)
	at no.hvl.dat110.chordoperations.ChordLookup.findSuccessor(ChordLookup.java:36)
	at no.hvl.dat110.middleware.Node.findSuccessor(Node.java:130)
	at no.hvl.dat110.chordoperations.ChordLookup.findSuccessor(ChordLookup.java:36)
	at no.hvl.dat110.middleware.Node.findSuccessor(Node.java:130)
	at no.hvl.dat110.chordoperations.ChordLookup.findSuccessor(ChordLookup.java:36)
	at no.hvl.dat110.middleware.Node.findSuccessor(Node.java:130)
	at no.hvl.dat110.chordoperations.ChordLookup.findSuccessor(ChordLookup.java:36)
	at no.hvl.dat110.middleware.Node.findSuccessor(Node.java:130)
	at no.hvl.dat110.chordoperations.ChordLookup.findSuccessor(ChordLookup.java:36)
	at no.hvl.dat110.middleware.Node.findSuccessor(Node.java:130)
	at no.hvl.dat110.chordoperations.ChordLookup.findSuccessor(ChordLookup.java:36)
]]></system-err>
  </testcase>
</testsuite>